2025-05-30 12:16:32,017 - INFO - Processing: stylekorean/data/product_urls/beautiful_device_&_tools_sub_categories/Brush__41_.json
2025-05-30 12:16:32,020 - INFO - [FETCH] https://www.stylekorean.com:443/shop/dearmay-fingertip-smudge-brush/1744762614/
2025-05-30 12:16:33,501 - INFO - Fetched: https://www.stylekorean.com:443/shop/dearmay-fingertip-smudge-brush/1744762614/
2025-05-30 12:16:34,507 - INFO - [FETCH] https://www.stylekorean.com:443/shop/mary-may-silicone-big-brush/1741335855/
2025-05-30 12:16:44,849 - ERROR - [ERROR] Fetching https://www.stylekorean.com:443/shop/mary-may-silicone-big-brush/1741335855/: HTTPSConnectionPool(host='www.stylekorean.com', port=443): Read timed out. (read timeout=10)
2025-05-30 12:16:45,861 - INFO - [FETCH] https://www.stylekorean.com:443/shop/heveblue-soft-curve-spread-brush/1739182530/
2025-05-30 12:16:47,487 - INFO - Fetched: https://www.stylekorean.com:443/shop/heveblue-soft-curve-spread-brush/1739182530/
2025-05-30 12:16:48,493 - INFO - [FETCH] https://www.stylekorean.com:443/shop/fwee-fingerlike-silicone-lip-brush-slim/1733711026/
2025-05-30 12:16:50,902 - INFO - Fetched: https://www.stylekorean.com:443/shop/fwee-fingerlike-silicone-lip-brush-slim/1733711026/
2025-05-30 12:16:51,908 - INFO - [FETCH] https://www.stylekorean.com:443/shop/fwee-fingerlike-silicone-lip-brush-mini/1733710402/
2025-05-30 12:16:53,511 - INFO - Fetched: https://www.stylekorean.com:443/shop/fwee-fingerlike-silicone-lip-brush-mini/1733710402/
2025-05-30 12:16:54,518 - INFO - [FETCH] https://www.stylekorean.com:443/shop/braye-pocket-lip-brush/1732667359/
2025-05-30 12:16:58,222 - INFO - Fetched: https://www.stylekorean.com:443/shop/braye-pocket-lip-brush/1732667359/
2025-05-30 12:16:59,226 - INFO - [FETCH] https://www.stylekorean.com:443/shop/fully-pore-cleansing-brush/1730945374/
2025-05-30 12:17:01,031 - INFO - Fetched: https://www.stylekorean.com:443/shop/fully-pore-cleansing-brush/1730945374/
2025-05-30 12:17:02,034 - INFO - [FETCH] https://www.stylekorean.com:443/shop/ilso-dual-clean-brush/1728952546/
2025-05-30 12:17:12,289 - INFO - Fetched: https://www.stylekorean.com:443/shop/ilso-dual-clean-brush/1728952546/
2025-05-30 12:17:13,293 - INFO - [FETCH] https://www.stylekorean.com:443/shop/studio17-makeup-tweezer-duo/1720490217/
2025-05-30 12:17:15,026 - INFO - Fetched: https://www.stylekorean.com:443/shop/studio17-makeup-tweezer-duo/1720490217/
2025-05-30 12:17:16,033 - INFO - [FETCH] https://www.stylekorean.com:443/shop/studio17-portable-lip-brush-2-types/1720489517/
2025-05-30 12:17:17,747 - INFO - Fetched: https://www.stylekorean.com:443/shop/studio17-portable-lip-brush-2-types/1720489517/
2025-05-30 12:17:18,751 - INFO - [FETCH] https://www.stylekorean.com:443/shop/studio17-chin-shading-brush-492/1720489319/
2025-05-30 12:17:20,553 - INFO - Fetched: https://www.stylekorean.com:443/shop/studio17-chin-shading-brush-492/1720489319/
2025-05-30 12:17:21,560 - INFO - [FETCH] https://www.stylekorean.com:443/shop/studio17-concealer-brush-484/1720489273/
2025-05-30 12:17:23,487 - INFO - Fetched: https://www.stylekorean.com:443/shop/studio17-concealer-brush-484/1720489273/
2025-05-30 12:17:24,492 - INFO - [FETCH] https://www.stylekorean.com:443/shop/studio17-corrector-concealer-brush-482/1720489219/
2025-05-30 12:17:27,942 - INFO - Fetched: https://www.stylekorean.com:443/shop/studio17-corrector-concealer-brush-482/1720489219/
2025-05-30 12:17:28,950 - INFO - [FETCH] https://www.stylekorean.com:443/shop/studio17-spot-concealer-brush-474/1720488693/
2025-05-30 12:17:30,750 - INFO - Fetched: https://www.stylekorean.com:443/shop/studio17-spot-concealer-brush-474/1720488693/
2025-05-30 12:17:31,757 - INFO - [FETCH] https://www.stylekorean.com:443/shop/studio17-small-fan-brush-463/1720488257/
2025-05-30 12:17:33,552 - INFO - Fetched: https://www.stylekorean.com:443/shop/studio17-small-fan-brush-463/1720488257/
2025-05-30 12:17:34,557 - INFO - [FETCH] https://www.stylekorean.com:443/shop/studio17-blush-brush-833/1720487583/
2025-05-30 12:17:36,355 - INFO - Fetched: https://www.stylekorean.com:443/shop/studio17-blush-brush-833/1720487583/
2025-05-30 12:17:37,359 - INFO - [FETCH] https://www.stylekorean.com:443/shop/studio17-detail-eye-defining-brush-721/1720487386/
2025-05-30 12:17:39,466 - INFO - Fetched: https://www.stylekorean.com:443/shop/studio17-detail-eye-defining-brush-721/1720487386/
2025-05-30 12:17:40,477 - INFO - [FETCH] https://www.stylekorean.com:443/shop/studio17-foundation-brush-823/1720487166/
2025-05-30 12:17:42,480 - INFO - Fetched: https://www.stylekorean.com:443/shop/studio17-foundation-brush-823/1720487166/
2025-05-30 12:17:43,488 - INFO - [FETCH] https://www.stylekorean.com:443/shop/studio17-powder-brush-812/1720486935/
2025-05-30 12:17:46,725 - INFO - Fetched: https://www.stylekorean.com:443/shop/studio17-powder-brush-812/1720486935/
2025-05-30 12:17:47,732 - INFO - [FETCH] https://www.stylekorean.com:443/shop/studio17-point-eye-smudge-brush-713/1720486659/
2025-05-30 12:17:49,734 - INFO - Fetched: https://www.stylekorean.com:443/shop/studio17-point-eye-smudge-brush-713/1720486659/
2025-05-30 12:17:50,742 - INFO - [FETCH] https://www.stylekorean.com:443/shop/studio17-base-eyeshadow-brush-712/1720486078/
2025-05-30 12:17:52,429 - INFO - Fetched: https://www.stylekorean.com:443/shop/studio17-base-eyeshadow-brush-712/1720486078/
2025-05-30 12:17:53,434 - INFO - [FETCH] https://www.stylekorean.com:443/shop/studio17-base-eyeshadow-brush-711/1720485703/
2025-05-30 12:17:56,334 - INFO - Fetched: https://www.stylekorean.com:443/shop/studio17-base-eyeshadow-brush-711/1720485703/
2025-05-30 12:17:57,346 - INFO - [FETCH] https://www.stylekorean.com:443/shop/studio17-small-blush-brush-463/1720404202/
2025-05-30 12:17:59,737 - INFO - Fetched: https://www.stylekorean.com:443/shop/studio17-small-blush-brush-463/1720404202/
2025-05-30 12:18:00,745 - INFO - [FETCH] https://www.stylekorean.com:443/shop/studio17-big-fan-brush-453/1720403825/
2025-05-30 12:18:02,507 - INFO - Fetched: https://www.stylekorean.com:443/shop/studio17-big-fan-brush-453/1720403825/
2025-05-30 12:18:03,517 - INFO - [FETCH] https://www.stylekorean.com:443/shop/studio17-shading-brush-set/1720403384/
2025-05-30 12:18:05,335 - INFO - Fetched: https://www.stylekorean.com:443/shop/studio17-shading-brush-set/1720403384/
2025-05-30 12:18:06,344 - INFO - [FETCH] https://www.stylekorean.com:443/shop/studio17-nose-shading-brush-445/1720157362/
2025-05-30 12:18:08,385 - INFO - Fetched: https://www.stylekorean.com:443/shop/studio17-nose-shading-brush-445/1720157362/
2025-05-30 12:18:09,392 - INFO - [FETCH] https://www.stylekorean.com:443/shop/studio17-angled-shading-brush-442/1720156656/
2025-05-30 12:18:11,756 - INFO - Fetched: https://www.stylekorean.com:443/shop/studio17-angled-shading-brush-442/1720156656/
2025-05-30 12:18:12,765 - INFO - [FETCH] https://www.stylekorean.com:443/shop/studio17-velvet-powder-brush-423f/1720138237/
2025-05-30 12:18:14,746 - INFO - Fetched: https://www.stylekorean.com:443/shop/studio17-velvet-powder-brush-423f/1720138237/
2025-05-30 12:18:15,754 - INFO - [FETCH] https://www.stylekorean.com:443/shop/studio17-glide-foundation-brush-411/1720137731/
2025-05-30 12:18:18,261 - INFO - Fetched: https://www.stylekorean.com:443/shop/studio17-glide-foundation-brush-411/1720137731/
2025-05-30 12:18:19,271 - INFO - [FETCH] https://www.stylekorean.com:443/shop/studio17-screw-brush-365/1720137553/
2025-05-30 12:18:20,990 - INFO - Fetched: https://www.stylekorean.com:443/shop/studio17-screw-brush-365/1720137553/
2025-05-30 12:18:21,999 - INFO - [FETCH] https://www.stylekorean.com:443/shop/studio17-eyebrow-brush-352/1720137409/
2025-05-30 12:18:24,212 - INFO - Fetched: https://www.stylekorean.com:443/shop/studio17-eyebrow-brush-352/1720137409/
2025-05-30 12:18:25,220 - INFO - [FETCH] https://www.stylekorean.com:443/shop/studio17-small-blending-eye-brush-323/1720137196/
2025-05-30 12:18:27,012 - INFO - Fetched: https://www.stylekorean.com:443/shop/studio17-small-blending-eye-brush-323/1720137196/
2025-05-30 12:18:28,017 - INFO - [FETCH] https://www.stylekorean.com:443/shop/studio17-small-smudge-brush-321/1720136720/
2025-05-30 12:18:30,108 - INFO - Fetched: https://www.stylekorean.com:443/shop/studio17-small-smudge-brush-321/1720136720/
2025-05-30 12:18:31,116 - INFO - [FETCH] https://www.stylekorean.com:443/shop/studio17-silicone-lip-brush/1720054515/
2025-05-30 12:18:35,068 - INFO - Fetched: https://www.stylekorean.com:443/shop/studio17-silicone-lip-brush/1720054515/
2025-05-30 12:18:36,075 - INFO - [FETCH] https://www.stylekorean.com:443/shop/studio17-portable-makeup-brush-set/1720053677/
2025-05-30 12:18:44,133 - INFO - Fetched: https://www.stylekorean.com:443/shop/studio17-portable-makeup-brush-set/1720053677/
2025-05-30 12:18:45,139 - INFO - [FETCH] https://www.stylekorean.com:443/shop/studio17-eye-makeup-brush-set/1720053456/
2025-05-30 12:18:48,293 - INFO - Fetched: https://www.stylekorean.com:443/shop/studio17-eye-makeup-brush-set/1720053456/
2025-05-30 12:18:49,302 - INFO - [FETCH] https://www.stylekorean.com:443/shop/fwee-fingerlike-silicone-lip-brush/1718245753/
2025-05-30 12:18:53,927 - INFO - Fetched: https://www.stylekorean.com:443/shop/fwee-fingerlike-silicone-lip-brush/1718245753/
2025-05-30 12:18:54,935 - INFO - [FETCH] https://www.stylekorean.com:443/shop/benton-scalp-brush-massager/1676427443/
2025-05-30 12:18:57,127 - INFO - Fetched: https://www.stylekorean.com:443/shop/benton-scalp-brush-massager/1676427443/
2025-05-30 12:18:58,137 - INFO - [FETCH] https://www.stylekorean.com:443/shop/miguhara-pore-brush/1649905174/
2025-05-30 12:19:01,746 - INFO - Fetched: https://www.stylekorean.com:443/shop/miguhara-pore-brush/1649905174/
2025-05-30 12:19:02,756 - INFO - [FETCH] https://www.stylekorean.com:443/shop/too-cool-for-school-artist-vegan-eye-smudge-brush-1ea/1620032733/
2025-05-30 12:19:04,887 - INFO - Fetched: https://www.stylekorean.com:443/shop/too-cool-for-school-artist-vegan-eye-smudge-brush-1ea/1620032733/
2025-05-30 12:19:05,897 - INFO - [FETCH] https://www.stylekorean.com:443/shop/too-cool-for-school-artist-vegan-define-blender-brush-1ea/1619597008/
2025-05-30 12:19:07,505 - INFO - Fetched: https://www.stylekorean.com:443/shop/too-cool-for-school-artist-vegan-define-blender-brush-1ea/1619597008/
2025-05-30 12:19:08,514 - INFO - [DONE] Saved final data: stylekorean/data/product_details/beautiful_device_&_tools_sub_categories/Brush__41_.json
