2025-05-30 12:14:25,432 - INFO - Processing: stylekorean/data/product_urls/beautiful_device_&_tools_sub_categories/Others__25_.json
2025-05-30 12:14:25,435 - INFO - [FETCH] https://www.stylekorean.com:443/shop/hetras-premium-diffuser-10-types-500ml-2ea/1745485866/
2025-05-30 12:14:29,861 - INFO - Fetched: https://www.stylekorean.com:443/shop/hetras-premium-diffuser-10-types-500ml-2ea/1745485866/
2025-05-30 12:14:30,867 - INFO - [FETCH] https://www.stylekorean.com:443/shop/returnity-mini-guasha/1740448308/
2025-05-30 12:14:32,416 - INFO - Fetched: https://www.stylekorean.com:443/shop/returnity-mini-guasha/1740448308/
2025-05-30 12:14:33,423 - INFO - [FETCH] https://www.stylekorean.com:443/shop/returnity-guasha/1740447843/
2025-05-30 12:14:35,026 - INFO - Fetched: https://www.stylekorean.com:443/shop/returnity-guasha/1740447843/
2025-05-30 12:14:36,034 - INFO - [FETCH] https://www.stylekorean.com:443/shop/returnity-ear-therapy-patch-crystal-3sheets/1740447207/
2025-05-30 12:14:37,634 - INFO - Fetched: https://www.stylekorean.com:443/shop/returnity-ear-therapy-patch-crystal-3sheets/1740447207/
2025-05-30 12:14:38,644 - INFO - [FETCH] https://www.stylekorean.com:443/shop/studio17-brush-fit-puff-5ea/1734672906/
2025-05-30 12:14:41,669 - INFO - Fetched: https://www.stylekorean.com:443/shop/studio17-brush-fit-puff-5ea/1734672906/
2025-05-30 12:14:42,673 - INFO - [FETCH] https://www.stylekorean.com:443/shop/dr.ceuracle-cryo-cooler/1731477234/
2025-05-30 12:14:43,994 - INFO - Fetched: https://www.stylekorean.com:443/shop/dr.ceuracle-cryo-cooler/1731477234/
2025-05-30 12:14:45,000 - INFO - [FETCH] https://www.stylekorean.com:443/shop/braye-lip-sleek-multi-strap-short/1728001387/
2025-05-30 12:14:46,975 - INFO - Fetched: https://www.stylekorean.com:443/shop/braye-lip-sleek-multi-strap-short/1728001387/
2025-05-30 12:14:47,983 - INFO - [FETCH] https://www.stylekorean.com:443/shop/braye-lip-sleek-multi-strap-long/1728001149/
2025-05-30 12:14:50,965 - INFO - Fetched: https://www.stylekorean.com:443/shop/braye-lip-sleek-multi-strap-long/1728001149/
2025-05-30 12:14:51,974 - INFO - [FETCH] https://www.stylekorean.com:443/shop/lindsay-pack-tool-set-mixing-bowl-measuring-spoon-spatula/1724813478/
2025-05-30 12:14:53,719 - INFO - Fetched: https://www.stylekorean.com:443/shop/lindsay-pack-tool-set-mixing-bowl-measuring-spoon-spatula/1724813478/
2025-05-30 12:14:54,728 - INFO - [FETCH] https://www.stylekorean.com:443/shop/w.dressroom-perfume-diffuser-120ml-no.49-peach-blossom/1720145114/
2025-05-30 12:14:56,103 - INFO - Fetched: https://www.stylekorean.com:443/shop/w.dressroom-perfume-diffuser-120ml-no.49-peach-blossom/1720145114/
2025-05-30 12:14:57,111 - INFO - [FETCH] https://www.stylekorean.com:443/shop/studio17-makeup-spatula/1720056733/
2025-05-30 12:15:01,771 - INFO - Fetched: https://www.stylekorean.com:443/shop/studio17-makeup-spatula/1720056733/
2025-05-30 12:15:02,781 - INFO - [FETCH] https://www.stylekorean.com:443/shop/studio17-renewal-pang-pang-puff-2-types/1720054927/
2025-05-30 12:15:07,659 - INFO - Fetched: https://www.stylekorean.com:443/shop/studio17-renewal-pang-pang-puff-2-types/1720054927/
2025-05-30 12:15:08,665 - INFO - [FETCH] https://www.stylekorean.com:443/shop/w.dressroom-dress-living-deodorant-3-types/1719906912/
2025-05-30 12:15:10,549 - INFO - Fetched: https://www.stylekorean.com:443/shop/w.dressroom-dress-living-deodorant-3-types/1719906912/
2025-05-30 12:15:11,555 - INFO - [FETCH] https://www.stylekorean.com:443/shop/anacis-vela-contour-v-lift-led-neck-care/1719279083/
2025-05-30 12:15:12,984 - INFO - Fetched: https://www.stylekorean.com:443/shop/anacis-vela-contour-v-lift-led-neck-care/1719279083/
2025-05-30 12:15:13,990 - INFO - [FETCH] https://www.stylekorean.com:443/shop/athis-starry-night-ylang-ylang-incense-stick/1719276247/
2025-05-30 12:15:15,271 - INFO - Fetched: https://www.stylekorean.com:443/shop/athis-starry-night-ylang-ylang-incense-stick/1719276247/
2025-05-30 12:15:16,281 - INFO - [FETCH] https://www.stylekorean.com:443/shop/mixsoon-shine-muscat-mouth-wash-10ea/1714616048/
2025-05-30 12:15:18,190 - INFO - Fetched: https://www.stylekorean.com:443/shop/mixsoon-shine-muscat-mouth-wash-10ea/1714616048/
2025-05-30 12:15:19,198 - INFO - [FETCH] https://www.stylekorean.com:443/shop/i-dew-care-pink-tiara-headband/1663125798/
2025-05-30 12:15:20,639 - INFO - Fetched: https://www.stylekorean.com:443/shop/i-dew-care-pink-tiara-headband/1663125798/
2025-05-30 12:15:21,650 - INFO - [FETCH] https://www.stylekorean.com:443/shop/i-dew-care-headband-5-designs/1649661094/
2025-05-30 12:15:23,528 - INFO - Fetched: https://www.stylekorean.com:443/shop/i-dew-care-headband-5-designs/1649661094/
2025-05-30 12:15:24,535 - INFO - [FETCH] https://www.stylekorean.com:443/shop/heimish-artless-rubycell-puff-5ea/1640048219/
2025-05-30 12:15:28,367 - INFO - Fetched: https://www.stylekorean.com:443/shop/heimish-artless-rubycell-puff-5ea/1640048219/
2025-05-30 12:15:29,377 - INFO - [FETCH] https://www.stylekorean.com:443/shop/benton-hanji-body-wash-towel/1626760242/
2025-05-30 12:15:31,238 - INFO - Fetched: https://www.stylekorean.com:443/shop/benton-hanji-body-wash-towel/1626760242/
2025-05-30 12:15:32,248 - INFO - [FETCH] https://www.stylekorean.com:443/shop/benton-pore-clear-brush-30g/1583481266/
2025-05-30 12:15:33,964 - INFO - Fetched: https://www.stylekorean.com:443/shop/benton-pore-clear-brush-30g/1583481266/
2025-05-30 12:15:34,974 - INFO - [FETCH] https://www.stylekorean.com:443/shop/double-dare-omg-man-in-black-hairband/1565571202/
2025-05-30 12:15:36,637 - INFO - Fetched: https://www.stylekorean.com:443/shop/double-dare-omg-man-in-black-hairband/1565571202/
2025-05-30 12:15:37,644 - INFO - [FETCH] https://www.stylekorean.com:443/shop/skinfood-wedge-puff-sponge-jumbo-size-12pcs/1479973728/
2025-05-30 12:15:39,316 - INFO - Fetched: https://www.stylekorean.com:443/shop/skinfood-wedge-puff-sponge-jumbo-size-12pcs/1479973728/
2025-05-30 12:15:40,326 - INFO - [FETCH] https://www.stylekorean.com:443/shop/etude-my-beauty-tool-lovely-etti-hair-band/1454035174/
2025-05-30 12:15:42,595 - INFO - Fetched: https://www.stylekorean.com:443/shop/etude-my-beauty-tool-lovely-etti-hair-band/1454035174/
2025-05-30 12:15:43,606 - INFO - [DONE] Saved final data: stylekorean/data/product_details/beautiful_device_&_tools_sub_categories/Others__25_.json
