2025-05-30 15:06:51,833 - INFO - Processing: stylekorean/data/product_urls/makeup_sub_categories/Blusher___Highlighter__43_.json
2025-05-30 15:06:51,835 - INFO - [FETCH] https://www.stylekorean.com:443/shop/fwee-pocket-cheek-palette-4-colors/1747725358/
2025-05-30 15:06:53,718 - INFO - Fetched: https://www.stylekorean.com:443/shop/fwee-pocket-cheek-palette-4-colors/1747725358/
2025-05-30 15:06:54,725 - INFO - [FETCH] https://www.stylekorean.com:443/shop/peripera-ink-v-highlighter-3-colors/1745990119/
2025-05-30 15:06:57,322 - INFO - Fetched: https://www.stylekorean.com:443/shop/peripera-ink-v-highlighter-3-colors/1745990119/
2025-05-30 15:06:58,328 - INFO - [FETCH] https://www.stylekorean.com:443/shop/peripera-soft-berry-pure-blushed-sunshine-cheek-2-colors/1745979822/
2025-05-30 15:07:00,934 - INFO - Fetched: https://www.stylekorean.com:443/shop/peripera-soft-berry-pure-blushed-sunshine-cheek-2-colors/1745979822/
2025-05-30 15:07:01,940 - INFO - [FETCH] https://www.stylekorean.com:443/shop/clio-prism-highlighter-4-colors/1745915253/
2025-05-30 15:07:04,227 - INFO - Fetched: https://www.stylekorean.com:443/shop/clio-prism-highlighter-4-colors/1745915253/
2025-05-30 15:07:05,239 - INFO - [FETCH] https://www.stylekorean.com:443/shop/rom-nd-juicy-roll-cheek-6-colors/1745912288/
2025-05-30 15:07:07,233 - INFO - Fetched: https://www.stylekorean.com:443/shop/rom-nd-juicy-roll-cheek-6-colors/1745912288/
2025-05-30 15:07:08,235 - INFO - [FETCH] https://www.stylekorean.com:443/shop/dearmay-timedeal-lost-ribbon-cheek-balm-4-colors/1744684226/
2025-05-30 15:07:10,496 - INFO - Fetched: https://www.stylekorean.com:443/shop/dearmay-timedeal-lost-ribbon-cheek-balm-4-colors/1744684226/
2025-05-30 15:07:11,507 - INFO - [FETCH] https://www.stylekorean.com:443/shop/fwee-glitz-stone-highlighter-12-colors/1739858963/
2025-05-30 15:07:13,316 - INFO - Fetched: https://www.stylekorean.com:443/shop/fwee-glitz-stone-highlighter-12-colors/1739858963/
2025-05-30 15:07:14,327 - INFO - [FETCH] https://www.stylekorean.com:443/shop/oddtype-unveiled-skin-highlighter-2-colors/1737530978/
2025-05-30 15:07:16,544 - INFO - Fetched: https://www.stylekorean.com:443/shop/oddtype-unveiled-skin-highlighter-2-colors/1737530978/
2025-05-30 15:07:17,552 - INFO - [FETCH] https://www.stylekorean.com:443/shop/fwee-keyring-set-lip-cheek-glowy-jelly-pot-19-colors/1735870150/
2025-05-30 15:07:20,598 - INFO - Fetched: https://www.stylekorean.com:443/shop/fwee-keyring-set-lip-cheek-glowy-jelly-pot-19-colors/1735870150/
2025-05-30 15:07:21,609 - INFO - [FETCH] https://www.stylekorean.com:443/shop/glint-by-vdivov-highlighter-02-diamond-veil/1732674861/
2025-05-30 15:07:23,976 - INFO - Fetched: https://www.stylekorean.com:443/shop/glint-by-vdivov-highlighter-02-diamond-veil/1732674861/
2025-05-30 15:07:24,987 - INFO - [FETCH] https://www.stylekorean.com:443/shop/alternative-stereo-balmy-cream-cheek-7-colors/1731307097/
2025-05-30 15:07:26,636 - INFO - Fetched: https://www.stylekorean.com:443/shop/alternative-stereo-balmy-cream-cheek-7-colors/1731307097/
2025-05-30 15:07:27,647 - INFO - [FETCH] https://www.stylekorean.com:443/shop/laka-love-silk-blush-9-colors/1729576481/
2025-05-30 15:07:29,501 - INFO - Fetched: https://www.stylekorean.com:443/shop/laka-love-silk-blush-9-colors/1729576481/
2025-05-30 15:07:30,502 - INFO - [FETCH] https://www.stylekorean.com:443/shop/house-of-hur-mini-moist-ampoule-blusher-10ml-9-colors/1726101450/
2025-05-30 15:07:33,822 - INFO - Fetched: https://www.stylekorean.com:443/shop/house-of-hur-mini-moist-ampoule-blusher-10ml-9-colors/1726101450/
2025-05-30 15:07:34,825 - INFO - [FETCH] https://www.stylekorean.com:443/shop/rom-nd-sheer-powder-pearls-2-colors/1724912958/
2025-05-30 15:07:43,514 - INFO - Fetched: https://www.stylekorean.com:443/shop/rom-nd-sheer-powder-pearls-2-colors/1724912958/
2025-05-30 15:07:44,525 - INFO - [FETCH] https://www.stylekorean.com:443/shop/hince-true-dimension-layering-cheek-3-colors/1721870525/
2025-05-30 15:07:47,839 - INFO - Fetched: https://www.stylekorean.com:443/shop/hince-true-dimension-layering-cheek-3-colors/1721870525/
2025-05-30 15:07:48,849 - INFO - [FETCH] https://www.stylekorean.com:443/shop/rom-nd-rom-nd-x-inapsquare-better-than-cheek-3-colors/1720575885/
2025-05-30 15:07:51,489 - INFO - Fetched: https://www.stylekorean.com:443/shop/rom-nd-rom-nd-x-inapsquare-better-than-cheek-3-colors/1720575885/
2025-05-30 15:07:52,501 - INFO - [FETCH] https://www.stylekorean.com:443/shop/kaja-mochi-pop-2-colors/1718326127/
2025-05-30 15:07:54,420 - INFO - Fetched: https://www.stylekorean.com:443/shop/kaja-mochi-pop-2-colors/1718326127/
2025-05-30 15:07:55,434 - INFO - [FETCH] https://www.stylekorean.com:443/shop/kaja-mochi-glow-03-luna/1718265964/
2025-05-30 15:07:57,270 - INFO - Fetched: https://www.stylekorean.com:443/shop/kaja-mochi-glow-03-luna/1718265964/
2025-05-30 15:07:58,273 - INFO - [FETCH] https://www.stylekorean.com:443/shop/kaja-dewy-bar-6-colors/1717988050/
2025-05-30 15:08:00,049 - INFO - Fetched: https://www.stylekorean.com:443/shop/kaja-dewy-bar-6-colors/1717988050/
2025-05-30 15:08:01,061 - INFO - [FETCH] https://www.stylekorean.com:443/shop/hince-dewy-liquid-cheek-5-colors/1716774659/
2025-05-30 15:08:04,039 - INFO - Fetched: https://www.stylekorean.com:443/shop/hince-dewy-liquid-cheek-5-colors/1716774659/
2025-05-30 15:08:05,051 - INFO - [FETCH] https://www.stylekorean.com:443/shop/hince-new-true-dimension-radiance-balm-7-colors/1716771643/
2025-05-30 15:08:08,709 - INFO - Fetched: https://www.stylekorean.com:443/shop/hince-new-true-dimension-radiance-balm-7-colors/1716771643/
2025-05-30 15:08:09,721 - INFO - [FETCH] https://www.stylekorean.com:443/shop/hince-true-dimension-glow-cheek-4-colors/1716769868/
2025-05-30 15:08:11,754 - INFO - Fetched: https://www.stylekorean.com:443/shop/hince-true-dimension-glow-cheek-4-colors/1716769868/
2025-05-30 15:08:12,756 - INFO - [FETCH] https://www.stylekorean.com:443/shop/etude-heart-pop-blusher-5-colors/1716427083/
2025-05-30 15:08:14,739 - INFO - Fetched: https://www.stylekorean.com:443/shop/etude-heart-pop-blusher-5-colors/1716427083/
2025-05-30 15:08:15,744 - INFO - [FETCH] https://www.stylekorean.com:443/shop/rom-nd-better-than-cheek-spring-fever-2-colors/1713928954/
2025-05-30 15:08:19,829 - INFO - Fetched: https://www.stylekorean.com:443/shop/rom-nd-better-than-cheek-spring-fever-2-colors/1713928954/
2025-05-30 15:08:20,831 - INFO - [FETCH] https://www.stylekorean.com:443/shop/fwee-mellow-dual-blusher-12-colors/1713404932/
2025-05-30 15:08:24,954 - INFO - Fetched: https://www.stylekorean.com:443/shop/fwee-mellow-dual-blusher-12-colors/1713404932/
2025-05-30 15:08:25,957 - INFO - [FETCH] https://www.stylekorean.com:443/shop/fwee-new-lip-cheek-blurry-pudding-pot-35-colors/1735546665/
2025-05-30 15:08:30,492 - INFO - Fetched: https://www.stylekorean.com:443/shop/fwee-new-lip-cheek-blurry-pudding-pot-35-colors/1735546665/
2025-05-30 15:08:31,504 - INFO - [FETCH] https://www.stylekorean.com:443/shop/fwee-new-keyring-set-lip-cheek-blurry-pudding-pot-30-colors/1727832971/
2025-05-30 15:08:34,654 - INFO - Fetched: https://www.stylekorean.com:443/shop/fwee-new-keyring-set-lip-cheek-blurry-pudding-pot-30-colors/1727832971/
2025-05-30 15:08:35,666 - INFO - [FETCH] https://www.stylekorean.com:443/shop/peripera-cherry-ver-pure-blushed-custom-cheek-05-dremy-cherry/1731390322/
2025-05-30 15:08:37,612 - INFO - Fetched: https://www.stylekorean.com:443/shop/peripera-cherry-ver-pure-blushed-custom-cheek-05-dremy-cherry/1731390322/
2025-05-30 15:08:38,622 - INFO - [FETCH] https://www.stylekorean.com:443/shop/peripera-pure-blushed-custom-cheek-4-colors/1710922605/
2025-05-30 15:08:40,735 - INFO - Fetched: https://www.stylekorean.com:443/shop/peripera-pure-blushed-custom-cheek-4-colors/1710922605/
2025-05-30 15:08:41,747 - INFO - [FETCH] https://www.stylekorean.com:443/shop/kaja-play-bento-5-colors/1707197795/
2025-05-30 15:08:44,461 - INFO - Fetched: https://www.stylekorean.com:443/shop/kaja-play-bento-5-colors/1707197795/
2025-05-30 15:08:45,474 - INFO - [FETCH] https://www.stylekorean.com:443/shop/kaja-whipped-dream-4-colors/1707181887/
2025-05-30 15:08:50,486 - INFO - Fetched: https://www.stylekorean.com:443/shop/kaja-whipped-dream-4-colors/1707181887/
2025-05-30 15:08:51,496 - INFO - [FETCH] https://www.stylekorean.com:443/shop/kaja-cheeky-stamp-4-colors/1707178516/
2025-05-30 15:08:54,656 - INFO - Fetched: https://www.stylekorean.com:443/shop/kaja-cheeky-stamp-4-colors/1707178516/
2025-05-30 15:08:55,659 - INFO - [FETCH] https://www.stylekorean.com:443/shop/house-of-hur-new-moist-ampoule-blusher-9-colors/1689550221/
2025-05-30 15:08:59,534 - INFO - Fetched: https://www.stylekorean.com:443/shop/house-of-hur-new-moist-ampoule-blusher-9-colors/1689550221/
2025-05-30 15:09:00,538 - INFO - [FETCH] https://www.stylekorean.com:443/shop/dinto-new-blur-finish-all-that-moments-blusher-7-colors/1679968977/
2025-05-30 15:09:02,726 - INFO - Fetched: https://www.stylekorean.com:443/shop/dinto-new-blur-finish-all-that-moments-blusher-7-colors/1679968977/
2025-05-30 15:09:03,732 - INFO - [FETCH] https://www.stylekorean.com:443/shop/klavuu-urban-pearlsation-natural-powder-blusher-2-colors/1672882534/
2025-05-30 15:09:06,029 - INFO - Fetched: https://www.stylekorean.com:443/shop/klavuu-urban-pearlsation-natural-powder-blusher-2-colors/1672882534/
2025-05-30 15:09:07,037 - INFO - [FETCH] https://www.stylekorean.com:443/shop/rom-nd-better-than-cheek-9-colors/1666144575/
2025-05-30 15:09:12,425 - INFO - Fetched: https://www.stylekorean.com:443/shop/rom-nd-better-than-cheek-9-colors/1666144575/
2025-05-30 15:09:13,432 - INFO - [FETCH] https://www.stylekorean.com:443/shop/peripera-new-pure-blushed-sunshine-cheek-9-colors/1616483681/
2025-05-30 15:09:16,224 - INFO - Fetched: https://www.stylekorean.com:443/shop/peripera-new-pure-blushed-sunshine-cheek-9-colors/1616483681/
2025-05-30 15:09:17,231 - INFO - [FETCH] https://www.stylekorean.com:443/shop/rom-nd-be-original-edition-see-through-veilighter-2-colors/1605668977/
2025-05-30 15:09:19,527 - INFO - Fetched: https://www.stylekorean.com:443/shop/rom-nd-be-original-edition-see-through-veilighter-2-colors/1605668977/
2025-05-30 15:09:20,530 - INFO - [FETCH] https://www.stylekorean.com:443/shop/a-pieu-juicy-pang-jelly-blusher-3-colors/1582697775/
2025-05-30 15:09:23,655 - INFO - Fetched: https://www.stylekorean.com:443/shop/a-pieu-juicy-pang-jelly-blusher-3-colors/1582697775/
2025-05-30 15:09:24,663 - INFO - [FETCH] https://www.stylekorean.com:443/shop/rom-nd-better-than-shape-2-colors/1576045647/
2025-05-30 15:09:26,589 - INFO - Fetched: https://www.stylekorean.com:443/shop/rom-nd-better-than-shape-2-colors/1576045647/
2025-05-30 15:09:27,596 - INFO - [FETCH] https://www.stylekorean.com:443/shop/a-pieu-juicy-pang-water-blusher-7-colors/1532585495/
2025-05-30 15:09:35,493 - INFO - Fetched: https://www.stylekorean.com:443/shop/a-pieu-juicy-pang-water-blusher-7-colors/1532585495/
2025-05-30 15:09:36,496 - INFO - [FETCH] https://www.stylekorean.com:443/shop/a-pieu-pastel-blusher-cr02/1527227738/
2025-05-30 15:09:39,133 - INFO - Fetched: https://www.stylekorean.com:443/shop/a-pieu-pastel-blusher-cr02/1527227738/
2025-05-30 15:09:40,137 - INFO - [FETCH] https://www.stylekorean.com:443/shop/too-cool-for-school-art-class-by-rodin-blusher-2-colors/1583713351/
2025-05-30 15:09:42,661 - INFO - Fetched: https://www.stylekorean.com:443/shop/too-cool-for-school-art-class-by-rodin-blusher-2-colors/1583713351/
2025-05-30 15:09:43,667 - INFO - [DONE] Saved final data: stylekorean/data/product_details/makeup_sub_categories/Blusher___Highlighter__43_.json
