2025-05-30 15:10:43,246 - INFO - Processing: stylekorean/data/product_urls/makeup_sub_categories/Concealer__10_.json
2025-05-30 15:10:43,248 - INFO - [FETCH] https://www.stylekorean.com:443/shop/hince-second-skin-cover-concealer-4-colors/1725409193/
2025-05-30 15:10:46,145 - INFO - Fetched: https://www.stylekorean.com:443/shop/hince-second-skin-cover-concealer-4-colors/1725409193/
2025-05-30 15:10:47,151 - INFO - [FETCH] https://www.stylekorean.com:443/shop/keyth-colored-keyth-cream-touch-concealer-foundation-2-colors/1724056782/
2025-05-30 15:10:49,805 - INFO - Fetched: https://www.stylekorean.com:443/shop/keyth-colored-keyth-cream-touch-concealer-foundation-2-colors/1724056782/
2025-05-30 15:10:50,811 - INFO - [FETCH] https://www.stylekorean.com:443/shop/luna-conceal-blender-palette-4-colors/1722414287/
2025-05-30 15:10:53,890 - INFO - Fetched: https://www.stylekorean.com:443/shop/luna-conceal-blender-palette-4-colors/1722414287/
2025-05-30 15:10:54,892 - INFO - [FETCH] https://www.stylekorean.com:443/shop/luna-long-lasting-tip-concealer-fixing-fit-2-colors/1720161519/
2025-05-30 15:10:56,482 - INFO - Fetched: https://www.stylekorean.com:443/shop/luna-long-lasting-tip-concealer-fixing-fit-2-colors/1720161519/
2025-05-30 15:10:57,483 - INFO - [FETCH] https://www.stylekorean.com:443/shop/luna-long-lasting-tip-concealer-cover-fit-6-colors/1720161434/
2025-05-30 15:10:59,789 - INFO - Fetched: https://www.stylekorean.com:443/shop/luna-long-lasting-tip-concealer-cover-fit-6-colors/1720161434/
2025-05-30 15:11:00,793 - INFO - [FETCH] https://www.stylekorean.com:443/shop/kaja-don-t-settle-6-colors/1707197626/
2025-05-30 15:11:03,149 - INFO - Fetched: https://www.stylekorean.com:443/shop/kaja-don-t-settle-6-colors/1707197626/
2025-05-30 15:11:04,150 - INFO - [FETCH] https://www.stylekorean.com:443/shop/tfit-idol-cover-concealer-5-colors/1731892087/
2025-05-30 15:11:06,509 - INFO - Fetched: https://www.stylekorean.com:443/shop/tfit-idol-cover-concealer-5-colors/1731892087/
2025-05-30 15:11:07,515 - INFO - [FETCH] https://www.stylekorean.com:443/shop/tfit-cover-up-pro-concealer-7-colors/1690866263/
2025-05-30 15:11:09,397 - INFO - Fetched: https://www.stylekorean.com:443/shop/tfit-cover-up-pro-concealer-7-colors/1690866263/
2025-05-30 15:11:10,403 - INFO - [FETCH] https://www.stylekorean.com:443/shop/javin-de-seoul-wink-liquid-concealer-5-colors/1688607879/
2025-05-30 15:11:16,385 - INFO - Fetched: https://www.stylekorean.com:443/shop/javin-de-seoul-wink-liquid-concealer-5-colors/1688607879/
2025-05-30 15:11:17,387 - INFO - [FETCH] https://www.stylekorean.com:443/shop/peripera-double-longwear-cover-concealer-2-colors/1589788102/
2025-05-30 15:11:20,354 - INFO - Fetched: https://www.stylekorean.com:443/shop/peripera-double-longwear-cover-concealer-2-colors/1589788102/
2025-05-30 15:11:21,357 - INFO - [DONE] Saved final data: stylekorean/data/product_details/makeup_sub_categories/Concealer__10_.json
