2025-05-30 14:56:52,960 - INFO - Processing: stylekorean/data/product_urls/makeup_sub_categories/Cushion__64_.json
2025-05-30 14:56:52,964 - INFO - [FETCH] https://www.stylekorean.com:443/shop/banila-co-covericious-ultimate-cover-cushion-20-colors/1745548975/
2025-05-30 14:56:56,023 - INFO - Fetched: https://www.stylekorean.com:443/shop/banila-co-covericious-ultimate-cover-cushion-20-colors/1745548975/
2025-05-30 14:56:57,032 - INFO - [FETCH] https://www.stylekorean.com:443/shop/missha-renewal-magic-cushion-cover-lasting-spf50-pa-2-colors/1745299772/
2025-05-30 14:56:59,354 - INFO - Fetched: https://www.stylekorean.com:443/shop/missha-renewal-magic-cushion-cover-lasting-spf50-pa-2-colors/1745299772/
2025-05-30 14:57:00,360 - INFO - [FETCH] https://www.stylekorean.com:443/shop/tocobo-apple-dewy-fit-cushion-6-colors/1741844781/
2025-05-30 14:57:02,483 - INFO - Fetched: https://www.stylekorean.com:443/shop/tocobo-apple-dewy-fit-cushion-6-colors/1741844781/
2025-05-30 14:57:03,489 - INFO - [FETCH] https://www.stylekorean.com:443/shop/tocobo-apple-dewy-fit-cushion-refill-kit-6-colors/1747710991/
2025-05-30 14:57:05,460 - INFO - Fetched: https://www.stylekorean.com:443/shop/tocobo-apple-dewy-fit-cushion-refill-kit-6-colors/1747710991/
2025-05-30 14:57:06,466 - INFO - [FETCH] https://www.stylekorean.com:443/shop/etude-cloud-filter-cushion-4-colors/1741323995/
2025-05-30 14:57:08,284 - INFO - Fetched: https://www.stylekorean.com:443/shop/etude-cloud-filter-cushion-4-colors/1741323995/
2025-05-30 14:57:09,292 - INFO - [FETCH] https://www.stylekorean.com:443/shop/clio-kill-cover-founwear-cushion-the-original-19-colors/1739430617/
2025-05-30 14:57:10,988 - INFO - Fetched: https://www.stylekorean.com:443/shop/clio-kill-cover-founwear-cushion-the-original-19-colors/1739430617/
2025-05-30 14:57:11,995 - INFO - [FETCH] https://www.stylekorean.com:443/shop/alternative-stereo-soap-nude-cushion-3-colors/1736734216/
2025-05-30 14:57:13,522 - INFO - Fetched: https://www.stylekorean.com:443/shop/alternative-stereo-soap-nude-cushion-3-colors/1736734216/
2025-05-30 14:57:14,529 - INFO - [FETCH] https://www.stylekorean.com:443/shop/purito-seoul-wonder-releaf-centella-bb-cushion-3-colors/1733732431/
2025-05-30 14:57:16,001 - INFO - Fetched: https://www.stylekorean.com:443/shop/purito-seoul-wonder-releaf-centella-bb-cushion-3-colors/1733732431/
2025-05-30 14:57:17,006 - INFO - [FETCH] https://www.stylekorean.com:443/shop/parnell-glacial-biome-water-no-sebum-cushion-10g/1733709413/
2025-05-30 14:57:20,296 - INFO - Fetched: https://www.stylekorean.com:443/shop/parnell-glacial-biome-water-no-sebum-cushion-10g/1733709413/
2025-05-30 14:57:21,302 - INFO - [FETCH] https://www.stylekorean.com:443/shop/keyth-colored-keyth-silky-fit-cover-cushion-2-colors/1731908220/
2025-05-30 14:57:23,048 - INFO - Fetched: https://www.stylekorean.com:443/shop/keyth-colored-keyth-silky-fit-cover-cushion-2-colors/1731908220/
2025-05-30 14:57:24,052 - INFO - [FETCH] https://www.stylekorean.com:443/shop/parnell-new-cicamanu-serum-cushion-40-colors/1731652349/
2025-05-30 14:57:28,204 - INFO - Fetched: https://www.stylekorean.com:443/shop/parnell-new-cicamanu-serum-cushion-40-colors/1731652349/
2025-05-30 14:57:29,209 - INFO - [FETCH] https://www.stylekorean.com:443/shop/a-pieu-waterlock-cushion-2-colors/1731477952/
2025-05-30 14:57:30,667 - INFO - Fetched: https://www.stylekorean.com:443/shop/a-pieu-waterlock-cushion-2-colors/1731477952/
2025-05-30 14:57:31,671 - INFO - [FETCH] https://www.stylekorean.com:443/shop/peripera-cherry-ver-mood-fit-cover-cushion-3-colors/1731390533/
2025-05-30 14:57:34,344 - INFO - Fetched: https://www.stylekorean.com:443/shop/peripera-cherry-ver-mood-fit-cover-cushion-3-colors/1731390533/
2025-05-30 14:57:35,347 - INFO - [FETCH] https://www.stylekorean.com:443/shop/blessed-moon-girly-serum-cushion-3-colors/1728369413/
2025-05-30 14:57:37,086 - INFO - Fetched: https://www.stylekorean.com:443/shop/blessed-moon-girly-serum-cushion-3-colors/1728369413/
2025-05-30 14:57:38,093 - INFO - [FETCH] https://www.stylekorean.com:443/shop/tirtir-mask-fit-aura-cushion-20-colors/1728000440/
2025-05-30 14:57:42,212 - INFO - Fetched: https://www.stylekorean.com:443/shop/tirtir-mask-fit-aura-cushion-20-colors/1728000440/
2025-05-30 14:57:43,218 - INFO - [FETCH] https://www.stylekorean.com:443/shop/fwee-cushion-egg-fit-cover-5-colors/1725328267/
2025-05-30 14:57:44,870 - INFO - Fetched: https://www.stylekorean.com:443/shop/fwee-cushion-egg-fit-cover-5-colors/1725328267/
2025-05-30 14:57:45,874 - INFO - [FETCH] https://www.stylekorean.com:443/shop/keyth-colored-keyth-california-feather-like-cushion-4-colors/1724057918/
2025-05-30 14:57:47,533 - INFO - Fetched: https://www.stylekorean.com:443/shop/keyth-colored-keyth-california-feather-like-cushion-4-colors/1724057918/
2025-05-30 14:57:48,538 - INFO - [FETCH] https://www.stylekorean.com:443/shop/keyth-colored-keyth-pink-magnet-cushion-3-colors/1724057401/
2025-05-30 14:57:51,318 - INFO - Fetched: https://www.stylekorean.com:443/shop/keyth-colored-keyth-pink-magnet-cushion-3-colors/1724057401/
2025-05-30 14:57:52,323 - INFO - [FETCH] https://www.stylekorean.com:443/shop/rom-nd-rom-nd-x-inapsquare-nu-zero-cushion-3-colors/1720581153/
2025-05-30 14:57:54,309 - INFO - Fetched: https://www.stylekorean.com:443/shop/rom-nd-rom-nd-x-inapsquare-nu-zero-cushion-3-colors/1720581153/
2025-05-30 14:57:55,318 - INFO - [FETCH] https://www.stylekorean.com:443/shop/tirtir-mask-fit-red-cushion-40-colors/1724131542/
2025-05-30 14:57:58,379 - INFO - Fetched: https://www.stylekorean.com:443/shop/tirtir-mask-fit-red-cushion-40-colors/1724131542/
2025-05-30 14:57:59,386 - INFO - [FETCH] https://www.stylekorean.com:443/shop/bomcosmetic-cover-flex-cushion-3-colors/1718863625/
2025-05-30 14:58:00,969 - INFO - Fetched: https://www.stylekorean.com:443/shop/bomcosmetic-cover-flex-cushion-3-colors/1718863625/
2025-05-30 14:58:01,977 - INFO - [FETCH] https://www.stylekorean.com:443/shop/peripera-mood-fit-cover-cushion-soda-cafe-3-colors/1717724440/
2025-05-30 14:58:03,484 - INFO - Fetched: https://www.stylekorean.com:443/shop/peripera-mood-fit-cover-cushion-soda-cafe-3-colors/1717724440/
2025-05-30 14:58:04,488 - INFO - [FETCH] https://www.stylekorean.com:443/shop/javin-de-seoul-wink-cushion-glow-5-colors/1717476990/
2025-05-30 14:58:05,985 - INFO - Fetched: https://www.stylekorean.com:443/shop/javin-de-seoul-wink-cushion-glow-5-colors/1717476990/
2025-05-30 14:58:06,996 - INFO - [FETCH] https://www.stylekorean.com:443/shop/peripera-mood-fit-cover-cushion-3-colors/1717470174/
2025-05-30 14:58:08,626 - INFO - Fetched: https://www.stylekorean.com:443/shop/peripera-mood-fit-cover-cushion-3-colors/1717470174/
2025-05-30 14:58:09,633 - INFO - [FETCH] https://www.stylekorean.com:443/shop/biodance-radiant-pure-essence-cushion-2-colors/1716941234/
2025-05-30 14:58:11,329 - INFO - Fetched: https://www.stylekorean.com:443/shop/biodance-radiant-pure-essence-cushion-2-colors/1716941234/
2025-05-30 14:58:12,336 - INFO - [FETCH] https://www.stylekorean.com:443/shop/hince-second-skin-mesh-matte-cushion-4-colors/1716787388/
2025-05-30 14:58:15,300 - INFO - Fetched: https://www.stylekorean.com:443/shop/hince-second-skin-mesh-matte-cushion-4-colors/1716787388/
2025-05-30 14:58:16,303 - INFO - [FETCH] https://www.stylekorean.com:443/shop/hince-second-skin-glow-cushion-4-colors/1716786074/
2025-05-30 14:58:17,904 - INFO - Fetched: https://www.stylekorean.com:443/shop/hince-second-skin-glow-cushion-4-colors/1716786074/
2025-05-30 14:58:18,907 - INFO - [FETCH] https://www.stylekorean.com:443/shop/age20-s-signature-essence-cover-pact-1-extra-refill-3-colors/1714376783/
2025-05-30 14:58:23,085 - INFO - Fetched: https://www.stylekorean.com:443/shop/age20-s-signature-essence-cover-pact-1-extra-refill-3-colors/1714376783/
2025-05-30 14:58:24,090 - INFO - [FETCH] https://www.stylekorean.com:443/shop/age20-s-new-signature-essence-cover-pact-11-colors/1739951658/
2025-05-30 14:58:28,251 - INFO - Fetched: https://www.stylekorean.com:443/shop/age20-s-new-signature-essence-cover-pact-11-colors/1739951658/
2025-05-30 14:58:29,253 - INFO - [FETCH] https://www.stylekorean.com:443/shop/age20-s-signature-essence-cover-pact-3-colors/1714378014/
2025-05-30 14:58:31,869 - INFO - Fetched: https://www.stylekorean.com:443/shop/age20-s-signature-essence-cover-pact-3-colors/1714378014/
2025-05-30 14:58:32,872 - INFO - [FETCH] https://www.stylekorean.com:443/shop/fwee-cushion-glass-clear-class-5-colors/1713834256/
2025-05-30 14:58:35,710 - INFO - Fetched: https://www.stylekorean.com:443/shop/fwee-cushion-glass-clear-class-5-colors/1713834256/
2025-05-30 14:58:36,713 - INFO - [FETCH] https://www.stylekorean.com:443/shop/parnell-cicamanu-serum-cushion-refill-3-colors/1713922816/
2025-05-30 14:58:38,358 - INFO - Fetched: https://www.stylekorean.com:443/shop/parnell-cicamanu-serum-cushion-refill-3-colors/1713922816/
2025-05-30 14:58:39,364 - INFO - [FETCH] https://www.stylekorean.com:443/shop/parnell-cicamanu-serum-cushion-3-colors/1712218151/
2025-05-30 14:58:41,293 - INFO - Fetched: https://www.stylekorean.com:443/shop/parnell-cicamanu-serum-cushion-3-colors/1712218151/
2025-05-30 14:58:42,297 - INFO - [FETCH] https://www.stylekorean.com:443/shop/tfit-layering-fit-glow-cushion-ex-5-colors/1711931155/
2025-05-30 14:58:44,149 - INFO - Fetched: https://www.stylekorean.com:443/shop/tfit-layering-fit-glow-cushion-ex-5-colors/1711931155/
2025-05-30 14:58:45,152 - INFO - [FETCH] https://www.stylekorean.com:443/shop/tfit-layering-fit-cover-cushion-ex-5-colors/1711930389/
2025-05-30 14:58:46,707 - INFO - Fetched: https://www.stylekorean.com:443/shop/tfit-layering-fit-cover-cushion-ex-5-colors/1711930389/
2025-05-30 14:58:47,710 - INFO - [FETCH] https://www.stylekorean.com:443/shop/clio-kill-cover-skin-fixer-cushion-set-5-colors/1711594359/
2025-05-30 14:58:50,004 - INFO - Fetched: https://www.stylekorean.com:443/shop/clio-kill-cover-skin-fixer-cushion-set-5-colors/1711594359/
2025-05-30 14:58:51,009 - INFO - [FETCH] https://www.stylekorean.com:443/shop/clio-kill-cover-the-new-founwear-cushion-every-fruit-grocery/1710984724/
2025-05-30 14:58:52,764 - INFO - Fetched: https://www.stylekorean.com:443/shop/clio-kill-cover-the-new-founwear-cushion-every-fruit-grocery/1710984724/
2025-05-30 14:58:53,771 - INFO - [FETCH] https://www.stylekorean.com:443/shop/tirtir-mini-mask-fit-red-cushion-40-colors/1724135801/
2025-05-30 14:58:58,783 - INFO - Fetched: https://www.stylekorean.com:443/shop/tirtir-mini-mask-fit-red-cushion-40-colors/1724135801/
2025-05-30 14:58:59,786 - INFO - [FETCH] https://www.stylekorean.com:443/shop/tirtir-mask-fit-all-cover-cushion-20-colors/1727832238/
2025-05-30 14:59:03,100 - INFO - Fetched: https://www.stylekorean.com:443/shop/tirtir-mask-fit-all-cover-cushion-20-colors/1727832238/
2025-05-30 14:59:04,102 - INFO - [FETCH] https://www.stylekorean.com:443/shop/enough-collagen-brightening-moisture-two-way-cake-2-colors/1706146300/
2025-05-30 14:59:05,784 - INFO - Fetched: https://www.stylekorean.com:443/shop/enough-collagen-brightening-moisture-two-way-cake-2-colors/1706146300/
2025-05-30 14:59:06,792 - INFO - [FETCH] https://www.stylekorean.com:443/shop/clio-kill-cover-high-glow-cushion-set-refill-3-colors/1705388206/
2025-05-30 14:59:08,765 - INFO - Fetched: https://www.stylekorean.com:443/shop/clio-kill-cover-high-glow-cushion-set-refill-3-colors/1705388206/
2025-05-30 14:59:09,771 - INFO - [FETCH] https://www.stylekorean.com:443/shop/clio-kill-cover-the-new-founwear-cushion-spf50-pa-padding-case-3-colors/1698216584/
2025-05-30 14:59:11,458 - INFO - Fetched: https://www.stylekorean.com:443/shop/clio-kill-cover-the-new-founwear-cushion-spf50-pa-padding-case-3-colors/1698216584/
2025-05-30 14:59:12,464 - INFO - [FETCH] https://www.stylekorean.com:443/shop/naming.-layered-matte-fit-cushion-spf-50-pa-4-colors/1695183686/
2025-05-30 14:59:13,993 - INFO - Fetched: https://www.stylekorean.com:443/shop/naming.-layered-matte-fit-cushion-spf-50-pa-4-colors/1695183686/
2025-05-30 14:59:15,001 - INFO - [FETCH] https://www.stylekorean.com:443/shop/clio-mini-kill-cover-the-new-founwear-cushion-3-colors/1691542161/
2025-05-30 14:59:17,241 - INFO - Fetched: https://www.stylekorean.com:443/shop/clio-mini-kill-cover-the-new-founwear-cushion-3-colors/1691542161/
2025-05-30 14:59:18,249 - INFO - [FETCH] https://www.stylekorean.com:443/shop/dinto-blur-finish-wooncho-cushion-2-colors/1689232688/
2025-05-30 14:59:20,193 - INFO - Fetched: https://www.stylekorean.com:443/shop/dinto-blur-finish-wooncho-cushion-2-colors/1689232688/
2025-05-30 14:59:21,201 - INFO - [FETCH] https://www.stylekorean.com:443/shop/javin-de-seoul-wink-foundation-pact-5-colors/1688609682/
2025-05-30 14:59:23,042 - INFO - Fetched: https://www.stylekorean.com:443/shop/javin-de-seoul-wink-foundation-pact-5-colors/1688609682/
2025-05-30 14:59:24,050 - INFO - [FETCH] https://www.stylekorean.com:443/shop/javin-de-seoul-bloom-foundation-pact-3-colors/1688604057/
2025-05-30 14:59:25,832 - INFO - Fetched: https://www.stylekorean.com:443/shop/javin-de-seoul-bloom-foundation-pact-3-colors/1688604057/
2025-05-30 14:59:26,837 - INFO - [FETCH] https://www.stylekorean.com:443/shop/clio-kill-cover-mesh-glow-cushion-set-refill-3-colors/1684217417/
2025-05-30 14:59:28,900 - INFO - Fetched: https://www.stylekorean.com:443/shop/clio-kill-cover-mesh-glow-cushion-set-refill-3-colors/1684217417/
2025-05-30 14:59:29,908 - INFO - [FETCH] https://www.stylekorean.com:443/shop/etude-healthy-calamine-tone-up-cushion/1677217012/
2025-05-30 14:59:31,461 - INFO - Fetched: https://www.stylekorean.com:443/shop/etude-healthy-calamine-tone-up-cushion/1677217012/
2025-05-30 14:59:32,464 - INFO - [FETCH] https://www.stylekorean.com:443/shop/rom-nd-bare-water-cushion-5-types/1670920743/
2025-05-30 14:59:35,355 - INFO - Fetched: https://www.stylekorean.com:443/shop/rom-nd-bare-water-cushion-5-types/1670920743/
2025-05-30 14:59:36,360 - INFO - [FETCH] https://www.stylekorean.com:443/shop/tirtir-mask-fit-black-cushion-3-colors/1659343734/
2025-05-30 14:59:38,162 - INFO - Fetched: https://www.stylekorean.com:443/shop/tirtir-mask-fit-black-cushion-3-colors/1659343734/
2025-05-30 14:59:39,166 - INFO - [FETCH] https://www.stylekorean.com:443/shop/cosnori-panthenol-barrier-cushion-2-colors/1658306001/
2025-05-30 14:59:40,616 - INFO - Fetched: https://www.stylekorean.com:443/shop/cosnori-panthenol-barrier-cushion-2-colors/1658306001/
2025-05-30 14:59:41,619 - INFO - [FETCH] https://www.stylekorean.com:443/shop/rom-nd-nu-zero-cushion-03-natural-21/1694577062/
2025-05-30 14:59:43,996 - INFO - Fetched: https://www.stylekorean.com:443/shop/rom-nd-nu-zero-cushion-03-natural-21/1694577062/
2025-05-30 14:59:45,004 - INFO - [FETCH] https://www.stylekorean.com:443/shop/rom-nd-nu-zero-cushion-5-colors/1651108205/
2025-05-30 14:59:48,087 - INFO - Fetched: https://www.stylekorean.com:443/shop/rom-nd-nu-zero-cushion-5-colors/1651108205/
2025-05-30 14:59:49,093 - INFO - [FETCH] https://www.stylekorean.com:443/shop/innisfree-no-sebum-powder-cushion-2-colors/1634785085/
2025-05-30 14:59:50,923 - INFO - Fetched: https://www.stylekorean.com:443/shop/innisfree-no-sebum-powder-cushion-2-colors/1634785085/
2025-05-30 14:59:51,931 - INFO - [FETCH] https://www.stylekorean.com:443/shop/etude-double-lasting-cushion-glow-2-colors/1623630467/
2025-05-30 14:59:53,513 - INFO - Fetched: https://www.stylekorean.com:443/shop/etude-double-lasting-cushion-glow-2-colors/1623630467/
2025-05-30 14:59:54,521 - INFO - [FETCH] https://www.stylekorean.com:443/shop/clio-kill-cover-fixer-cushion-spf50-pa-02-lingerie/1599705150/
2025-05-30 14:59:56,176 - INFO - Fetched: https://www.stylekorean.com:443/shop/clio-kill-cover-fixer-cushion-spf50-pa-02-lingerie/1599705150/
2025-05-30 14:59:57,181 - INFO - [FETCH] https://www.stylekorean.com:443/shop/missha-radiance-perfect-fit-cushion-spf-50-pa-4-colors/1597814808/
2025-05-30 14:59:59,039 - INFO - Fetched: https://www.stylekorean.com:443/shop/missha-radiance-perfect-fit-cushion-spf-50-pa-4-colors/1597814808/
2025-05-30 15:00:00,045 - INFO - [FETCH] https://www.stylekorean.com:443/shop/missha-velvet-finish-cushion-spf50-pa-2-colors-15g/1597808885/
2025-05-30 15:00:04,321 - INFO - Fetched: https://www.stylekorean.com:443/shop/missha-velvet-finish-cushion-spf50-pa-2-colors-15g/1597808885/
2025-05-30 15:00:05,327 - INFO - [FETCH] https://www.stylekorean.com:443/shop/missha-magic-cushion-moist-up-spf50-pa-2-colors/1530769607/
2025-05-30 15:00:10,574 - INFO - Fetched: https://www.stylekorean.com:443/shop/missha-magic-cushion-moist-up-spf50-pa-2-colors/1530769607/
2025-05-30 15:00:11,581 - INFO - [FETCH] https://www.stylekorean.com:443/shop/missha-magic-cushion-cover-lasting-spf50-pa-2-colors/1530769359/
2025-05-30 15:00:14,802 - INFO - Fetched: https://www.stylekorean.com:443/shop/missha-magic-cushion-cover-lasting-spf50-pa-2-colors/1530769359/
2025-05-30 15:00:15,810 - INFO - [FETCH] https://www.stylekorean.com:443/shop/klavuu-blue-pearlsation-high-coverage-marine-collagen-aqua-cushion-2-colors/1524124743/
2025-05-30 15:00:17,403 - INFO - Fetched: https://www.stylekorean.com:443/shop/klavuu-blue-pearlsation-high-coverage-marine-collagen-aqua-cushion-2-colors/1524124743/
2025-05-30 15:00:18,407 - INFO - [FETCH] https://www.stylekorean.com:443/shop/heimish-renewal-artless-perfect-cushion-spf50-pa-3-colors/1568852928/
2025-05-30 15:00:24,059 - INFO - Fetched: https://www.stylekorean.com:443/shop/heimish-renewal-artless-perfect-cushion-spf50-pa-3-colors/1568852928/
2025-05-30 15:00:25,068 - INFO - [DONE] Saved final data: stylekorean/data/product_details/makeup_sub_categories/Cushion__64_.json
