2025-05-30 15:00:25,071 - INFO - Processing: stylekorean/data/product_urls/makeup_sub_categories/Eyebrows__13_.json
2025-05-30 15:00:25,074 - INFO - [FETCH] https://www.stylekorean.com:443/shop/clio-kill-brow-auto-hard-brow-pencil-07-gray-pink/1745917469/
2025-05-30 15:00:27,433 - INFO - Fetched: https://www.stylekorean.com:443/shop/clio-kill-brow-auto-hard-brow-pencil-07-gray-pink/1745917469/
2025-05-30 15:00:28,439 - INFO - [FETCH] https://www.stylekorean.com:443/shop/dearmay-the-chic-eyebrow-pencil-4-colors/1744693532/
2025-05-30 15:00:30,922 - INFO - Fetched: https://www.stylekorean.com:443/shop/dearmay-the-chic-eyebrow-pencil-4-colors/1744693532/
2025-05-30 15:00:31,928 - INFO - [FETCH] https://www.stylekorean.com:443/shop/hince-signiture-brow-pencil-5-colors/1729819483/
2025-05-30 15:00:33,618 - INFO - Fetched: https://www.stylekorean.com:443/shop/hince-signiture-brow-pencil-5-colors/1729819483/
2025-05-30 15:00:34,625 - INFO - [FETCH] https://www.stylekorean.com:443/shop/laka-wild-brow-shaper-3-types/1729663582/
2025-05-30 15:00:36,235 - INFO - Fetched: https://www.stylekorean.com:443/shop/laka-wild-brow-shaper-3-types/1729663582/
2025-05-30 15:00:37,241 - INFO - [FETCH] https://www.stylekorean.com:443/shop/hince-signature-brow-shaper-4ml-5-colors/1725413196/
2025-05-30 15:00:39,133 - INFO - Fetched: https://www.stylekorean.com:443/shop/hince-signature-brow-shaper-4ml-5-colors/1725413196/
2025-05-30 15:00:40,135 - INFO - [FETCH] https://www.stylekorean.com:443/shop/dinto-dante-one-by-one-brow-definer-3-colors/1695282235/
2025-05-30 15:00:42,310 - INFO - Fetched: https://www.stylekorean.com:443/shop/dinto-dante-one-by-one-brow-definer-3-colors/1695282235/
2025-05-30 15:00:43,313 - INFO - [FETCH] https://www.stylekorean.com:443/shop/peripera-speedy-skinny-browcara-4-colors/1657784858/
2025-05-30 15:00:45,872 - INFO - Fetched: https://www.stylekorean.com:443/shop/peripera-speedy-skinny-browcara-4-colors/1657784858/
2025-05-30 15:00:46,878 - INFO - [FETCH] https://www.stylekorean.com:443/shop/clio-kill-brow-color-brow-lacouer-3-colors/1639536603/
2025-05-30 15:00:48,452 - INFO - Fetched: https://www.stylekorean.com:443/shop/clio-kill-brow-color-brow-lacouer-3-colors/1639536603/
2025-05-30 15:00:49,458 - INFO - [FETCH] https://www.stylekorean.com:443/shop/peripera-speedy-skinny-brow-5-colors/1627279439/
2025-05-30 15:00:54,342 - INFO - Fetched: https://www.stylekorean.com:443/shop/peripera-speedy-skinny-brow-5-colors/1627279439/
2025-05-30 15:00:55,348 - INFO - [FETCH] https://www.stylekorean.com:443/shop/rom-nd-han-all-flat-brow-6-colors/1613720709/
2025-05-30 15:00:57,158 - INFO - Fetched: https://www.stylekorean.com:443/shop/rom-nd-han-all-flat-brow-6-colors/1613720709/
2025-05-30 15:00:58,162 - INFO - [FETCH] https://www.stylekorean.com:443/shop/rom-nd-han-all-sharp-brow-6-colors/1613724864/
2025-05-30 15:01:01,780 - INFO - Fetched: https://www.stylekorean.com:443/shop/rom-nd-han-all-sharp-brow-6-colors/1613724864/
2025-05-30 15:01:02,784 - INFO - [FETCH] https://www.stylekorean.com:443/shop/etude-new-drawing-eye-brow-7-colors/1629774774/
2025-05-30 15:01:05,513 - INFO - Fetched: https://www.stylekorean.com:443/shop/etude-new-drawing-eye-brow-7-colors/1629774774/
2025-05-30 15:01:06,519 - INFO - [FETCH] https://www.stylekorean.com:443/shop/innisfree-auto-eyebrow-pencil-7-colors/1655189726/
2025-05-30 15:01:08,277 - INFO - Fetched: https://www.stylekorean.com:443/shop/innisfree-auto-eyebrow-pencil-7-colors/1655189726/
2025-05-30 15:01:09,284 - INFO - [DONE] Saved final data: stylekorean/data/product_details/makeup_sub_categories/Eyebrows__13_.json
