2025-05-30 15:18:15,971 - INFO - Processing: stylekorean/data/product_urls/makeup_sub_categories/Eyeshadow__40_.json
2025-05-30 15:18:15,974 - INFO - [FETCH] https://www.stylekorean.com:443/shop/fwee-pocket-eye-palette-5-colors/1747724716/
2025-05-30 15:18:17,882 - INFO - Fetched: https://www.stylekorean.com:443/shop/fwee-pocket-eye-palette-5-colors/1747724716/
2025-05-30 15:18:18,883 - INFO - [FETCH] https://www.stylekorean.com:443/shop/peripera-soft-berry-ink-pocket-shadow-palette-2-colors/1745991715/
2025-05-30 15:18:20,662 - INFO - Fetched: https://www.stylekorean.com:443/shop/peripera-soft-berry-ink-pocket-shadow-palette-2-colors/1745991715/
2025-05-30 15:18:21,668 - INFO - [FETCH] https://www.stylekorean.com:443/shop/etude-shine-fix-eyes-glitter-2-colors/1741322839/
2025-05-30 15:18:23,260 - INFO - Fetched: https://www.stylekorean.com:443/shop/etude-shine-fix-eyes-glitter-2-colors/1741322839/
2025-05-30 15:18:24,266 - INFO - [FETCH] https://www.stylekorean.com:443/shop/clio-essential-shadow-tap-3-colors/1734664049/
2025-05-30 15:18:26,137 - INFO - Fetched: https://www.stylekorean.com:443/shop/clio-essential-shadow-tap-3-colors/1734664049/
2025-05-30 15:18:27,144 - INFO - [FETCH] https://www.stylekorean.com:443/shop/hince-new-depth-eyeshadow-10-colors/1730080151/
2025-05-30 15:18:28,709 - INFO - Fetched: https://www.stylekorean.com:443/shop/hince-new-depth-eyeshadow-10-colors/1730080151/
2025-05-30 15:18:29,713 - INFO - [FETCH] https://www.stylekorean.com:443/shop/laka-forever6-eye-palette-4-colors/1729577478/
2025-05-30 15:18:31,069 - INFO - Fetched: https://www.stylekorean.com:443/shop/laka-forever6-eye-palette-4-colors/1729577478/
2025-05-30 15:18:32,070 - INFO - [FETCH] https://www.stylekorean.com:443/shop/hince-new-depth-dual-color-stick-4-colors/1729478450/
2025-05-30 15:18:33,901 - INFO - Fetched: https://www.stylekorean.com:443/shop/hince-new-depth-dual-color-stick-4-colors/1729478450/
2025-05-30 15:18:34,906 - INFO - [FETCH] https://www.stylekorean.com:443/shop/blessed-moon-soap-palette-2-colors/1728519387/
2025-05-30 15:18:36,513 - INFO - Fetched: https://www.stylekorean.com:443/shop/blessed-moon-soap-palette-2-colors/1728519387/
2025-05-30 15:18:37,516 - INFO - [FETCH] https://www.stylekorean.com:443/shop/blessed-moon-mini-like-a-shadow-6-colors/1728370627/
2025-05-30 15:18:39,393 - INFO - Fetched: https://www.stylekorean.com:443/shop/blessed-moon-mini-like-a-shadow-6-colors/1728370627/
2025-05-30 15:18:40,396 - INFO - [FETCH] https://www.stylekorean.com:443/shop/blessed-moon-like-a-shadow-6-colors/1728370399/
2025-05-30 15:18:41,917 - INFO - Fetched: https://www.stylekorean.com:443/shop/blessed-moon-like-a-shadow-6-colors/1728370399/
2025-05-30 15:18:42,923 - INFO - [FETCH] https://www.stylekorean.com:443/shop/hince-new-depth-eyeshadow-palette-4-colors/1726108733/
2025-05-30 15:18:45,383 - INFO - Fetched: https://www.stylekorean.com:443/shop/hince-new-depth-eyeshadow-palette-4-colors/1726108733/
2025-05-30 15:18:46,389 - INFO - [FETCH] https://www.stylekorean.com:443/shop/rom-nd-rom-nd-x-inapsquare-better-than-eyes-3-colors/1720577963/
2025-05-30 15:18:48,265 - INFO - Fetched: https://www.stylekorean.com:443/shop/rom-nd-rom-nd-x-inapsquare-better-than-eyes-3-colors/1720577963/
2025-05-30 15:18:49,270 - INFO - [FETCH] https://www.stylekorean.com:443/shop/peripera-new-all-take-mood-palette-5-colors/1732692166/
2025-05-30 15:18:51,310 - INFO - Fetched: https://www.stylekorean.com:443/shop/peripera-new-all-take-mood-palette-5-colors/1732692166/
2025-05-30 15:18:52,317 - INFO - [FETCH] https://www.stylekorean.com:443/shop/hince-new-all-round-eye-palette-5-colors/1716773183/
2025-05-30 15:18:54,820 - INFO - Fetched: https://www.stylekorean.com:443/shop/hince-new-all-round-eye-palette-5-colors/1716773183/
2025-05-30 15:18:55,824 - INFO - [FETCH] https://www.stylekorean.com:443/shop/fwee-more-mood-eyeshadow-palette-6-colors/1713833169/
2025-05-30 15:18:57,902 - INFO - Fetched: https://www.stylekorean.com:443/shop/fwee-more-mood-eyeshadow-palette-6-colors/1713833169/
2025-05-30 15:18:58,904 - INFO - [FETCH] https://www.stylekorean.com:443/shop/rom-nd-better-than-palette-spring-fever-2-colors/1713418035/
2025-05-30 15:19:00,849 - INFO - Fetched: https://www.stylekorean.com:443/shop/rom-nd-better-than-palette-spring-fever-2-colors/1713418035/
2025-05-30 15:19:01,856 - INFO - [FETCH] https://www.stylekorean.com:443/shop/clio-every-fruit-grocery-pro-eye-palette-air-2-colors/1711595504/
2025-05-30 15:19:03,550 - INFO - Fetched: https://www.stylekorean.com:443/shop/clio-every-fruit-grocery-pro-eye-palette-air-2-colors/1711595504/
2025-05-30 15:19:04,553 - INFO - [FETCH] https://www.stylekorean.com:443/shop/kaja-beauty-bento-14-colors/1707178577/
2025-05-30 15:19:06,381 - INFO - Fetched: https://www.stylekorean.com:443/shop/kaja-beauty-bento-14-colors/1707178577/
2025-05-30 15:19:07,385 - INFO - [FETCH] https://www.stylekorean.com:443/shop/rom-nd-the-universe-liquid-glitter-4-colors/1705481734/
2025-05-30 15:19:09,101 - INFO - Fetched: https://www.stylekorean.com:443/shop/rom-nd-the-universe-liquid-glitter-4-colors/1705481734/
2025-05-30 15:19:10,102 - INFO - [FETCH] https://www.stylekorean.com:443/shop/javin-de-seoul-new-wink-eye-shade-primer-14-colors/1688604634/
2025-05-30 15:19:12,845 - INFO - Fetched: https://www.stylekorean.com:443/shop/javin-de-seoul-new-wink-eye-shade-primer-14-colors/1688604634/
2025-05-30 15:19:13,847 - INFO - [FETCH] https://www.stylekorean.com:443/shop/rom-nd-bare-layer-palette-2colors/1688542103/
2025-05-30 15:19:16,581 - INFO - Fetched: https://www.stylekorean.com:443/shop/rom-nd-bare-layer-palette-2colors/1688542103/
2025-05-30 15:19:17,586 - INFO - [FETCH] https://www.stylekorean.com:443/shop/espoir-real-eye-palette-all-new-2-colors/1687244338/
2025-05-30 15:19:19,027 - INFO - Fetched: https://www.stylekorean.com:443/shop/espoir-real-eye-palette-all-new-2-colors/1687244338/
2025-05-30 15:19:20,030 - INFO - [FETCH] https://www.stylekorean.com:443/shop/peripera-cherry-ver-all-take-mood-like-palette-05-clear-winter/1731389957/
2025-05-30 15:19:21,839 - INFO - Fetched: https://www.stylekorean.com:443/shop/peripera-cherry-ver-all-take-mood-like-palette-05-clear-winter/1731389957/
2025-05-30 15:19:22,843 - INFO - [FETCH] https://www.stylekorean.com:443/shop/peripera-all-take-mood-like-palette-4-colors/1686268619/
2025-05-30 15:19:27,056 - INFO - Fetched: https://www.stylekorean.com:443/shop/peripera-all-take-mood-like-palette-4-colors/1686268619/
2025-05-30 15:19:28,063 - INFO - [FETCH] https://www.stylekorean.com:443/shop/clio-koshort-edition-pro-eye-palette-2-colors/1678175200/
2025-05-30 15:19:30,650 - INFO - Fetched: https://www.stylekorean.com:443/shop/clio-koshort-edition-pro-eye-palette-2-colors/1678175200/
2025-05-30 15:19:31,657 - INFO - [FETCH] https://www.stylekorean.com:443/shop/peripera-ink-pocket-shadow-palette-4-colors/1677483582/
2025-05-30 15:19:33,438 - INFO - Fetched: https://www.stylekorean.com:443/shop/peripera-ink-pocket-shadow-palette-4-colors/1677483582/
2025-05-30 15:19:34,442 - INFO - [FETCH] https://www.stylekorean.com:443/shop/dinto-blur-finish-shadow-5-colors/1675392995/
2025-05-30 15:19:36,432 - INFO - Fetched: https://www.stylekorean.com:443/shop/dinto-blur-finish-shadow-5-colors/1675392995/
2025-05-30 15:19:37,437 - INFO - [FETCH] https://www.stylekorean.com:443/shop/clio-shade-shadow-palette-2-colors/1692939904/
2025-05-30 15:19:40,474 - INFO - Fetched: https://www.stylekorean.com:443/shop/clio-shade-shadow-palette-2-colors/1692939904/
2025-05-30 15:19:41,476 - INFO - [FETCH] https://www.stylekorean.com:443/shop/clio-pro-eye-palette-mini-4-colors/1614934638/
2025-05-30 15:19:43,021 - INFO - Fetched: https://www.stylekorean.com:443/shop/clio-pro-eye-palette-mini-4-colors/1614934638/
2025-05-30 15:19:44,029 - INFO - [FETCH] https://www.stylekorean.com:443/shop/rom-nd-better-than-palette-2-colors/1617846304/
2025-05-30 15:19:46,519 - INFO - Fetched: https://www.stylekorean.com:443/shop/rom-nd-better-than-palette-2-colors/1617846304/
2025-05-30 15:19:47,526 - INFO - [FETCH] https://www.stylekorean.com:443/shop/rom-nd-new-better-than-palette-8-colors/1614829483/
2025-05-30 15:19:50,447 - INFO - Fetched: https://www.stylekorean.com:443/shop/rom-nd-new-better-than-palette-8-colors/1614829483/
2025-05-30 15:19:51,449 - INFO - [FETCH] https://www.stylekorean.com:443/shop/rom-nd-be-original-edition-better-than-eyes-2-colors/1606180998/
2025-05-30 15:19:53,177 - INFO - Fetched: https://www.stylekorean.com:443/shop/rom-nd-be-original-edition-better-than-eyes-2-colors/1606180998/
2025-05-30 15:19:54,183 - INFO - [FETCH] https://www.stylekorean.com:443/shop/missha-glitter-prism-liquid-4-colors/1598335030/
2025-05-30 15:19:56,862 - INFO - Fetched: https://www.stylekorean.com:443/shop/missha-glitter-prism-liquid-4-colors/1598335030/
2025-05-30 15:19:57,869 - INFO - [FETCH] https://www.stylekorean.com:443/shop/rom-nd-new-better-than-eyes-2-colors/1586236534/
2025-05-30 15:19:59,513 - INFO - Fetched: https://www.stylekorean.com:443/shop/rom-nd-new-better-than-eyes-2-colors/1586236534/
2025-05-30 15:20:00,515 - INFO - [FETCH] https://www.stylekorean.com:443/shop/peripera-new-all-take-mood-palette-6-colors/1583800333/
2025-05-30 15:20:02,655 - INFO - Fetched: https://www.stylekorean.com:443/shop/peripera-new-all-take-mood-palette-6-colors/1583800333/
2025-05-30 15:20:03,662 - INFO - [FETCH] https://www.stylekorean.com:443/shop/rom-nd-better-than-eyes-music-series-2-colors/1568190777/
2025-05-30 15:20:06,765 - INFO - Fetched: https://www.stylekorean.com:443/shop/rom-nd-better-than-eyes-music-series-2-colors/1568190777/
2025-05-30 15:20:07,772 - INFO - [FETCH] https://www.stylekorean.com:443/shop/rom-nd-better-than-eyes-3-colors/1559551937/
2025-05-30 15:20:10,129 - INFO - Fetched: https://www.stylekorean.com:443/shop/rom-nd-better-than-eyes-3-colors/1559551937/
2025-05-30 15:20:11,133 - INFO - [FETCH] https://www.stylekorean.com:443/shop/missha-modern-shadow-glitter-prism-10-colors/1558941652/
2025-05-30 15:20:14,431 - INFO - Fetched: https://www.stylekorean.com:443/shop/missha-modern-shadow-glitter-prism-10-colors/1558941652/
2025-05-30 15:20:15,434 - INFO - [FETCH] https://www.stylekorean.com:443/shop/clio-pro-eye-palette-10-colors/1631591702/
2025-05-30 15:20:17,740 - INFO - Fetched: https://www.stylekorean.com:443/shop/clio-pro-eye-palette-10-colors/1631591702/
2025-05-30 15:20:18,746 - INFO - [FETCH] https://www.stylekorean.com:443/shop/missha-triple-shadow-3-colors/1496292799/
2025-05-30 15:20:20,344 - INFO - Fetched: https://www.stylekorean.com:443/shop/missha-triple-shadow-3-colors/1496292799/
2025-05-30 15:20:21,352 - INFO - [DONE] Saved final data: stylekorean/data/product_details/makeup_sub_categories/Eyeshadow__40_.json
