2025-05-30 15:05:25,673 - INFO - Processing: stylekorean/data/product_urls/makeup_sub_categories/Foundation__27_.json
2025-05-30 15:05:25,675 - INFO - [FETCH] https://www.stylekorean.com:443/shop/farmstay-visible-difference-snail-bb-cream-50g/1730857660/
2025-05-30 15:05:28,142 - INFO - Fetched: https://www.stylekorean.com:443/shop/farmstay-visible-difference-snail-bb-cream-50g/1730857660/
2025-05-30 15:05:29,148 - INFO - [FETCH] https://www.stylekorean.com:443/shop/purito-seoul-wonder-releaf-centella-bb-cream-6-colors/1727657095/
2025-05-30 15:05:31,740 - INFO - Fetched: https://www.stylekorean.com:443/shop/purito-seoul-wonder-releaf-centella-bb-cream-6-colors/1727657095/
2025-05-30 15:05:32,741 - INFO - [FETCH] https://www.stylekorean.com:443/shop/hince-second-skin-foundation-3-colors/1725412794/
2025-05-30 15:05:34,579 - INFO - Fetched: https://www.stylekorean.com:443/shop/hince-second-skin-foundation-3-colors/1725412794/
2025-05-30 15:05:35,585 - INFO - [FETCH] https://www.stylekorean.com:443/shop/vdl-cover-stain-perfecting-foundation-4-colors/1721358386/
2025-05-30 15:05:37,147 - INFO - Fetched: https://www.stylekorean.com:443/shop/vdl-cover-stain-perfecting-foundation-4-colors/1721358386/
2025-05-30 15:05:38,154 - INFO - [FETCH] https://www.stylekorean.com:443/shop/missha-m-cover-bb-cream-20ml-5-colors/1720683295/
2025-05-30 15:05:40,346 - INFO - Fetched: https://www.stylekorean.com:443/shop/missha-m-cover-bb-cream-20ml-5-colors/1720683295/
2025-05-30 15:05:41,352 - INFO - [FETCH] https://www.stylekorean.com:443/shop/holika-holika-shimmering-petit-bb/1702625555/
2025-05-30 15:05:43,062 - INFO - Fetched: https://www.stylekorean.com:443/shop/holika-holika-shimmering-petit-bb/1702625555/
2025-05-30 15:05:44,069 - INFO - [FETCH] https://www.stylekorean.com:443/shop/clio-mini-kill-cover-founwear-foundation-3-colors/1691542731/
2025-05-30 15:05:45,764 - INFO - Fetched: https://www.stylekorean.com:443/shop/clio-mini-kill-cover-founwear-foundation-3-colors/1691542731/
2025-05-30 15:05:46,771 - INFO - [FETCH] https://www.stylekorean.com:443/shop/tfit-signature-fit-cover-foundation-3-colors/1690436615/
2025-05-30 15:05:49,117 - INFO - Fetched: https://www.stylekorean.com:443/shop/tfit-signature-fit-cover-foundation-3-colors/1690436615/
2025-05-30 15:05:50,124 - INFO - [FETCH] https://www.stylekorean.com:443/shop/tfit-brilliance-fit-glow-foundation-c01-porcelain/1690436004/
2025-05-30 15:05:52,731 - INFO - Fetched: https://www.stylekorean.com:443/shop/tfit-brilliance-fit-glow-foundation-c01-porcelain/1690436004/
2025-05-30 15:05:53,738 - INFO - [FETCH] https://www.stylekorean.com:443/shop/javin-de-seoul-wink-sun-base-50ml/1688609064/
2025-05-30 15:05:55,773 - INFO - Fetched: https://www.stylekorean.com:443/shop/javin-de-seoul-wink-sun-base-50ml/1688609064/
2025-05-30 15:05:56,778 - INFO - [FETCH] https://www.stylekorean.com:443/shop/javin-de-seoul-wink-foundation-4-colors/1688608468/
2025-05-30 15:06:00,588 - INFO - Fetched: https://www.stylekorean.com:443/shop/javin-de-seoul-wink-foundation-4-colors/1688608468/
2025-05-30 15:06:01,594 - INFO - [FETCH] https://www.stylekorean.com:443/shop/espoir-pro-tailor-be-glow-foundation-spf27-pa-30g-5-tan/1742796150/
2025-05-30 15:06:03,389 - INFO - Fetched: https://www.stylekorean.com:443/shop/espoir-pro-tailor-be-glow-foundation-spf27-pa-30g-5-tan/1742796150/
2025-05-30 15:06:04,396 - INFO - [FETCH] https://www.stylekorean.com:443/shop/espoir-pro-tailor-be-glow-foundation-spf27-pa-30g-4-colors/1715662120/
2025-05-30 15:06:06,037 - INFO - Fetched: https://www.stylekorean.com:443/shop/espoir-pro-tailor-be-glow-foundation-spf27-pa-30g-4-colors/1715662120/
2025-05-30 15:06:07,040 - INFO - [FETCH] https://www.stylekorean.com:443/shop/naming.-layered-cover-foundation-5-colors/1676626760/
2025-05-30 15:06:08,680 - INFO - Fetched: https://www.stylekorean.com:443/shop/naming.-layered-cover-foundation-5-colors/1676626760/
2025-05-30 15:06:09,687 - INFO - [FETCH] https://www.stylekorean.com:443/shop/heimish-moringa-ceramide-bb-cream-spf-30-pa-31n-deep/1672106542/
2025-05-30 15:06:12,047 - INFO - Fetched: https://www.stylekorean.com:443/shop/heimish-moringa-ceramide-bb-cream-spf-30-pa-31n-deep/1672106542/
2025-05-30 15:06:13,054 - INFO - [FETCH] https://www.stylekorean.com:443/shop/heimish-renewal-moringa-ceramide-bb-cream-spf-30-pa-8-colors/1696384021/
2025-05-30 15:06:17,230 - INFO - Fetched: https://www.stylekorean.com:443/shop/heimish-renewal-moringa-ceramide-bb-cream-spf-30-pa-8-colors/1696384021/
2025-05-30 15:06:18,236 - INFO - [FETCH] https://www.stylekorean.com:443/shop/clio-kill-cover-founwear-foundation-spf30-pa-3-colors/1663127691/
2025-05-30 15:06:21,440 - INFO - Fetched: https://www.stylekorean.com:443/shop/clio-kill-cover-founwear-foundation-spf30-pa-3-colors/1663127691/
2025-05-30 15:06:22,443 - INFO - [FETCH] https://www.stylekorean.com:443/shop/missha-renewal-m-choboyang-bb-cream-50ml-4-colors/1661304242/
2025-05-30 15:06:24,477 - INFO - Fetched: https://www.stylekorean.com:443/shop/missha-renewal-m-choboyang-bb-cream-50ml-4-colors/1661304242/
2025-05-30 15:06:25,484 - INFO - [FETCH] https://www.stylekorean.com:443/shop/espoir-pro-tailor-foundation-be-velvet-3-colors/1715662016/
2025-05-30 15:06:27,025 - INFO - Fetched: https://www.stylekorean.com:443/shop/espoir-pro-tailor-foundation-be-velvet-3-colors/1715662016/
2025-05-30 15:06:28,032 - INFO - [FETCH] https://www.stylekorean.com:443/shop/laneige-neo-foundation-glow-4-colors/1641518599/
2025-05-30 15:06:29,696 - INFO - Fetched: https://www.stylekorean.com:443/shop/laneige-neo-foundation-glow-4-colors/1641518599/
2025-05-30 15:06:30,700 - INFO - [FETCH] https://www.stylekorean.com:443/shop/laneige-neo-foundation-matte-7-colors/1633412771/
2025-05-30 15:06:32,415 - INFO - Fetched: https://www.stylekorean.com:443/shop/laneige-neo-foundation-matte-7-colors/1633412771/
2025-05-30 15:06:33,417 - INFO - [FETCH] https://www.stylekorean.com:443/shop/missha-radiance-perfect-fit-foundation-n23-spf30-pa-35ml/1598338158/
2025-05-30 15:06:35,208 - INFO - Fetched: https://www.stylekorean.com:443/shop/missha-radiance-perfect-fit-foundation-n23-spf30-pa-35ml/1598338158/
2025-05-30 15:06:36,215 - INFO - [FETCH] https://www.stylekorean.com:443/shop/missha-m-perfect-blanc-bb-spf50-pa-4-colors-40ml/1597807671/
2025-05-30 15:06:37,868 - INFO - Fetched: https://www.stylekorean.com:443/shop/missha-m-perfect-blanc-bb-spf50-pa-4-colors-40ml/1597807671/
2025-05-30 15:06:38,875 - INFO - [FETCH] https://www.stylekorean.com:443/shop/etude-double-lasting-serum-foundation-spf25-pa-2-colors/1727136744/
2025-05-30 15:06:40,517 - INFO - Fetched: https://www.stylekorean.com:443/shop/etude-double-lasting-serum-foundation-spf25-pa-2-colors/1727136744/
2025-05-30 15:06:41,524 - INFO - [FETCH] https://www.stylekorean.com:443/shop/enough-collagen-moisture-foundation-100ml/1559629973/
2025-05-30 15:06:43,107 - INFO - Fetched: https://www.stylekorean.com:443/shop/enough-collagen-moisture-foundation-100ml/1559629973/
2025-05-30 15:06:44,114 - INFO - [FETCH] https://www.stylekorean.com:443/shop/dr.jart-dermakeup-beauty-balm-rejuvenating-01-light/1541663031/
2025-05-30 15:06:46,409 - INFO - Fetched: https://www.stylekorean.com:443/shop/dr.jart-dermakeup-beauty-balm-rejuvenating-01-light/1541663031/
2025-05-30 15:06:47,416 - INFO - [FETCH] https://www.stylekorean.com:443/shop/missha-m-pefect-covering-bb-cream-spf42-pa-50ml-7-colors/1486003535/
2025-05-30 15:06:50,823 - INFO - Fetched: https://www.stylekorean.com:443/shop/missha-m-pefect-covering-bb-cream-spf42-pa-50ml-7-colors/1486003535/
2025-05-30 15:06:51,831 - INFO - [DONE] Saved final data: stylekorean/data/product_details/makeup_sub_categories/Foundation__27_.json
