2025-05-30 15:21:02,663 - INFO - Processing: stylekorean/data/product_urls/makeup_sub_categories/Lip_Care__82_.json
2025-05-30 15:21:02,665 - INFO - [FETCH] https://www.stylekorean.com:443/shop/vt-cosmetics-reedle-shot-lip-plumper-beginner/1747985380/
2025-05-30 15:21:05,299 - INFO - Fetched: https://www.stylekorean.com:443/shop/vt-cosmetics-reedle-shot-lip-plumper-beginner/1747985380/
2025-05-30 15:21:06,304 - INFO - [FETCH] https://www.stylekorean.com:443/shop/hetras-mango-seed-butter-lip-essence-13g-2ea/1747716328/
2025-05-30 15:21:10,746 - INFO - Fetched: https://www.stylekorean.com:443/shop/hetras-mango-seed-butter-lip-essence-13g-2ea/1747716328/
2025-05-30 15:21:11,753 - INFO - [FETCH] https://www.stylekorean.com:443/shop/dearmay-creal-pop-balm-2-colors/1744687168/
2025-05-30 15:21:13,905 - INFO - Fetched: https://www.stylekorean.com:443/shop/dearmay-creal-pop-balm-2-colors/1744687168/
2025-05-30 15:21:14,907 - INFO - [FETCH] https://www.stylekorean.com:443/shop/medicube-pdrn-lip-sleeping-mask/1743152197/
2025-05-30 15:21:18,049 - INFO - Fetched: https://www.stylekorean.com:443/shop/medicube-pdrn-lip-sleeping-mask/1743152197/
2025-05-30 15:21:19,053 - INFO - [FETCH] https://www.stylekorean.com:443/shop/cnp-laboratory-propolis-lipcerin-3-types/1741676229/
2025-05-30 15:21:22,187 - INFO - Fetched: https://www.stylekorean.com:443/shop/cnp-laboratory-propolis-lipcerin-3-types/1741676229/
2025-05-30 15:21:23,193 - INFO - [FETCH] https://www.stylekorean.com:443/shop/dinto-chubby-mocchi-jelly-paw-paw-lip-mask-2-colors/1741167587/
2025-05-30 15:21:25,873 - INFO - Fetched: https://www.stylekorean.com:443/shop/dinto-chubby-mocchi-jelly-paw-paw-lip-mask-2-colors/1741167587/
2025-05-30 15:21:26,879 - INFO - [FETCH] https://www.stylekorean.com:443/shop/skinfood-strawberry-sugar-food-mask-lip-scrub-21ml/1739769741/
2025-05-30 15:21:29,022 - INFO - Fetched: https://www.stylekorean.com:443/shop/skinfood-strawberry-sugar-food-mask-lip-scrub-21ml/1739769741/
2025-05-30 15:21:30,023 - INFO - [FETCH] https://www.stylekorean.com:443/shop/skinfood-lemon-dill-butter-food-mask-lip-balm-21ml/1739769585/
2025-05-30 15:21:32,956 - INFO - Fetched: https://www.stylekorean.com:443/shop/skinfood-lemon-dill-butter-food-mask-lip-balm-21ml/1739769585/
2025-05-30 15:21:33,960 - INFO - [FETCH] https://www.stylekorean.com:443/shop/skinfood-honey-sugar-food-mask-lip-sleeping-pack-21ml/1739769457/
2025-05-30 15:21:35,583 - INFO - Fetched: https://www.stylekorean.com:443/shop/skinfood-honey-sugar-food-mask-lip-sleeping-pack-21ml/1739769457/
2025-05-30 15:21:36,587 - INFO - [FETCH] https://www.stylekorean.com:443/shop/abib-pdrn-collagen-lip-mask-glazed-jelly-11g/1739347709/
2025-05-30 15:21:38,850 - INFO - Fetched: https://www.stylekorean.com:443/shop/abib-pdrn-collagen-lip-mask-glazed-jelly-11g/1739347709/
2025-05-30 15:21:39,854 - INFO - [FETCH] https://www.stylekorean.com:443/shop/stylekorean-lip-care-set/1739251692/
2025-05-30 15:21:46,449 - INFO - Fetched: https://www.stylekorean.com:443/shop/stylekorean-lip-care-set/1739251692/
2025-05-30 15:21:47,453 - INFO - [FETCH] https://www.stylekorean.com:443/shop/hince-vita-barrier-nourishing-lip-oil-2-types/1733379086/
2025-05-30 15:21:49,947 - INFO - Fetched: https://www.stylekorean.com:443/shop/hince-vita-barrier-nourishing-lip-oil-2-types/1733379086/
2025-05-30 15:21:50,953 - INFO - [FETCH] https://www.stylekorean.com:443/shop/kaja-love-blur-lip-balm/1732175700/
2025-05-30 15:21:53,794 - INFO - Fetched: https://www.stylekorean.com:443/shop/kaja-love-blur-lip-balm/1732175700/
2025-05-30 15:21:54,798 - INFO - [FETCH] https://www.stylekorean.com:443/shop/laka-soothing-vegan-lip-oil-2-colors/1729566407/
2025-05-30 15:21:56,255 - INFO - Fetched: https://www.stylekorean.com:443/shop/laka-soothing-vegan-lip-oil-2-colors/1729566407/
2025-05-30 15:21:57,258 - INFO - [FETCH] https://www.stylekorean.com:443/shop/laka-soul-vegan-lip-balm-4-colors/1729495034/
2025-05-30 15:21:59,069 - INFO - Fetched: https://www.stylekorean.com:443/shop/laka-soul-vegan-lip-balm-4-colors/1729495034/
2025-05-30 15:22:00,076 - INFO - [FETCH] https://www.stylekorean.com:443/shop/tocobo-collagen-boosting-lip-mask-20ml/1747376558/
2025-05-30 15:22:02,044 - INFO - Fetched: https://www.stylekorean.com:443/shop/tocobo-collagen-boosting-lip-mask-20ml/1747376558/
2025-05-30 15:22:03,046 - INFO - [FETCH] https://www.stylekorean.com:443/shop/tocobo-mint-cooling-lip-mask-20ml/1728613695/
2025-05-30 15:22:05,433 - INFO - Fetched: https://www.stylekorean.com:443/shop/tocobo-mint-cooling-lip-mask-20ml/1728613695/
2025-05-30 15:22:06,438 - INFO - [FETCH] https://www.stylekorean.com:443/shop/a-pieu-honey-and-milk-daily-lip-mask-2-types/1725858558/
2025-05-30 15:22:08,759 - INFO - Fetched: https://www.stylekorean.com:443/shop/a-pieu-honey-and-milk-daily-lip-mask-2-types/1725858558/
2025-05-30 15:22:09,766 - INFO - [FETCH] https://www.stylekorean.com:443/shop/b-lab-evercalm-b5-lip-treatment-5g/1724308142/
2025-05-30 15:22:16,127 - INFO - Fetched: https://www.stylekorean.com:443/shop/b-lab-evercalm-b5-lip-treatment-5g/1724308142/
2025-05-30 15:22:17,134 - INFO - [FETCH] https://www.stylekorean.com:443/shop/tocobo-new-juicy-berry-plumping-lip-oil-glam-max-14-colors/1736141273/
2025-05-30 15:22:19,816 - INFO - Fetched: https://www.stylekorean.com:443/shop/tocobo-new-juicy-berry-plumping-lip-oil-glam-max-14-colors/1736141273/
2025-05-30 15:22:20,823 - INFO - [FETCH] https://www.stylekorean.com:443/shop/kaja-balmy-bento-2-types/1722318956/
2025-05-30 15:22:22,368 - INFO - Fetched: https://www.stylekorean.com:443/shop/kaja-balmy-bento-2-types/1722318956/
2025-05-30 15:22:23,370 - INFO - [FETCH] https://www.stylekorean.com:443/shop/mixsoon-vegan-plumping-glow-balm-3.5g/1717743230/
2025-05-30 15:22:25,742 - INFO - Fetched: https://www.stylekorean.com:443/shop/mixsoon-vegan-plumping-glow-balm-3.5g/1717743230/
2025-05-30 15:22:26,749 - INFO - [FETCH] https://www.stylekorean.com:443/shop/aromatica-glow-vita-lip-volumizer-orange-neroli/1717574834/
2025-05-30 15:22:29,036 - INFO - Fetched: https://www.stylekorean.com:443/shop/aromatica-glow-vita-lip-volumizer-orange-neroli/1717574834/
2025-05-30 15:22:30,038 - INFO - [FETCH] https://www.stylekorean.com:443/shop/alternative-stereo-lip-potion-steaming-milk-balm/1717546710/
2025-05-30 15:22:31,452 - INFO - Fetched: https://www.stylekorean.com:443/shop/alternative-stereo-lip-potion-steaming-milk-balm/1717546710/
2025-05-30 15:22:32,457 - INFO - [FETCH] https://www.stylekorean.com:443/shop/nooni-applecherry-lip-oil-3.7ml/1717462629/
2025-05-30 15:22:34,963 - INFO - Fetched: https://www.stylekorean.com:443/shop/nooni-applecherry-lip-oil-3.7ml/1717462629/
2025-05-30 15:22:35,966 - INFO - [FETCH] https://www.stylekorean.com:443/shop/nooni-appleberry-lip-oil-3.7ml/1717463174/
2025-05-30 15:22:37,667 - INFO - Fetched: https://www.stylekorean.com:443/shop/nooni-appleberry-lip-oil-3.7ml/1717463174/
2025-05-30 15:22:38,674 - INFO - [FETCH] https://www.stylekorean.com:443/shop/nooni-applemint-lip-oil-3.7ml/1717463105/
2025-05-30 15:22:41,109 - INFO - Fetched: https://www.stylekorean.com:443/shop/nooni-applemint-lip-oil-3.7ml/1717463105/
2025-05-30 15:22:42,117 - INFO - [FETCH] https://www.stylekorean.com:443/shop/nooni-applecoco-lip-oil-3.7ml/1717463299/
2025-05-30 15:22:45,465 - INFO - Fetched: https://www.stylekorean.com:443/shop/nooni-applecoco-lip-oil-3.7ml/1717463299/
2025-05-30 15:22:46,471 - INFO - [FETCH] https://www.stylekorean.com:443/shop/nooni-appleclear-lip-oil-3.7ml/1717462715/
2025-05-30 15:22:48,979 - INFO - Fetched: https://www.stylekorean.com:443/shop/nooni-appleclear-lip-oil-3.7ml/1717462715/
2025-05-30 15:22:49,987 - INFO - [FETCH] https://www.stylekorean.com:443/shop/nooni-appletea-lip-oil-3.7ml/1717463379/
2025-05-30 15:22:51,798 - INFO - Fetched: https://www.stylekorean.com:443/shop/nooni-appletea-lip-oil-3.7ml/1717463379/
2025-05-30 15:22:52,805 - INFO - [FETCH] https://www.stylekorean.com:443/shop/nooni-applebutter-lip-mask-12g/1717461981/
2025-05-30 15:22:54,471 - INFO - Fetched: https://www.stylekorean.com:443/shop/nooni-applebutter-lip-mask-12g/1717461981/
2025-05-30 15:22:55,478 - INFO - [FETCH] https://www.stylekorean.com:443/shop/nooni-applewine-lip-mask-12g/1717461811/
2025-05-30 15:22:57,792 - INFO - Fetched: https://www.stylekorean.com:443/shop/nooni-applewine-lip-mask-12g/1717461811/
2025-05-30 15:22:58,799 - INFO - [FETCH] https://www.stylekorean.com:443/shop/nooni-applecherry-lip-mask-12g/1717461638/
2025-05-30 15:23:00,873 - INFO - Fetched: https://www.stylekorean.com:443/shop/nooni-applecherry-lip-mask-12g/1717461638/
2025-05-30 15:23:01,875 - INFO - [FETCH] https://www.stylekorean.com:443/shop/nooni-appleberry-lip-mask-12g/1717461037/
2025-05-30 15:23:04,548 - INFO - Fetched: https://www.stylekorean.com:443/shop/nooni-appleberry-lip-mask-12g/1717461037/
2025-05-30 15:23:05,555 - INFO - [FETCH] https://www.stylekorean.com:443/shop/petitfee-aura-quarts-lip-mask-1ea/1715912632/
2025-05-30 15:23:07,262 - INFO - Fetched: https://www.stylekorean.com:443/shop/petitfee-aura-quarts-lip-mask-1ea/1715912632/
2025-05-30 15:23:08,267 - INFO - [FETCH] https://www.stylekorean.com:443/shop/tirtir-my-glow-lip-oil-4-types/1713922144/
2025-05-30 15:23:10,508 - INFO - Fetched: https://www.stylekorean.com:443/shop/tirtir-my-glow-lip-oil-4-types/1713922144/
2025-05-30 15:23:11,515 - INFO - [FETCH] https://www.stylekorean.com:443/shop/cnp-laboratory-propolis-lipcerin-original/1699587667/
2025-05-30 15:23:14,071 - INFO - Fetched: https://www.stylekorean.com:443/shop/cnp-laboratory-propolis-lipcerin-original/1699587667/
2025-05-30 15:23:15,077 - INFO - [FETCH] https://www.stylekorean.com:443/shop/alternative-stereo-lip-potion-steaming-milk/1710727560/
2025-05-30 15:23:16,653 - INFO - Fetched: https://www.stylekorean.com:443/shop/alternative-stereo-lip-potion-steaming-milk/1710727560/
2025-05-30 15:23:17,661 - INFO - [FETCH] https://www.stylekorean.com:443/shop/tocobo-lemon-sugar-scrub-lip-mask-20ml/1709618455/
2025-05-30 15:23:19,509 - INFO - Fetched: https://www.stylekorean.com:443/shop/tocobo-lemon-sugar-scrub-lip-mask-20ml/1709618455/
2025-05-30 15:23:20,517 - INFO - [FETCH] https://www.stylekorean.com:443/shop/kaine-glow-melting-lip-balm-3-colors/1706679931/
2025-05-30 15:23:22,302 - INFO - Fetched: https://www.stylekorean.com:443/shop/kaine-glow-melting-lip-balm-3-colors/1706679931/
2025-05-30 15:23:23,309 - INFO - [FETCH] https://www.stylekorean.com:443/shop/dr.ceuracle-vegan-active-berry-lip-oil-4.5ml/1705972348/
2025-05-30 15:23:25,487 - INFO - Fetched: https://www.stylekorean.com:443/shop/dr.ceuracle-vegan-active-berry-lip-oil-4.5ml/1705972348/
2025-05-30 15:23:26,495 - INFO - [FETCH] https://www.stylekorean.com:443/shop/etude-ginger-sugar-melting-balm-5-colors/1705030058/
2025-05-30 15:23:30,380 - INFO - Fetched: https://www.stylekorean.com:443/shop/etude-ginger-sugar-melting-balm-5-colors/1705030058/
2025-05-30 15:23:31,387 - INFO - [FETCH] https://www.stylekorean.com:443/shop/frudia-avocado-cica-relief-lip-balm-10ml/1704961733/
2025-05-30 15:23:33,530 - INFO - Fetched: https://www.stylekorean.com:443/shop/frudia-avocado-cica-relief-lip-balm-10ml/1704961733/
2025-05-30 15:23:34,533 - INFO - [FETCH] https://www.stylekorean.com:443/shop/i-dew-care-glow-easy-grape-vitamin-c-lip-oil-3-colors/1700203020/
2025-05-30 15:23:36,512 - INFO - Fetched: https://www.stylekorean.com:443/shop/i-dew-care-glow-easy-grape-vitamin-c-lip-oil-3-colors/1700203020/
2025-05-30 15:23:37,520 - INFO - [FETCH] https://www.stylekorean.com:443/shop/nuse-color-care-lipbalm-6-colors/1694402133/
2025-05-30 15:23:39,068 - INFO - Fetched: https://www.stylekorean.com:443/shop/nuse-color-care-lipbalm-6-colors/1694402133/
2025-05-30 15:23:40,076 - INFO - [FETCH] https://www.stylekorean.com:443/shop/tocobo-vita-glazed-lip-mask-20ml/1690167471/
2025-05-30 15:23:45,924 - INFO - Fetched: https://www.stylekorean.com:443/shop/tocobo-vita-glazed-lip-mask-20ml/1690167471/
2025-05-30 15:23:46,932 - INFO - [FETCH] https://www.stylekorean.com:443/shop/dinto-bronte-melting-glow-lip-balm-10-colors/1689904066/
2025-05-30 15:23:49,075 - INFO - Fetched: https://www.stylekorean.com:443/shop/dinto-bronte-melting-glow-lip-balm-10-colors/1689904066/
2025-05-30 15:23:50,083 - INFO - [FETCH] https://www.stylekorean.com:443/shop/skinfood-renewal-avocado-olive-lip-balm/1684311528/
2025-05-30 15:23:52,111 - INFO - Fetched: https://www.stylekorean.com:443/shop/skinfood-renewal-avocado-olive-lip-balm/1684311528/
2025-05-30 15:23:53,115 - INFO - [FETCH] https://www.stylekorean.com:443/shop/nacific-vegan-lip-glow-03-coral-rose/1742797216/
2025-05-30 15:23:54,870 - INFO - Fetched: https://www.stylekorean.com:443/shop/nacific-vegan-lip-glow-03-coral-rose/1742797216/
2025-05-30 15:23:55,878 - INFO - [FETCH] https://www.stylekorean.com:443/shop/etude-renewal-ginger-sugar-lip-balm-stick-3.7g-vegan/1739514970/
2025-05-30 15:23:57,840 - INFO - Fetched: https://www.stylekorean.com:443/shop/etude-renewal-ginger-sugar-lip-balm-stick-3.7g-vegan/1739514970/
2025-05-30 15:23:58,848 - INFO - [FETCH] https://www.stylekorean.com:443/shop/etude-ginger-sugar-overnight-lip-mask/1677141859/
2025-05-30 15:24:01,722 - INFO - Fetched: https://www.stylekorean.com:443/shop/etude-ginger-sugar-overnight-lip-mask/1677141859/
2025-05-30 15:24:02,730 - INFO - [FETCH] https://www.stylekorean.com:443/shop/naming.-dewy-lip-balm-3-colors/1676514817/
2025-05-30 15:24:04,363 - INFO - Fetched: https://www.stylekorean.com:443/shop/naming.-dewy-lip-balm-3-colors/1676514817/
2025-05-30 15:24:05,370 - INFO - [FETCH] https://www.stylekorean.com:443/shop/melixir-vegan-lip-butter-12-colors/1674184063/
2025-05-30 15:24:07,450 - INFO - Fetched: https://www.stylekorean.com:443/shop/melixir-vegan-lip-butter-12-colors/1674184063/
2025-05-30 15:24:08,456 - INFO - [FETCH] https://www.stylekorean.com:443/shop/rom-nd-new-glasting-melting-balm-15-colors/1670918240/
2025-05-30 15:24:10,242 - INFO - Fetched: https://www.stylekorean.com:443/shop/rom-nd-new-glasting-melting-balm-15-colors/1670918240/
2025-05-30 15:24:11,250 - INFO - [FETCH] https://www.stylekorean.com:443/shop/skinfood-renewal-avocado-sugar-lip-scrub-14g/1687329642/
2025-05-30 15:24:13,125 - INFO - Fetched: https://www.stylekorean.com:443/shop/skinfood-renewal-avocado-sugar-lip-scrub-14g/1687329642/
2025-05-30 15:24:14,129 - INFO - [FETCH] https://www.stylekorean.com:443/shop/peripera-new-ink-mood-glowy-balm-11-colors/1668667507/
2025-05-30 15:24:16,435 - INFO - Fetched: https://www.stylekorean.com:443/shop/peripera-new-ink-mood-glowy-balm-11-colors/1668667507/
2025-05-30 15:24:17,443 - INFO - [FETCH] https://www.stylekorean.com:443/shop/mixsoon-vegan-melting-lip-balm-2-colors/1665983639/
2025-05-30 15:24:19,144 - INFO - Fetched: https://www.stylekorean.com:443/shop/mixsoon-vegan-melting-lip-balm-2-colors/1665983639/
2025-05-30 15:24:20,152 - INFO - [FETCH] https://www.stylekorean.com:443/shop/tocobo-glass-tinted-lip-balm-3-colors/1662621675/
2025-05-30 15:24:22,226 - INFO - Fetched: https://www.stylekorean.com:443/shop/tocobo-glass-tinted-lip-balm-3-colors/1662621675/
2025-05-30 15:24:23,234 - INFO - [FETCH] https://www.stylekorean.com:443/shop/tocobo-powder-cream-lip-balm-3-colors/1670993406/
2025-05-30 15:24:25,631 - INFO - Fetched: https://www.stylekorean.com:443/shop/tocobo-powder-cream-lip-balm-3-colors/1670993406/
2025-05-30 15:24:26,637 - INFO - [FETCH] https://www.stylekorean.com:443/shop/tocobo-renewal-vitamin-nourishing-lip-balm/1670993009/
2025-05-30 15:24:28,546 - INFO - Fetched: https://www.stylekorean.com:443/shop/tocobo-renewal-vitamin-nourishing-lip-balm/1670993009/
2025-05-30 15:24:29,557 - INFO - [FETCH] https://www.stylekorean.com:443/shop/tocobo-glow-ritual-lip-balm/1670993543/
2025-05-30 15:24:32,429 - INFO - Fetched: https://www.stylekorean.com:443/shop/tocobo-glow-ritual-lip-balm/1670993543/
2025-05-30 15:24:33,438 - INFO - [FETCH] https://www.stylekorean.com:443/shop/klavuu-nourishing-care-lip-sleeping-pack-berry/1661419307/
2025-05-30 15:24:35,507 - INFO - Fetched: https://www.stylekorean.com:443/shop/klavuu-nourishing-care-lip-sleeping-pack-berry/1661419307/
2025-05-30 15:24:36,511 - INFO - [FETCH] https://www.stylekorean.com:443/shop/abib-protective-lip-balm-block-stick-3.3ml/1643094401/
2025-05-30 15:24:39,384 - INFO - Fetched: https://www.stylekorean.com:443/shop/abib-protective-lip-balm-block-stick-3.3ml/1643094401/
2025-05-30 15:24:40,391 - INFO - [FETCH] https://www.stylekorean.com:443/shop/real-barrier-renewal-extreme-moisture-lip-balm/1717563869/
2025-05-30 15:24:42,662 - INFO - Fetched: https://www.stylekorean.com:443/shop/real-barrier-renewal-extreme-moisture-lip-balm/1717563869/
2025-05-30 15:24:43,671 - INFO - [FETCH] https://www.stylekorean.com:443/shop/i-dew-care-glow-easy-3.5ml/1637646139/
2025-05-30 15:24:45,884 - INFO - Fetched: https://www.stylekorean.com:443/shop/i-dew-care-glow-easy-3.5ml/1637646139/
2025-05-30 15:24:46,893 - INFO - [FETCH] https://www.stylekorean.com:443/shop/laneige-lip-treatment-balm/1636682086/
2025-05-30 15:24:48,484 - INFO - Fetched: https://www.stylekorean.com:443/shop/laneige-lip-treatment-balm/1636682086/
2025-05-30 15:24:49,493 - INFO - [FETCH] https://www.stylekorean.com:443/shop/dr.ceuracle-vegan-kombucha-tea-lip-balm/1635823054/
2025-05-30 15:24:51,526 - INFO - Fetched: https://www.stylekorean.com:443/shop/dr.ceuracle-vegan-kombucha-tea-lip-balm/1635823054/
2025-05-30 15:24:52,534 - INFO - [FETCH] https://www.stylekorean.com:443/shop/frudia-coconut-honey-salve-lip-cream-10ml/1630654999/
2025-05-30 15:24:54,057 - INFO - Fetched: https://www.stylekorean.com:443/shop/frudia-coconut-honey-salve-lip-cream-10ml/1630654999/
2025-05-30 15:24:55,066 - INFO - [FETCH] https://www.stylekorean.com:443/shop/cosrx-balancium-ceramide-lip-butter-sleeping-mask/1626933095/
2025-05-30 15:24:56,950 - INFO - Fetched: https://www.stylekorean.com:443/shop/cosrx-balancium-ceramide-lip-butter-sleeping-mask/1626933095/
2025-05-30 15:24:57,958 - INFO - [FETCH] https://www.stylekorean.com:443/shop/petitfee-volume-lip-oil/1616460846/
2025-05-30 15:25:00,650 - INFO - Fetched: https://www.stylekorean.com:443/shop/petitfee-volume-lip-oil/1616460846/
2025-05-30 15:25:01,659 - INFO - [FETCH] https://www.stylekorean.com:443/shop/benton-honest-honest-lip-balm-10ml/1616055770/
2025-05-30 15:25:03,537 - INFO - Fetched: https://www.stylekorean.com:443/shop/benton-honest-honest-lip-balm-10ml/1616055770/
2025-05-30 15:25:04,547 - INFO - [FETCH] https://www.stylekorean.com:443/shop/frudia-mango-honey-lip-mask-10ml/1589444009/
2025-05-30 15:25:06,561 - INFO - Fetched: https://www.stylekorean.com:443/shop/frudia-mango-honey-lip-mask-10ml/1589444009/
2025-05-30 15:25:07,565 - INFO - [FETCH] https://www.stylekorean.com:443/shop/frudia-pomegranate-honey-3in1-lip-balm-10ml/1582593463/
2025-05-30 15:25:09,801 - INFO - Fetched: https://www.stylekorean.com:443/shop/frudia-pomegranate-honey-3in1-lip-balm-10ml/1582593463/
2025-05-30 15:25:10,804 - INFO - [FETCH] https://www.stylekorean.com:443/shop/frudia-blueberry-hydrating-honey-lip-balm-10ml/1582591247/
2025-05-30 15:25:12,628 - INFO - Fetched: https://www.stylekorean.com:443/shop/frudia-blueberry-hydrating-honey-lip-balm-10ml/1582591247/
2025-05-30 15:25:13,633 - INFO - [FETCH] https://www.stylekorean.com:443/shop/a-pieu-honey-milk-lip-oil/1578547080/
2025-05-30 15:25:16,053 - INFO - Fetched: https://www.stylekorean.com:443/shop/a-pieu-honey-milk-lip-oil/1578547080/
2025-05-30 15:25:17,061 - INFO - [FETCH] https://www.stylekorean.com:443/shop/a-pieu-honey-milk-lip-balm/1578451187/
2025-05-30 15:25:20,038 - INFO - Fetched: https://www.stylekorean.com:443/shop/a-pieu-honey-milk-lip-balm/1578451187/
2025-05-30 15:25:21,047 - INFO - [FETCH] https://www.stylekorean.com:443/shop/rom-nd-lip-matter/1560141853/
2025-05-30 15:25:23,326 - INFO - Fetched: https://www.stylekorean.com:443/shop/rom-nd-lip-matter/1560141853/
2025-05-30 15:25:24,330 - INFO - [FETCH] https://www.stylekorean.com:443/shop/petitfee-oil-blossom-sea-buckthorn-lip-mask/1546929772/
2025-05-30 15:25:26,874 - INFO - Fetched: https://www.stylekorean.com:443/shop/petitfee-oil-blossom-sea-buckthorn-lip-mask/1546929772/
2025-05-30 15:25:27,878 - INFO - [FETCH] https://www.stylekorean.com:443/shop/a-pieu-honey-milk-lip-scrub/1515465135/
2025-05-30 15:25:30,096 - INFO - Fetched: https://www.stylekorean.com:443/shop/a-pieu-honey-milk-lip-scrub/1515465135/
2025-05-30 15:25:31,105 - INFO - [FETCH] https://www.stylekorean.com:443/shop/laneige-lip-sleeping-mask-ex-grapefruit/1747032003/
2025-05-30 15:25:32,967 - INFO - Fetched: https://www.stylekorean.com:443/shop/laneige-lip-sleeping-mask-ex-grapefruit/1747032003/
2025-05-30 15:25:33,973 - INFO - [FETCH] https://www.stylekorean.com:443/shop/laneige-mini-lip-sleeping-mask-3g-berry/1627454674/
2025-05-30 15:25:36,232 - INFO - Fetched: https://www.stylekorean.com:443/shop/laneige-mini-lip-sleeping-mask-3g-berry/1627454674/
2025-05-30 15:25:37,241 - INFO - [FETCH] https://www.stylekorean.com:443/shop/laneige-lip-sleeping-mask-ex-berry/1629338927/
2025-05-30 15:25:40,780 - INFO - Fetched: https://www.stylekorean.com:443/shop/laneige-lip-sleeping-mask-ex-berry/1629338927/
2025-05-30 15:25:41,787 - INFO - [DONE] Saved final data: stylekorean/data/product_details/makeup_sub_categories/Lip_Care__82_.json
