2025-05-30 15:11:21,359 - INFO - Processing: stylekorean/data/product_urls/makeup_sub_categories/Lip_Gloss__25_.json
2025-05-30 15:11:21,362 - INFO - [FETCH] https://www.stylekorean.com:443/shop/hince-raw-glow-dewy-ball-13-colors/1746537812/
2025-05-30 15:11:23,366 - INFO - Fetched: https://www.stylekorean.com:443/shop/hince-raw-glow-dewy-ball-13-colors/1746537812/
2025-05-30 15:11:24,372 - INFO - [FETCH] https://www.stylekorean.com:443/shop/peripera-soft-berry-ink-glasting-lip-gloss-3-colors/1745978750/
2025-05-30 15:11:26,428 - INFO - Fetched: https://www.stylekorean.com:443/shop/peripera-soft-berry-ink-glasting-lip-gloss-3-colors/1745978750/
2025-05-30 15:11:27,430 - INFO - [FETCH] https://www.stylekorean.com:443/shop/oddtype-new-rules-blur-balm-5-colors/1741737458/
2025-05-30 15:11:30,127 - INFO - Fetched: https://www.stylekorean.com:443/shop/oddtype-new-rules-blur-balm-5-colors/1741737458/
2025-05-30 15:11:31,133 - INFO - [FETCH] https://www.stylekorean.com:443/shop/dinto-frozen-lip-jelly-12-colors/1741158454/
2025-05-30 15:11:34,729 - INFO - Fetched: https://www.stylekorean.com:443/shop/dinto-frozen-lip-jelly-12-colors/1741158454/
2025-05-30 15:11:35,735 - INFO - [FETCH] https://www.stylekorean.com:443/shop/melixir-vegan-lip-treatment-15g-4-colors/1738551882/
2025-05-30 15:11:37,674 - INFO - Fetched: https://www.stylekorean.com:443/shop/melixir-vegan-lip-treatment-15g-4-colors/1738551882/
2025-05-30 15:11:38,680 - INFO - [FETCH] https://www.stylekorean.com:443/shop/nonoer-pure-glam-lip-plumper-3-colors/1736317482/
2025-05-30 15:11:40,748 - INFO - Fetched: https://www.stylekorean.com:443/shop/nonoer-pure-glam-lip-plumper-3-colors/1736317482/
2025-05-30 15:11:41,751 - INFO - [FETCH] https://www.stylekorean.com:443/shop/banila-co-volume-lip-plumper-6-types/1733810853/
2025-05-30 15:11:43,872 - INFO - Fetched: https://www.stylekorean.com:443/shop/banila-co-volume-lip-plumper-6-types/1733810853/
2025-05-30 15:11:44,875 - INFO - [FETCH] https://www.stylekorean.com:443/shop/laka-jelling-nude-gloss-10-colors/1729576912/
2025-05-30 15:11:50,640 - INFO - Fetched: https://www.stylekorean.com:443/shop/laka-jelling-nude-gloss-10-colors/1729576912/
2025-05-30 15:11:51,646 - INFO - [FETCH] https://www.stylekorean.com:443/shop/rom-nd-rom-nd-x-inapsquare-melting-balm-3-colors/1720589174/
2025-05-30 15:11:53,738 - INFO - Fetched: https://www.stylekorean.com:443/shop/rom-nd-rom-nd-x-inapsquare-melting-balm-3-colors/1720589174/
2025-05-30 15:11:54,739 - INFO - [FETCH] https://www.stylekorean.com:443/shop/dinto-peter-wendy-lip-enamel-5-colors/1719376295/
2025-05-30 15:11:56,386 - INFO - Fetched: https://www.stylekorean.com:443/shop/dinto-peter-wendy-lip-enamel-5-colors/1719376295/
2025-05-30 15:11:57,388 - INFO - [FETCH] https://www.stylekorean.com:443/shop/dinto-peter-wendy-lip-glace-10-colors/1719371565/
2025-05-30 15:12:01,359 - INFO - Fetched: https://www.stylekorean.com:443/shop/dinto-peter-wendy-lip-glace-10-colors/1719371565/
2025-05-30 15:12:02,366 - INFO - [FETCH] https://www.stylekorean.com:443/shop/kaja-new-juicy-glass-lip-oil-8-colors/1718160322/
2025-05-30 15:12:04,282 - INFO - Fetched: https://www.stylekorean.com:443/shop/kaja-new-juicy-glass-lip-oil-8-colors/1718160322/
2025-05-30 15:12:05,287 - INFO - [FETCH] https://www.stylekorean.com:443/shop/hince-mood-enhancer-lip-glow-5-colors/1716770753/
2025-05-30 15:12:07,347 - INFO - Fetched: https://www.stylekorean.com:443/shop/hince-mood-enhancer-lip-glow-5-colors/1716770753/
2025-05-30 15:12:08,354 - INFO - [FETCH] https://www.stylekorean.com:443/shop/etude-glaze-plump-gloss-3-colors/1715307827/
2025-05-30 15:12:11,659 - INFO - Fetched: https://www.stylekorean.com:443/shop/etude-glaze-plump-gloss-3-colors/1715307827/
2025-05-30 15:12:12,660 - INFO - [FETCH] https://www.stylekorean.com:443/shop/fwee-4d-voluming-plumper/1713403876/
2025-05-30 15:12:16,045 - INFO - Fetched: https://www.stylekorean.com:443/shop/fwee-4d-voluming-plumper/1713403876/
2025-05-30 15:12:17,047 - INFO - [FETCH] https://www.stylekorean.com:443/shop/fwee-3d-changing-gloss-4-colors/1713401041/
2025-05-30 15:12:19,072 - INFO - Fetched: https://www.stylekorean.com:443/shop/fwee-3d-changing-gloss-4-colors/1713401041/
2025-05-30 15:12:20,078 - INFO - [FETCH] https://www.stylekorean.com:443/shop/fwee-3d-voluming-gloss-12-colors/1713400209/
2025-05-30 15:12:21,906 - INFO - Fetched: https://www.stylekorean.com:443/shop/fwee-3d-voluming-gloss-12-colors/1713400209/
2025-05-30 15:12:22,913 - INFO - [FETCH] https://www.stylekorean.com:443/shop/heimish-renewal-dailism-lip-gloss-6-colors/1706055896/
2025-05-30 15:12:25,597 - INFO - Fetched: https://www.stylekorean.com:443/shop/heimish-renewal-dailism-lip-gloss-6-colors/1706055896/
2025-05-30 15:12:26,600 - INFO - [FETCH] https://www.stylekorean.com:443/shop/rom-nd-glasting-color-gloss-spring-fever-2-colors/1713754744/
2025-05-30 15:12:29,368 - INFO - Fetched: https://www.stylekorean.com:443/shop/rom-nd-glasting-color-gloss-spring-fever-2-colors/1713754744/
2025-05-30 15:12:30,375 - INFO - [FETCH] https://www.stylekorean.com:443/shop/rom-nd-glasting-color-gloss-6-colors/1702525766/
2025-05-30 15:12:33,154 - INFO - Fetched: https://www.stylekorean.com:443/shop/rom-nd-glasting-color-gloss-6-colors/1702525766/
2025-05-30 15:12:34,161 - INFO - [FETCH] https://www.stylekorean.com:443/shop/peripera-new-ink-glasting-lip-gloss-14-colors/1690254475/
2025-05-30 15:12:37,937 - INFO - Fetched: https://www.stylekorean.com:443/shop/peripera-new-ink-glasting-lip-gloss-14-colors/1690254475/
2025-05-30 15:12:38,940 - INFO - [FETCH] https://www.stylekorean.com:443/shop/heimish-dailism-lip-gloss-2-colors/1663914956/
2025-05-30 15:12:41,452 - INFO - Fetched: https://www.stylekorean.com:443/shop/heimish-dailism-lip-gloss-2-colors/1663914956/
2025-05-30 15:12:42,459 - INFO - [FETCH] https://www.stylekorean.com:443/shop/rom-nd-glasting-water-gloss-2-colors/1583195712/
2025-05-30 15:12:44,394 - INFO - Fetched: https://www.stylekorean.com:443/shop/rom-nd-glasting-water-gloss-2-colors/1583195712/
2025-05-30 15:12:45,401 - INFO - [DONE] Saved final data: stylekorean/data/product_details/makeup_sub_categories/Lip_Gloss__25_.json
