2025-05-30 15:03:42,867 - INFO - Processing: stylekorean/data/product_urls/makeup_sub_categories/Lip_Stick__29_.json
2025-05-30 15:03:42,869 - INFO - [FETCH] https://www.stylekorean.com:443/shop/rom-nd-color-lip-matte-9-colors/1745909354/
2025-05-30 15:03:44,834 - INFO - Fetched: https://www.stylekorean.com:443/shop/rom-nd-color-lip-matte-9-colors/1745909354/
2025-05-30 15:03:45,839 - INFO - [FETCH] https://www.stylekorean.com:443/shop/dearmay-2in1-plumpy-lip-liner-6-colors/1744619513/
2025-05-30 15:03:48,181 - INFO - Fetched: https://www.stylekorean.com:443/shop/dearmay-2in1-plumpy-lip-liner-6-colors/1744619513/
2025-05-30 15:03:49,187 - INFO - [FETCH] https://www.stylekorean.com:443/shop/nonoer-over-dew-lip-pencil-9-colors/1736315208/
2025-05-30 15:03:52,750 - INFO - Fetched: https://www.stylekorean.com:443/shop/nonoer-over-dew-lip-pencil-9-colors/1736315208/
2025-05-30 15:03:53,756 - INFO - [FETCH] https://www.stylekorean.com:443/shop/clio-velvet-lip-pencil-4-colors/1736298053/
2025-05-30 15:03:55,893 - INFO - Fetched: https://www.stylekorean.com:443/shop/clio-velvet-lip-pencil-4-colors/1736298053/
2025-05-30 15:03:56,895 - INFO - [FETCH] https://www.stylekorean.com:443/shop/hince-slim-stick-melting-matte-5-colors/1734576405/
2025-05-30 15:03:59,155 - INFO - Fetched: https://www.stylekorean.com:443/shop/hince-slim-stick-melting-matte-5-colors/1734576405/
2025-05-30 15:04:00,161 - INFO - [FETCH] https://www.stylekorean.com:443/shop/clio-butter-balm-crayon-set-14-colors/1732599132/
2025-05-30 15:04:02,000 - INFO - Fetched: https://www.stylekorean.com:443/shop/clio-butter-balm-crayon-set-14-colors/1732599132/
2025-05-30 15:04:03,001 - INFO - [FETCH] https://www.stylekorean.com:443/shop/tirtir-waterism-glow-melting-balm-9-colors/1731478969/
2025-05-30 15:04:07,256 - INFO - Fetched: https://www.stylekorean.com:443/shop/tirtir-waterism-glow-melting-balm-9-colors/1731478969/
2025-05-30 15:04:08,262 - INFO - [FETCH] https://www.stylekorean.com:443/shop/etude-color-lasting-glow-stick-6-colors/1731389485/
2025-05-30 15:04:10,416 - INFO - Fetched: https://www.stylekorean.com:443/shop/etude-color-lasting-glow-stick-6-colors/1731389485/
2025-05-30 15:04:11,417 - INFO - [FETCH] https://www.stylekorean.com:443/shop/laka-bonding-glow-lipstick-16-colors/1729582616/
2025-05-30 15:04:13,493 - INFO - Fetched: https://www.stylekorean.com:443/shop/laka-bonding-glow-lipstick-16-colors/1729582616/
2025-05-30 15:04:14,496 - INFO - [FETCH] https://www.stylekorean.com:443/shop/laka-bulky-matte-lipstick-10-colors/1729578649/
2025-05-30 15:04:16,548 - INFO - Fetched: https://www.stylekorean.com:443/shop/laka-bulky-matte-lipstick-10-colors/1729578649/
2025-05-30 15:04:17,554 - INFO - [FETCH] https://www.stylekorean.com:443/shop/blessed-moon-i-m-mute-lipstick-6-colors/1728518324/
2025-05-30 15:04:19,157 - INFO - Fetched: https://www.stylekorean.com:443/shop/blessed-moon-i-m-mute-lipstick-6-colors/1728518324/
2025-05-30 15:04:20,163 - INFO - [FETCH] https://www.stylekorean.com:443/shop/braye-lip-sleek-blur-10-colors/1727849477/
2025-05-30 15:04:23,197 - INFO - Fetched: https://www.stylekorean.com:443/shop/braye-lip-sleek-blur-10-colors/1727849477/
2025-05-30 15:04:24,203 - INFO - [FETCH] https://www.stylekorean.com:443/shop/hince-mood-enhancer-matte-9-colors/1730073597/
2025-05-30 15:04:26,289 - INFO - Fetched: https://www.stylekorean.com:443/shop/hince-mood-enhancer-matte-9-colors/1730073597/
2025-05-30 15:04:27,293 - INFO - [FETCH] https://www.stylekorean.com:443/shop/bomcosmetic-cloud-blur-lipstick-3-colors/1718864044/
2025-05-30 15:04:29,463 - INFO - Fetched: https://www.stylekorean.com:443/shop/bomcosmetic-cloud-blur-lipstick-3-colors/1718864044/
2025-05-30 15:04:30,469 - INFO - [FETCH] https://www.stylekorean.com:443/shop/nature-republic-honey-melting-lip-12-colors/1714632531/
2025-05-30 15:04:34,905 - INFO - Fetched: https://www.stylekorean.com:443/shop/nature-republic-honey-melting-lip-12-colors/1714632531/
2025-05-30 15:04:35,911 - INFO - [FETCH] https://www.stylekorean.com:443/shop/clio-crystal-glam-balm-6-colors/1710986982/
2025-05-30 15:04:37,537 - INFO - Fetched: https://www.stylekorean.com:443/shop/clio-crystal-glam-balm-6-colors/1710986982/
2025-05-30 15:04:38,544 - INFO - [FETCH] https://www.stylekorean.com:443/shop/alternative-stereo-acoustic-matt-balm-4-colors/1710312009/
2025-05-30 15:04:40,292 - INFO - Fetched: https://www.stylekorean.com:443/shop/alternative-stereo-acoustic-matt-balm-4-colors/1710312009/
2025-05-30 15:04:41,299 - INFO - [FETCH] https://www.stylekorean.com:443/shop/kaja-heart-melter-5-colors/1707180946/
2025-05-30 15:04:43,917 - INFO - Fetched: https://www.stylekorean.com:443/shop/kaja-heart-melter-5-colors/1707180946/
2025-05-30 15:04:44,919 - INFO - [FETCH] https://www.stylekorean.com:443/shop/rom-nd-lip-mate-pencil-6-colors/1688543244/
2025-05-30 15:04:48,929 - INFO - Fetched: https://www.stylekorean.com:443/shop/rom-nd-lip-mate-pencil-6-colors/1688543244/
2025-05-30 15:04:49,930 - INFO - [FETCH] https://www.stylekorean.com:443/shop/3ce-blur-matte-lipstick-2-colors/1706143487/
2025-05-30 15:04:51,469 - INFO - Fetched: https://www.stylekorean.com:443/shop/3ce-blur-matte-lipstick-2-colors/1706143487/
2025-05-30 15:04:52,471 - INFO - [FETCH] https://www.stylekorean.com:443/shop/espoir-the-sleek-lipstick-cream-matte-3-colors/1679973938/
2025-05-30 15:04:55,377 - INFO - Fetched: https://www.stylekorean.com:443/shop/espoir-the-sleek-lipstick-cream-matte-3-colors/1679973938/
2025-05-30 15:04:56,384 - INFO - [FETCH] https://www.stylekorean.com:443/shop/heimish-dailism-liquid-lipstick-3-colors/1667528964/
2025-05-30 15:05:03,753 - INFO - Fetched: https://www.stylekorean.com:443/shop/heimish-dailism-liquid-lipstick-3-colors/1667528964/
2025-05-30 15:05:04,760 - INFO - [FETCH] https://www.stylekorean.com:443/shop/etude-fixing-tint-bar-5-colors/1741165168/
2025-05-30 15:05:07,504 - INFO - Fetched: https://www.stylekorean.com:443/shop/etude-fixing-tint-bar-5-colors/1741165168/
2025-05-30 15:05:08,511 - INFO - [FETCH] https://www.stylekorean.com:443/shop/clio-chiffon-mood-lip-11-colors/1662535661/
2025-05-30 15:05:10,532 - INFO - Fetched: https://www.stylekorean.com:443/shop/clio-chiffon-mood-lip-11-colors/1662535661/
2025-05-30 15:05:11,539 - INFO - [FETCH] https://www.stylekorean.com:443/shop/espoir-lipstick-nowear-velvet-4-colors/1636510120/
2025-05-30 15:05:13,221 - INFO - Fetched: https://www.stylekorean.com:443/shop/espoir-lipstick-nowear-velvet-4-colors/1636510120/
2025-05-30 15:05:14,228 - INFO - [FETCH] https://www.stylekorean.com:443/shop/peripera-ink-mood-matte-stick-6-colors/1633485850/
2025-05-30 15:05:16,517 - INFO - Fetched: https://www.stylekorean.com:443/shop/peripera-ink-mood-matte-stick-6-colors/1633485850/
2025-05-30 15:05:17,524 - INFO - [FETCH] https://www.stylekorean.com:443/shop/espoir-lipstick-nowear-shine-3-colors/1618218001/
2025-05-30 15:05:19,423 - INFO - Fetched: https://www.stylekorean.com:443/shop/espoir-lipstick-nowear-shine-3-colors/1618218001/
2025-05-30 15:05:20,430 - INFO - [FETCH] https://www.stylekorean.com:443/shop/rom-nd-new-zero-matte-lipstick-23-colors/1595920210/
2025-05-30 15:05:24,665 - INFO - Fetched: https://www.stylekorean.com:443/shop/rom-nd-new-zero-matte-lipstick-23-colors/1595920210/
2025-05-30 15:05:25,670 - INFO - [DONE] Saved final data: stylekorean/data/product_details/makeup_sub_categories/Lip_Stick__29_.json
