2025-05-30 15:12:45,403 - INFO - Processing: stylekorean/data/product_urls/makeup_sub_categories/Lip_Tint__88_.json
2025-05-30 15:12:45,406 - INFO - [FETCH] https://www.stylekorean.com:443/shop/rom-nd-the-juicy-lasing-tint-23-colors/1748488082/
2025-05-30 15:12:48,112 - INFO - Fetched: https://www.stylekorean.com:443/shop/rom-nd-the-juicy-lasing-tint-23-colors/1748488082/
2025-05-30 15:12:49,116 - INFO - [FETCH] https://www.stylekorean.com:443/shop/peripera-soft-berry-ink-mood-glowy-tint-3-colors/1745990615/
2025-05-30 15:12:51,098 - INFO - Fetched: https://www.stylekorean.com:443/shop/peripera-soft-berry-ink-mood-glowy-tint-3-colors/1745990615/
2025-05-30 15:12:52,099 - INFO - [FETCH] https://www.stylekorean.com:443/shop/clio-water-soda-tint-5-colors/1745916327/
2025-05-30 15:12:54,116 - INFO - Fetched: https://www.stylekorean.com:443/shop/clio-water-soda-tint-5-colors/1745916327/
2025-05-30 15:12:55,121 - INFO - [FETCH] https://www.stylekorean.com:443/shop/braye-thin-water-blur-tint-10-colors/1745307081/
2025-05-30 15:12:57,015 - INFO - Fetched: https://www.stylekorean.com:443/shop/braye-thin-water-blur-tint-10-colors/1745307081/
2025-05-30 15:12:58,021 - INFO - [FETCH] https://www.stylekorean.com:443/shop/dearmay-lost-ribbon-blur-tint-6-colors/1744708402/
2025-05-30 15:12:59,983 - INFO - Fetched: https://www.stylekorean.com:443/shop/dearmay-lost-ribbon-blur-tint-6-colors/1744708402/
2025-05-30 15:13:00,987 - INFO - [FETCH] https://www.stylekorean.com:443/shop/dearmay-pure-falling-mood-lip-pot-7-colors/1744687669/
2025-05-30 15:13:03,240 - INFO - Fetched: https://www.stylekorean.com:443/shop/dearmay-pure-falling-mood-lip-pot-7-colors/1744687669/
2025-05-30 15:13:04,242 - INFO - [FETCH] https://www.stylekorean.com:443/shop/dearmay-la-piste-lip-tint-6-colors/1744616707/
2025-05-30 15:13:06,437 - INFO - Fetched: https://www.stylekorean.com:443/shop/dearmay-la-piste-lip-tint-6-colors/1744616707/
2025-05-30 15:13:07,444 - INFO - [FETCH] https://www.stylekorean.com:443/shop/etude-24ad-dear-darling-water-gel-8-colors/1744168090/
2025-05-30 15:13:09,211 - INFO - Fetched: https://www.stylekorean.com:443/shop/etude-24ad-dear-darling-water-gel-8-colors/1744168090/
2025-05-30 15:13:10,217 - INFO - [FETCH] https://www.stylekorean.com:443/shop/nonoer-shine-lock-lip-tint-3-colors/1743639317/
2025-05-30 15:13:12,687 - INFO - Fetched: https://www.stylekorean.com:443/shop/nonoer-shine-lock-lip-tint-3-colors/1743639317/
2025-05-30 15:13:13,690 - INFO - [FETCH] https://www.stylekorean.com:443/shop/holika-holika-melting-blur-lip-pot-11-colors/1741824869/
2025-05-30 15:13:16,161 - INFO - Fetched: https://www.stylekorean.com:443/shop/holika-holika-melting-blur-lip-pot-11-colors/1741824869/
2025-05-30 15:13:17,162 - INFO - [FETCH] https://www.stylekorean.com:443/shop/dinto-madame-butterfly-blurring-lip-veil-10-colors/1741590149/
2025-05-30 15:13:19,216 - INFO - Fetched: https://www.stylekorean.com:443/shop/dinto-madame-butterfly-blurring-lip-veil-10-colors/1741590149/
2025-05-30 15:13:20,219 - INFO - [FETCH] https://www.stylekorean.com:443/shop/dinto-valentines-limited-blur-y-mini-lip-tint-duo-2-ver/1741572023/
2025-05-30 15:13:23,032 - INFO - Fetched: https://www.stylekorean.com:443/shop/dinto-valentines-limited-blur-y-mini-lip-tint-duo-2-ver/1741572023/
2025-05-30 15:13:24,038 - INFO - [FETCH] https://www.stylekorean.com:443/shop/dinto-blur-jelly-plumping-lip-tint-6-colors/1741569493/
2025-05-30 15:13:26,515 - INFO - Fetched: https://www.stylekorean.com:443/shop/dinto-blur-jelly-plumping-lip-tint-6-colors/1741569493/
2025-05-30 15:13:27,521 - INFO - [FETCH] https://www.stylekorean.com:443/shop/dinto-blur-glowy-mini-lip-tint-8-colors/1741567752/
2025-05-30 15:13:30,292 - INFO - Fetched: https://www.stylekorean.com:443/shop/dinto-blur-glowy-mini-lip-tint-8-colors/1741567752/
2025-05-30 15:13:31,298 - INFO - [FETCH] https://www.stylekorean.com:443/shop/clio-hug-blur-tint-001-my-little-berry/1738655020/
2025-05-30 15:13:33,151 - INFO - Fetched: https://www.stylekorean.com:443/shop/clio-hug-blur-tint-001-my-little-berry/1738655020/
2025-05-30 15:13:34,157 - INFO - [FETCH] https://www.stylekorean.com:443/shop/oddtype-unseen-blur-tint-14-colors/1737620505/
2025-05-30 15:13:37,358 - INFO - Fetched: https://www.stylekorean.com:443/shop/oddtype-unseen-blur-tint-14-colors/1737620505/
2025-05-30 15:13:38,364 - INFO - [FETCH] https://www.stylekorean.com:443/shop/oddtype-unseen-balloon-tint-9-colors/1737448241/
2025-05-30 15:13:41,544 - INFO - Fetched: https://www.stylekorean.com:443/shop/oddtype-unseen-balloon-tint-9-colors/1737448241/
2025-05-30 15:13:42,547 - INFO - [FETCH] https://www.stylekorean.com:443/shop/shaishaishai-sun-kissed-plump-lip-balm-4g-10-colors/1737425638/
2025-05-30 15:13:46,512 - INFO - Fetched: https://www.stylekorean.com:443/shop/shaishaishai-sun-kissed-plump-lip-balm-4g-10-colors/1737425638/
2025-05-30 15:13:47,518 - INFO - [FETCH] https://www.stylekorean.com:443/shop/oddtype-unseen-mirror-tint-10-colors/1737417779/
2025-05-30 15:13:50,033 - INFO - Fetched: https://www.stylekorean.com:443/shop/oddtype-unseen-mirror-tint-10-colors/1737417779/
2025-05-30 15:13:51,040 - INFO - [FETCH] https://www.stylekorean.com:443/shop/tirtir-waterism-glow-tint-7-colors/1737677119/
2025-05-30 15:13:55,951 - INFO - Fetched: https://www.stylekorean.com:443/shop/tirtir-waterism-glow-tint-7-colors/1737677119/
2025-05-30 15:13:56,954 - INFO - [FETCH] https://www.stylekorean.com:443/shop/fwee-pink-obsession-stay-fit-lip-tint-20-colors/1733878257/
2025-05-30 15:14:00,755 - INFO - Fetched: https://www.stylekorean.com:443/shop/fwee-pink-obsession-stay-fit-lip-tint-20-colors/1733878257/
2025-05-30 15:14:01,761 - INFO - [FETCH] https://www.stylekorean.com:443/shop/a-pieu-juicy-pang-tint-cr07-orange-poem/1732687963/
2025-05-30 15:14:03,360 - INFO - Fetched: https://www.stylekorean.com:443/shop/a-pieu-juicy-pang-tint-cr07-orange-poem/1732687963/
2025-05-30 15:14:04,364 - INFO - [FETCH] https://www.stylekorean.com:443/shop/rom-nd-bare-water-tint-8-colors/1731634629/
2025-05-30 15:14:06,687 - INFO - Fetched: https://www.stylekorean.com:443/shop/rom-nd-bare-water-tint-8-colors/1731634629/
2025-05-30 15:14:07,692 - INFO - [FETCH] https://www.stylekorean.com:443/shop/laka-popping-balloon-tint-12-colors/1730849961/
2025-05-30 15:14:10,205 - INFO - Fetched: https://www.stylekorean.com:443/shop/laka-popping-balloon-tint-12-colors/1730849961/
2025-05-30 15:14:11,212 - INFO - [FETCH] https://www.stylekorean.com:443/shop/braye-thin-glow-tint-10-colors/1729745794/
2025-05-30 15:14:12,965 - INFO - Fetched: https://www.stylekorean.com:443/shop/braye-thin-glow-tint-10-colors/1729745794/
2025-05-30 15:14:13,967 - INFO - [FETCH] https://www.stylekorean.com:443/shop/alternative-stereo-lip-potion-sugar-glaze-tint-7-colors/1729734510/
2025-05-30 15:14:16,861 - INFO - Fetched: https://www.stylekorean.com:443/shop/alternative-stereo-lip-potion-sugar-glaze-tint-7-colors/1729734510/
2025-05-30 15:14:17,867 - INFO - [FETCH] https://www.stylekorean.com:443/shop/laka-fruity-glam-tint-23-colors/1729582541/
2025-05-30 15:14:20,858 - INFO - Fetched: https://www.stylekorean.com:443/shop/laka-fruity-glam-tint-23-colors/1729582541/
2025-05-30 15:14:21,860 - INFO - [FETCH] https://www.stylekorean.com:443/shop/blessed-moon-fluffy-lip-tint-9-colors/1728521787/
2025-05-30 15:14:23,544 - INFO - Fetched: https://www.stylekorean.com:443/shop/blessed-moon-fluffy-lip-tint-9-colors/1728521787/
2025-05-30 15:14:24,552 - INFO - [FETCH] https://www.stylekorean.com:443/shop/kaja-jelly-charm-6-colors/1725329022/
2025-05-30 15:14:27,432 - INFO - Fetched: https://www.stylekorean.com:443/shop/kaja-jelly-charm-6-colors/1725329022/
2025-05-30 15:14:28,439 - INFO - [FETCH] https://www.stylekorean.com:443/shop/alternative-stereo-lip-potion-milk-pearl-gloss-4-colors/1724985850/
2025-05-30 15:14:30,018 - INFO - Fetched: https://www.stylekorean.com:443/shop/alternative-stereo-lip-potion-milk-pearl-gloss-4-colors/1724985850/
2025-05-30 15:14:31,021 - INFO - [FETCH] https://www.stylekorean.com:443/shop/peripera-ink-mood-glowy-tint-soda-cafe-2-colors/1745978418/
2025-05-30 15:14:32,836 - INFO - Fetched: https://www.stylekorean.com:443/shop/peripera-ink-mood-glowy-tint-soda-cafe-2-colors/1745978418/
2025-05-30 15:14:33,843 - INFO - [FETCH] https://www.stylekorean.com:443/shop/etude-dear-darling-marker-tint-6-colors/1721968523/
2025-05-30 15:14:36,764 - INFO - Fetched: https://www.stylekorean.com:443/shop/etude-dear-darling-marker-tint-6-colors/1721968523/
2025-05-30 15:14:37,771 - INFO - [FETCH] https://www.stylekorean.com:443/shop/clio-crystal-glam-tint-luxury-koshort-4-colors/1718354441/
2025-05-30 15:14:39,351 - INFO - Fetched: https://www.stylekorean.com:443/shop/clio-crystal-glam-tint-luxury-koshort-4-colors/1718354441/
2025-05-30 15:14:40,359 - INFO - [FETCH] https://www.stylekorean.com:443/shop/peripera-ink-airy-velvet-rosening-5-colors/1717725255/
2025-05-30 15:14:42,783 - INFO - Fetched: https://www.stylekorean.com:443/shop/peripera-ink-airy-velvet-rosening-5-colors/1717725255/
2025-05-30 15:14:43,786 - INFO - [FETCH] https://www.stylekorean.com:443/shop/hince-new-raw-glow-gel-tint-15-colors/1716776295/
2025-05-30 15:14:45,342 - INFO - Fetched: https://www.stylekorean.com:443/shop/hince-new-raw-glow-gel-tint-15-colors/1716776295/
2025-05-30 15:14:46,346 - INFO - [FETCH] https://www.stylekorean.com:443/shop/hince-mood-enhancer-water-liquid-glow-12-colors/1716515498/
2025-05-30 15:14:50,481 - INFO - Fetched: https://www.stylekorean.com:443/shop/hince-mood-enhancer-water-liquid-glow-12-colors/1716515498/
2025-05-30 15:14:51,488 - INFO - [FETCH] https://www.stylekorean.com:443/shop/etude-new-over-glowy-gloss-6-colors/1741161518/
2025-05-30 15:14:53,940 - INFO - Fetched: https://www.stylekorean.com:443/shop/etude-new-over-glowy-gloss-6-colors/1741161518/
2025-05-30 15:14:54,943 - INFO - [FETCH] https://www.stylekorean.com:443/shop/etude-over-glowy-tint-11-colors/1714023696/
2025-05-30 15:14:57,118 - INFO - Fetched: https://www.stylekorean.com:443/shop/etude-over-glowy-tint-11-colors/1714023696/
2025-05-30 15:14:58,121 - INFO - [FETCH] https://www.stylekorean.com:443/shop/etude-new-my-own-gemstone-over-glowy-tint-6-colors/1741160298/
2025-05-30 15:15:00,404 - INFO - Fetched: https://www.stylekorean.com:443/shop/etude-new-my-own-gemstone-over-glowy-tint-6-colors/1741160298/
2025-05-30 15:15:01,407 - INFO - [FETCH] https://www.stylekorean.com:443/shop/rom-nd-juicy-lasting-tint-spring-fever-3-colors/1713417416/
2025-05-30 15:15:04,305 - INFO - Fetched: https://www.stylekorean.com:443/shop/rom-nd-juicy-lasting-tint-spring-fever-3-colors/1713417416/
2025-05-30 15:15:05,311 - INFO - [FETCH] https://www.stylekorean.com:443/shop/clio-every-fruit-grocery-chiffon-blur-tint-4-colors/1711609347/
2025-05-30 15:15:06,950 - INFO - Fetched: https://www.stylekorean.com:443/shop/clio-every-fruit-grocery-chiffon-blur-tint-4-colors/1711609347/
2025-05-30 15:15:07,954 - INFO - [FETCH] https://www.stylekorean.com:443/shop/peripera-over-blur-tint-10-colors/1710920949/
2025-05-30 15:15:09,706 - INFO - Fetched: https://www.stylekorean.com:443/shop/peripera-over-blur-tint-10-colors/1710920949/
2025-05-30 15:15:10,711 - INFO - [FETCH] https://www.stylekorean.com:443/shop/peripera-heart-jam-glow-lip-9-colors/1710377526/
2025-05-30 15:15:12,612 - INFO - Fetched: https://www.stylekorean.com:443/shop/peripera-heart-jam-glow-lip-9-colors/1710377526/
2025-05-30 15:15:13,617 - INFO - [FETCH] https://www.stylekorean.com:443/shop/alternative-stereo-new-lip-potion-balmy-rose-10-colors/1732669543/
2025-05-30 15:15:15,777 - INFO - Fetched: https://www.stylekorean.com:443/shop/alternative-stereo-new-lip-potion-balmy-rose-10-colors/1732669543/
2025-05-30 15:15:16,784 - INFO - [FETCH] https://www.stylekorean.com:443/shop/alternative-stereo-lip-potion-aqua-glow-9-colors/1710207825/
2025-05-30 15:15:18,832 - INFO - Fetched: https://www.stylekorean.com:443/shop/alternative-stereo-lip-potion-aqua-glow-9-colors/1710207825/
2025-05-30 15:15:19,835 - INFO - [FETCH] https://www.stylekorean.com:443/shop/kaja-love-swipe-5-colors/1707181936/
2025-05-30 15:15:21,930 - INFO - Fetched: https://www.stylekorean.com:443/shop/kaja-love-swipe-5-colors/1707181936/
2025-05-30 15:15:22,937 - INFO - [FETCH] https://www.stylekorean.com:443/shop/etude-dear-darling-oil-tint-6-colors/1705993143/
2025-05-30 15:15:25,412 - INFO - Fetched: https://www.stylekorean.com:443/shop/etude-dear-darling-oil-tint-6-colors/1705993143/
2025-05-30 15:15:26,420 - INFO - [FETCH] https://www.stylekorean.com:443/shop/rom-nd-glasting-water-tint-sunset-edition-4-colors/1699338683/
2025-05-30 15:15:30,303 - INFO - Fetched: https://www.stylekorean.com:443/shop/rom-nd-glasting-water-tint-sunset-edition-4-colors/1699338683/
2025-05-30 15:15:31,311 - INFO - [FETCH] https://www.stylekorean.com:443/shop/nuse-care-liptual-09-deepin-cherry/1732578737/
2025-05-30 15:15:33,779 - INFO - Fetched: https://www.stylekorean.com:443/shop/nuse-care-liptual-09-deepin-cherry/1732578737/
2025-05-30 15:15:34,787 - INFO - [FETCH] https://www.stylekorean.com:443/shop/etude-glow-fixing-tint-9-colors/1689905407/
2025-05-30 15:15:37,062 - INFO - Fetched: https://www.stylekorean.com:443/shop/etude-glow-fixing-tint-9-colors/1689905407/
2025-05-30 15:15:38,070 - INFO - [FETCH] https://www.stylekorean.com:443/shop/house-of-hur-glow-ampoule-tint-4-colors/1689551302/
2025-05-30 15:15:43,543 - INFO - Fetched: https://www.stylekorean.com:443/shop/house-of-hur-glow-ampoule-tint-4-colors/1689551302/
2025-05-30 15:15:44,551 - INFO - [FETCH] https://www.stylekorean.com:443/shop/clio-crystal-glam-tint-12-colors/1687306789/
2025-05-30 15:15:47,126 - INFO - Fetched: https://www.stylekorean.com:443/shop/clio-crystal-glam-tint-12-colors/1687306789/
2025-05-30 15:15:48,132 - INFO - [FETCH] https://www.stylekorean.com:443/shop/rom-nd-new-juicy-lasting-tint-3-colors/1683511919/
2025-05-30 15:15:51,350 - INFO - Fetched: https://www.stylekorean.com:443/shop/rom-nd-new-juicy-lasting-tint-3-colors/1683511919/
2025-05-30 15:15:52,358 - INFO - [FETCH] https://www.stylekorean.com:443/shop/peripera-water-bare-tint-11-colors/1678174529/
2025-05-30 15:15:57,251 - INFO - Fetched: https://www.stylekorean.com:443/shop/peripera-water-bare-tint-11-colors/1678174529/
2025-05-30 15:15:58,259 - INFO - [FETCH] https://www.stylekorean.com:443/shop/peripera-cherry-ver-water-bare-tint-3-colors/1731389369/
2025-05-30 15:16:01,845 - INFO - Fetched: https://www.stylekorean.com:443/shop/peripera-cherry-ver-water-bare-tint-3-colors/1731389369/
2025-05-30 15:16:02,850 - INFO - [FETCH] https://www.stylekorean.com:443/shop/dinto-blur-finish-lip-tint-4-colors/1675662191/
2025-05-30 15:16:05,087 - INFO - Fetched: https://www.stylekorean.com:443/shop/dinto-blur-finish-lip-tint-4-colors/1675662191/
2025-05-30 15:16:06,093 - INFO - [FETCH] https://www.stylekorean.com:443/shop/dinto-blur-glowy-lip-tint-30-colors/1675660872/
2025-05-30 15:16:10,960 - INFO - Fetched: https://www.stylekorean.com:443/shop/dinto-blur-glowy-lip-tint-30-colors/1675660872/
2025-05-30 15:16:11,965 - INFO - [FETCH] https://www.stylekorean.com:443/shop/clio-chiffon-blur-tint-2-colors/1694574216/
2025-05-30 15:16:14,272 - INFO - Fetched: https://www.stylekorean.com:443/shop/clio-chiffon-blur-tint-2-colors/1694574216/
2025-05-30 15:16:15,280 - INFO - [FETCH] https://www.stylekorean.com:443/shop/rom-nd-new-juicy-lasting-tint-2-colors/1658470281/
2025-05-30 15:16:19,679 - INFO - Fetched: https://www.stylekorean.com:443/shop/rom-nd-new-juicy-lasting-tint-2-colors/1658470281/
2025-05-30 15:16:20,687 - INFO - [FETCH] https://www.stylekorean.com:443/shop/peripera-peach-collection-ink-airy-velvet-10-colors/1655863040/
2025-05-30 15:16:28,393 - INFO - Fetched: https://www.stylekorean.com:443/shop/peripera-peach-collection-ink-airy-velvet-10-colors/1655863040/
2025-05-30 15:16:29,397 - INFO - [FETCH] https://www.stylekorean.com:443/shop/rom-nd-milk-tea-velvet-tint-5-colors/1651039904/
2025-05-30 15:16:32,969 - INFO - Fetched: https://www.stylekorean.com:443/shop/rom-nd-milk-tea-velvet-tint-5-colors/1651039904/
2025-05-30 15:16:33,975 - INFO - [FETCH] https://www.stylekorean.com:443/shop/etude-dear-darling-water-gel-tint-9-colors/1648526152/
2025-05-30 15:16:35,651 - INFO - Fetched: https://www.stylekorean.com:443/shop/etude-dear-darling-water-gel-tint-9-colors/1648526152/
2025-05-30 15:16:36,660 - INFO - [FETCH] https://www.stylekorean.com:443/shop/peripera-new-ink-mood-glowy-tint-12-colors/1648523862/
2025-05-30 15:16:41,218 - INFO - Fetched: https://www.stylekorean.com:443/shop/peripera-new-ink-mood-glowy-tint-12-colors/1648523862/
2025-05-30 15:16:42,226 - INFO - [FETCH] https://www.stylekorean.com:443/shop/espoir-couture-lip-tint-velvet-3-colors/1715661634/
2025-05-30 15:16:43,867 - INFO - Fetched: https://www.stylekorean.com:443/shop/espoir-couture-lip-tint-velvet-3-colors/1715661634/
2025-05-30 15:16:44,873 - INFO - [FETCH] https://www.stylekorean.com:443/shop/amuse-dew-tint-05-hipjiro/1742796067/
2025-05-30 15:16:47,167 - INFO - Fetched: https://www.stylekorean.com:443/shop/amuse-dew-tint-05-hipjiro/1742796067/
2025-05-30 15:16:48,174 - INFO - [FETCH] https://www.stylekorean.com:443/shop/amuse-dew-velvet-05-seouler/1698296029/
2025-05-30 15:16:50,075 - INFO - Fetched: https://www.stylekorean.com:443/shop/amuse-dew-velvet-05-seouler/1698296029/
2025-05-30 15:16:51,080 - INFO - [FETCH] https://www.stylekorean.com:443/shop/rom-nd-blur-fudge-tint-15-colors/1641451876/
2025-05-30 15:16:53,788 - INFO - Fetched: https://www.stylekorean.com:443/shop/rom-nd-blur-fudge-tint-15-colors/1641451876/
2025-05-30 15:16:54,791 - INFO - [FETCH] https://www.stylekorean.com:443/shop/rom-nd-new-dewyful-water-tint-13-colors/1637632596/
2025-05-30 15:16:59,050 - INFO - Fetched: https://www.stylekorean.com:443/shop/rom-nd-new-dewyful-water-tint-13-colors/1637632596/
2025-05-30 15:17:00,059 - INFO - [FETCH] https://www.stylekorean.com:443/shop/rom-nd-juicy-lasting-tint-2-colors/1628048762/
2025-05-30 15:17:01,927 - INFO - Fetched: https://www.stylekorean.com:443/shop/rom-nd-juicy-lasting-tint-2-colors/1628048762/
2025-05-30 15:17:02,933 - INFO - [FETCH] https://www.stylekorean.com:443/shop/etude-fixing-tint-19-colors/1701223430/
2025-05-30 15:17:05,360 - INFO - Fetched: https://www.stylekorean.com:443/shop/etude-fixing-tint-19-colors/1701223430/
2025-05-30 15:17:06,364 - INFO - [FETCH] https://www.stylekorean.com:443/shop/rom-nd-zero-velvet-tint-vintage-filter-4-colors/1617757536/
2025-05-30 15:17:08,213 - INFO - Fetched: https://www.stylekorean.com:443/shop/rom-nd-zero-velvet-tint-vintage-filter-4-colors/1617757536/
2025-05-30 15:17:09,217 - INFO - [FETCH] https://www.stylekorean.com:443/shop/rom-nd-bare-juicy-lasting-tint-4-colors/1617687377/
2025-05-30 15:17:12,601 - INFO - Fetched: https://www.stylekorean.com:443/shop/rom-nd-bare-juicy-lasting-tint-4-colors/1617687377/
2025-05-30 15:17:13,608 - INFO - [FETCH] https://www.stylekorean.com:443/shop/rom-nd-zero-velvet-tint-knit-series-4-colors/1605671353/
2025-05-30 15:17:15,683 - INFO - Fetched: https://www.stylekorean.com:443/shop/rom-nd-zero-velvet-tint-knit-series-4-colors/1605671353/
2025-05-30 15:17:16,692 - INFO - [FETCH] https://www.stylekorean.com:443/shop/rom-nd-jucy-lasting-tint-fruit-series-4-colors/1605669614/
2025-05-30 15:17:21,616 - INFO - Fetched: https://www.stylekorean.com:443/shop/rom-nd-jucy-lasting-tint-fruit-series-4-colors/1605669614/
2025-05-30 15:17:22,622 - INFO - [FETCH] https://www.stylekorean.com:443/shop/rom-nd-zero-velvet-tint-nude-baked-velvet-5-colors/1594611673/
2025-05-30 15:17:24,811 - INFO - Fetched: https://www.stylekorean.com:443/shop/rom-nd-zero-velvet-tint-nude-baked-velvet-5-colors/1594611673/
2025-05-30 15:17:25,820 - INFO - [FETCH] https://www.stylekorean.com:443/shop/rom-nd-juicy-lasting-tint-sparkling-juicy-2-colors/1594610184/
2025-05-30 15:17:28,887 - INFO - Fetched: https://www.stylekorean.com:443/shop/rom-nd-juicy-lasting-tint-sparkling-juicy-2-colors/1594610184/
2025-05-30 15:17:29,896 - INFO - [FETCH] https://www.stylekorean.com:443/shop/rom-nd-best-tint-edition-2-types/1589185428/
2025-05-30 15:17:32,423 - INFO - Fetched: https://www.stylekorean.com:443/shop/rom-nd-best-tint-edition-2-types/1589185428/
2025-05-30 15:17:33,432 - INFO - [FETCH] https://www.stylekorean.com:443/shop/a-pieu-juicy-pang-tint-4-colors/1578547597/
2025-05-30 15:17:35,123 - INFO - Fetched: https://www.stylekorean.com:443/shop/a-pieu-juicy-pang-tint-4-colors/1578547597/
2025-05-30 15:17:36,136 - INFO - [FETCH] https://www.stylekorean.com:443/shop/rom-nd-glasting-water-tint-5-colors/1576116254/
2025-05-30 15:17:39,188 - INFO - Fetched: https://www.stylekorean.com:443/shop/rom-nd-glasting-water-tint-5-colors/1576116254/
2025-05-30 15:17:40,192 - INFO - [FETCH] https://www.stylekorean.com:443/shop/peripera-ink-the-velvet-28-colors/1735175421/
2025-05-30 15:17:45,680 - INFO - Fetched: https://www.stylekorean.com:443/shop/peripera-ink-the-velvet-28-colors/1735175421/
2025-05-30 15:17:46,687 - INFO - [FETCH] https://www.stylekorean.com:443/shop/peripera-weathercast-collection-ink-the-velvet-5-colors/1677481723/
2025-05-30 15:17:50,291 - INFO - Fetched: https://www.stylekorean.com:443/shop/peripera-weathercast-collection-ink-the-velvet-5-colors/1677481723/
2025-05-30 15:17:51,300 - INFO - [FETCH] https://www.stylekorean.com:443/shop/rom-nd-juicy-lasting-tint-4-colors-autumn/1570151558/
2025-05-30 15:17:53,522 - INFO - Fetched: https://www.stylekorean.com:443/shop/rom-nd-juicy-lasting-tint-4-colors-autumn/1570151558/
2025-05-30 15:17:54,531 - INFO - [FETCH] https://www.stylekorean.com:443/shop/peripera-new-ink-airy-velvet-11-colors/1740042713/
2025-05-30 15:17:59,560 - INFO - Fetched: https://www.stylekorean.com:443/shop/peripera-new-ink-airy-velvet-11-colors/1740042713/
2025-05-30 15:18:00,569 - INFO - [FETCH] https://www.stylekorean.com:443/shop/rom-nd-juicy-lasting-tint-5-colors/1558941703/
2025-05-30 15:18:03,692 - INFO - Fetched: https://www.stylekorean.com:443/shop/rom-nd-juicy-lasting-tint-5-colors/1558941703/
2025-05-30 15:18:04,696 - INFO - [FETCH] https://www.stylekorean.com:443/shop/rom-nd-zero-velvet-tint-6-colors/1558941708/
2025-05-30 15:18:07,086 - INFO - Fetched: https://www.stylekorean.com:443/shop/rom-nd-zero-velvet-tint-6-colors/1558941708/
2025-05-30 15:18:08,093 - INFO - [FETCH] https://www.stylekorean.com:443/shop/etude-dear-darling-water-gel-tint-ice-cream-5-colors/1635224794/
2025-05-30 15:18:11,569 - INFO - Fetched: https://www.stylekorean.com:443/shop/etude-dear-darling-water-gel-tint-ice-cream-5-colors/1635224794/
2025-05-30 15:18:12,579 - INFO - [FETCH] https://www.stylekorean.com:443/shop/etude-dear-darling-water-tint-5-colors/1646037761/
2025-05-30 15:18:14,958 - INFO - Fetched: https://www.stylekorean.com:443/shop/etude-dear-darling-water-tint-5-colors/1646037761/
2025-05-30 15:18:15,968 - INFO - [DONE] Saved final data: stylekorean/data/product_details/makeup_sub_categories/Lip_Tint__88_.json
