2025-05-30 15:01:09,287 - INFO - Processing: stylekorean/data/product_urls/makeup_sub_categories/Makeup_Base__21_.json
2025-05-30 15:01:09,289 - INFO - [FETCH] https://www.stylekorean.com:443/shop/shaishaishai-banana-spot-calming-cream-15g-3-types/1737361397/
2025-05-30 15:01:11,731 - INFO - Fetched: https://www.stylekorean.com:443/shop/shaishaishai-banana-spot-calming-cream-15g-3-types/1737361397/
2025-05-30 15:01:12,737 - INFO - [FETCH] https://www.stylekorean.com:443/shop/banila-co-prime-primer-hydrating/1733818207/
2025-05-30 15:01:14,183 - INFO - Fetched: https://www.stylekorean.com:443/shop/banila-co-prime-primer-hydrating/1733818207/
2025-05-30 15:01:15,189 - INFO - [FETCH] https://www.stylekorean.com:443/shop/banila-co-prime-primer-classic/1733811852/
2025-05-30 15:01:16,639 - INFO - Fetched: https://www.stylekorean.com:443/shop/banila-co-prime-primer-classic/1733811852/
2025-05-30 15:01:17,646 - INFO - [FETCH] https://www.stylekorean.com:443/shop/tirtir-mask-fit-make-up-fixer-80ml/1730776127/
2025-05-30 15:01:20,059 - INFO - Fetched: https://www.stylekorean.com:443/shop/tirtir-mask-fit-make-up-fixer-80ml/1730776127/
2025-05-30 15:01:21,065 - INFO - [FETCH] https://www.stylekorean.com:443/shop/hince-second-skin-tone-up-base-3-colors/1729757249/
2025-05-30 15:01:22,801 - INFO - Fetched: https://www.stylekorean.com:443/shop/hince-second-skin-tone-up-base-3-colors/1729757249/
2025-05-30 15:01:23,808 - INFO - [FETCH] https://www.stylekorean.com:443/shop/keyth-colored-keyth-pink-flower-tone-up-primer-20ml/1724222200/
2025-05-30 15:01:25,855 - INFO - Fetched: https://www.stylekorean.com:443/shop/keyth-colored-keyth-pink-flower-tone-up-primer-20ml/1724222200/
2025-05-30 15:01:26,860 - INFO - [FETCH] https://www.stylekorean.com:443/shop/biodance-skin-glow-tone-up-booster-30ml/1716941733/
2025-05-30 15:01:29,203 - INFO - Fetched: https://www.stylekorean.com:443/shop/biodance-skin-glow-tone-up-booster-30ml/1716941733/
2025-05-30 15:01:30,204 - INFO - [FETCH] https://www.stylekorean.com:443/shop/biodance-skin-all-day-cover-balm-30ml/1716940942/
2025-05-30 15:01:32,055 - INFO - Fetched: https://www.stylekorean.com:443/shop/biodance-skin-all-day-cover-balm-30ml/1716940942/
2025-05-30 15:01:33,061 - INFO - [FETCH] https://www.stylekorean.com:443/shop/nuse-care-tone-up-4-colors/1694663822/
2025-05-30 15:01:35,921 - INFO - Fetched: https://www.stylekorean.com:443/shop/nuse-care-tone-up-4-colors/1694663822/
2025-05-30 15:01:36,925 - INFO - [FETCH] https://www.stylekorean.com:443/shop/tfit-hydrate-vanish-art-primer-30ml/1690439223/
2025-05-30 15:01:40,004 - INFO - Fetched: https://www.stylekorean.com:443/shop/tfit-hydrate-vanish-art-primer-30ml/1690439223/
2025-05-30 15:01:41,009 - INFO - [FETCH] https://www.stylekorean.com:443/shop/tfit-delicate-silk-veil-art-primer-30ml/1690438932/
2025-05-30 15:01:43,681 - INFO - Fetched: https://www.stylekorean.com:443/shop/tfit-delicate-silk-veil-art-primer-30ml/1690438932/
2025-05-30 15:01:44,683 - INFO - [FETCH] https://www.stylekorean.com:443/shop/javin-de-seoul-hugging-skin-tint-5colors/1688521760/
2025-05-30 15:01:46,937 - INFO - Fetched: https://www.stylekorean.com:443/shop/javin-de-seoul-hugging-skin-tint-5colors/1688521760/
2025-05-30 15:01:47,943 - INFO - [FETCH] https://www.stylekorean.com:443/shop/numbuzin-no.1-pure-glass-clean-tone-up-50ml/1661139606/
2025-05-30 15:01:51,067 - INFO - Fetched: https://www.stylekorean.com:443/shop/numbuzin-no.1-pure-glass-clean-tone-up-50ml/1661139606/
2025-05-30 15:01:52,074 - INFO - [FETCH] https://www.stylekorean.com:443/shop/numbuzin-no.2-goodbye-redness-derma-tone-up-50ml/1660713536/
2025-05-30 15:01:53,858 - INFO - Fetched: https://www.stylekorean.com:443/shop/numbuzin-no.2-goodbye-redness-derma-tone-up-50ml/1660713536/
2025-05-30 15:01:54,865 - INFO - [FETCH] https://www.stylekorean.com:443/shop/numbuzin-no.3-porcelain-base-skip-tone-up-beige-50ml/1660705834/
2025-05-30 15:01:58,207 - INFO - Fetched: https://www.stylekorean.com:443/shop/numbuzin-no.3-porcelain-base-skip-tone-up-beige-50ml/1660705834/
2025-05-30 15:01:59,214 - INFO - [FETCH] https://www.stylekorean.com:443/shop/elizavecca-skin-liar-primer-30ml/1716862854/
2025-05-30 15:02:01,505 - INFO - Fetched: https://www.stylekorean.com:443/shop/elizavecca-skin-liar-primer-30ml/1716862854/
2025-05-30 15:02:02,512 - INFO - [FETCH] https://www.stylekorean.com:443/shop/yunjac-skin-perfecting-protective-base-prep-40ml/1632901675/
2025-05-30 15:02:07,189 - INFO - Fetched: https://www.stylekorean.com:443/shop/yunjac-skin-perfecting-protective-base-prep-40ml/1632901675/
2025-05-30 15:02:08,195 - INFO - [FETCH] https://www.stylekorean.com:443/shop/etude-nymph-aura-volumer/1717481433/
2025-05-30 15:02:12,399 - INFO - Fetched: https://www.stylekorean.com:443/shop/etude-nymph-aura-volumer/1717481433/
2025-05-30 15:02:13,406 - INFO - [FETCH] https://www.stylekorean.com:443/shop/a-pieu-start-up-pore-primer-30ml/1514363530/
2025-05-30 15:02:15,276 - INFO - Fetched: https://www.stylekorean.com:443/shop/a-pieu-start-up-pore-primer-30ml/1514363530/
2025-05-30 15:02:16,283 - INFO - [FETCH] https://www.stylekorean.com:443/shop/heimish-reneweal-artless-glow-base-spf-50-pa-40ml/1726189841/
2025-05-30 15:02:19,053 - INFO - Fetched: https://www.stylekorean.com:443/shop/heimish-reneweal-artless-glow-base-spf-50-pa-40ml/1726189841/
2025-05-30 15:02:20,057 - INFO - [FETCH] https://www.stylekorean.com:443/shop/laneige-skin-veil-base-40-pure-purple-spf25-pa-30ml/14309638464085/
2025-05-30 15:02:21,799 - INFO - Fetched: https://www.stylekorean.com:443/shop/laneige-skin-veil-base-40-pure-purple-spf25-pa-30ml/14309638464085/
2025-05-30 15:02:22,806 - INFO - [DONE] Saved final data: stylekorean/data/product_details/makeup_sub_categories/Makeup_Base__21_.json
