2025-05-30 15:02:22,809 - INFO - Processing: stylekorean/data/product_urls/makeup_sub_categories/Mascara__18_.json
2025-05-30 15:02:22,811 - INFO - [FETCH] https://www.stylekorean.com:443/shop/holika-holika-lash-correcting-mascara-remover-set-2-types/1742372303/
2025-05-30 15:02:26,611 - INFO - Fetched: https://www.stylekorean.com:443/shop/holika-holika-lash-correcting-mascara-remover-set-2-types/1742372303/
2025-05-30 15:02:27,613 - INFO - [FETCH] https://www.stylekorean.com:443/shop/blessed-moon-tiny-monster-mascara-3-colors/1741673274/
2025-05-30 15:02:29,237 - INFO - Fetched: https://www.stylekorean.com:443/shop/blessed-moon-tiny-monster-mascara-3-colors/1741673274/
2025-05-30 15:02:30,238 - INFO - [FETCH] https://www.stylekorean.com:443/shop/benton-honest-black-eyelash-serum-8ml/1726020925/
2025-05-30 15:02:32,407 - INFO - Fetched: https://www.stylekorean.com:443/shop/benton-honest-black-eyelash-serum-8ml/1726020925/
2025-05-30 15:02:33,413 - INFO - [FETCH] https://www.stylekorean.com:443/shop/heimish-dailism-smudge-stop-mascara-brown-2-types/1720154745/
2025-05-30 15:02:36,602 - INFO - Fetched: https://www.stylekorean.com:443/shop/heimish-dailism-smudge-stop-mascara-brown-2-types/1720154745/
2025-05-30 15:02:37,608 - INFO - [FETCH] https://www.stylekorean.com:443/shop/fwee-j-curling-mascara-2-types/1713847557/
2025-05-30 15:02:39,493 - INFO - Fetched: https://www.stylekorean.com:443/shop/fwee-j-curling-mascara-2-types/1713847557/
2025-05-30 15:02:40,532 - INFO - [FETCH] https://www.stylekorean.com:443/shop/etude-renewal-dr.mascara-fixer-for-perfect-lash-2-types/1698715089/
2025-05-30 15:02:43,617 - INFO - Fetched: https://www.stylekorean.com:443/shop/etude-renewal-dr.mascara-fixer-for-perfect-lash-2-types/1698715089/
2025-05-30 15:02:44,618 - INFO - [FETCH] https://www.stylekorean.com:443/shop/clio-sharp-so-simple-mascara-2-types/1687247037/
2025-05-30 15:02:47,971 - INFO - Fetched: https://www.stylekorean.com:443/shop/clio-sharp-so-simple-mascara-2-types/1687247037/
2025-05-30 15:02:48,977 - INFO - [FETCH] https://www.stylekorean.com:443/shop/etude-renewal-my-lash-serum-9ml/1717034450/
2025-05-30 15:02:53,045 - INFO - Fetched: https://www.stylekorean.com:443/shop/etude-renewal-my-lash-serum-9ml/1717034450/
2025-05-30 15:02:54,052 - INFO - [FETCH] https://www.stylekorean.com:443/shop/farmstay-visible-difference-volume-up-mascara/1638324520/
2025-05-30 15:02:55,723 - INFO - Fetched: https://www.stylekorean.com:443/shop/farmstay-visible-difference-volume-up-mascara/1638324520/
2025-05-30 15:02:56,724 - INFO - [FETCH] https://www.stylekorean.com:443/shop/cosnori-dynamic-setting-washable-mascara-7ml-2-type/1632897665/
2025-05-30 15:02:58,785 - INFO - Fetched: https://www.stylekorean.com:443/shop/cosnori-dynamic-setting-washable-mascara-7ml-2-type/1632897665/
2025-05-30 15:02:59,791 - INFO - [FETCH] https://www.stylekorean.com:443/shop/etude-renewal-curl-fix-mascara-4-colors/1698721299/
2025-05-30 15:03:01,496 - INFO - Fetched: https://www.stylekorean.com:443/shop/etude-renewal-curl-fix-mascara-4-colors/1698721299/
2025-05-30 15:03:02,498 - INFO - [FETCH] https://www.stylekorean.com:443/shop/benton-honest-eyelash-serum-10ml/1614138537/
2025-05-30 15:03:05,342 - INFO - Fetched: https://www.stylekorean.com:443/shop/benton-honest-eyelash-serum-10ml/1614138537/
2025-05-30 15:03:06,349 - INFO - [FETCH] https://www.stylekorean.com:443/shop/rom-nd-han-all-fix-mascara-4-types/1627954968/
2025-05-30 15:03:10,352 - INFO - Fetched: https://www.stylekorean.com:443/shop/rom-nd-han-all-fix-mascara-4-types/1627954968/
2025-05-30 15:03:11,359 - INFO - [FETCH] https://www.stylekorean.com:443/shop/peripera-ink-black-cara-3-types/1608774831/
2025-05-30 15:03:13,636 - INFO - Fetched: https://www.stylekorean.com:443/shop/peripera-ink-black-cara-3-types/1608774831/
2025-05-30 15:03:14,642 - INFO - [FETCH] https://www.stylekorean.com:443/shop/missha-ultra-powerproof-mascara-2-types/1598601376/
2025-05-30 15:03:16,458 - INFO - Fetched: https://www.stylekorean.com:443/shop/missha-ultra-powerproof-mascara-2-types/1598601376/
2025-05-30 15:03:17,465 - INFO - [FETCH] https://www.stylekorean.com:443/shop/clio-new-kill-lash-super-proof-mascara-3-types/1556066795/
2025-05-30 15:03:19,437 - INFO - Fetched: https://www.stylekorean.com:443/shop/clio-new-kill-lash-super-proof-mascara-3-types/1556066795/
2025-05-30 15:03:20,439 - INFO - [FETCH] https://www.stylekorean.com:443/shop/heimish-timedeal-dailism-smudge-stop-mascara-2-types/1462168428/
2025-05-30 15:03:25,153 - INFO - Fetched: https://www.stylekorean.com:443/shop/heimish-timedeal-dailism-smudge-stop-mascara-2-types/1462168428/
2025-05-30 15:03:26,160 - INFO - [FETCH] https://www.stylekorean.com:443/shop/missha-4d-mascara/14309639764549/
2025-05-30 15:03:28,200 - INFO - Fetched: https://www.stylekorean.com:443/shop/missha-4d-mascara/14309639764549/
2025-05-30 15:03:29,208 - INFO - [DONE] Saved final data: stylekorean/data/product_details/makeup_sub_categories/Mascara__18_.json
