2025-05-30 15:09:43,670 - INFO - Processing: stylekorean/data/product_urls/makeup_sub_categories/Powder___Pact__13_.json
2025-05-30 15:09:43,672 - INFO - [FETCH] https://www.stylekorean.com:443/shop/vt-cosmetics-cica-no-sebum-uv-powder/1745913538/
2025-05-30 15:09:45,551 - INFO - Fetched: https://www.stylekorean.com:443/shop/vt-cosmetics-cica-no-sebum-uv-powder/1745913538/
2025-05-30 15:09:46,557 - INFO - [FETCH] https://www.stylekorean.com:443/shop/banila-co-prime-primer-finish-powder/1733812645/
2025-05-30 15:09:49,815 - INFO - Fetched: https://www.stylekorean.com:443/shop/banila-co-prime-primer-finish-powder/1733812645/
2025-05-30 15:09:50,821 - INFO - [FETCH] https://www.stylekorean.com:443/shop/vt-cosmetics-cica-no-sebum-mild-powder/1731540943/
2025-05-30 15:09:54,785 - INFO - Fetched: https://www.stylekorean.com:443/shop/vt-cosmetics-cica-no-sebum-mild-powder/1731540943/
2025-05-30 15:09:55,791 - INFO - [FETCH] https://www.stylekorean.com:443/shop/hince-second-skin-airy-powder-2-types/1716777139/
2025-05-30 15:09:57,762 - INFO - Fetched: https://www.stylekorean.com:443/shop/hince-second-skin-airy-powder-2-types/1716777139/
2025-05-30 15:09:58,765 - INFO - [FETCH] https://www.stylekorean.com:443/shop/tfit-new-translucent-set-finishing-powder-5-colors/1715305563/
2025-05-30 15:10:01,349 - INFO - Fetched: https://www.stylekorean.com:443/shop/tfit-new-translucent-set-finishing-powder-5-colors/1715305563/
2025-05-30 15:10:02,352 - INFO - [FETCH] https://www.stylekorean.com:443/shop/etude-sebum-soak-powder-5g/1704682064/
2025-05-30 15:10:04,407 - INFO - Fetched: https://www.stylekorean.com:443/shop/etude-sebum-soak-powder-5g/1704682064/
2025-05-30 15:10:05,411 - INFO - [FETCH] https://www.stylekorean.com:443/shop/etude-sebum-soak-pact-9.5g/1704681606/
2025-05-30 15:10:15,976 - ERROR - [ERROR] Fetching https://www.stylekorean.com:443/shop/etude-sebum-soak-pact-9.5g/1704681606/: HTTPSConnectionPool(host='www.stylekorean.com', port=443): Read timed out. (read timeout=10)
2025-05-30 15:10:16,979 - INFO - [FETCH] https://www.stylekorean.com:443/shop/innisfree-renewal-no-sebum-mineral-powder-5g/1700718355/
2025-05-30 15:10:20,302 - INFO - Fetched: https://www.stylekorean.com:443/shop/innisfree-renewal-no-sebum-mineral-powder-5g/1700718355/
2025-05-30 15:10:21,308 - INFO - [FETCH] https://www.stylekorean.com:443/shop/skinfood-renewal-peach-cotton-multi-finish-powder-5g/1709098342/
2025-05-30 15:10:24,733 - INFO - Fetched: https://www.stylekorean.com:443/shop/skinfood-renewal-peach-cotton-multi-finish-powder-5g/1709098342/
2025-05-30 15:10:25,739 - INFO - [FETCH] https://www.stylekorean.com:443/shop/heimish-moringa-ceramide-pressed-setting-powder/1654744782/
2025-05-30 15:10:28,936 - INFO - Fetched: https://www.stylekorean.com:443/shop/heimish-moringa-ceramide-pressed-setting-powder/1654744782/
2025-05-30 15:10:29,943 - INFO - [FETCH] https://www.stylekorean.com:443/shop/etude-renewal-zero-sebum-drying-powder/1717742420/
2025-05-30 15:10:32,121 - INFO - Fetched: https://www.stylekorean.com:443/shop/etude-renewal-zero-sebum-drying-powder/1717742420/
2025-05-30 15:10:33,123 - INFO - [FETCH] https://www.stylekorean.com:443/shop/peripera-oil-capture-cooling-powder/1636351724/
2025-05-30 15:10:37,437 - INFO - Fetched: https://www.stylekorean.com:443/shop/peripera-oil-capture-cooling-powder/1636351724/
2025-05-30 15:10:38,444 - INFO - [FETCH] https://www.stylekorean.com:443/shop/missha-radiance-pact-spf27-pa-2-colors/14309639584490/
2025-05-30 15:10:42,238 - INFO - Fetched: https://www.stylekorean.com:443/shop/missha-radiance-pact-spf27-pa-2-colors/14309639584490/
2025-05-30 15:10:43,244 - INFO - [DONE] Saved final data: stylekorean/data/product_details/makeup_sub_categories/Powder___Pact__13_.json
