2025-05-30 14:29:21,589 - INFO - Processing: stylekorean/data/product_urls/skincare_sub_categories/Cleansing_Foam__214_.json
2025-05-30 14:29:21,592 - INFO - [FETCH] https://www.stylekorean.com:443/shop/menokin-30-seconds-bubble-cleanser-150ml-4-types/1747723755/
2025-05-30 14:29:23,546 - INFO - Fetched: https://www.stylekorean.com:443/shop/menokin-30-seconds-bubble-cleanser-150ml-4-types/1747723755/
2025-05-30 14:29:24,552 - INFO - [FETCH] https://www.stylekorean.com:443/shop/biodance-collagen-mask-to-foam-cleanser-150ml/1747640538/
2025-05-30 14:29:26,850 - INFO - Fetched: https://www.stylekorean.com:443/shop/biodance-collagen-mask-to-foam-cleanser-150ml/1747640538/
2025-05-30 14:29:27,856 - INFO - [FETCH] https://www.stylekorean.com:443/shop/fation-nosca9-deep-pore-cleansing-foam-150ml/1747283263/
2025-05-30 14:29:30,417 - INFO - Fetched: https://www.stylekorean.com:443/shop/fation-nosca9-deep-pore-cleansing-foam-150ml/1747283263/
2025-05-30 14:29:31,419 - INFO - [FETCH] https://www.stylekorean.com:443/shop/aprilskin-txa-niacinamide-99-deep-cleanser-120g/1747267554/
2025-05-30 14:29:33,507 - INFO - Fetched: https://www.stylekorean.com:443/shop/aprilskin-txa-niacinamide-99-deep-cleanser-120g/1747267554/
2025-05-30 14:29:34,513 - INFO - [FETCH] https://www.stylekorean.com:443/shop/anua-renewal-heartleaf-quercetinol-pore-deep-cleansing-foam-150ml/1745996748/
2025-05-30 14:29:37,881 - INFO - Fetched: https://www.stylekorean.com:443/shop/anua-renewal-heartleaf-quercetinol-pore-deep-cleansing-foam-150ml/1745996748/
2025-05-30 14:29:38,887 - INFO - [FETCH] https://www.stylekorean.com:443/shop/iunik-beta-glucan-barrier-sunscreen-60ml/1744873176/
2025-05-30 14:29:45,266 - INFO - Fetched: https://www.stylekorean.com:443/shop/iunik-beta-glucan-barrier-sunscreen-60ml/1744873176/
2025-05-30 14:29:46,268 - INFO - [FETCH] https://www.stylekorean.com:443/shop/iunik-calendula-balancing-foam-gel-cleanser-150ml/1744872344/
2025-05-30 14:29:48,058 - INFO - Fetched: https://www.stylekorean.com:443/shop/iunik-calendula-balancing-foam-gel-cleanser-150ml/1744872344/
2025-05-30 14:29:49,062 - INFO - [FETCH] https://www.stylekorean.com:443/shop/zipiderm-egf-skin-barrier-cleansing-foam-120ml/1744679627/
2025-05-30 14:29:51,817 - INFO - Fetched: https://www.stylekorean.com:443/shop/zipiderm-egf-skin-barrier-cleansing-foam-120ml/1744679627/
2025-05-30 14:29:52,819 - INFO - [FETCH] https://www.stylekorean.com:443/shop/delphyr-liposome-daily-cleansing-foam-120ml/1744173593/
2025-05-30 14:29:54,753 - INFO - Fetched: https://www.stylekorean.com:443/shop/delphyr-liposome-daily-cleansing-foam-120ml/1744173593/
2025-05-30 14:29:55,757 - INFO - [FETCH] https://www.stylekorean.com:443/shop/filflo-rolling-milk-facial-cleanser-240ml-plastic-type/1742955089/
2025-05-30 14:29:57,898 - INFO - Fetched: https://www.stylekorean.com:443/shop/filflo-rolling-milk-facial-cleanser-240ml-plastic-type/1742955089/
2025-05-30 14:29:58,899 - INFO - [FETCH] https://www.stylekorean.com:443/shop/jumiso-waterfull-hyaluronic-acid-cleansing-foam-150ml/1742353198/
2025-05-30 14:30:02,463 - INFO - Fetched: https://www.stylekorean.com:443/shop/jumiso-waterfull-hyaluronic-acid-cleansing-foam-150ml/1742353198/
2025-05-30 14:30:03,468 - INFO - [FETCH] https://www.stylekorean.com:443/shop/arencia-green-tea-lha-deep-pore-rice-cake-cleanser-150ml/1740027678/
2025-05-30 14:30:07,187 - INFO - Fetched: https://www.stylekorean.com:443/shop/arencia-green-tea-lha-deep-pore-rice-cake-cleanser-150ml/1740027678/
2025-05-30 14:30:08,193 - INFO - [FETCH] https://www.stylekorean.com:443/shop/aprilskin-calendula-low-ph-foam-cleanser-200g/1739844624/
2025-05-30 14:30:10,045 - INFO - Fetched: https://www.stylekorean.com:443/shop/aprilskin-calendula-low-ph-foam-cleanser-200g/1739844624/
2025-05-30 14:30:11,050 - INFO - [FETCH] https://www.stylekorean.com:443/shop/aprilskin-real-carrotene-acne-foam-cleanser-120ml/1739760393/
2025-05-30 14:30:12,704 - INFO - Fetched: https://www.stylekorean.com:443/shop/aprilskin-real-carrotene-acne-foam-cleanser-120ml/1739760393/
2025-05-30 14:30:13,707 - INFO - [FETCH] https://www.stylekorean.com:443/shop/shaishaishai-green-papaya-ph-balanced-cleanser-150ml/1737425418/
2025-05-30 14:30:15,375 - INFO - Fetched: https://www.stylekorean.com:443/shop/shaishaishai-green-papaya-ph-balanced-cleanser-150ml/1737425418/
2025-05-30 14:30:16,377 - INFO - [FETCH] https://www.stylekorean.com:443/shop/shaishaishai-green-papaya-body-face-cleanser-150ml/1737423989/
2025-05-30 14:30:17,912 - INFO - Fetched: https://www.stylekorean.com:443/shop/shaishaishai-green-papaya-body-face-cleanser-150ml/1737423989/
2025-05-30 14:30:18,917 - INFO - [FETCH] https://www.stylekorean.com:443/shop/huecalm-kintsugi-glow-boosting-cleansing-foam-160ml/1736925223/
2025-05-30 14:30:20,683 - INFO - Fetched: https://www.stylekorean.com:443/shop/huecalm-kintsugi-glow-boosting-cleansing-foam-160ml/1736925223/
2025-05-30 14:30:21,689 - INFO - [FETCH] https://www.stylekorean.com:443/shop/huecalm-heartleaf-calming-cleansing-foam-120ml/1736924448/
2025-05-30 14:30:23,215 - INFO - Fetched: https://www.stylekorean.com:443/shop/huecalm-heartleaf-calming-cleansing-foam-120ml/1736924448/
2025-05-30 14:30:24,217 - INFO - [FETCH] https://www.stylekorean.com:443/shop/kopher-clay-prime-pack-to-foam-80ml/1736738104/
2025-05-30 14:30:25,707 - INFO - Fetched: https://www.stylekorean.com:443/shop/kopher-clay-prime-pack-to-foam-80ml/1736738104/
2025-05-30 14:30:26,711 - INFO - [FETCH] https://www.stylekorean.com:443/shop/heveblue-salmon-caring-centella-bubble-cleanser-200ml/1736225716/
2025-05-30 14:30:28,161 - INFO - Fetched: https://www.stylekorean.com:443/shop/heveblue-salmon-caring-centella-bubble-cleanser-200ml/1736225716/
2025-05-30 14:30:29,167 - INFO - [FETCH] https://www.stylekorean.com:443/shop/fully-green-tomato-gelato-pack-cleanser-100ml/1734409755/
2025-05-30 14:30:30,844 - INFO - Fetched: https://www.stylekorean.com:443/shop/fully-green-tomato-gelato-pack-cleanser-100ml/1734409755/
2025-05-30 14:30:31,847 - INFO - [FETCH] https://www.stylekorean.com:443/shop/d-alba-mild-skin-balancing-vegan-cleanser-200ml/1733358087/
2025-05-30 14:30:33,523 - INFO - Fetched: https://www.stylekorean.com:443/shop/d-alba-mild-skin-balancing-vegan-cleanser-200ml/1733358087/
2025-05-30 14:30:34,529 - INFO - [FETCH] https://www.stylekorean.com:443/shop/sungboon-editor-centell-lacto-ac-less-clearing-foam-150ml/1733119695/
2025-05-30 14:30:36,154 - INFO - Fetched: https://www.stylekorean.com:443/shop/sungboon-editor-centell-lacto-ac-less-clearing-foam-150ml/1733119695/
2025-05-30 14:30:37,156 - INFO - [FETCH] https://www.stylekorean.com:443/shop/sungboon-editor-green-tomato-deep-pore-cleansing-ultra-whipping-foam/1733104356/
2025-05-30 14:30:38,815 - INFO - Fetched: https://www.stylekorean.com:443/shop/sungboon-editor-green-tomato-deep-pore-cleansing-ultra-whipping-foam/1733104356/
2025-05-30 14:30:39,821 - INFO - [FETCH] https://www.stylekorean.com:443/shop/purito-seoul-mighty-bamboo-panthenol-cleanser-150ml/1731484456/
2025-05-30 14:30:43,264 - INFO - Fetched: https://www.stylekorean.com:443/shop/purito-seoul-mighty-bamboo-panthenol-cleanser-150ml/1731484456/
2025-05-30 14:30:44,268 - INFO - [FETCH] https://www.stylekorean.com:443/shop/fully-green-tomato-clay-pack-cleanser-120ml/1730944497/
2025-05-30 14:30:46,961 - INFO - Fetched: https://www.stylekorean.com:443/shop/fully-green-tomato-clay-pack-cleanser-120ml/1730944497/
2025-05-30 14:30:47,968 - INFO - [FETCH] https://www.stylekorean.com:443/shop/arencia-renew-black-tea-yuzu-cleanser-120g/1741593503/
2025-05-30 14:30:50,700 - INFO - Fetched: https://www.stylekorean.com:443/shop/arencia-renew-black-tea-yuzu-cleanser-120g/1741593503/
2025-05-30 14:30:51,704 - INFO - [FETCH] https://www.stylekorean.com:443/shop/dr.melaxin-melting-cleanser-150ml/1730253203/
2025-05-30 14:30:53,613 - INFO - Fetched: https://www.stylekorean.com:443/shop/dr.melaxin-melting-cleanser-150ml/1730253203/
2025-05-30 14:30:54,620 - INFO - [FETCH] https://www.stylekorean.com:443/shop/iunik-centella-mild-cleansing-foam-120ml/1730094251/
2025-05-30 14:30:56,635 - INFO - Fetched: https://www.stylekorean.com:443/shop/iunik-centella-mild-cleansing-foam-120ml/1730094251/
2025-05-30 14:30:57,640 - INFO - [FETCH] https://www.stylekorean.com:443/shop/iunik-centella-bubble-cleansing-foam-150ml/1730093917/
2025-05-30 14:31:00,019 - INFO - Fetched: https://www.stylekorean.com:443/shop/iunik-centella-bubble-cleansing-foam-150ml/1730093917/
2025-05-30 14:31:01,024 - INFO - [FETCH] https://www.stylekorean.com:443/shop/pyunkang-yul-pore-out-cleansing-cake-100g/1729641762/
2025-05-30 14:31:02,924 - INFO - Fetched: https://www.stylekorean.com:443/shop/pyunkang-yul-pore-out-cleansing-cake-100g/1729641762/
2025-05-30 14:31:03,926 - INFO - [FETCH] https://www.stylekorean.com:443/shop/vt-cosmetics-reedle-shot-cleanser-80ml/1728951258/
2025-05-30 14:31:05,437 - INFO - Fetched: https://www.stylekorean.com:443/shop/vt-cosmetics-reedle-shot-cleanser-80ml/1728951258/
2025-05-30 14:31:06,445 - INFO - [FETCH] https://www.stylekorean.com:443/shop/vt-cosmetics-reedle-shot-synergy-cleansing-gel-150ml/1728951091/
2025-05-30 14:31:08,011 - INFO - Fetched: https://www.stylekorean.com:443/shop/vt-cosmetics-reedle-shot-synergy-cleansing-gel-150ml/1728951091/
2025-05-30 14:31:09,014 - INFO - [FETCH] https://www.stylekorean.com:443/shop/arencia-rice-mucin-cleanser-120g/1728529593/
2025-05-30 14:31:11,382 - INFO - Fetched: https://www.stylekorean.com:443/shop/arencia-rice-mucin-cleanser-120g/1728529593/
2025-05-30 14:31:12,388 - INFO - [FETCH] https://www.stylekorean.com:443/shop/arencia-renew-l-aromatique-calendula-cleanser-120g/1741593466/
2025-05-30 14:31:14,482 - INFO - Fetched: https://www.stylekorean.com:443/shop/arencia-renew-l-aromatique-calendula-cleanser-120g/1741593466/
2025-05-30 14:31:15,487 - INFO - [FETCH] https://www.stylekorean.com:443/shop/purito-seoul-from-green-deep-foaming-cleanser-150ml/1725943658/
2025-05-30 14:31:17,221 - INFO - Fetched: https://www.stylekorean.com:443/shop/purito-seoul-from-green-deep-foaming-cleanser-150ml/1725943658/
2025-05-30 14:31:18,228 - INFO - [FETCH] https://www.stylekorean.com:443/shop/12grabs-my-bha-faming-cleanser-200ml/1725521441/
2025-05-30 14:31:19,794 - INFO - Fetched: https://www.stylekorean.com:443/shop/12grabs-my-bha-faming-cleanser-200ml/1725521441/
2025-05-30 14:31:20,801 - INFO - [FETCH] https://www.stylekorean.com:443/shop/medicube-red-foam-cleanser-120ml/1724831618/
2025-05-30 14:31:22,866 - INFO - Fetched: https://www.stylekorean.com:443/shop/medicube-red-foam-cleanser-120ml/1724831618/
2025-05-30 14:31:23,873 - INFO - [FETCH] https://www.stylekorean.com:443/shop/medicube-zero-foam-cleanser-120g/1724831148/
2025-05-30 14:31:28,270 - INFO - Fetched: https://www.stylekorean.com:443/shop/medicube-zero-foam-cleanser-120g/1724831148/
2025-05-30 14:31:29,275 - INFO - [FETCH] https://www.stylekorean.com:443/shop/veganifect-clean-and-glow-green-barley-gel-cleanser-205ml/1724830055/
2025-05-30 14:31:32,376 - INFO - Fetched: https://www.stylekorean.com:443/shop/veganifect-clean-and-glow-green-barley-gel-cleanser-205ml/1724830055/
2025-05-30 14:31:33,382 - INFO - [FETCH] https://www.stylekorean.com:443/shop/veganifect-clean-and-glow-green-barley-lha-deep-cleansing-foam-165ml/1724829440/
2025-05-30 14:31:36,772 - INFO - Fetched: https://www.stylekorean.com:443/shop/veganifect-clean-and-glow-green-barley-lha-deep-cleansing-foam-165ml/1724829440/
2025-05-30 14:31:37,777 - INFO - [FETCH] https://www.stylekorean.com:443/shop/make-prem-renewal-safe-me-relief-moisture-cleansing-foam-100ml/1748309514/
2025-05-30 14:31:39,577 - INFO - Fetched: https://www.stylekorean.com:443/shop/make-prem-renewal-safe-me-relief-moisture-cleansing-foam-100ml/1748309514/
2025-05-30 14:31:40,583 - INFO - [FETCH] https://www.stylekorean.com:443/shop/arencia-renew-blue-hyssop-cleanser-120g/1741593313/
2025-05-30 14:31:42,917 - INFO - Fetched: https://www.stylekorean.com:443/shop/arencia-renew-blue-hyssop-cleanser-120g/1741593313/
2025-05-30 14:31:43,924 - INFO - [FETCH] https://www.stylekorean.com:443/shop/make-prem-intecaÔäósoothing-foam-150ml/1722903932/
2025-05-30 14:31:46,478 - INFO - Fetched: https://www.stylekorean.com:443/shop/make-prem-intecaÔäósoothing-foam-150ml/1722903932/
2025-05-30 14:31:47,486 - INFO - [FETCH] https://www.stylekorean.com:443/shop/arencia-renew-fresh-royal-rosehip-cleanser-120g/1743400764/
2025-05-30 14:31:51,986 - INFO - Fetched: https://www.stylekorean.com:443/shop/arencia-renew-fresh-royal-rosehip-cleanser-120g/1743400764/
2025-05-30 14:31:52,990 - INFO - [FETCH] https://www.stylekorean.com:443/shop/arencia-renew-fresh-green-rice-mochi-cleanser-120g/1744705258/
2025-05-30 14:31:55,243 - INFO - Fetched: https://www.stylekorean.com:443/shop/arencia-renew-fresh-green-rice-mochi-cleanser-120g/1744705258/
2025-05-30 14:31:56,247 - INFO - [FETCH] https://www.stylekorean.com:443/shop/belif-super-knights-pore-firming-vegan-pack-cleanser-150ml/1722320991/
2025-05-30 14:31:58,122 - INFO - Fetched: https://www.stylekorean.com:443/shop/belif-super-knights-pore-firming-vegan-pack-cleanser-150ml/1722320991/
2025-05-30 14:31:59,128 - INFO - [FETCH] https://www.stylekorean.com:443/shop/belif-super-knights-bright-toning-vegan-pack-cleanser-150ml/1722320719/
2025-05-30 14:32:00,857 - INFO - Fetched: https://www.stylekorean.com:443/shop/belif-super-knights-bright-toning-vegan-pack-cleanser-150ml/1722320719/
2025-05-30 14:32:01,860 - INFO - [FETCH] https://www.stylekorean.com:443/shop/ksecret-seoul-1988-cleansing-foam-pine-cica-1-probiotics-150ml/1722316843/
2025-05-30 14:32:04,877 - INFO - Fetched: https://www.stylekorean.com:443/shop/ksecret-seoul-1988-cleansing-foam-pine-cica-1-probiotics-150ml/1722316843/
2025-05-30 14:32:05,880 - INFO - [FETCH] https://www.stylekorean.com:443/shop/some-by-mi-renewal-lactosoy-mild-bubble-peeling-cleanser-180ml/1722314160/
2025-05-30 14:32:09,986 - INFO - Fetched: https://www.stylekorean.com:443/shop/some-by-mi-renewal-lactosoy-mild-bubble-peeling-cleanser-180ml/1722314160/
2025-05-30 14:32:10,990 - INFO - [FETCH] https://www.stylekorean.com:443/shop/anua-rice-enzyme-brightening-cleansing-powder-40g/1721639755/
2025-05-30 14:32:14,227 - INFO - Fetched: https://www.stylekorean.com:443/shop/anua-rice-enzyme-brightening-cleansing-powder-40g/1721639755/
2025-05-30 14:32:15,235 - INFO - [FETCH] https://www.stylekorean.com:443/shop/anua-8-hyaluronic-acid-hydrating-gentle-foaming-cleanser-150ml/1721639601/
2025-05-30 14:32:17,630 - INFO - Fetched: https://www.stylekorean.com:443/shop/anua-8-hyaluronic-acid-hydrating-gentle-foaming-cleanser-150ml/1721639601/
2025-05-30 14:32:18,636 - INFO - [FETCH] https://www.stylekorean.com:443/shop/nard-tea-tree-low-ph-cleansing-foam-150ml/1720588321/
2025-05-30 14:32:20,141 - INFO - Fetched: https://www.stylekorean.com:443/shop/nard-tea-tree-low-ph-cleansing-foam-150ml/1720588321/
2025-05-30 14:32:21,144 - INFO - [FETCH] https://www.stylekorean.com:443/shop/wonder-bath-ph-balancing-pha-cleansing-foam-130ml/1720490997/
2025-05-30 14:32:22,639 - INFO - Fetched: https://www.stylekorean.com:443/shop/wonder-bath-ph-balancing-pha-cleansing-foam-130ml/1720490997/
2025-05-30 14:32:23,646 - INFO - [FETCH] https://www.stylekorean.com:443/shop/tocobo-cica-calming-powder-wash-50g/1719540193/
2025-05-30 14:32:25,617 - INFO - Fetched: https://www.stylekorean.com:443/shop/tocobo-cica-calming-powder-wash-50g/1719540193/
2025-05-30 14:32:26,626 - INFO - [FETCH] https://www.stylekorean.com:443/shop/numbuzin-no.3-rice-enzyme-skin-softening-cleansing-foam-170ml/1719302431/
2025-05-30 14:32:28,456 - INFO - Fetched: https://www.stylekorean.com:443/shop/numbuzin-no.3-rice-enzyme-skin-softening-cleansing-foam-170ml/1719302431/
2025-05-30 14:32:29,465 - INFO - [FETCH] https://www.stylekorean.com:443/shop/ginger6-hydrating-foam-cleanser-150ml/1719276880/
2025-05-30 14:32:30,953 - INFO - Fetched: https://www.stylekorean.com:443/shop/ginger6-hydrating-foam-cleanser-150ml/1719276880/
2025-05-30 14:32:31,959 - INFO - [FETCH] https://www.stylekorean.com:443/shop/needly-mild-cleansing-foam-150ml/1718671734/
2025-05-30 14:32:34,352 - INFO - Fetched: https://www.stylekorean.com:443/shop/needly-mild-cleansing-foam-150ml/1718671734/
2025-05-30 14:32:35,359 - INFO - [FETCH] https://www.stylekorean.com:443/shop/blithe-anti-polluaging-pore-cleansing-foam-bha-0.5-150ml/1718170623/
2025-05-30 14:32:38,124 - INFO - Fetched: https://www.stylekorean.com:443/shop/blithe-anti-polluaging-pore-cleansing-foam-bha-0.5-150ml/1718170623/
2025-05-30 14:32:39,133 - INFO - [FETCH] https://www.stylekorean.com:443/shop/g9skin-cica-teatree-5x-pack-cleanser-150ml/1718169233/
2025-05-30 14:32:40,899 - INFO - Fetched: https://www.stylekorean.com:443/shop/g9skin-cica-teatree-5x-pack-cleanser-150ml/1718169233/
2025-05-30 14:32:41,907 - INFO - [FETCH] https://www.stylekorean.com:443/shop/kaine-kombu-hydrating-daily-cleanser-155g/1718154980/
2025-05-30 14:32:43,970 - INFO - Fetched: https://www.stylekorean.com:443/shop/kaine-kombu-hydrating-daily-cleanser-155g/1718154980/
2025-05-30 14:32:44,978 - INFO - [FETCH] https://www.stylekorean.com:443/shop/nooni-snowflake-whipping-cleanser-150ml/1717460371/
2025-05-30 14:32:46,875 - INFO - Fetched: https://www.stylekorean.com:443/shop/nooni-snowflake-whipping-cleanser-150ml/1717460371/
2025-05-30 14:32:47,880 - INFO - [FETCH] https://www.stylekorean.com:443/shop/rovectin-renewal-aqua-gentle-cleansing-gel-175ml/1690938084/
2025-05-30 14:32:50,324 - INFO - Fetched: https://www.stylekorean.com:443/shop/rovectin-renewal-aqua-gentle-cleansing-gel-175ml/1690938084/
2025-05-30 14:32:51,327 - INFO - [FETCH] https://www.stylekorean.com:443/shop/anua-renewal-heartleaf-succinic-moisture-cleansing-foam-150ml/1729738026/
2025-05-30 14:32:54,056 - INFO - Fetched: https://www.stylekorean.com:443/shop/anua-renewal-heartleaf-succinic-moisture-cleansing-foam-150ml/1729738026/
2025-05-30 14:32:55,062 - INFO - [FETCH] https://www.stylekorean.com:443/shop/dr.althea-green-relief-amino-gel-cleanser-100ml/1711524568/
2025-05-30 14:32:57,257 - INFO - Fetched: https://www.stylekorean.com:443/shop/dr.althea-green-relief-amino-gel-cleanser-100ml/1711524568/
2025-05-30 14:32:58,265 - INFO - [FETCH] https://www.stylekorean.com:443/shop/biodance-soothing-barrier-cleansing-foam-120ml/1710923502/
2025-05-30 14:33:00,486 - INFO - Fetched: https://www.stylekorean.com:443/shop/biodance-soothing-barrier-cleansing-foam-120ml/1710923502/
2025-05-30 14:33:01,490 - INFO - [FETCH] https://www.stylekorean.com:443/shop/a-pieu-deep-clean-foam-cleanser-pore/1709166356/
2025-05-30 14:33:03,940 - INFO - Fetched: https://www.stylekorean.com:443/shop/a-pieu-deep-clean-foam-cleanser-pore/1709166356/
2025-05-30 14:33:04,949 - INFO - [FETCH] https://www.stylekorean.com:443/shop/snp-prep-salironic-foam-cleanser-150ml/1707119210/
2025-05-30 14:33:06,797 - INFO - Fetched: https://www.stylekorean.com:443/shop/snp-prep-salironic-foam-cleanser-150ml/1707119210/
2025-05-30 14:33:07,805 - INFO - [FETCH] https://www.stylekorean.com:443/shop/sioris-drops-of-omija-calming-mist-100ml/1706687426/
2025-05-30 14:33:09,358 - INFO - Fetched: https://www.stylekorean.com:443/shop/sioris-drops-of-omija-calming-mist-100ml/1706687426/
2025-05-30 14:33:10,366 - INFO - [FETCH] https://www.stylekorean.com:443/shop/etude-renewal-soon-jung-whip-cleanser-250ml/1705975221/
2025-05-30 14:33:13,198 - INFO - Fetched: https://www.stylekorean.com:443/shop/etude-renewal-soon-jung-whip-cleanser-250ml/1705975221/
2025-05-30 14:33:14,202 - INFO - [FETCH] https://www.stylekorean.com:443/shop/jumiso-pore-purifying-salicylic-acid-foaming-cleanser-120g/1705910195/
2025-05-30 14:33:18,881 - INFO - Fetched: https://www.stylekorean.com:443/shop/jumiso-pore-purifying-salicylic-acid-foaming-cleanser-120g/1705910195/
2025-05-30 14:33:19,887 - INFO - [FETCH] https://www.stylekorean.com:443/shop/dr.ceuracle-pro-balance-morning-enzyme-wash-50g/1705376920/
2025-05-30 14:33:21,961 - INFO - Fetched: https://www.stylekorean.com:443/shop/dr.ceuracle-pro-balance-morning-enzyme-wash-50g/1705376920/
2025-05-30 14:33:22,969 - INFO - [FETCH] https://www.stylekorean.com:443/shop/dr.g-ph-cleansing-r.e.d-blemish-clear-soothing-foam-150ml/1704960710/
2025-05-30 14:33:26,170 - INFO - Fetched: https://www.stylekorean.com:443/shop/dr.g-ph-cleansing-r.e.d-blemish-clear-soothing-foam-150ml/1704960710/
2025-05-30 14:33:27,174 - INFO - [FETCH] https://www.stylekorean.com:443/shop/round-lab-1025-dokdo-cleansing-gel-150ml/1744847896/
2025-05-30 14:33:29,055 - INFO - Fetched: https://www.stylekorean.com:443/shop/round-lab-1025-dokdo-cleansing-gel-150ml/1744847896/
2025-05-30 14:33:30,064 - INFO - [FETCH] https://www.stylekorean.com:443/shop/round-lab-pine-calming-cica-cleanser-150ml/1704433168/
2025-05-30 14:33:32,607 - INFO - Fetched: https://www.stylekorean.com:443/shop/round-lab-pine-calming-cica-cleanser-150ml/1704433168/
2025-05-30 14:33:33,616 - INFO - [FETCH] https://www.stylekorean.com:443/shop/heimish-all-clean-gentle-exfoliating-gel-cleanser-130ml/1702538919/
2025-05-30 14:33:35,556 - INFO - Fetched: https://www.stylekorean.com:443/shop/heimish-all-clean-gentle-exfoliating-gel-cleanser-130ml/1702538919/
2025-05-30 14:33:36,560 - INFO - [FETCH] https://www.stylekorean.com:443/shop/aplb-glutathione-niacinamide-facial-cleanser-80ml/1701758389/
2025-05-30 14:33:39,914 - INFO - Fetched: https://www.stylekorean.com:443/shop/aplb-glutathione-niacinamide-facial-cleanser-80ml/1701758389/
2025-05-30 14:33:40,923 - INFO - [FETCH] https://www.stylekorean.com:443/shop/belif-aqua-bomb-smart-cleansing-oil-balm-100ml/1700615545/
2025-05-30 14:33:42,420 - INFO - Fetched: https://www.stylekorean.com:443/shop/belif-aqua-bomb-smart-cleansing-oil-balm-100ml/1700615545/
2025-05-30 14:33:43,429 - INFO - [FETCH] https://www.stylekorean.com:443/shop/haruharu-wonder-black-rice-triple-aha-gentle-cleansing-gel-100ml/1700549211/
2025-05-30 14:33:45,991 - INFO - Fetched: https://www.stylekorean.com:443/shop/haruharu-wonder-black-rice-triple-aha-gentle-cleansing-gel-100ml/1700549211/
2025-05-30 14:33:47,005 - INFO - [FETCH] https://www.stylekorean.com:443/shop/acwell-renewal-ph-balancing-soothing-cleansing-foam-150ml/1699859721/
2025-05-30 14:33:48,530 - INFO - Fetched: https://www.stylekorean.com:443/shop/acwell-renewal-ph-balancing-soothing-cleansing-foam-150ml/1699859721/
2025-05-30 14:33:49,539 - INFO - [FETCH] https://www.stylekorean.com:443/shop/some-by-mi-yuja-naiacine-brightening-all-in-one-cleanser-100ml/1698375110/
2025-05-30 14:33:53,086 - INFO - Fetched: https://www.stylekorean.com:443/shop/some-by-mi-yuja-naiacine-brightening-all-in-one-cleanser-100ml/1698375110/
2025-05-30 14:33:54,095 - INFO - [FETCH] https://www.stylekorean.com:443/shop/dr.ceuracle-5╬▒-control-clearing-cleansing-foam-200ml/1698123895/
2025-05-30 14:33:56,322 - INFO - Fetched: https://www.stylekorean.com:443/shop/dr.ceuracle-5╬▒-control-clearing-cleansing-foam-200ml/1698123895/
2025-05-30 14:33:57,327 - INFO - [FETCH] https://www.stylekorean.com:443/shop/nineless-a-control-heartleaf-bha-cleanser-120ml/1697432984/
2025-05-30 14:34:00,172 - INFO - Fetched: https://www.stylekorean.com:443/shop/nineless-a-control-heartleaf-bha-cleanser-120ml/1697432984/
2025-05-30 14:34:01,176 - INFO - [FETCH] https://www.stylekorean.com:443/shop/round-lab-renewal-1025-dokdo-bubble-foam-150ml/1748421463/
2025-05-30 14:34:02,940 - INFO - Fetched: https://www.stylekorean.com:443/shop/round-lab-renewal-1025-dokdo-bubble-foam-150ml/1748421463/
2025-05-30 14:34:03,948 - INFO - [FETCH] https://www.stylekorean.com:443/shop/mixsoon-h.c.t-bubble-cleanser-150ml/1692933023/
2025-05-30 14:34:05,465 - INFO - Fetched: https://www.stylekorean.com:443/shop/mixsoon-h.c.t-bubble-cleanser-150ml/1692933023/
2025-05-30 14:34:06,474 - INFO - [FETCH] https://www.stylekorean.com:443/shop/cell-fusion-c-pore-sun-cleansing-foam-150ml/1692835371/
2025-05-30 14:34:08,207 - INFO - Fetched: https://www.stylekorean.com:443/shop/cell-fusion-c-pore-sun-cleansing-foam-150ml/1692835371/
2025-05-30 14:34:09,215 - INFO - [FETCH] https://www.stylekorean.com:443/shop/belif-aqua-bomb-jelly-cleanser-160ml/1692686547/
2025-05-30 14:34:11,485 - INFO - Fetched: https://www.stylekorean.com:443/shop/belif-aqua-bomb-jelly-cleanser-160ml/1692686547/
2025-05-30 14:34:12,494 - INFO - [FETCH] https://www.stylekorean.com:443/shop/real-barrier-renewal-pore-bium-cleansing-foam-150ml/1728363896/
2025-05-30 14:34:14,327 - INFO - Fetched: https://www.stylekorean.com:443/shop/real-barrier-renewal-pore-bium-cleansing-foam-150ml/1728363896/
2025-05-30 14:34:15,332 - INFO - [FETCH] https://www.stylekorean.com:443/shop/ariul-apple-cider-whipping-cream-cleanser-100ml/1690334333/
2025-05-30 14:34:17,402 - INFO - Fetched: https://www.stylekorean.com:443/shop/ariul-apple-cider-whipping-cream-cleanser-100ml/1690334333/
2025-05-30 14:34:18,411 - INFO - [FETCH] https://www.stylekorean.com:443/shop/abib-deep-clean-foam-cleanser-sedum-hyaluron-150ml/1689829525/
2025-05-30 14:34:21,112 - INFO - Fetched: https://www.stylekorean.com:443/shop/abib-deep-clean-foam-cleanser-sedum-hyaluron-150ml/1689829525/
2025-05-30 14:34:22,119 - INFO - [FETCH] https://www.stylekorean.com:443/shop/mary-may-vegan-low-ph-hyaluronic-gel-to-foam-cleanser-150ml/1689746082/
2025-05-30 14:34:24,631 - INFO - Fetched: https://www.stylekorean.com:443/shop/mary-may-vegan-low-ph-hyaluronic-gel-to-foam-cleanser-150ml/1689746082/
2025-05-30 14:34:25,636 - INFO - [FETCH] https://www.stylekorean.com:443/shop/b-lab-renewal-matcha-hydrating-foam-cleanser-120ml/1724304852/
2025-05-30 14:34:28,463 - INFO - Fetched: https://www.stylekorean.com:443/shop/b-lab-renewal-matcha-hydrating-foam-cleanser-120ml/1724304852/
2025-05-30 14:34:29,473 - INFO - [FETCH] https://www.stylekorean.com:443/shop/b-lab-renewal-cica-barrier-gentle-morning-cleanser-120ml/1724305719/
2025-05-30 14:34:31,918 - INFO - Fetched: https://www.stylekorean.com:443/shop/b-lab-renewal-cica-barrier-gentle-morning-cleanser-120ml/1724305719/
2025-05-30 14:34:32,928 - INFO - [FETCH] https://www.stylekorean.com:443/shop/it-s-skin-v7-hyaluronic-cleanser-150ml/1687997467/
2025-05-30 14:34:35,264 - INFO - Fetched: https://www.stylekorean.com:443/shop/it-s-skin-v7-hyaluronic-cleanser-150ml/1687997467/
2025-05-30 14:34:36,271 - INFO - [FETCH] https://www.stylekorean.com:443/shop/dr.ceuracle-5╬▒-control-melting-cleansing-gel-150ml/1687142112/
2025-05-30 14:34:38,076 - INFO - Fetched: https://www.stylekorean.com:443/shop/dr.ceuracle-5╬▒-control-melting-cleansing-gel-150ml/1687142112/
2025-05-30 14:34:39,081 - INFO - [FETCH] https://www.stylekorean.com:443/shop/nard-low-ph-bubble-cleansing-foam-500ml/1686792368/
2025-05-30 14:34:40,941 - INFO - Fetched: https://www.stylekorean.com:443/shop/nard-low-ph-bubble-cleansing-foam-500ml/1686792368/
2025-05-30 14:34:41,947 - INFO - [FETCH] https://www.stylekorean.com:443/shop/lalarecipe-hempseed-mild-cica-3in1-cleanser-200ml/1685603687/
2025-05-30 14:34:44,083 - INFO - Fetched: https://www.stylekorean.com:443/shop/lalarecipe-hempseed-mild-cica-3in1-cleanser-200ml/1685603687/
2025-05-30 14:34:45,089 - INFO - [FETCH] https://www.stylekorean.com:443/shop/celimax-noni-acne-bubble-cleanser-155ml/1684464985/
2025-05-30 14:34:48,121 - INFO - Fetched: https://www.stylekorean.com:443/shop/celimax-noni-acne-bubble-cleanser-155ml/1684464985/
2025-05-30 14:34:49,131 - INFO - [FETCH] https://www.stylekorean.com:443/shop/benton-honest-cleansing-foam-150g/1684369803/
2025-05-30 14:34:50,944 - INFO - Fetched: https://www.stylekorean.com:443/shop/benton-honest-cleansing-foam-150g/1684369803/
2025-05-30 14:34:51,949 - INFO - [FETCH] https://www.stylekorean.com:443/shop/skin-lab-tricicabarrier-relief-cream-50ml/1684291150/
2025-05-30 14:34:54,980 - INFO - Fetched: https://www.stylekorean.com:443/shop/skin-lab-tricicabarrier-relief-cream-50ml/1684291150/
2025-05-30 14:34:55,989 - INFO - [FETCH] https://www.stylekorean.com:443/shop/round-lab-soybean-cleanser-150ml/1684120970/
2025-05-30 14:35:00,406 - INFO - Fetched: https://www.stylekorean.com:443/shop/round-lab-soybean-cleanser-150ml/1684120970/
2025-05-30 14:35:01,414 - INFO - [FETCH] https://www.stylekorean.com:443/shop/dr.althea-amino-acid-gentle-bubble-cleanser-140ml/1682669963/
2025-05-30 14:35:03,474 - INFO - Fetched: https://www.stylekorean.com:443/shop/dr.althea-amino-acid-gentle-bubble-cleanser-140ml/1682669963/
2025-05-30 14:35:04,479 - INFO - [FETCH] https://www.stylekorean.com:443/shop/real-barrier-renewal-porebium-powder-wash-50g/1718247126/
2025-05-30 14:35:07,347 - INFO - Fetched: https://www.stylekorean.com:443/shop/real-barrier-renewal-porebium-powder-wash-50g/1718247126/
2025-05-30 14:35:08,357 - INFO - [FETCH] https://www.stylekorean.com:443/shop/holika-holika-soda-tok-tok-clean-bubble-foam/1680051884/
2025-05-30 14:35:10,224 - INFO - Fetched: https://www.stylekorean.com:443/shop/holika-holika-soda-tok-tok-clean-bubble-foam/1680051884/
2025-05-30 14:35:11,233 - INFO - [FETCH] https://www.stylekorean.com:443/shop/some-by-mi-beta-panthenol-repair-gel-cleanser-120ml/1679476938/
2025-05-30 14:35:13,589 - INFO - Fetched: https://www.stylekorean.com:443/shop/some-by-mi-beta-panthenol-repair-gel-cleanser-120ml/1679476938/
2025-05-30 14:35:14,594 - INFO - [FETCH] https://www.stylekorean.com:443/shop/celimax-ji-woo-gae-cica-bha-acne-foam-cleansing-150ml/1679468246/
2025-05-30 14:35:16,520 - INFO - Fetched: https://www.stylekorean.com:443/shop/celimax-ji-woo-gae-cica-bha-acne-foam-cleansing-150ml/1679468246/
2025-05-30 14:35:17,529 - INFO - [FETCH] https://www.stylekorean.com:443/shop/make-prem-renewal-safe-me-relief-moisture-cleansing-foam-150ml/1748308699/
2025-05-30 14:35:19,381 - INFO - Fetched: https://www.stylekorean.com:443/shop/make-prem-renewal-safe-me-relief-moisture-cleansing-foam-150ml/1748308699/
2025-05-30 14:35:20,388 - INFO - [FETCH] https://www.stylekorean.com:443/shop/make-prem-safe-me-relief-moisture-cleansing-foam-150ml/1676451369/
2025-05-30 14:35:22,614 - INFO - Fetched: https://www.stylekorean.com:443/shop/make-prem-safe-me-relief-moisture-cleansing-foam-150ml/1676451369/
2025-05-30 14:35:23,618 - INFO - [FETCH] https://www.stylekorean.com:443/shop/skinxlab-barrierderm-mild-foam-cleanser-150ml/1675931690/
2025-05-30 14:35:25,144 - INFO - Fetched: https://www.stylekorean.com:443/shop/skinxlab-barrierderm-mild-foam-cleanser-150ml/1675931690/
2025-05-30 14:35:26,149 - INFO - [FETCH] https://www.stylekorean.com:443/shop/melixir-vegan-clarifying-foam-cleanser-100ml/1674183228/
2025-05-30 14:35:27,794 - INFO - Fetched: https://www.stylekorean.com:443/shop/melixir-vegan-clarifying-foam-cleanser-100ml/1674183228/
2025-05-30 14:35:28,804 - INFO - [FETCH] https://www.stylekorean.com:443/shop/milk-touch-prunus-capsule-cleansing-foam-300ml/1672970187/
2025-05-30 14:35:30,144 - INFO - Fetched: https://www.stylekorean.com:443/shop/milk-touch-prunus-capsule-cleansing-foam-300ml/1672970187/
2025-05-30 14:35:31,153 - INFO - [FETCH] https://www.stylekorean.com:443/shop/isntree-renewal-mugwort-calming-powder-wash-15g/1670986097/
2025-05-30 14:35:32,915 - INFO - Fetched: https://www.stylekorean.com:443/shop/isntree-renewal-mugwort-calming-powder-wash-15g/1670986097/
2025-05-30 14:35:33,920 - INFO - [FETCH] https://www.stylekorean.com:443/shop/round-lab-mugwort-calming-cleanser-150ml/1668158222/
2025-05-30 14:35:38,068 - INFO - Fetched: https://www.stylekorean.com:443/shop/round-lab-mugwort-calming-cleanser-150ml/1668158222/
2025-05-30 14:35:39,078 - INFO - [FETCH] https://www.stylekorean.com:443/shop/frudia-my-orchard-mango-cleansing-foam-120ml/1667797386/
2025-05-30 14:35:40,822 - INFO - Fetched: https://www.stylekorean.com:443/shop/frudia-my-orchard-mango-cleansing-foam-120ml/1667797386/
2025-05-30 14:35:41,832 - INFO - [FETCH] https://www.stylekorean.com:443/shop/rovectin-renewal-clean-green-papaya-pore-cleansing-foam-150ml/1687764130/
2025-05-30 14:35:44,079 - INFO - Fetched: https://www.stylekorean.com:443/shop/rovectin-renewal-clean-green-papaya-pore-cleansing-foam-150ml/1687764130/
2025-05-30 14:35:45,084 - INFO - [FETCH] https://www.stylekorean.com:443/shop/skin1004-madagascar-centella-tea-trica-bha-foam-125ml/1664335744/
2025-05-30 14:35:49,084 - INFO - Fetched: https://www.stylekorean.com:443/shop/skin1004-madagascar-centella-tea-trica-bha-foam-125ml/1664335744/
2025-05-30 14:35:50,090 - INFO - [FETCH] https://www.stylekorean.com:443/shop/illiyoon-fresh-moisture-deep-cleansing-foam-120ml/1663644873/
2025-05-30 14:35:51,564 - INFO - Fetched: https://www.stylekorean.com:443/shop/illiyoon-fresh-moisture-deep-cleansing-foam-120ml/1663644873/
2025-05-30 14:35:52,569 - INFO - [FETCH] https://www.stylekorean.com:443/shop/kaine-rosemary-relief-gel-cleanser-150ml/1663568642/
2025-05-30 14:35:54,198 - INFO - Fetched: https://www.stylekorean.com:443/shop/kaine-rosemary-relief-gel-cleanser-150ml/1663568642/
2025-05-30 14:35:55,208 - INFO - [FETCH] https://www.stylekorean.com:443/shop/skin1004-madagascar-centella-poremizing-deep-cleansing-foam-125ml/1663565581/
2025-05-30 14:35:58,978 - INFO - Fetched: https://www.stylekorean.com:443/shop/skin1004-madagascar-centella-poremizing-deep-cleansing-foam-125ml/1663565581/
2025-05-30 14:35:59,985 - INFO - [FETCH] https://www.stylekorean.com:443/shop/sioris-let-me-refresh-foam-cleanser-120ml/1663289719/
2025-05-30 14:36:01,627 - INFO - Fetched: https://www.stylekorean.com:443/shop/sioris-let-me-refresh-foam-cleanser-120ml/1663289719/
2025-05-30 14:36:02,636 - INFO - [FETCH] https://www.stylekorean.com:443/shop/isntree-mugwort-calming-powder-wash-25ea/1663227758/
2025-05-30 14:36:04,461 - INFO - Fetched: https://www.stylekorean.com:443/shop/isntree-mugwort-calming-powder-wash-25ea/1663227758/
2025-05-30 14:36:05,470 - INFO - [FETCH] https://www.stylekorean.com:443/shop/benton-ac-bha-foam-cleansing-120ml/1663224522/
2025-05-30 14:36:07,521 - INFO - Fetched: https://www.stylekorean.com:443/shop/benton-ac-bha-foam-cleansing-120ml/1663224522/
2025-05-30 14:36:08,532 - INFO - [FETCH] https://www.stylekorean.com:443/shop/numbuzin-no.2-deep-clean-fresh-cream-cleanser-120ml/1661239011/
2025-05-30 14:36:10,232 - INFO - Fetched: https://www.stylekorean.com:443/shop/numbuzin-no.2-deep-clean-fresh-cream-cleanser-120ml/1661239011/
2025-05-30 14:36:11,240 - INFO - [FETCH] https://www.stylekorean.com:443/shop/benton-snail-bee-ultimate-ph-balanced-cleansing-150ml/1659598514/
2025-05-30 14:36:13,364 - INFO - Fetched: https://www.stylekorean.com:443/shop/benton-snail-bee-ultimate-ph-balanced-cleansing-150ml/1659598514/
2025-05-30 14:36:14,374 - INFO - [FETCH] https://www.stylekorean.com:443/shop/pyunkang-yul-calming-acne-cleansing-foam-100ml/1656558865/
2025-05-30 14:36:16,914 - INFO - Fetched: https://www.stylekorean.com:443/shop/pyunkang-yul-calming-acne-cleansing-foam-100ml/1656558865/
2025-05-30 14:36:17,925 - INFO - [FETCH] https://www.stylekorean.com:443/shop/cell-fusion-c-low-ph-pharrier-cleansing-foam-165ml/1655952789/
2025-05-30 14:36:19,401 - INFO - Fetched: https://www.stylekorean.com:443/shop/cell-fusion-c-low-ph-pharrier-cleansing-foam-165ml/1655952789/
2025-05-30 14:36:20,412 - INFO - [FETCH] https://www.stylekorean.com:443/shop/isntree-yam-root-vegan-milk-cleanser-220ml/1655091106/
2025-05-30 14:36:23,380 - INFO - Fetched: https://www.stylekorean.com:443/shop/isntree-yam-root-vegan-milk-cleanser-220ml/1655091106/
2025-05-30 14:36:24,390 - INFO - [FETCH] https://www.stylekorean.com:443/shop/aestura-atobarrier-365-bubble-cleanser-150ml/1653974888/
2025-05-30 14:36:26,218 - INFO - Fetched: https://www.stylekorean.com:443/shop/aestura-atobarrier-365-bubble-cleanser-150ml/1653974888/
2025-05-30 14:36:27,229 - INFO - [FETCH] https://www.stylekorean.com:443/shop/round-lab-dokdo-double-cleansing-duo/1731314763/
2025-05-30 14:36:31,079 - INFO - Fetched: https://www.stylekorean.com:443/shop/round-lab-dokdo-double-cleansing-duo/1731314763/
2025-05-30 14:36:32,088 - INFO - [FETCH] https://www.stylekorean.com:443/shop/round-lab-renewal-1025-dokdo-cleanser-150ml/1731386439/
2025-05-30 14:36:39,496 - INFO - Fetched: https://www.stylekorean.com:443/shop/round-lab-renewal-1025-dokdo-cleanser-150ml/1731386439/
2025-05-30 14:36:40,507 - INFO - [FETCH] https://www.stylekorean.com:443/shop/etude-ac-clean-up-ph-daily-cleansing-foam-150ml/1651216513/
2025-05-30 14:36:42,380 - INFO - Fetched: https://www.stylekorean.com:443/shop/etude-ac-clean-up-ph-daily-cleansing-foam-150ml/1651216513/
2025-05-30 14:36:43,387 - INFO - [FETCH] https://www.stylekorean.com:443/shop/beauty-of-joseon-low-ph-rice-cleansing-bar-120g/1649913745/
2025-05-30 14:36:45,339 - INFO - Fetched: https://www.stylekorean.com:443/shop/beauty-of-joseon-low-ph-rice-cleansing-bar-120g/1649913745/
2025-05-30 14:36:46,347 - INFO - [FETCH] https://www.stylekorean.com:443/shop/miguhara-renewal-cleansing-foam-origin-120ml/1648533541/
2025-05-30 14:36:47,891 - INFO - Fetched: https://www.stylekorean.com:443/shop/miguhara-renewal-cleansing-foam-origin-120ml/1648533541/
2025-05-30 14:36:48,900 - INFO - [FETCH] https://www.stylekorean.com:443/shop/dr.ceuracle-pro-balance-night-enzyme-wash-50ml/1648515604/
2025-05-30 14:36:50,645 - INFO - Fetched: https://www.stylekorean.com:443/shop/dr.ceuracle-pro-balance-night-enzyme-wash-50ml/1648515604/
2025-05-30 14:36:51,657 - INFO - [FETCH] https://www.stylekorean.com:443/shop/atopalm-renewal-facial-foam-wash-150ml/1647840709/
2025-05-30 14:36:53,731 - INFO - Fetched: https://www.stylekorean.com:443/shop/atopalm-renewal-facial-foam-wash-150ml/1647840709/
2025-05-30 14:36:54,741 - INFO - [FETCH] https://www.stylekorean.com:443/shop/dr.ceuracle-renewal-tea-tree-purifine-cleansing-foam-150g/1687333911/
2025-05-30 14:36:56,507 - INFO - Fetched: https://www.stylekorean.com:443/shop/dr.ceuracle-renewal-tea-tree-purifine-cleansing-foam-150g/1687333911/
2025-05-30 14:36:57,516 - INFO - [FETCH] https://www.stylekorean.com:443/shop/heimish-matcha-biome-amino-acne-cleansing-foam-150ml/1647579791/
2025-05-30 14:37:00,208 - INFO - Fetched: https://www.stylekorean.com:443/shop/heimish-matcha-biome-amino-acne-cleansing-foam-150ml/1647579791/
2025-05-30 14:37:01,218 - INFO - [FETCH] https://www.stylekorean.com:443/shop/etude-baking-powder-b.b-deep-cleansing-foam-160ml/1647500281/
2025-05-30 14:37:03,200 - INFO - Fetched: https://www.stylekorean.com:443/shop/etude-baking-powder-b.b-deep-cleansing-foam-160ml/1647500281/
2025-05-30 14:37:04,211 - INFO - [FETCH] https://www.stylekorean.com:443/shop/real-barrier-renewal-cream-cleansing-foam-120ml/1717570262/
2025-05-30 14:37:06,474 - INFO - Fetched: https://www.stylekorean.com:443/shop/real-barrier-renewal-cream-cleansing-foam-120ml/1717570262/
2025-05-30 14:37:07,482 - INFO - [FETCH] https://www.stylekorean.com:443/shop/tocobo-coconut-clay-cleansing-foam-150ml/1643951570/
2025-05-30 14:37:10,700 - INFO - Fetched: https://www.stylekorean.com:443/shop/tocobo-coconut-clay-cleansing-foam-150ml/1643951570/
2025-05-30 14:37:11,710 - INFO - [FETCH] https://www.stylekorean.com:443/shop/elizavecca-clean-piggy-pink-energy-foam-cleansing-120ml/1641440118/
2025-05-30 14:37:13,358 - INFO - Fetched: https://www.stylekorean.com:443/shop/elizavecca-clean-piggy-pink-energy-foam-cleansing-120ml/1641440118/
2025-05-30 14:37:14,372 - INFO - [FETCH] https://www.stylekorean.com:443/shop/i-dew-care-namaste-kitten-150ml/1641194304/
2025-05-30 14:37:16,358 - INFO - Fetched: https://www.stylekorean.com:443/shop/i-dew-care-namaste-kitten-150ml/1641194304/
2025-05-30 14:37:17,370 - INFO - [FETCH] https://www.stylekorean.com:443/shop/etude-renewal-moistfull-collagen-cleansing-foam-150ml/1640743675/
2025-05-30 14:37:19,016 - INFO - Fetched: https://www.stylekorean.com:443/shop/etude-renewal-moistfull-collagen-cleansing-foam-150ml/1640743675/
2025-05-30 14:37:20,026 - INFO - [FETCH] https://www.stylekorean.com:443/shop/beauty-of-joseon-green-plum-refreshing-cleanser-100ml/1639721780/
2025-05-30 14:37:24,652 - INFO - Fetched: https://www.stylekorean.com:443/shop/beauty-of-joseon-green-plum-refreshing-cleanser-100ml/1639721780/
2025-05-30 14:37:25,665 - INFO - [FETCH] https://www.stylekorean.com:443/shop/skin1004-madagascar-centella-tone-brightening-cleansing-gel-foam-125ml/1639618676/
2025-05-30 14:37:28,337 - INFO - Fetched: https://www.stylekorean.com:443/shop/skin1004-madagascar-centella-tone-brightening-cleansing-gel-foam-125ml/1639618676/
2025-05-30 14:37:29,351 - INFO - [FETCH] https://www.stylekorean.com:443/shop/amplen-centelcalming-shot-first-gel-cleanser-150ml/1638856846/
2025-05-30 14:37:31,453 - INFO - Fetched: https://www.stylekorean.com:443/shop/amplen-centelcalming-shot-first-gel-cleanser-150ml/1638856846/
2025-05-30 14:37:32,470 - INFO - [FETCH] https://www.stylekorean.com:443/shop/klavuu-revitalizing-facial-cleansing-foam-150ml/1638773668/
2025-05-30 14:37:34,713 - INFO - Fetched: https://www.stylekorean.com:443/shop/klavuu-revitalizing-facial-cleansing-foam-150ml/1638773668/
2025-05-30 14:37:35,726 - INFO - [FETCH] https://www.stylekorean.com:443/shop/yunjac-whole-plant-effect-foam-cleanser-120ml/1637908461/
2025-05-30 14:37:37,466 - INFO - Fetched: https://www.stylekorean.com:443/shop/yunjac-whole-plant-effect-foam-cleanser-120ml/1637908461/
2025-05-30 14:37:38,481 - INFO - [FETCH] https://www.stylekorean.com:443/shop/skin1004-madagascar-centella-ampoule-foam-20ml/1637212121/
2025-05-30 14:37:40,765 - INFO - Fetched: https://www.stylekorean.com:443/shop/skin1004-madagascar-centella-ampoule-foam-20ml/1637212121/
2025-05-30 14:37:41,777 - INFO - [FETCH] https://www.stylekorean.com:443/shop/skin1004-madagascar-centella-ampoule-foam-125ml/1637207240/
2025-05-30 14:37:45,446 - INFO - Fetched: https://www.stylekorean.com:443/shop/skin1004-madagascar-centella-ampoule-foam-125ml/1637207240/
2025-05-30 14:37:46,461 - INFO - [FETCH] https://www.stylekorean.com:443/shop/abib-renewal-acne-foam-cleanser-heartleaf-foam-150ml/1681183273/
2025-05-30 14:37:49,857 - INFO - Fetched: https://www.stylekorean.com:443/shop/abib-renewal-acne-foam-cleanser-heartleaf-foam-150ml/1681183273/
2025-05-30 14:37:50,869 - INFO - [FETCH] https://www.stylekorean.com:443/shop/sioris-day-by-day-cleansing-gel-150ml/1636332951/
2025-05-30 14:37:52,662 - INFO - Fetched: https://www.stylekorean.com:443/shop/sioris-day-by-day-cleansing-gel-150ml/1636332951/
2025-05-30 14:37:53,674 - INFO - [FETCH] https://www.stylekorean.com:443/shop/dr.ceuracle-renewal-pro-balance-creamy-deep-cleansing-foam-150g/1697443991/
2025-05-30 14:37:56,610 - INFO - Fetched: https://www.stylekorean.com:443/shop/dr.ceuracle-renewal-pro-balance-creamy-deep-cleansing-foam-150g/1697443991/
2025-05-30 14:37:57,618 - INFO - [FETCH] https://www.stylekorean.com:443/shop/isntree-onion-newpair-cleansing-foam-150ml/1635131529/
2025-05-30 14:37:59,577 - INFO - Fetched: https://www.stylekorean.com:443/shop/isntree-onion-newpair-cleansing-foam-150ml/1635131529/
2025-05-30 14:38:00,586 - INFO - [FETCH] https://www.stylekorean.com:443/shop/yunjac-whole-plant-effect-daily-foam-exfoliant-2g-30ea/1632900920/
2025-05-30 14:38:02,358 - INFO - Fetched: https://www.stylekorean.com:443/shop/yunjac-whole-plant-effect-daily-foam-exfoliant-2g-30ea/1632900920/
2025-05-30 14:38:03,373 - INFO - [FETCH] https://www.stylekorean.com:443/shop/missha-vita-c-plus-clear-complexion-foaming-cleanser-120ml/1632820535/
2025-05-30 14:38:05,104 - INFO - Fetched: https://www.stylekorean.com:443/shop/missha-vita-c-plus-clear-complexion-foaming-cleanser-120ml/1632820535/
2025-05-30 14:38:06,119 - INFO - [FETCH] https://www.stylekorean.com:443/shop/isntree-green-tea-fresh-cleanser-120ml/1631165722/
2025-05-30 14:38:08,161 - INFO - Fetched: https://www.stylekorean.com:443/shop/isntree-green-tea-fresh-cleanser-120ml/1631165722/
2025-05-30 14:38:09,177 - INFO - [FETCH] https://www.stylekorean.com:443/shop/miguhara-green-tea-calming-essence-cleansing-foam-origin-120ml/1629341420/
2025-05-30 14:38:11,383 - INFO - Fetched: https://www.stylekorean.com:443/shop/miguhara-green-tea-calming-essence-cleansing-foam-origin-120ml/1629341420/
2025-05-30 14:38:12,397 - INFO - [FETCH] https://www.stylekorean.com:443/shop/be-the-skin-timedeal-bha-pore-zero-cleansing-foam-150ml/1627865419/
2025-05-30 14:38:15,043 - INFO - Fetched: https://www.stylekorean.com:443/shop/be-the-skin-timedeal-bha-pore-zero-cleansing-foam-150ml/1627865419/
2025-05-30 14:38:16,057 - INFO - [FETCH] https://www.stylekorean.com:443/shop/nard-acne-clear-cleansing-foam-150ml/1626853680/
2025-05-30 14:38:17,938 - INFO - Fetched: https://www.stylekorean.com:443/shop/nard-acne-clear-cleansing-foam-150ml/1626853680/
2025-05-30 14:38:18,951 - INFO - [FETCH] https://www.stylekorean.com:443/shop/hyggee-soft-reset-green-cleansing-foam-150ml/1626427002/
2025-05-30 14:38:20,942 - INFO - Fetched: https://www.stylekorean.com:443/shop/hyggee-soft-reset-green-cleansing-foam-150ml/1626427002/
2025-05-30 14:38:21,955 - INFO - [FETCH] https://www.stylekorean.com:443/shop/hyggee-all-in-one-care-cleansing-foam-150ml/1623130916/
2025-05-30 14:38:23,864 - INFO - Fetched: https://www.stylekorean.com:443/shop/hyggee-all-in-one-care-cleansing-foam-150ml/1623130916/
2025-05-30 14:38:24,880 - INFO - [FETCH] https://www.stylekorean.com:443/shop/d-alba-white-truffle-return-oil-cream-cleanser-150ml/1622688580/
2025-05-30 14:38:26,728 - INFO - Fetched: https://www.stylekorean.com:443/shop/d-alba-white-truffle-return-oil-cream-cleanser-150ml/1622688580/
2025-05-30 14:38:27,739 - INFO - [FETCH] https://www.stylekorean.com:443/shop/etude-renewal-mini-baking-powder-b.b-deep-cleansing-foam-30ml/1720157197/
2025-05-30 14:38:29,389 - INFO - Fetched: https://www.stylekorean.com:443/shop/etude-renewal-mini-baking-powder-b.b-deep-cleansing-foam-30ml/1720157197/
2025-05-30 14:38:30,405 - INFO - [FETCH] https://www.stylekorean.com:443/shop/mary-may-white-collagen-cleansing-foam-150ml/1621299364/
2025-05-30 14:38:32,525 - INFO - Fetched: https://www.stylekorean.com:443/shop/mary-may-white-collagen-cleansing-foam-150ml/1621299364/
2025-05-30 14:38:33,539 - INFO - [FETCH] https://www.stylekorean.com:443/shop/mary-may-houttuynia-cordata-tea-tree-cleansing-foam-150ml/1621240727/
2025-05-30 14:38:36,275 - INFO - Fetched: https://www.stylekorean.com:443/shop/mary-may-houttuynia-cordata-tea-tree-cleansing-foam-150ml/1621240727/
2025-05-30 14:38:37,286 - INFO - [FETCH] https://www.stylekorean.com:443/shop/pyunkang-yul-calming-low-ph-foaming-cleanser-150ml/1620724731/
2025-05-30 14:38:40,168 - INFO - Fetched: https://www.stylekorean.com:443/shop/pyunkang-yul-calming-low-ph-foaming-cleanser-150ml/1620724731/
2025-05-30 14:38:41,184 - INFO - [FETCH] https://www.stylekorean.com:443/shop/goodal-renewal-green-tangerine-vita-c-cleansing-foam-150ml/1664356798/
2025-05-30 14:38:43,523 - INFO - Fetched: https://www.stylekorean.com:443/shop/goodal-renewal-green-tangerine-vita-c-cleansing-foam-150ml/1664356798/
2025-05-30 14:38:44,540 - INFO - [FETCH] https://www.stylekorean.com:443/shop/celimax-renewal-dual-barrier-mild-gel-cleanser-200ml/1684481898/
2025-05-30 14:42:23,681 - INFO - Fetched: https://www.stylekorean.com:443/shop/celimax-renewal-dual-barrier-mild-gel-cleanser-200ml/1684481898/
2025-05-30 14:42:24,690 - INFO - [FETCH] https://www.stylekorean.com:443/shop/dewytree-hi-amino-all-cleansing-milk-200ml/1616569800/
2025-05-30 14:42:26,302 - INFO - Fetched: https://www.stylekorean.com:443/shop/dewytree-hi-amino-all-cleansing-milk-200ml/1616569800/
2025-05-30 14:42:27,314 - INFO - [FETCH] https://www.stylekorean.com:443/shop/toun28-dish-soap-s28-organic-soapberry-3-pcs-300g/1715915303/
2025-05-30 14:42:29,110 - INFO - Fetched: https://www.stylekorean.com:443/shop/toun28-dish-soap-s28-organic-soapberry-3-pcs-300g/1715915303/
2025-05-30 14:42:30,121 - INFO - [FETCH] https://www.stylekorean.com:443/shop/some-by-mi-renewal-super-matcha-pore-clean-cleansing-gel-100ml/1613465941/
2025-05-30 14:42:32,475 - INFO - Fetched: https://www.stylekorean.com:443/shop/some-by-mi-renewal-super-matcha-pore-clean-cleansing-gel-100ml/1613465941/
2025-05-30 14:42:33,487 - INFO - [FETCH] https://www.stylekorean.com:443/shop/round-lab-birch-juice-moisturizing-cleanser-150ml/1726814068/
2025-05-30 14:42:36,267 - INFO - Fetched: https://www.stylekorean.com:443/shop/round-lab-birch-juice-moisturizing-cleanser-150ml/1726814068/
2025-05-30 14:42:37,276 - INFO - [FETCH] https://www.stylekorean.com:443/shop/medipeel-mini-red-lacto-collagen-clear-28ml/1741228864/
2025-05-30 14:42:39,437 - INFO - Fetched: https://www.stylekorean.com:443/shop/medipeel-mini-red-lacto-collagen-clear-28ml/1741228864/
2025-05-30 14:42:40,450 - INFO - [FETCH] https://www.stylekorean.com:443/shop/isntree-hyaluronic-acid-low-ph-cleansing-foam-150ml/1610939877/
2025-05-30 14:42:42,390 - INFO - Fetched: https://www.stylekorean.com:443/shop/isntree-hyaluronic-acid-low-ph-cleansing-foam-150ml/1610939877/
2025-05-30 14:42:43,402 - INFO - [FETCH] https://www.stylekorean.com:443/shop/haruharu-wonder-black-rice-moisture-5.5-soft-cleansing-gel-100ml/1606887855/
2025-05-30 14:42:46,603 - INFO - Fetched: https://www.stylekorean.com:443/shop/haruharu-wonder-black-rice-moisture-5.5-soft-cleansing-gel-100ml/1606887855/
2025-05-30 14:42:47,613 - INFO - [FETCH] https://www.stylekorean.com:443/shop/axis-y-timedeal-sunday-morning-refreshing-cleansing-foam-120ml/1606788583/
2025-05-30 14:42:52,111 - INFO - Fetched: https://www.stylekorean.com:443/shop/axis-y-timedeal-sunday-morning-refreshing-cleansing-foam-120ml/1606788583/
2025-05-30 14:42:53,127 - INFO - [FETCH] https://www.stylekorean.com:443/shop/axis-y-quinoa-one-step-balanced-gel-cleanser-180ml/1606787927/
2025-05-30 14:42:57,257 - INFO - Fetched: https://www.stylekorean.com:443/shop/axis-y-quinoa-one-step-balanced-gel-cleanser-180ml/1606787927/
2025-05-30 14:42:58,273 - INFO - [FETCH] https://www.stylekorean.com:443/shop/celimax-baking-soda-deep-pore-foam-cleansing-150ml/1646963253/
2025-05-30 14:42:59,967 - INFO - Fetched: https://www.stylekorean.com:443/shop/celimax-baking-soda-deep-pore-foam-cleansing-150ml/1646963253/
2025-05-30 14:43:00,982 - INFO - [FETCH] https://www.stylekorean.com:443/shop/cosrx-advanced-snail-mucin-power-gel-cleanser-150ml/1604890989/
2025-05-30 14:43:02,770 - INFO - Fetched: https://www.stylekorean.com:443/shop/cosrx-advanced-snail-mucin-power-gel-cleanser-150ml/1604890989/
2025-05-30 14:43:03,786 - INFO - [FETCH] https://www.stylekorean.com:443/shop/aromatica-reviving-rose-infusion-cream-cleanser-145ml/1600311932/
2025-05-30 14:43:05,583 - INFO - Fetched: https://www.stylekorean.com:443/shop/aromatica-reviving-rose-infusion-cream-cleanser-145ml/1600311932/
2025-05-30 14:43:06,597 - INFO - [FETCH] https://www.stylekorean.com:443/shop/celimax-derma-nature-relief-madecica-ph-balancing-foam-cleansing-150ml/1600155353/
2025-05-30 14:43:08,731 - INFO - Fetched: https://www.stylekorean.com:443/shop/celimax-derma-nature-relief-madecica-ph-balancing-foam-cleansing-150ml/1600155353/
2025-05-30 14:43:09,744 - INFO - [FETCH] https://www.stylekorean.com:443/shop/miguhara-renewal-apple-bubble-foam-ph6.6-200ml/1593744790/
2025-05-30 14:43:11,757 - INFO - Fetched: https://www.stylekorean.com:443/shop/miguhara-renewal-apple-bubble-foam-ph6.6-200ml/1593744790/
2025-05-30 14:43:12,769 - INFO - [FETCH] https://www.stylekorean.com:443/shop/benton-deep-green-tea-cleansing-foam-120g/1593066029/
2025-05-30 14:43:14,673 - INFO - Fetched: https://www.stylekorean.com:443/shop/benton-deep-green-tea-cleansing-foam-120g/1593066029/
2025-05-30 14:43:15,689 - INFO - [FETCH] https://www.stylekorean.com:443/shop/vt-cosmetics-super-hyalon-foam-cleanser-300ml/1591082686/
2025-05-30 14:43:17,730 - INFO - Fetched: https://www.stylekorean.com:443/shop/vt-cosmetics-super-hyalon-foam-cleanser-300ml/1591082686/
2025-05-30 14:43:18,745 - INFO - [FETCH] https://www.stylekorean.com:443/shop/frudia-my-orchard-cleansing-foam-120ml-5-types/1591000873/
2025-05-30 14:43:20,548 - INFO - Fetched: https://www.stylekorean.com:443/shop/frudia-my-orchard-cleansing-foam-120ml-5-types/1591000873/
2025-05-30 14:43:21,562 - INFO - [FETCH] https://www.stylekorean.com:443/shop/missha-cicadin-ph-blemish-foaming-cleanser-150ml/1586136522/
2025-05-30 14:43:23,083 - INFO - Fetched: https://www.stylekorean.com:443/shop/missha-cicadin-ph-blemish-foaming-cleanser-150ml/1586136522/
2025-05-30 14:43:24,094 - INFO - [FETCH] https://www.stylekorean.com:443/shop/vt-cosmetics-cica-mild-foam-cleanser-300ml/1585012604/
2025-05-30 14:43:26,449 - INFO - Fetched: https://www.stylekorean.com:443/shop/vt-cosmetics-cica-mild-foam-cleanser-300ml/1585012604/
2025-05-30 14:43:27,462 - INFO - [FETCH] https://www.stylekorean.com:443/shop/lagom-cellup-ph-cure-foam-cleanser-120ml/1584002820/
2025-05-30 14:43:29,113 - INFO - Fetched: https://www.stylekorean.com:443/shop/lagom-cellup-ph-cure-foam-cleanser-120ml/1584002820/
2025-05-30 14:43:30,128 - INFO - [FETCH] https://www.stylekorean.com:443/shop/frudia-green-grape-pore-control-scrub-cleansing-foam-145ml/1582532074/
2025-05-30 14:43:32,292 - INFO - Fetched: https://www.stylekorean.com:443/shop/frudia-green-grape-pore-control-scrub-cleansing-foam-145ml/1582532074/
2025-05-30 14:43:33,305 - INFO - [FETCH] https://www.stylekorean.com:443/shop/tonymoly-clean-dew-grapefruit-foam-cleanser-renewal/1581923575/
2025-05-30 14:43:35,576 - INFO - Fetched: https://www.stylekorean.com:443/shop/tonymoly-clean-dew-grapefruit-foam-cleanser-renewal/1581923575/
2025-05-30 14:43:36,591 - INFO - [FETCH] https://www.stylekorean.com:443/shop/dr.g-renewal-ph-cleansing-gel-foam-200ml/1619397527/
2025-05-30 14:43:38,404 - INFO - Fetched: https://www.stylekorean.com:443/shop/dr.g-renewal-ph-cleansing-gel-foam-200ml/1619397527/
2025-05-30 14:43:39,421 - INFO - [FETCH] https://www.stylekorean.com:443/shop/a-pieu-madecassoside-cleansing-foam-130ml/1578545993/
2025-05-30 14:43:41,084 - INFO - Fetched: https://www.stylekorean.com:443/shop/a-pieu-madecassoside-cleansing-foam-130ml/1578545993/
2025-05-30 14:43:42,096 - INFO - [FETCH] https://www.stylekorean.com:443/shop/jumiso-all-day-vitamin-clean-mild-facial-cleanser-150ml/1618361700/
2025-05-30 14:43:43,952 - INFO - Fetched: https://www.stylekorean.com:443/shop/jumiso-all-day-vitamin-clean-mild-facial-cleanser-150ml/1618361700/
2025-05-30 14:43:44,964 - INFO - [FETCH] https://www.stylekorean.com:443/shop/pyunkang-yul-renewal-low-ph-pore-deep-cleansing-foam-100ml/1729748406/
2025-05-30 14:43:46,916 - INFO - Fetched: https://www.stylekorean.com:443/shop/pyunkang-yul-renewal-low-ph-pore-deep-cleansing-foam-100ml/1729748406/
2025-05-30 14:43:47,928 - INFO - [FETCH] https://www.stylekorean.com:443/shop/some-by-mi-bye-bye-blackhead-30days-miracle-green-tea-tox-bubble-cleanser-120g/1560153031/
2025-05-30 14:43:50,712 - INFO - Fetched: https://www.stylekorean.com:443/shop/some-by-mi-bye-bye-blackhead-30days-miracle-green-tea-tox-bubble-cleanser-120g/1560153031/
2025-05-30 14:43:51,724 - INFO - [FETCH] https://www.stylekorean.com:443/shop/some-by-mi-renewal-snail-truecica-miracle-repair-low-ph-gel-cleanser-100ml/1575602777/
2025-05-30 14:43:54,090 - INFO - Fetched: https://www.stylekorean.com:443/shop/some-by-mi-renewal-snail-truecica-miracle-repair-low-ph-gel-cleanser-100ml/1575602777/
2025-05-30 14:43:55,105 - INFO - [FETCH] https://www.stylekorean.com:443/shop/9wishes-rice-foaming-cleanser-120ml/1554794905/
2025-05-30 14:43:57,463 - INFO - Fetched: https://www.stylekorean.com:443/shop/9wishes-rice-foaming-cleanser-120ml/1554794905/
2025-05-30 14:43:58,477 - INFO - [FETCH] https://www.stylekorean.com:443/shop/some-by-mi-aha.bha.pha-30-days-miracle-foam-100ml/1553493711/
2025-05-30 14:44:02,501 - INFO - Fetched: https://www.stylekorean.com:443/shop/some-by-mi-aha.bha.pha-30-days-miracle-foam-100ml/1553493711/
2025-05-30 14:44:03,517 - INFO - [FETCH] https://www.stylekorean.com:443/shop/medipeel-algotox-deep-clear-150ml/1550198398/
2025-05-30 14:44:05,154 - INFO - Fetched: https://www.stylekorean.com:443/shop/medipeel-algotox-deep-clear-150ml/1550198398/
2025-05-30 14:44:06,170 - INFO - [FETCH] https://www.stylekorean.com:443/shop/lagom-cellup-micro-foam-cleanser-120ml/1598500646/
2025-05-30 14:44:07,899 - INFO - Fetched: https://www.stylekorean.com:443/shop/lagom-cellup-micro-foam-cleanser-120ml/1598500646/
2025-05-30 14:44:08,919 - INFO - [FETCH] https://www.stylekorean.com:443/shop/pyunkang-yul-acne-facial-cleanser-120ml-acne-spot-patch-super-thin-acne-dressing/1576731792/
2025-05-30 14:44:12,083 - INFO - Fetched: https://www.stylekorean.com:443/shop/pyunkang-yul-acne-facial-cleanser-120ml-acne-spot-patch-super-thin-acne-dressing/1576731792/
2025-05-30 14:44:13,097 - INFO - [FETCH] https://www.stylekorean.com:443/shop/pyunkang-yul-acne-facial-cleanser-120ml/1532497944/
2025-05-30 14:44:15,546 - INFO - Fetched: https://www.stylekorean.com:443/shop/pyunkang-yul-acne-facial-cleanser-120ml/1532497944/
2025-05-30 14:44:16,562 - INFO - [FETCH] https://www.stylekorean.com:443/shop/some-by-mi-renewal-aha-bha-pha-30-days-miracle-cleansing-bar/1529308385/
2025-05-30 14:44:19,391 - INFO - Fetched: https://www.stylekorean.com:443/shop/some-by-mi-renewal-aha-bha-pha-30-days-miracle-cleansing-bar/1529308385/
2025-05-30 14:44:20,404 - INFO - [FETCH] https://www.stylekorean.com:443/shop/etude-renewal-soon-jung-whip-cleanser-150ml/1694068117/
2025-05-30 14:44:24,919 - INFO - Fetched: https://www.stylekorean.com:443/shop/etude-renewal-soon-jung-whip-cleanser-150ml/1694068117/
2025-05-30 14:44:25,934 - INFO - [FETCH] https://www.stylekorean.com:443/shop/heimish-ph-5.5-all-clean-green-foam-150ml/1508804523/
2025-05-30 14:44:32,575 - INFO - Fetched: https://www.stylekorean.com:443/shop/heimish-ph-5.5-all-clean-green-foam-150ml/1508804523/
2025-05-30 14:44:33,589 - INFO - [FETCH] https://www.stylekorean.com:443/shop/elizavecca-elastic-pore-cleansing-foam-120ml/1494999247/
2025-05-30 14:44:35,565 - INFO - Fetched: https://www.stylekorean.com:443/shop/elizavecca-elastic-pore-cleansing-foam-120ml/1494999247/
2025-05-30 14:44:36,581 - INFO - [FETCH] https://www.stylekorean.com:443/shop/pyunkang-yul-renewal-cleansing-foam-150ml/1741583365/
2025-05-30 14:44:38,428 - INFO - Fetched: https://www.stylekorean.com:443/shop/pyunkang-yul-renewal-cleansing-foam-150ml/1741583365/
2025-05-30 14:44:39,443 - INFO - [FETCH] https://www.stylekorean.com:443/shop/etude-baking-powder-pore-cleansing-foam-160ml/1637032141/
2025-05-30 14:44:41,965 - INFO - Fetched: https://www.stylekorean.com:443/shop/etude-baking-powder-pore-cleansing-foam-160ml/1637032141/
2025-05-30 14:44:42,979 - INFO - [FETCH] https://www.stylekorean.com:443/shop/heimish-renewal-all-clean-white-clay-foam-150g/1723516842/
2025-05-30 14:44:48,565 - INFO - Fetched: https://www.stylekorean.com:443/shop/heimish-renewal-all-clean-white-clay-foam-150g/1723516842/
2025-05-30 14:44:49,578 - INFO - [FETCH] https://www.stylekorean.com:443/shop/cosrx-salicylic-acid-daily-gentle-cleanser-150ml/1742883376/
2025-05-30 14:44:53,857 - INFO - Fetched: https://www.stylekorean.com:443/shop/cosrx-salicylic-acid-daily-gentle-cleanser-150ml/1742883376/
2025-05-30 14:44:54,869 - INFO - [FETCH] https://www.stylekorean.com:443/shop/cosrx-low-ph-good-morning-gel-cleanser-150ml/1450852364/
2025-05-30 14:45:00,242 - INFO - Fetched: https://www.stylekorean.com:443/shop/cosrx-low-ph-good-morning-gel-cleanser-150ml/1450852364/
2025-05-30 14:45:01,258 - INFO - [FETCH] https://www.stylekorean.com:443/shop/missha-super-aqua-ultra-hyalron-cleansing-foam-200ml/1571900035/
2025-05-30 14:45:06,160 - INFO - Fetched: https://www.stylekorean.com:443/shop/missha-super-aqua-ultra-hyalron-cleansing-foam-200ml/1571900035/
2025-05-30 14:45:07,176 - INFO - [FETCH] https://www.stylekorean.com:443/shop/dr.jart-dermaclear-micro-ph-foam-120ml/1713331016/
2025-05-30 14:45:09,804 - INFO - Fetched: https://www.stylekorean.com:443/shop/dr.jart-dermaclear-micro-ph-foam-120ml/1713331016/
2025-05-30 14:45:10,819 - INFO - [DONE] Saved final data: stylekorean/data/product_details/skincare_sub_categories/Cleansing_Foam__214_.json
