2025-05-30 14:06:06,194 - INFO - Processing: stylekorean/data/product_urls/skincare_sub_categories/Cleansing_Oil___Water__76_.json
2025-05-30 14:06:06,197 - INFO - [FETCH] https://www.stylekorean.com:443/shop/ilso-super-melting-sebum-cleansing-oil-200ml/1747710412/
2025-05-30 14:06:08,218 - INFO - Fetched: https://www.stylekorean.com:443/shop/ilso-super-melting-sebum-cleansing-oil-200ml/1747710412/
2025-05-30 14:06:09,222 - INFO - [FETCH] https://www.stylekorean.com:443/shop/biodance-collagen-cleansing-oil-200ml/1747639687/
2025-05-30 14:06:11,361 - INFO - Fetched: https://www.stylekorean.com:443/shop/biodance-collagen-cleansing-oil-200ml/1747639687/
2025-05-30 14:06:12,367 - INFO - [FETCH] https://www.stylekorean.com:443/shop/mary-may-rice-glutathione-lha-cleansing-oil-200ml/1744595678/
2025-05-30 14:06:14,507 - INFO - Fetched: https://www.stylekorean.com:443/shop/mary-may-rice-glutathione-lha-cleansing-oil-200ml/1744595678/
2025-05-30 14:06:15,513 - INFO - [FETCH] https://www.stylekorean.com:443/shop/delphyr-liposome-daily-cleansing-oil-200ml/1743657513/
2025-05-30 14:06:17,532 - INFO - Fetched: https://www.stylekorean.com:443/shop/delphyr-liposome-daily-cleansing-oil-200ml/1743657513/
2025-05-30 14:06:18,538 - INFO - [FETCH] https://www.stylekorean.com:443/shop/dr.althea-gentle-pore-vegan-cleansing-oil-150ml/1742374332/
2025-05-30 14:06:20,186 - INFO - Fetched: https://www.stylekorean.com:443/shop/dr.althea-gentle-pore-vegan-cleansing-oil-150ml/1742374332/
2025-05-30 14:06:21,192 - INFO - [FETCH] https://www.stylekorean.com:443/shop/isntree-mugwort-calming-deep-cleansing-oil-200ml/1741584971/
2025-05-30 14:06:22,735 - INFO - Fetched: https://www.stylekorean.com:443/shop/isntree-mugwort-calming-deep-cleansing-oil-200ml/1741584971/
2025-05-30 14:06:23,737 - INFO - [FETCH] https://www.stylekorean.com:443/shop/medicube-zero-pore-blackhead-deep-cleansing-oil/1739954418/
2025-05-30 14:06:25,428 - INFO - Fetched: https://www.stylekorean.com:443/shop/medicube-zero-pore-blackhead-deep-cleansing-oil/1739954418/
2025-05-30 14:06:26,432 - INFO - [FETCH] https://www.stylekorean.com:443/shop/dr.althea-premium-quick-step-sebum-cleanser-100ml/1739854034/
2025-05-30 14:06:28,566 - INFO - Fetched: https://www.stylekorean.com:443/shop/dr.althea-premium-quick-step-sebum-cleanser-100ml/1739854034/
2025-05-30 14:06:29,568 - INFO - [FETCH] https://www.stylekorean.com:443/shop/heveblue-salmon-caring-centella-light-cleansing-oil-250ml/1738630403/
2025-05-30 14:06:31,110 - INFO - Fetched: https://www.stylekorean.com:443/shop/heveblue-salmon-caring-centella-light-cleansing-oil-250ml/1738630403/
2025-05-30 14:06:32,112 - INFO - [FETCH] https://www.stylekorean.com:443/shop/melixir-mandarin-morning-face-cleanser-250ml/1737354538/
2025-05-30 14:06:34,499 - INFO - Fetched: https://www.stylekorean.com:443/shop/melixir-mandarin-morning-face-cleanser-250ml/1737354538/
2025-05-30 14:06:35,504 - INFO - [FETCH] https://www.stylekorean.com:443/shop/hyaah-mild-but-deep-cleansing-water-300ml/1731284340/
2025-05-30 14:06:42,759 - INFO - Fetched: https://www.stylekorean.com:443/shop/hyaah-mild-but-deep-cleansing-water-300ml/1731284340/
2025-05-30 14:06:43,763 - INFO - [FETCH] https://www.stylekorean.com:443/shop/iunik-centella-green-fresh-cleansing-oil-200ml/1730093727/
2025-05-30 14:06:45,817 - INFO - Fetched: https://www.stylekorean.com:443/shop/iunik-centella-green-fresh-cleansing-oil-200ml/1730093727/
2025-05-30 14:06:46,823 - INFO - [FETCH] https://www.stylekorean.com:443/shop/numbuzin-no.5-glutathione-vitamin-facial-spa-cleanser-200ml/1729641825/
2025-05-30 14:06:48,731 - INFO - Fetched: https://www.stylekorean.com:443/shop/numbuzin-no.5-glutathione-vitamin-facial-spa-cleanser-200ml/1729641825/
2025-05-30 14:06:49,737 - INFO - [FETCH] https://www.stylekorean.com:443/shop/vt-cosmetics-reedle-shot-synergy-cleansing-milk-200ml/1728951422/
2025-05-30 14:06:51,430 - INFO - Fetched: https://www.stylekorean.com:443/shop/vt-cosmetics-reedle-shot-synergy-cleansing-milk-200ml/1728951422/
2025-05-30 14:06:52,437 - INFO - [FETCH] https://www.stylekorean.com:443/shop/aplb-glutathione-niacinamide-cleansing-oil-105ml/1724906735/
2025-05-30 14:06:54,669 - INFO - Fetched: https://www.stylekorean.com:443/shop/aplb-glutathione-niacinamide-cleansing-oil-105ml/1724906735/
2025-05-30 14:06:55,672 - INFO - [FETCH] https://www.stylekorean.com:443/shop/veganifect-clean-and-glow-green-barley-lha-deep-cleansing-oil-205ml/1724829846/
2025-05-30 14:06:59,209 - INFO - Fetched: https://www.stylekorean.com:443/shop/veganifect-clean-and-glow-green-barley-lha-deep-cleansing-oil-205ml/1724829846/
2025-05-30 14:07:00,215 - INFO - [FETCH] https://www.stylekorean.com:443/shop/b-lab-squalene-reset-pore-deep-cleansing-oil-200ml/1724308239/
2025-05-30 14:07:02,971 - INFO - Fetched: https://www.stylekorean.com:443/shop/b-lab-squalene-reset-pore-deep-cleansing-oil-200ml/1724308239/
2025-05-30 14:07:03,974 - INFO - [FETCH] https://www.stylekorean.com:443/shop/purito-seoul-from-green-cleansing-oil-set/1730102542/
2025-05-30 14:07:05,532 - INFO - Fetched: https://www.stylekorean.com:443/shop/purito-seoul-from-green-cleansing-oil-set/1730102542/
2025-05-30 14:07:06,539 - INFO - [FETCH] https://www.stylekorean.com:443/shop/purito-seoul-from-green-cleansing-oil-200ml/1722907468/
2025-05-30 14:07:09,127 - INFO - Fetched: https://www.stylekorean.com:443/shop/purito-seoul-from-green-cleansing-oil-200ml/1722907468/
2025-05-30 14:07:10,129 - INFO - [FETCH] https://www.stylekorean.com:443/shop/make-prem-renewal-safe-me-relief-moisture-cleansing-milk-200ml/1748309270/
2025-05-30 14:07:11,739 - INFO - Fetched: https://www.stylekorean.com:443/shop/make-prem-renewal-safe-me-relief-moisture-cleansing-milk-200ml/1748309270/
2025-05-30 14:07:12,745 - INFO - [FETCH] https://www.stylekorean.com:443/shop/nooni-snow-aqua-0-lha-toning-cleansing-oil-200ml/1722834351/
2025-05-30 14:07:14,449 - INFO - Fetched: https://www.stylekorean.com:443/shop/nooni-snow-aqua-0-lha-toning-cleansing-oil-200ml/1722834351/
2025-05-30 14:07:15,454 - INFO - [FETCH] https://www.stylekorean.com:443/shop/ksecret-seoul-1988-cleansing-oil-pine-cica-1-probiotics-200ml/1722317605/
2025-05-30 14:07:18,065 - INFO - Fetched: https://www.stylekorean.com:443/shop/ksecret-seoul-1988-cleansing-oil-pine-cica-1-probiotics-200ml/1722317605/
2025-05-30 14:07:19,070 - INFO - [FETCH] https://www.stylekorean.com:443/shop/some-by-mi-lactosoy-sebum-blackhead-cleansing-oil-200ml/1722313893/
2025-05-30 14:07:20,714 - INFO - Fetched: https://www.stylekorean.com:443/shop/some-by-mi-lactosoy-sebum-blackhead-cleansing-oil-200ml/1722313893/
2025-05-30 14:07:21,717 - INFO - [FETCH] https://www.stylekorean.com:443/shop/tirtir-hydro-boost-enzyme-cleansing-powder-wash-75g/1720492882/
2025-05-30 14:07:26,880 - INFO - Fetched: https://www.stylekorean.com:443/shop/tirtir-hydro-boost-enzyme-cleansing-powder-wash-75g/1720492882/
2025-05-30 14:07:27,883 - INFO - [FETCH] https://www.stylekorean.com:443/shop/jumiso-pore-clearing-cleansing-oil-200ml/1718766355/
2025-05-30 14:07:30,658 - INFO - Fetched: https://www.stylekorean.com:443/shop/jumiso-pore-clearing-cleansing-oil-200ml/1718766355/
2025-05-30 14:07:31,664 - INFO - [FETCH] https://www.stylekorean.com:443/shop/kaine-kombu-jelly-oil-cleanser-145ml/1718153793/
2025-05-30 14:07:33,232 - INFO - Fetched: https://www.stylekorean.com:443/shop/kaine-kombu-jelly-oil-cleanser-145ml/1718153793/
2025-05-30 14:07:34,239 - INFO - [FETCH] https://www.stylekorean.com:443/shop/be-the-skin-pore-reset-glass-skin-cleansing-oil-150ml/1717057076/
2025-05-30 14:07:36,900 - INFO - Fetched: https://www.stylekorean.com:443/shop/be-the-skin-pore-reset-glass-skin-cleansing-oil-150ml/1717057076/
2025-05-30 14:07:37,904 - INFO - [FETCH] https://www.stylekorean.com:443/shop/anua-heartleaf-pore-control-cleansing-oil-mild-200ml/1716271617/
2025-05-30 14:07:39,868 - INFO - Fetched: https://www.stylekorean.com:443/shop/anua-heartleaf-pore-control-cleansing-oil-mild-200ml/1716271617/
2025-05-30 14:07:40,871 - INFO - [FETCH] https://www.stylekorean.com:443/shop/ilso-natural-mild-cleansing-oil-200ml/1715665618/
2025-05-30 14:07:43,839 - INFO - Fetched: https://www.stylekorean.com:443/shop/ilso-natural-mild-cleansing-oil-200ml/1715665618/
2025-05-30 14:07:44,843 - INFO - [FETCH] https://www.stylekorean.com:443/shop/needly-mild-deep-cleansing-oil-240ml/1713253481/
2025-05-30 14:07:46,415 - INFO - Fetched: https://www.stylekorean.com:443/shop/needly-mild-deep-cleansing-oil-240ml/1713253481/
2025-05-30 14:07:47,419 - INFO - [FETCH] https://www.stylekorean.com:443/shop/needly-mild-cleansing-gel-235ml/1713253251/
2025-05-30 14:07:49,199 - INFO - Fetched: https://www.stylekorean.com:443/shop/needly-mild-cleansing-gel-235ml/1713253251/
2025-05-30 14:07:50,206 - INFO - [FETCH] https://www.stylekorean.com:443/shop/round-lab-1025-dokdo-cleansing-water-400ml/1712111136/
2025-05-30 14:07:52,409 - INFO - Fetched: https://www.stylekorean.com:443/shop/round-lab-1025-dokdo-cleansing-water-400ml/1712111136/
2025-05-30 14:07:53,416 - INFO - [FETCH] https://www.stylekorean.com:443/shop/tocobo-double-cleansing-duo/1711950178/
2025-05-30 14:07:53,905 - INFO - Fetched: https://www.stylekorean.com:443/shop/tocobo-double-cleansing-duo/1711950178/
2025-05-30 14:07:54,911 - INFO - [FETCH] https://www.stylekorean.com:443/shop/lagom-cellup-micro-cleansing-water-350ml/1711436877/
2025-05-30 14:07:56,218 - INFO - Fetched: https://www.stylekorean.com:443/shop/lagom-cellup-micro-cleansing-water-350ml/1711436877/
2025-05-30 14:07:57,223 - INFO - [FETCH] https://www.stylekorean.com:443/shop/biodance-hydro-ceramide-complete-cleansing-water-200ml/1710981837/
2025-05-30 14:07:58,994 - INFO - Fetched: https://www.stylekorean.com:443/shop/biodance-hydro-ceramide-complete-cleansing-water-200ml/1710981837/
2025-05-30 14:08:00,001 - INFO - [FETCH] https://www.stylekorean.com:443/shop/tocobo-calamine-pore-control-cleansing-oil-200ml/1705046371/
2025-05-30 14:08:03,862 - INFO - Fetched: https://www.stylekorean.com:443/shop/tocobo-calamine-pore-control-cleansing-oil-200ml/1705046371/
2025-05-30 14:08:04,866 - INFO - [FETCH] https://www.stylekorean.com:443/shop/heimish-matcha-biome-cleansing-oil-150ml/1699327298/
2025-05-30 14:08:07,307 - INFO - Fetched: https://www.stylekorean.com:443/shop/heimish-matcha-biome-cleansing-oil-150ml/1699327298/
2025-05-30 14:08:08,313 - INFO - [FETCH] https://www.stylekorean.com:443/shop/round-lab-renewal-1025-dokdo-cleansing-milk-200ml/1748421596/
2025-05-30 14:08:10,354 - INFO - Fetched: https://www.stylekorean.com:443/shop/round-lab-renewal-1025-dokdo-cleansing-milk-200ml/1748421596/
2025-05-30 14:08:11,356 - INFO - [FETCH] https://www.stylekorean.com:443/shop/sungboon-editor-green-tomato-double-cleansing-ampoule-oil-200g/1689817453/
2025-05-30 14:08:13,021 - INFO - Fetched: https://www.stylekorean.com:443/shop/sungboon-editor-green-tomato-double-cleansing-ampoule-oil-200g/1689817453/
2025-05-30 14:08:14,028 - INFO - [FETCH] https://www.stylekorean.com:443/shop/dr.ceuracle-pro-balance-pure-deep-cleansing-oil-155ml/1687333051/
2025-05-30 14:08:15,893 - INFO - Fetched: https://www.stylekorean.com:443/shop/dr.ceuracle-pro-balance-pure-deep-cleansing-oil-155ml/1687333051/
2025-05-30 14:08:16,897 - INFO - [FETCH] https://www.stylekorean.com:443/shop/nard-aha-pha-deep-cleansing-oil-500ml/1686792800/
2025-05-30 14:08:18,470 - INFO - Fetched: https://www.stylekorean.com:443/shop/nard-aha-pha-deep-cleansing-oil-500ml/1686792800/
2025-05-30 14:08:19,474 - INFO - [FETCH] https://www.stylekorean.com:443/shop/anua-heartleaf-pore-control-cleansing-oil-200ml/1685001191/
2025-05-30 14:08:21,228 - INFO - Fetched: https://www.stylekorean.com:443/shop/anua-heartleaf-pore-control-cleansing-oil-200ml/1685001191/
2025-05-30 14:08:22,233 - INFO - [FETCH] https://www.stylekorean.com:443/shop/cosrx-low-ph-niacinamide-micellar-cleansing-water-400ml/1684460262/
2025-05-30 14:08:26,135 - INFO - Fetched: https://www.stylekorean.com:443/shop/cosrx-low-ph-niacinamide-micellar-cleansing-water-400ml/1684460262/
2025-05-30 14:08:27,142 - INFO - [FETCH] https://www.stylekorean.com:443/shop/mixsoon-bean-cleansing-oil-195ml/1684199041/
2025-05-30 14:08:30,500 - INFO - Fetched: https://www.stylekorean.com:443/shop/mixsoon-bean-cleansing-oil-195ml/1684199041/
2025-05-30 14:08:31,505 - INFO - [FETCH] https://www.stylekorean.com:443/shop/round-lab-soybean-cleansing-oil-200ml/1681280362/
2025-05-30 14:08:33,045 - INFO - Fetched: https://www.stylekorean.com:443/shop/round-lab-soybean-cleansing-oil-200ml/1681280362/
2025-05-30 14:08:34,053 - INFO - [FETCH] https://www.stylekorean.com:443/shop/make-prem-safe-me-relief-moisture-cleansing-oil-210ml/1676451691/
2025-05-30 14:08:35,572 - INFO - Fetched: https://www.stylekorean.com:443/shop/make-prem-safe-me-relief-moisture-cleansing-oil-210ml/1676451691/
2025-05-30 14:08:36,576 - INFO - [FETCH] https://www.stylekorean.com:443/shop/make-prem-renewal-safe-me-relief-moisture-cleansing-oil-210ml/1748309949/
2025-05-30 14:08:38,240 - INFO - Fetched: https://www.stylekorean.com:443/shop/make-prem-renewal-safe-me-relief-moisture-cleansing-oil-210ml/1748309949/
2025-05-30 14:08:39,248 - INFO - [FETCH] https://www.stylekorean.com:443/shop/axis-y-biome-resetting-moringa-cleansing-oil-200ml/1668136899/
2025-05-30 14:08:41,192 - INFO - Fetched: https://www.stylekorean.com:443/shop/axis-y-biome-resetting-moringa-cleansing-oil-200ml/1668136899/
2025-05-30 14:08:42,195 - INFO - [FETCH] https://www.stylekorean.com:443/shop/etude-real-art-cleansing-oil-moisture-185ml/1664955782/
2025-05-30 14:08:43,828 - INFO - Fetched: https://www.stylekorean.com:443/shop/etude-real-art-cleansing-oil-moisture-185ml/1664955782/
2025-05-30 14:08:44,836 - INFO - [FETCH] https://www.stylekorean.com:443/shop/numbuzin-no.1-easy-peasy-cleansing-oil-200ml/1661235662/
2025-05-30 14:08:46,618 - INFO - Fetched: https://www.stylekorean.com:443/shop/numbuzin-no.1-easy-peasy-cleansing-oil-200ml/1661235662/
2025-05-30 14:08:47,623 - INFO - [FETCH] https://www.stylekorean.com:443/shop/abib-pore-cleansing-oil-heartleaf-oil-wash-200ml/1683772934/
2025-05-30 14:08:51,044 - INFO - Fetched: https://www.stylekorean.com:443/shop/abib-pore-cleansing-oil-heartleaf-oil-wash-200ml/1683772934/
2025-05-30 14:08:52,051 - INFO - [FETCH] https://www.stylekorean.com:443/shop/beauty-of-joseon-ginseng-cleansing-oil-210ml/1714698072/
2025-05-30 14:08:54,397 - INFO - Fetched: https://www.stylekorean.com:443/shop/beauty-of-joseon-ginseng-cleansing-oil-210ml/1714698072/
2025-05-30 14:08:55,401 - INFO - [FETCH] https://www.stylekorean.com:443/shop/round-lab-1025-dokdo-cleansing-oil-200ml/1653276787/
2025-05-30 14:08:57,802 - INFO - Fetched: https://www.stylekorean.com:443/shop/round-lab-1025-dokdo-cleansing-oil-200ml/1653276787/
2025-05-30 14:08:58,810 - INFO - [FETCH] https://www.stylekorean.com:443/shop/some-by-mi-propolis-b5-glow-barrier-calming-oil-to-foam-120ml/1649905765/
2025-05-30 14:09:00,571 - INFO - Fetched: https://www.stylekorean.com:443/shop/some-by-mi-propolis-b5-glow-barrier-calming-oil-to-foam-120ml/1649905765/
2025-05-30 14:09:01,579 - INFO - [FETCH] https://www.stylekorean.com:443/shop/neogen-real-fresh-cleansing-oil-green-tea-285ml/1643165748/
2025-05-30 14:09:03,063 - INFO - Fetched: https://www.stylekorean.com:443/shop/neogen-real-fresh-cleansing-oil-green-tea-285ml/1643165748/
2025-05-30 14:09:04,071 - INFO - [FETCH] https://www.stylekorean.com:443/shop/elizavecca-natural-90-olive-cleansing-oil-300ml/1641441625/
2025-05-30 14:09:05,766 - INFO - Fetched: https://www.stylekorean.com:443/shop/elizavecca-natural-90-olive-cleansing-oil-300ml/1641441625/
2025-05-30 14:09:06,774 - INFO - [FETCH] https://www.stylekorean.com:443/shop/the-face-shop-rice-water-bright-light-cleansing-oil-150ml/1733714128/
2025-05-30 14:09:08,853 - INFO - Fetched: https://www.stylekorean.com:443/shop/the-face-shop-rice-water-bright-light-cleansing-oil-150ml/1733714128/
2025-05-30 14:09:09,857 - INFO - [FETCH] https://www.stylekorean.com:443/shop/skinfood-renewal-black-sugar-perfect-cleansing-oil-200ml/1720600643/
2025-05-30 14:09:11,980 - INFO - Fetched: https://www.stylekorean.com:443/shop/skinfood-renewal-black-sugar-perfect-cleansing-oil-200ml/1720600643/
2025-05-30 14:09:12,989 - INFO - [FETCH] https://www.stylekorean.com:443/shop/skin1004-madagascar-centella-light-cleansing-oil-200ml/1637214837/
2025-05-30 14:09:15,916 - INFO - Fetched: https://www.stylekorean.com:443/shop/skin1004-madagascar-centella-light-cleansing-oil-200ml/1637214837/
2025-05-30 14:09:16,924 - INFO - [FETCH] https://www.stylekorean.com:443/shop/iunik-calendula-complete-cleansing-oil-200ml/1634176981/
2025-05-30 14:09:18,745 - INFO - Fetched: https://www.stylekorean.com:443/shop/iunik-calendula-complete-cleansing-oil-200ml/1634176981/
2025-05-30 14:09:19,754 - INFO - [FETCH] https://www.stylekorean.com:443/shop/cell-fusion-c-low-ph-pharrier-cleansing-water-500ml/1633052250/
2025-05-30 14:09:22,759 - INFO - Fetched: https://www.stylekorean.com:443/shop/cell-fusion-c-low-ph-pharrier-cleansing-water-500ml/1633052250/
2025-05-30 14:09:23,767 - INFO - [FETCH] https://www.stylekorean.com:443/shop/sioris-renewal-fresh-moment-cleansing-oil-200ml/1684287846/
2025-05-30 14:09:25,123 - INFO - Fetched: https://www.stylekorean.com:443/shop/sioris-renewal-fresh-moment-cleansing-oil-200ml/1684287846/
2025-05-30 14:09:26,132 - INFO - [FETCH] https://www.stylekorean.com:443/shop/rovectin-renewal-clean-marine-micellar-deep-cleansing-water-400ml/1690871236/
2025-05-30 14:09:27,794 - INFO - Fetched: https://www.stylekorean.com:443/shop/rovectin-renewal-clean-marine-micellar-deep-cleansing-water-400ml/1690871236/
2025-05-30 14:09:28,802 - INFO - [FETCH] https://www.stylekorean.com:443/shop/haruharu-wonder-black-rice-deep-cleansing-oil-150ml/1606888756/
2025-05-30 14:09:31,175 - INFO - Fetched: https://www.stylekorean.com:443/shop/haruharu-wonder-black-rice-deep-cleansing-oil-150ml/1606888756/
2025-05-30 14:09:32,183 - INFO - [FETCH] https://www.stylekorean.com:443/shop/pyunkang-yul-deep-cleansing-oil-290ml/1605506964/
2025-05-30 14:09:34,501 - INFO - Fetched: https://www.stylekorean.com:443/shop/pyunkang-yul-deep-cleansing-oil-290ml/1605506964/
2025-05-30 14:09:35,507 - INFO - [FETCH] https://www.stylekorean.com:443/shop/pyunkang-yul-renewal-low-ph-cleansing-water-290ml/1741308609/
2025-05-30 14:09:37,140 - INFO - Fetched: https://www.stylekorean.com:443/shop/pyunkang-yul-renewal-low-ph-cleansing-water-290ml/1741308609/
2025-05-30 14:09:38,144 - INFO - [FETCH] https://www.stylekorean.com:443/shop/missha-super-off-cleansing-oil-blackhead-off-305ml/1626311782/
2025-05-30 14:09:39,879 - INFO - Fetched: https://www.stylekorean.com:443/shop/missha-super-off-cleansing-oil-blackhead-off-305ml/1626311782/
2025-05-30 14:09:40,886 - INFO - [FETCH] https://www.stylekorean.com:443/shop/celimax-fresh-blackhead-jojoba-cleansing-oil-150ml/1684219288/
2025-05-30 14:09:43,035 - INFO - Fetched: https://www.stylekorean.com:443/shop/celimax-fresh-blackhead-jojoba-cleansing-oil-150ml/1684219288/
2025-05-30 14:09:44,044 - INFO - [FETCH] https://www.stylekorean.com:443/shop/missha-super-off-cleansing-oil-dryness-off-305ml/1626253020/
2025-05-30 14:09:46,232 - INFO - Fetched: https://www.stylekorean.com:443/shop/missha-super-off-cleansing-oil-dryness-off-305ml/1626253020/
2025-05-30 14:09:47,238 - INFO - [FETCH] https://www.stylekorean.com:443/shop/missha-super-off-cleansing-oil-dust-off-305ml/1624930044/
2025-05-30 14:09:48,810 - INFO - Fetched: https://www.stylekorean.com:443/shop/missha-super-off-cleansing-oil-dust-off-305ml/1624930044/
2025-05-30 14:09:49,820 - INFO - [FETCH] https://www.stylekorean.com:443/shop/missha-super-aqua-ultra-hyalron-micellar-cleansing-water-500ml/1596096887/
2025-05-30 14:09:52,966 - INFO - Fetched: https://www.stylekorean.com:443/shop/missha-super-aqua-ultra-hyalron-micellar-cleansing-water-500ml/1596096887/
2025-05-30 14:09:53,970 - INFO - [FETCH] https://www.stylekorean.com:443/shop/the-face-shop-rice-brightening-water-cleansing-rich-oil-150ml/1590132594/
2025-05-30 14:09:56,578 - INFO - Fetched: https://www.stylekorean.com:443/shop/the-face-shop-rice-brightening-water-cleansing-rich-oil-150ml/1590132594/
2025-05-30 14:09:57,582 - INFO - [FETCH] https://www.stylekorean.com:443/shop/atopalm-mild-cleansing-water-250ml/1584325682/
2025-05-30 14:09:59,486 - INFO - Fetched: https://www.stylekorean.com:443/shop/atopalm-mild-cleansing-water-250ml/1584325682/
2025-05-30 14:10:00,490 - INFO - [FETCH] https://www.stylekorean.com:443/shop/dr.g-ph-cleansing-oil-200ml/1580715163/
2025-05-30 14:10:02,031 - INFO - Fetched: https://www.stylekorean.com:443/shop/dr.g-ph-cleansing-oil-200ml/1580715163/
2025-05-30 14:10:03,035 - INFO - [FETCH] https://www.stylekorean.com:443/shop/nacific-fresh-herb-origin-cleansing-water-bakuchiol-300ml/1677056002/
2025-05-30 14:10:04,758 - INFO - Fetched: https://www.stylekorean.com:443/shop/nacific-fresh-herb-origin-cleansing-water-bakuchiol-300ml/1677056002/
2025-05-30 14:10:05,764 - INFO - [FETCH] https://www.stylekorean.com:443/shop/hyggee-all-in-one-care-cleansing-water-300ml/1520219526/
2025-05-30 14:10:07,515 - INFO - Fetched: https://www.stylekorean.com:443/shop/hyggee-all-in-one-care-cleansing-water-300ml/1520219526/
2025-05-30 14:10:08,522 - INFO - [DONE] Saved final data: stylekorean/data/product_details/skincare_sub_categories/Cleansing_Oil___Water__76_.json
