2025-05-30 14:46:50,546 - INFO - Processing: stylekorean/data/product_urls/skincare_sub_categories/Cleansing_balm__35_.json
2025-05-30 14:46:50,550 - INFO - [FETCH] https://www.stylekorean.com:443/shop/dr.althea-pore-refresh-grinding-cleansing-balm-50ml/1743482107/
2025-05-30 14:46:56,472 - INFO - Fetched: https://www.stylekorean.com:443/shop/dr.althea-pore-refresh-grinding-cleansing-balm-50ml/1743482107/
2025-05-30 14:46:57,474 - INFO - [FETCH] https://www.stylekorean.com:443/shop/isntree-mugwort-calming-deep-cleansing-balm-100ml/1741587536/
2025-05-30 14:46:59,436 - INFO - Fetched: https://www.stylekorean.com:443/shop/isntree-mugwort-calming-deep-cleansing-balm-100ml/1741587536/
2025-05-30 14:47:00,442 - INFO - [FETCH] https://www.stylekorean.com:443/shop/banila-co-clean-it-zero-cleansing-balm-original-180ml/1740359715/
2025-05-30 14:47:02,753 - INFO - Fetched: https://www.stylekorean.com:443/shop/banila-co-clean-it-zero-cleansing-balm-original-180ml/1740359715/
2025-05-30 14:47:03,758 - INFO - [FETCH] https://www.stylekorean.com:443/shop/aprilskin-carrotene-ipmp-hydromelt-cleansing-balm-90ml/1739844899/
2025-05-30 14:47:07,274 - INFO - Fetched: https://www.stylekorean.com:443/shop/aprilskin-carrotene-ipmp-hydromelt-cleansing-balm-90ml/1739844899/
2025-05-30 14:47:08,276 - INFO - [FETCH] https://www.stylekorean.com:443/shop/aprilskin-pink-aloe-pack-cleanser-120g/1739844771/
2025-05-30 14:47:10,179 - INFO - Fetched: https://www.stylekorean.com:443/shop/aprilskin-pink-aloe-pack-cleanser-120g/1739844771/
2025-05-30 14:47:11,185 - INFO - [FETCH] https://www.stylekorean.com:443/shop/celimax-dual-barrier-purifying-cleansing-balm-50ml/1738638394/
2025-05-30 14:47:12,985 - INFO - Fetched: https://www.stylekorean.com:443/shop/celimax-dual-barrier-purifying-cleansing-balm-50ml/1738638394/
2025-05-30 14:47:13,992 - INFO - [FETCH] https://www.stylekorean.com:443/shop/house-of-hur-midnight-soothing-cleansing-balm-50ml/1737506353/
2025-05-30 14:47:17,367 - INFO - Fetched: https://www.stylekorean.com:443/shop/house-of-hur-midnight-soothing-cleansing-balm-50ml/1737506353/
2025-05-30 14:47:18,371 - INFO - [FETCH] https://www.stylekorean.com:443/shop/tirtir-hydro-boost-enzyme-cleansing-balm-50ml/1734572076/
2025-05-30 14:47:21,879 - INFO - Fetched: https://www.stylekorean.com:443/shop/tirtir-hydro-boost-enzyme-cleansing-balm-50ml/1734572076/
2025-05-30 14:47:22,885 - INFO - [FETCH] https://www.stylekorean.com:443/shop/banila-co-clean-it-zero-ceramide-cleansing-balm-100ml/1734512773/
2025-05-30 14:47:24,839 - INFO - Fetched: https://www.stylekorean.com:443/shop/banila-co-clean-it-zero-ceramide-cleansing-balm-100ml/1734512773/
2025-05-30 14:47:25,846 - INFO - [FETCH] https://www.stylekorean.com:443/shop/banila-co-clean-it-zero-pore-clarifying-cleansing-balm-100ml/1733810669/
2025-05-30 14:47:27,811 - INFO - Fetched: https://www.stylekorean.com:443/shop/banila-co-clean-it-zero-pore-clarifying-cleansing-balm-100ml/1733810669/
2025-05-30 14:47:28,817 - INFO - [FETCH] https://www.stylekorean.com:443/shop/banila-co-clean-it-zero-calming-cleansing-balm-100ml/1732840326/
2025-05-30 14:47:30,745 - INFO - Fetched: https://www.stylekorean.com:443/shop/banila-co-clean-it-zero-calming-cleansing-balm-100ml/1732840326/
2025-05-30 14:47:31,752 - INFO - [FETCH] https://www.stylekorean.com:443/shop/banila-co-clean-it-zero-nourishing-cleansing-balm-100ml/1732783651/
2025-05-30 14:47:34,067 - INFO - Fetched: https://www.stylekorean.com:443/shop/banila-co-clean-it-zero-nourishing-cleansing-balm-100ml/1732783651/
2025-05-30 14:47:35,077 - INFO - [FETCH] https://www.stylekorean.com:443/shop/make-prem-safe-me-amino-refresh-cleansing-balm-100ml/1728352837/
2025-05-30 14:47:36,916 - INFO - Fetched: https://www.stylekorean.com:443/shop/make-prem-safe-me-amino-refresh-cleansing-balm-100ml/1728352837/
2025-05-30 14:47:37,924 - INFO - [FETCH] https://www.stylekorean.com:443/shop/medicube-super-cica-deep-cleansing-balm-100ml/1727059257/
2025-05-30 14:47:40,077 - INFO - Fetched: https://www.stylekorean.com:443/shop/medicube-super-cica-deep-cleansing-balm-100ml/1727059257/
2025-05-30 14:47:41,084 - INFO - [FETCH] https://www.stylekorean.com:443/shop/purito-seoul-from-green-avocado-cleansing-balm-100ml/1725944192/
2025-05-30 14:47:42,771 - INFO - Fetched: https://www.stylekorean.com:443/shop/purito-seoul-from-green-avocado-cleansing-balm-100ml/1725944192/
2025-05-30 14:47:43,777 - INFO - [FETCH] https://www.stylekorean.com:443/shop/aplb-glutathione-niacinamide-cleansing-balm-80ml/1724900363/
2025-05-30 14:47:45,917 - INFO - Fetched: https://www.stylekorean.com:443/shop/aplb-glutathione-niacinamide-cleansing-balm-80ml/1724900363/
2025-05-30 14:47:46,924 - INFO - [FETCH] https://www.stylekorean.com:443/shop/tirtir-hydro-boost-enzyme-cleansing-balm-120ml/1720492662/
2025-05-30 14:47:49,405 - INFO - Fetched: https://www.stylekorean.com:443/shop/tirtir-hydro-boost-enzyme-cleansing-balm-120ml/1720492662/
2025-05-30 14:47:50,411 - INFO - [FETCH] https://www.stylekorean.com:443/shop/haruharu-wonder-centella-sunflower-makeup-melting-cleansing-balm-100g/1718236669/
2025-05-30 14:47:52,180 - INFO - Fetched: https://www.stylekorean.com:443/shop/haruharu-wonder-centella-sunflower-makeup-melting-cleansing-balm-100g/1718236669/
2025-05-30 14:47:53,188 - INFO - [FETCH] https://www.stylekorean.com:443/shop/house-of-hur-purifying-cleansing-balm-50ml/1715653899/
2025-05-30 14:47:57,223 - INFO - Fetched: https://www.stylekorean.com:443/shop/house-of-hur-purifying-cleansing-balm-50ml/1715653899/
2025-05-30 14:47:58,229 - INFO - [FETCH] https://www.stylekorean.com:443/shop/needly-mild-cleansing-balm-120ml/1712820156/
2025-05-30 14:47:59,933 - INFO - Fetched: https://www.stylekorean.com:443/shop/needly-mild-cleansing-balm-120ml/1712820156/
2025-05-30 14:48:00,942 - INFO - [FETCH] https://www.stylekorean.com:443/shop/dr.althea-pure-grinding-cleansing-balm-50ml/1711524240/
2025-05-30 14:48:04,058 - INFO - Fetched: https://www.stylekorean.com:443/shop/dr.althea-pure-grinding-cleansing-balm-50ml/1711524240/
2025-05-30 14:48:05,068 - INFO - [FETCH] https://www.stylekorean.com:443/shop/round-lab-1025-dokdo-cleansing-balm-100ml/1694403683/
2025-05-30 14:48:06,990 - INFO - Fetched: https://www.stylekorean.com:443/shop/round-lab-1025-dokdo-cleansing-balm-100ml/1694403683/
2025-05-30 14:48:08,000 - INFO - [FETCH] https://www.stylekorean.com:443/shop/b-lab-renewal-cica-barrier-5.5-cleansing-oil-balm-100ml/1724305329/
2025-05-30 14:48:11,008 - INFO - Fetched: https://www.stylekorean.com:443/shop/b-lab-renewal-cica-barrier-5.5-cleansing-oil-balm-100ml/1724305329/
2025-05-30 14:48:12,018 - INFO - [FETCH] https://www.stylekorean.com:443/shop/numbuzin-no.3-skin-softening-mask-cleansing-balm/1682057990/
2025-05-30 14:48:13,789 - INFO - Fetched: https://www.stylekorean.com:443/shop/numbuzin-no.3-skin-softening-mask-cleansing-balm/1682057990/
2025-05-30 14:48:14,800 - INFO - [FETCH] https://www.stylekorean.com:443/shop/skin-lab-porebarrier-cleansing-balm/1679298762/
2025-05-30 14:48:17,384 - INFO - Fetched: https://www.stylekorean.com:443/shop/skin-lab-porebarrier-cleansing-balm/1679298762/
2025-05-30 14:48:18,394 - INFO - [FETCH] https://www.stylekorean.com:443/shop/heimish-all-clean-balm-120ml/1738808176/
2025-05-30 14:48:20,573 - INFO - Fetched: https://www.stylekorean.com:443/shop/heimish-all-clean-balm-120ml/1738808176/
2025-05-30 14:48:21,580 - INFO - [FETCH] https://www.stylekorean.com:443/shop/heimish-all-clean-balm-mandarin-50ml/1670391784/
2025-05-30 14:48:25,742 - INFO - Fetched: https://www.stylekorean.com:443/shop/heimish-all-clean-balm-mandarin-50ml/1670391784/
2025-05-30 14:48:26,747 - INFO - [FETCH] https://www.stylekorean.com:443/shop/heimish-all-clean-balm-mandarin-120ml/1658997452/
2025-05-30 14:48:32,002 - INFO - Fetched: https://www.stylekorean.com:443/shop/heimish-all-clean-balm-mandarin-120ml/1658997452/
2025-05-30 14:48:33,008 - INFO - [FETCH] https://www.stylekorean.com:443/shop/beauty-of-joseon-renewal-radiance-cleansing-balm-100ml/1656317444/
2025-05-30 14:48:34,700 - INFO - Fetched: https://www.stylekorean.com:443/shop/beauty-of-joseon-renewal-radiance-cleansing-balm-100ml/1656317444/
2025-05-30 14:48:35,706 - INFO - [FETCH] https://www.stylekorean.com:443/shop/mary-may-vitamin-b.c.e-cleansing-balm-120g/1623887425/
2025-05-30 14:48:40,014 - INFO - Fetched: https://www.stylekorean.com:443/shop/mary-may-vitamin-b.c.e-cleansing-balm-120g/1623887425/
2025-05-30 14:48:41,022 - INFO - [FETCH] https://www.stylekorean.com:443/shop/pyunkang-yul-renewal-deep-clear-cleansing-balm-100ml/1730253619/
2025-05-30 14:48:45,260 - INFO - Fetched: https://www.stylekorean.com:443/shop/pyunkang-yul-renewal-deep-clear-cleansing-balm-100ml/1730253619/
2025-05-30 14:48:46,269 - INFO - [FETCH] https://www.stylekorean.com:443/shop/heimish-all-clean-balm-50ml/1611717714/
2025-05-30 14:48:49,626 - INFO - Fetched: https://www.stylekorean.com:443/shop/heimish-all-clean-balm-50ml/1611717714/
2025-05-30 14:48:50,632 - INFO - [FETCH] https://www.stylekorean.com:443/shop/the-face-shop-rice-water-bright-cleansing-cream-200ml/1626142811/
2025-05-30 14:48:52,262 - INFO - Fetched: https://www.stylekorean.com:443/shop/the-face-shop-rice-water-bright-cleansing-cream-200ml/1626142811/
2025-05-30 14:48:53,268 - INFO - [FETCH] https://www.stylekorean.com:443/shop/banila-co-clean-it-zero-cleansing-balm-original-100ml/1719987518/
2025-05-30 14:48:58,075 - INFO - Fetched: https://www.stylekorean.com:443/shop/banila-co-clean-it-zero-cleansing-balm-original-100ml/1719987518/
2025-05-30 14:48:59,085 - INFO - [FETCH] https://www.stylekorean.com:443/shop/banila-co-clean-it-zero-cleansing-balm-purifying/1604985955/
2025-05-30 14:49:00,898 - INFO - Fetched: https://www.stylekorean.com:443/shop/banila-co-clean-it-zero-cleansing-balm-purifying/1604985955/
2025-05-30 14:49:01,905 - INFO - [DONE] Saved final data: stylekorean/data/product_details/skincare_sub_categories/Cleansing_balm__35_.json
