2025-05-30 12:19:20,570 - INFO - Processing: stylekorean/data/product_urls/skincare_sub_categories/Emulsion__47_.json
2025-05-30 12:19:20,576 - INFO - [FETCH] https://www.stylekorean.com:443/shop/isntree-plum-peptide-booster-2000s-stick-pouch-set-2ml-10ea/1741584800/
2025-05-30 12:19:22,100 - INFO - Fetched: https://www.stylekorean.com:443/shop/isntree-plum-peptide-booster-2000s-stick-pouch-set-2ml-10ea/1741584800/
2025-05-30 12:19:23,109 - INFO - [FETCH] https://www.stylekorean.com:443/shop/anua-rice-70-intensive-moisturizing-milk-150ml/1727839061/
2025-05-30 12:19:26,449 - INFO - Fetched: https://www.stylekorean.com:443/shop/anua-rice-70-intensive-moisturizing-milk-150ml/1727839061/
2025-05-30 12:19:27,458 - INFO - [FETCH] https://www.stylekorean.com:443/shop/purito-seoul-dermide-relief-barrier-moisturizer-100ml/1725945507/
2025-05-30 12:19:30,536 - INFO - Fetched: https://www.stylekorean.com:443/shop/purito-seoul-dermide-relief-barrier-moisturizer-100ml/1725945507/
2025-05-30 12:19:31,544 - INFO - [FETCH] https://www.stylekorean.com:443/shop/innisfree-forest-fresh-lotion-140ml/1721716785/
2025-05-30 12:19:32,910 - INFO - Fetched: https://www.stylekorean.com:443/shop/innisfree-forest-fresh-lotion-140ml/1721716785/
2025-05-30 12:19:33,918 - INFO - [FETCH] https://www.stylekorean.com:443/shop/atopalm-pathenol-lotion-180ml/1720680935/
2025-05-30 12:19:35,500 - INFO - Fetched: https://www.stylekorean.com:443/shop/atopalm-pathenol-lotion-180ml/1720680935/
2025-05-30 12:19:36,566 - INFO - [FETCH] https://www.stylekorean.com:443/shop/missha-bee-pollen-renew-moisturizer-130ml/1720587579/
2025-05-30 12:19:38,818 - INFO - Fetched: https://www.stylekorean.com:443/shop/missha-bee-pollen-renew-moisturizer-130ml/1720587579/
2025-05-30 12:19:39,827 - INFO - [FETCH] https://www.stylekorean.com:443/shop/ilso-daily-moisture-softening-lotion-150ml/1716254393/
2025-05-30 12:19:41,225 - INFO - Fetched: https://www.stylekorean.com:443/shop/ilso-daily-moisture-softening-lotion-150ml/1716254393/
2025-05-30 12:19:42,234 - INFO - [FETCH] https://www.stylekorean.com:443/shop/innisfree-black-tea-youth-enhancing-lotion-170ml/1712036393/
2025-05-30 12:19:43,635 - INFO - Fetched: https://www.stylekorean.com:443/shop/innisfree-black-tea-youth-enhancing-lotion-170ml/1712036393/
2025-05-30 12:19:44,642 - INFO - [FETCH] https://www.stylekorean.com:443/shop/etude-soonjung-10-free-moist-emulsion-130ml/1706862812/
2025-05-30 12:19:46,795 - INFO - Fetched: https://www.stylekorean.com:443/shop/etude-soonjung-10-free-moist-emulsion-130ml/1706862812/
2025-05-30 12:19:47,803 - INFO - [FETCH] https://www.stylekorean.com:443/shop/dr.jart-cicapair-intensive-soothing-repair-treatment-lotion-150ml/1705372730/
2025-05-30 12:19:49,475 - INFO - Fetched: https://www.stylekorean.com:443/shop/dr.jart-cicapair-intensive-soothing-repair-treatment-lotion-150ml/1705372730/
2025-05-30 12:19:50,482 - INFO - [FETCH] https://www.stylekorean.com:443/shop/dr.g-black-snail-emulsion-150ml/1704854818/
2025-05-30 12:19:52,469 - INFO - Fetched: https://www.stylekorean.com:443/shop/dr.g-black-snail-emulsion-150ml/1704854818/
2025-05-30 12:19:53,476 - INFO - [FETCH] https://www.stylekorean.com:443/shop/anua-peach-77-niacin-conditioning-milk-150ml/1697679164/
2025-05-30 12:19:55,041 - INFO - Fetched: https://www.stylekorean.com:443/shop/anua-peach-77-niacin-conditioning-milk-150ml/1697679164/
2025-05-30 12:19:56,052 - INFO - [FETCH] https://www.stylekorean.com:443/shop/pyunkang-yul-essence-in-lotion-200ml/1689830750/
2025-05-30 12:19:57,653 - INFO - Fetched: https://www.stylekorean.com:443/shop/pyunkang-yul-essence-in-lotion-200ml/1689830750/
2025-05-30 12:19:58,659 - INFO - [FETCH] https://www.stylekorean.com:443/shop/heimish-moringa-ceramide-collagen-enriched-moisturizer-120ml/1689215919/
2025-05-30 12:20:01,684 - INFO - Fetched: https://www.stylekorean.com:443/shop/heimish-moringa-ceramide-collagen-enriched-moisturizer-120ml/1689215919/
2025-05-30 12:20:02,689 - INFO - [FETCH] https://www.stylekorean.com:443/shop/anua-heartleaf-70-daily-lotion-200ml/1686725680/
2025-05-30 12:20:06,257 - INFO - Fetched: https://www.stylekorean.com:443/shop/anua-heartleaf-70-daily-lotion-200ml/1686725680/
2025-05-30 12:20:07,268 - INFO - [FETCH] https://www.stylekorean.com:443/shop/round-lab-pine-calming-cica-lotion-250ml/1686281229/
2025-05-30 12:20:17,613 - ERROR - [ERROR] Fetching https://www.stylekorean.com:443/shop/round-lab-pine-calming-cica-lotion-250ml/1686281229/: HTTPSConnectionPool(host='www.stylekorean.com', port=443): Read timed out. (read timeout=10)
2025-05-30 12:20:18,633 - INFO - [FETCH] https://www.stylekorean.com:443/shop/farmstay-citrus-yuja-vitalizing-emulsion-280ml/1682062002/
2025-05-30 12:20:20,180 - INFO - Fetched: https://www.stylekorean.com:443/shop/farmstay-citrus-yuja-vitalizing-emulsion-280ml/1682062002/
2025-05-30 12:20:21,189 - INFO - [FETCH] https://www.stylekorean.com:443/shop/p.calm-cato-lotion-200ml/1663637459/
2025-05-30 12:20:22,849 - INFO - Fetched: https://www.stylekorean.com:443/shop/p.calm-cato-lotion-200ml/1663637459/
2025-05-30 12:20:23,855 - INFO - [FETCH] https://www.stylekorean.com:443/shop/aestura-renewal-atobarrier-365-lotion-150ml/1713408653/
2025-05-30 12:20:25,486 - INFO - Fetched: https://www.stylekorean.com:443/shop/aestura-renewal-atobarrier-365-lotion-150ml/1713408653/
2025-05-30 12:20:26,494 - INFO - [FETCH] https://www.stylekorean.com:443/shop/round-lab-renewal-1025-dokdo-lotion-200ml/1722388705/
2025-05-30 12:20:27,976 - INFO - Fetched: https://www.stylekorean.com:443/shop/round-lab-renewal-1025-dokdo-lotion-200ml/1722388705/
2025-05-30 12:20:28,984 - INFO - [FETCH] https://www.stylekorean.com:443/shop/dr.ceuracle-5╬▒-control-clearing-serum-in-emulsion-100ml/1648194337/
2025-05-30 12:20:30,569 - INFO - Fetched: https://www.stylekorean.com:443/shop/dr.ceuracle-5╬▒-control-clearing-serum-in-emulsion-100ml/1648194337/
2025-05-30 12:20:31,573 - INFO - [FETCH] https://www.stylekorean.com:443/shop/atopalm-renewal-mle-lotion-120ml/1647841252/
2025-05-30 12:20:33,142 - INFO - Fetched: https://www.stylekorean.com:443/shop/atopalm-renewal-mle-lotion-120ml/1647841252/
2025-05-30 12:20:34,148 - INFO - [FETCH] https://www.stylekorean.com:443/shop/etude-renewal-moistfull-collagen-emulsion-180ml/1644288945/
2025-05-30 12:20:36,452 - INFO - Fetched: https://www.stylekorean.com:443/shop/etude-renewal-moistfull-collagen-emulsion-180ml/1644288945/
2025-05-30 12:20:37,459 - INFO - [FETCH] https://www.stylekorean.com:443/shop/pyunkang-yul-kids-baby-face-lotion-200ml/1640658191/
2025-05-30 12:20:39,052 - INFO - Fetched: https://www.stylekorean.com:443/shop/pyunkang-yul-kids-baby-face-lotion-200ml/1640658191/
2025-05-30 12:20:40,061 - INFO - [FETCH] https://www.stylekorean.com:443/shop/mary-may-collagen-booster-lotion-120ml/1623823558/
2025-05-30 12:20:42,198 - INFO - Fetched: https://www.stylekorean.com:443/shop/mary-may-collagen-booster-lotion-120ml/1623823558/
2025-05-30 12:20:43,201 - INFO - [FETCH] https://www.stylekorean.com:443/shop/mary-may-vitamin-c-bifida-lotion-120ml/1623807441/
2025-05-30 12:20:45,065 - INFO - Fetched: https://www.stylekorean.com:443/shop/mary-may-vitamin-c-bifida-lotion-120ml/1623807441/
2025-05-30 12:20:46,072 - INFO - [FETCH] https://www.stylekorean.com:443/shop/acwell-real-aqua-balancing-lotion-140ml/1620034220/
2025-05-30 12:20:47,432 - INFO - Fetched: https://www.stylekorean.com:443/shop/acwell-real-aqua-balancing-lotion-140ml/1620034220/
2025-05-30 12:20:48,438 - INFO - [FETCH] https://www.stylekorean.com:443/shop/celimax-timedeal-renewal-noni-hydra-firming-lotion-150ml/1727058761/
2025-05-30 12:20:50,951 - INFO - Fetched: https://www.stylekorean.com:443/shop/celimax-timedeal-renewal-noni-hydra-firming-lotion-150ml/1727058761/
2025-05-30 12:20:51,956 - INFO - [FETCH] https://www.stylekorean.com:443/shop/dr.g-r.e.d-blemish-clear-soothing-emulsion-120ml/1615188886/
2025-05-30 12:20:54,760 - INFO - Fetched: https://www.stylekorean.com:443/shop/dr.g-r.e.d-blemish-clear-soothing-emulsion-120ml/1615188886/
2025-05-30 12:20:55,767 - INFO - [FETCH] https://www.stylekorean.com:443/shop/tonymoly-ceramide-mocchi-emulsion-300ml/1613612638/
2025-05-30 12:20:59,091 - INFO - Fetched: https://www.stylekorean.com:443/shop/tonymoly-ceramide-mocchi-emulsion-300ml/1613612638/
2025-05-30 12:21:00,101 - INFO - [FETCH] https://www.stylekorean.com:443/shop/farmstay-collagen-water-full-moist-emulsion-200ml/1606464593/
2025-05-30 12:21:02,199 - INFO - Fetched: https://www.stylekorean.com:443/shop/farmstay-collagen-water-full-moist-emulsion-200ml/1606464593/
2025-05-30 12:21:03,205 - INFO - [FETCH] https://www.stylekorean.com:443/shop/neogen-probiotics-double-action-serum-22g-22g/1599015730/
2025-05-30 12:21:05,163 - INFO - Fetched: https://www.stylekorean.com:443/shop/neogen-probiotics-double-action-serum-22g-22g/1599015730/
2025-05-30 12:21:06,166 - INFO - [FETCH] https://www.stylekorean.com:443/shop/tiam-vita-a-anti-wrinkle-moisturizer-80ml/1594025404/
2025-05-30 12:21:07,887 - INFO - Fetched: https://www.stylekorean.com:443/shop/tiam-vita-a-anti-wrinkle-moisturizer-80ml/1594025404/
2025-05-30 12:21:08,891 - INFO - [FETCH] https://www.stylekorean.com:443/shop/rovectin-anti-irritant-barrier-repair-ultra-lotion-200ml/1576032249/
2025-05-30 12:21:10,439 - INFO - Fetched: https://www.stylekorean.com:443/shop/rovectin-anti-irritant-barrier-repair-ultra-lotion-200ml/1576032249/
2025-05-30 12:21:11,447 - INFO - [FETCH] https://www.stylekorean.com:443/shop/isntree-aloe-soothing-gel-moist-type/1581321530/
2025-05-30 12:21:13,168 - INFO - Fetched: https://www.stylekorean.com:443/shop/isntree-aloe-soothing-gel-moist-type/1581321530/
2025-05-30 12:21:14,176 - INFO - [FETCH] https://www.stylekorean.com:443/shop/isntree-aloe-soothing-emulsion-120ml/1581315798/
2025-05-30 12:21:15,877 - INFO - Fetched: https://www.stylekorean.com:443/shop/isntree-aloe-soothing-emulsion-120ml/1581315798/
2025-05-30 12:21:16,887 - INFO - [FETCH] https://www.stylekorean.com:443/shop/isntree-green-tea-fresh-emulsion-120ml/1569918412/
2025-05-30 12:21:20,810 - INFO - Fetched: https://www.stylekorean.com:443/shop/isntree-green-tea-fresh-emulsion-120ml/1569918412/
2025-05-30 12:21:21,818 - INFO - [FETCH] https://www.stylekorean.com:443/shop/benton-deep-green-tea-lotion-120ml/1679966370/
2025-05-30 12:21:23,304 - INFO - Fetched: https://www.stylekorean.com:443/shop/benton-deep-green-tea-lotion-120ml/1679966370/
2025-05-30 12:21:24,309 - INFO - [FETCH] https://www.stylekorean.com:443/shop/blithe-vital-treatment-5-energy-roots-150ml/1607481144/
2025-05-30 12:21:25,949 - INFO - Fetched: https://www.stylekorean.com:443/shop/blithe-vital-treatment-5-energy-roots-150ml/1607481144/
2025-05-30 12:21:26,954 - INFO - [FETCH] https://www.stylekorean.com:443/shop/rovectin-renewal-aqua-hyaluronic-essence-100ml/1686185615/
2025-05-30 12:21:28,658 - INFO - Fetched: https://www.stylekorean.com:443/shop/rovectin-renewal-aqua-hyaluronic-essence-100ml/1686185615/
2025-05-30 12:21:29,663 - INFO - [FETCH] https://www.stylekorean.com:443/shop/tonymoly-the-chok-chok-green-tea-watery-lotion-160ml/1497337118/
2025-05-30 12:21:31,248 - INFO - Fetched: https://www.stylekorean.com:443/shop/tonymoly-the-chok-chok-green-tea-watery-lotion-160ml/1497337118/
2025-05-30 12:21:32,256 - INFO - [FETCH] https://www.stylekorean.com:443/shop/tonymoly-aloe-99-chok-chok-soothing-gel-250ml/1536629974/
2025-05-30 12:21:35,691 - INFO - Fetched: https://www.stylekorean.com:443/shop/tonymoly-aloe-99-chok-chok-soothing-gel-250ml/1536629974/
2025-05-30 12:21:36,697 - INFO - [FETCH] https://www.stylekorean.com:443/shop/elizavecca-hell-pore-control-hyaluronic-acid-97/1486024792/
2025-05-30 12:21:38,952 - INFO - Fetched: https://www.stylekorean.com:443/shop/elizavecca-hell-pore-control-hyaluronic-acid-97/1486024792/
2025-05-30 12:21:39,961 - INFO - [FETCH] https://www.stylekorean.com:443/shop/holika-holika-skin-good-cera-ultra-emulsion-130ml/1480036879/
2025-05-30 12:21:41,611 - INFO - Fetched: https://www.stylekorean.com:443/shop/holika-holika-skin-good-cera-ultra-emulsion-130ml/1480036879/
2025-05-30 12:21:42,620 - INFO - [FETCH] https://www.stylekorean.com:443/shop/cosrx-oil-free-ultra-moisturizing-lotion/1463992161/
2025-05-30 12:21:48,072 - INFO - Fetched: https://www.stylekorean.com:443/shop/cosrx-oil-free-ultra-moisturizing-lotion/1463992161/
2025-05-30 12:21:49,083 - INFO - [FETCH] https://www.stylekorean.com:443/shop/benton-renewal-snail-bee-high-content-lotion-120ml-tube-type/1450166644/
2025-05-30 12:21:50,925 - INFO - Fetched: https://www.stylekorean.com:443/shop/benton-renewal-snail-bee-high-content-lotion-120ml-tube-type/1450166644/
2025-05-30 12:21:51,933 - INFO - [FETCH] https://www.stylekorean.com:443/shop/secret-key-snow-white-milky-lotion-120ml/1467696982/
2025-05-30 12:21:54,699 - INFO - Fetched: https://www.stylekorean.com:443/shop/secret-key-snow-white-milky-lotion-120ml/1467696982/
2025-05-30 12:21:55,703 - INFO - [DONE] Saved final data: stylekorean/data/product_details/skincare_sub_categories/Emulsion__47_.json
