2025-05-30 14:45:10,824 - INFO - Processing: stylekorean/data/product_urls/skincare_sub_categories/Exfoliators__24_.json
2025-05-30 14:45:10,828 - INFO - [FETCH] https://www.stylekorean.com:443/shop/ilso-no-problem-spot-softener-150g/1747980055/
2025-05-30 14:45:13,219 - INFO - Fetched: https://www.stylekorean.com:443/shop/ilso-no-problem-spot-softener-150g/1747980055/
2025-05-30 14:45:14,222 - INFO - [FETCH] https://www.stylekorean.com:443/shop/medicube-red-acne-succinic-acid-peel-40g/1732159348/
2025-05-30 14:45:18,969 - INFO - Fetched: https://www.stylekorean.com:443/shop/medicube-red-acne-succinic-acid-peel-40g/1732159348/
2025-05-30 14:45:19,972 - INFO - [FETCH] https://www.stylekorean.com:443/shop/iunik-lime-moisture-mild-peeling-gel-90ml/1730094091/
2025-05-30 14:45:22,563 - INFO - Fetched: https://www.stylekorean.com:443/shop/iunik-lime-moisture-mild-peeling-gel-90ml/1730094091/
2025-05-30 14:45:23,571 - INFO - [FETCH] https://www.stylekorean.com:443/shop/sooblanc-dreamy-purifying-peeling-gel-150ml/1729661365/
2025-05-30 14:45:25,309 - INFO - Fetched: https://www.stylekorean.com:443/shop/sooblanc-dreamy-purifying-peeling-gel-150ml/1729661365/
2025-05-30 14:45:26,312 - INFO - [FETCH] https://www.stylekorean.com:443/shop/farmstay-collagen-water-full-moist-peeling-gel/1720147973/
2025-05-30 14:45:28,859 - INFO - Fetched: https://www.stylekorean.com:443/shop/farmstay-collagen-water-full-moist-peeling-gel/1720147973/
2025-05-30 14:45:29,862 - INFO - [FETCH] https://www.stylekorean.com:443/shop/frudia-avocado-enzyme-relief-peeling-gel-15ml/1717484778/
2025-05-30 14:45:33,065 - INFO - Fetched: https://www.stylekorean.com:443/shop/frudia-avocado-enzyme-relief-peeling-gel-15ml/1717484778/
2025-05-30 14:45:34,072 - INFO - [FETCH] https://www.stylekorean.com:443/shop/ilso-super-melting-sebum-softener-150ml/1716250600/
2025-05-30 14:45:39,442 - INFO - Fetched: https://www.stylekorean.com:443/shop/ilso-super-melting-sebum-softener-150ml/1716250600/
2025-05-30 14:45:40,449 - INFO - [FETCH] https://www.stylekorean.com:443/shop/anua-heartleaf-lha-moisture-peeling-gel-120ml/1701417964/
2025-05-30 14:45:43,411 - INFO - Fetched: https://www.stylekorean.com:443/shop/anua-heartleaf-lha-moisture-peeling-gel-120ml/1701417964/
2025-05-30 14:45:44,419 - INFO - [FETCH] https://www.stylekorean.com:443/shop/round-lab-renewal-1025-dokdo-peeling-gel-120ml/1741164725/
2025-05-30 14:45:47,138 - INFO - Fetched: https://www.stylekorean.com:443/shop/round-lab-renewal-1025-dokdo-peeling-gel-120ml/1741164725/
2025-05-30 14:45:48,144 - INFO - [FETCH] https://www.stylekorean.com:443/shop/be-the-skin-bha-pore-zero-30-second-exfoliator-100g/1656916153/
2025-05-30 14:45:51,477 - INFO - Fetched: https://www.stylekorean.com:443/shop/be-the-skin-bha-pore-zero-30-second-exfoliator-100g/1656916153/
2025-05-30 14:45:52,482 - INFO - [FETCH] https://www.stylekorean.com:443/shop/axis-y-pha-resurfacing-glow-peel-50ml/1656471620/
2025-05-30 14:45:57,525 - INFO - Fetched: https://www.stylekorean.com:443/shop/axis-y-pha-resurfacing-glow-peel-50ml/1656471620/
2025-05-30 14:45:58,531 - INFO - [FETCH] https://www.stylekorean.com:443/shop/frudia-green-grape-pore-peeling-pad-1ea/1651807624/
2025-05-30 14:46:02,104 - INFO - Fetched: https://www.stylekorean.com:443/shop/frudia-green-grape-pore-peeling-pad-1ea/1651807624/
2025-05-30 14:46:03,115 - INFO - [FETCH] https://www.stylekorean.com:443/shop/nacific-blackhead-all-kill-bubble-cleansing-pack-140ml/1629786036/
2025-05-30 14:46:07,672 - INFO - Fetched: https://www.stylekorean.com:443/shop/nacific-blackhead-all-kill-bubble-cleansing-pack-140ml/1629786036/
2025-05-30 14:46:08,679 - INFO - [FETCH] https://www.stylekorean.com:443/shop/cosrx-low-ph-good-night-soft-peeling-gel-120ml/1626835956/
2025-05-30 14:46:12,138 - INFO - Fetched: https://www.stylekorean.com:443/shop/cosrx-low-ph-good-night-soft-peeling-gel-120ml/1626835956/
2025-05-30 14:46:13,142 - INFO - [FETCH] https://www.stylekorean.com:443/shop/skinfood-strawberry-sugar-food-mask-120ml/1625203144/
2025-05-30 14:46:15,627 - INFO - Fetched: https://www.stylekorean.com:443/shop/skinfood-strawberry-sugar-food-mask-120ml/1625203144/
2025-05-30 14:46:16,632 - INFO - [FETCH] https://www.stylekorean.com:443/shop/etude-baking-powder-crunch-pore-scrub-200ml/1721375896/
2025-05-30 14:46:19,282 - INFO - Fetched: https://www.stylekorean.com:443/shop/etude-baking-powder-crunch-pore-scrub-200ml/1721375896/
2025-05-30 14:46:20,291 - INFO - [FETCH] https://www.stylekorean.com:443/shop/neogen-bio-peel-gauze-peeling-lemon-76ml-8-pads/1717489920/
2025-05-30 14:46:22,650 - INFO - Fetched: https://www.stylekorean.com:443/shop/neogen-bio-peel-gauze-peeling-lemon-76ml-8-pads/1717489920/
2025-05-30 14:46:23,659 - INFO - [FETCH] https://www.stylekorean.com:443/shop/beauty-of-joseon-apricot-blossom-peeling-gel-100ml/1620633966/
2025-05-30 14:46:26,131 - INFO - Fetched: https://www.stylekorean.com:443/shop/beauty-of-joseon-apricot-blossom-peeling-gel-100ml/1620633966/
2025-05-30 14:46:27,138 - INFO - [FETCH] https://www.stylekorean.com:443/shop/g9skin-color-clay-carbonated-bubble-pack/1539236882/
2025-05-30 14:46:30,677 - INFO - Fetched: https://www.stylekorean.com:443/shop/g9skin-color-clay-carbonated-bubble-pack/1539236882/
2025-05-30 14:46:31,684 - INFO - [FETCH] https://www.stylekorean.com:443/shop/g9skin-grapefruit-vita-peeling-gel/1539234174/
2025-05-30 14:46:33,639 - INFO - Fetched: https://www.stylekorean.com:443/shop/g9skin-grapefruit-vita-peeling-gel/1539234174/
2025-05-30 14:46:34,647 - INFO - [FETCH] https://www.stylekorean.com:443/shop/pyunkang-yul-peeling-gel-100ml/1515727024/
2025-05-30 14:46:37,826 - INFO - Fetched: https://www.stylekorean.com:443/shop/pyunkang-yul-peeling-gel-100ml/1515727024/
2025-05-30 14:46:38,836 - INFO - [FETCH] https://www.stylekorean.com:443/shop/neogen-canadian-clay-pore-cleanser/1462330709/
2025-05-30 14:46:41,354 - INFO - Fetched: https://www.stylekorean.com:443/shop/neogen-canadian-clay-pore-cleanser/1462330709/
2025-05-30 14:46:42,361 - INFO - [FETCH] https://www.stylekorean.com:443/shop/secret-key-lemon-d-toc-peeling-gel-120ml/1447401276/
2025-05-30 14:46:45,907 - INFO - Fetched: https://www.stylekorean.com:443/shop/secret-key-lemon-d-toc-peeling-gel-120ml/1447401276/
2025-05-30 14:46:46,912 - INFO - [FETCH] https://www.stylekorean.com:443/shop/missha-super-aqua-ultra-hyalron-peeling-gel-100ml/1575355102/
2025-05-30 14:46:49,537 - INFO - Fetched: https://www.stylekorean.com:443/shop/missha-super-aqua-ultra-hyalron-peeling-gel-100ml/1575355102/
2025-05-30 14:46:50,541 - INFO - [DONE] Saved final data: stylekorean/data/product_details/skincare_sub_categories/Exfoliators__24_.json
