2025-05-30 14:22:55,106 - INFO - Processing: stylekorean/data/product_urls/skincare_sub_categories/Eye_Cream__65_.json
2025-05-30 14:22:55,108 - INFO - [FETCH] https://www.stylekorean.com:443/shop/medicube-pdrn-pink-eye-serum-30ml/1744679774/
2025-05-30 14:22:59,071 - INFO - Fetched: https://www.stylekorean.com:443/shop/medicube-pdrn-pink-eye-serum-30ml/1744679774/
2025-05-30 14:23:00,073 - INFO - [FETCH] https://www.stylekorean.com:443/shop/nineless-ever-youth-dual-effect-eye-cream-20ml/1741568468/
2025-05-30 14:23:01,765 - INFO - Fetched: https://www.stylekorean.com:443/shop/nineless-ever-youth-dual-effect-eye-cream-20ml/1741568468/
2025-05-30 14:23:02,769 - INFO - [FETCH] https://www.stylekorean.com:443/shop/shaishaishai-caffeine-shot-collagen-eye-cream-30g/1737362086/
2025-05-30 14:23:04,734 - INFO - Fetched: https://www.stylekorean.com:443/shop/shaishaishai-caffeine-shot-collagen-eye-cream-30g/1737362086/
2025-05-30 14:23:05,739 - INFO - [FETCH] https://www.stylekorean.com:443/shop/shaishaishai-banana-conceal-eye-cream-15g/1737361959/
2025-05-30 14:23:09,277 - INFO - Fetched: https://www.stylekorean.com:443/shop/shaishaishai-banana-conceal-eye-cream-15g/1737361959/
2025-05-30 14:23:10,284 - INFO - [FETCH] https://www.stylekorean.com:443/shop/heveblue-black-yuja-bean-auto-eye-cream-15ml/1736231225/
2025-05-30 14:23:12,427 - INFO - Fetched: https://www.stylekorean.com:443/shop/heveblue-black-yuja-bean-auto-eye-cream-15ml/1736231225/
2025-05-30 14:23:13,434 - INFO - [FETCH] https://www.stylekorean.com:443/shop/dr.melaxin-tx-retinalsome-double-effect-eye-cream-40g/1731281892/
2025-05-30 14:23:15,301 - INFO - Fetched: https://www.stylekorean.com:443/shop/dr.melaxin-tx-retinalsome-double-effect-eye-cream-40g/1731281892/
2025-05-30 14:23:16,304 - INFO - [FETCH] https://www.stylekorean.com:443/shop/iunik-prpolis-vitamin-eye-cream-30ml/1730093198/
2025-05-30 14:23:18,042 - INFO - Fetched: https://www.stylekorean.com:443/shop/iunik-prpolis-vitamin-eye-cream-30ml/1730093198/
2025-05-30 14:23:19,046 - INFO - [FETCH] https://www.stylekorean.com:443/shop/vt-cosmetics-reedle-shot-lifting-eye-cream-15ml/1729477832/
2025-05-30 14:23:24,960 - INFO - Fetched: https://www.stylekorean.com:443/shop/vt-cosmetics-reedle-shot-lifting-eye-cream-15ml/1729477832/
2025-05-30 14:23:25,966 - INFO - [FETCH] https://www.stylekorean.com:443/shop/heimish-rx-retinol-bakuchiol-eye-cream-30ml/1729046497/
2025-05-30 14:23:28,118 - INFO - Fetched: https://www.stylekorean.com:443/shop/heimish-rx-retinol-bakuchiol-eye-cream-30ml/1729046497/
2025-05-30 14:23:29,124 - INFO - [FETCH] https://www.stylekorean.com:443/shop/ckd-retinal-4x-guasha-eye-cream-30ml/1728956928/
2025-05-30 14:23:31,474 - INFO - Fetched: https://www.stylekorean.com:443/shop/ckd-retinal-4x-guasha-eye-cream-30ml/1728956928/
2025-05-30 14:23:32,478 - INFO - [FETCH] https://www.stylekorean.com:443/shop/vt-cosmetics-reedle-shot-vita-light-eye-cream-15ml/1726108359/
2025-05-30 14:23:34,032 - INFO - Fetched: https://www.stylekorean.com:443/shop/vt-cosmetics-reedle-shot-vita-light-eye-cream-15ml/1726108359/
2025-05-30 14:23:35,039 - INFO - [FETCH] https://www.stylekorean.com:443/shop/purito-seoul-wonder-releaf-centella-eye-cream-30ml/1725943107/
2025-05-30 14:23:36,689 - INFO - Fetched: https://www.stylekorean.com:443/shop/purito-seoul-wonder-releaf-centella-eye-cream-30ml/1725943107/
2025-05-30 14:23:37,694 - INFO - [FETCH] https://www.stylekorean.com:443/shop/dr.g-hydra-aqua-retinol-eye-cream/1723525499/
2025-05-30 14:23:40,075 - INFO - Fetched: https://www.stylekorean.com:443/shop/dr.g-hydra-aqua-retinol-eye-cream/1723525499/
2025-05-30 14:23:41,076 - INFO - [FETCH] https://www.stylekorean.com:443/shop/purito-seoul-wonder-releaf-centella-eye-cream-unscented-30ml/1722924249/
2025-05-30 14:23:46,465 - INFO - Fetched: https://www.stylekorean.com:443/shop/purito-seoul-wonder-releaf-centella-eye-cream-unscented-30ml/1722924249/
2025-05-30 14:23:47,468 - INFO - [FETCH] https://www.stylekorean.com:443/shop/ootd-beauty-intensive-eye-serum-30ml/1722303392/
2025-05-30 14:23:49,072 - INFO - Fetched: https://www.stylekorean.com:443/shop/ootd-beauty-intensive-eye-serum-30ml/1722303392/
2025-05-30 14:23:50,073 - INFO - [FETCH] https://www.stylekorean.com:443/shop/ootd-beauty-overnight-eye-cream-25ml/1722302983/
2025-05-30 14:23:51,651 - INFO - Fetched: https://www.stylekorean.com:443/shop/ootd-beauty-overnight-eye-cream-25ml/1722302983/
2025-05-30 14:23:52,660 - INFO - [FETCH] https://www.stylekorean.com:443/shop/dr.melaxin-eyephalt-eyebag-cream-10ml/1718327833/
2025-05-30 14:23:55,034 - INFO - Fetched: https://www.stylekorean.com:443/shop/dr.melaxin-eyephalt-eyebag-cream-10ml/1718327833/
2025-05-30 14:23:56,042 - INFO - [FETCH] https://www.stylekorean.com:443/shop/dr.melaxin-cemenrete-calcium-dark-spot-eye-cream-15g/1718327355/
2025-05-30 14:23:59,310 - INFO - Fetched: https://www.stylekorean.com:443/shop/dr.melaxin-cemenrete-calcium-dark-spot-eye-cream-15g/1718327355/
2025-05-30 14:24:00,312 - INFO - [FETCH] https://www.stylekorean.com:443/shop/goodal-black-carrot-vita-a-retinol-firming-eye-cream-30ml/1717573368/
2025-05-30 14:24:01,973 - INFO - Fetched: https://www.stylekorean.com:443/shop/goodal-black-carrot-vita-a-retinol-firming-eye-cream-30ml/1717573368/
2025-05-30 14:24:02,977 - INFO - [FETCH] https://www.stylekorean.com:443/shop/skin1004-madagascar-centella-probio-cica-bakuchiol-eye-cream-twin-pack/1713406711/
2025-05-30 14:24:07,219 - INFO - Fetched: https://www.stylekorean.com:443/shop/skin1004-madagascar-centella-probio-cica-bakuchiol-eye-cream-twin-pack/1713406711/
2025-05-30 14:24:08,222 - INFO - [FETCH] https://www.stylekorean.com:443/shop/axis-y-vegan-collagen-eye-serum-10ml/1711683393/
2025-05-30 14:24:11,250 - INFO - Fetched: https://www.stylekorean.com:443/shop/axis-y-vegan-collagen-eye-serum-10ml/1711683393/
2025-05-30 14:24:12,254 - INFO - [FETCH] https://www.stylekorean.com:443/shop/dr.althea-to-be-youthfull-eye-serum-25ml/1711525439/
2025-05-30 14:24:14,611 - INFO - Fetched: https://www.stylekorean.com:443/shop/dr.althea-to-be-youthfull-eye-serum-25ml/1711525439/
2025-05-30 14:24:15,615 - INFO - [FETCH] https://www.stylekorean.com:443/shop/lalarecipe-yuzu-vita-c-eye-serum-35ml/1706747663/
2025-05-30 14:24:17,280 - INFO - Fetched: https://www.stylekorean.com:443/shop/lalarecipe-yuzu-vita-c-eye-serum-35ml/1706747663/
2025-05-30 14:24:18,287 - INFO - [FETCH] https://www.stylekorean.com:443/shop/belif-peat-miracle-revital-eye-cream-25ml/1701998410/
2025-05-30 14:24:19,972 - INFO - Fetched: https://www.stylekorean.com:443/shop/belif-peat-miracle-revital-eye-cream-25ml/1701998410/
2025-05-30 14:24:20,976 - INFO - [FETCH] https://www.stylekorean.com:443/shop/aplb-glutathione-niacinamide-eye-cream-20ml/1701755828/
2025-05-30 14:24:27,516 - INFO - Fetched: https://www.stylekorean.com:443/shop/aplb-glutathione-niacinamide-eye-cream-20ml/1701755828/
2025-05-30 14:24:28,522 - INFO - [FETCH] https://www.stylekorean.com:443/shop/mixsoon-bean-eye-cream-20ml/1699413109/
2025-05-30 14:24:31,288 - INFO - Fetched: https://www.stylekorean.com:443/shop/mixsoon-bean-eye-cream-20ml/1699413109/
2025-05-30 14:24:32,290 - INFO - [FETCH] https://www.stylekorean.com:443/shop/dr.ceuracle-vegan-active-berry-firming-eye-cream-32g/1698902474/
2025-05-30 14:24:34,302 - INFO - Fetched: https://www.stylekorean.com:443/shop/dr.ceuracle-vegan-active-berry-firming-eye-cream-32g/1698902474/
2025-05-30 14:24:35,304 - INFO - [FETCH] https://www.stylekorean.com:443/shop/abib-collagen-eye-creme-jericho-rose-tube-30ml/1697782294/
2025-05-30 14:24:38,655 - INFO - Fetched: https://www.stylekorean.com:443/shop/abib-collagen-eye-creme-jericho-rose-tube-30ml/1697782294/
2025-05-30 14:24:39,658 - INFO - [FETCH] https://www.stylekorean.com:443/shop/round-lab-1025-dokdo-eye-cream-30ml/1695277074/
2025-05-30 14:24:41,420 - INFO - Fetched: https://www.stylekorean.com:443/shop/round-lab-1025-dokdo-eye-cream-30ml/1695277074/
2025-05-30 14:24:42,427 - INFO - [FETCH] https://www.stylekorean.com:443/shop/belif-moisturizing-eye-bomb-25ml/1692749621/
2025-05-30 14:24:43,835 - INFO - Fetched: https://www.stylekorean.com:443/shop/belif-moisturizing-eye-bomb-25ml/1692749621/
2025-05-30 14:24:44,840 - INFO - [FETCH] https://www.stylekorean.com:443/shop/skin1004-madagascar-centella-probio-cica-bakuchiol-eye-cream-20ml/1692589350/
2025-05-30 14:24:52,298 - INFO - Fetched: https://www.stylekorean.com:443/shop/skin1004-madagascar-centella-probio-cica-bakuchiol-eye-cream-20ml/1692589350/
2025-05-30 14:24:53,303 - INFO - [FETCH] https://www.stylekorean.com:443/shop/mary-may-timedeal-glutathione-eye-cream-special-set-eye-cream-30g-1ea-miniature/1745899826/
2025-05-30 14:24:56,778 - INFO - Fetched: https://www.stylekorean.com:443/shop/mary-may-timedeal-glutathione-eye-cream-special-set-eye-cream-30g-1ea-miniature/1745899826/
2025-05-30 14:24:57,786 - INFO - [FETCH] https://www.stylekorean.com:443/shop/goodal-green-tangerine-vita-c-dark-circle-eye-cream-30ml/1730764892/
2025-05-30 14:24:59,686 - INFO - Fetched: https://www.stylekorean.com:443/shop/goodal-green-tangerine-vita-c-dark-circle-eye-cream-30ml/1730764892/
2025-05-30 14:25:00,694 - INFO - [FETCH] https://www.stylekorean.com:443/shop/celimax-the-real-noni-ultimate-eye-cream-20ml/1678935904/
2025-05-30 14:25:03,124 - INFO - Fetched: https://www.stylekorean.com:443/shop/celimax-the-real-noni-ultimate-eye-cream-20ml/1678935904/
2025-05-30 14:25:04,130 - INFO - [FETCH] https://www.stylekorean.com:443/shop/heimish-renewal-marine-care-retinol-eye-serum-30ml/1705047524/
2025-05-30 14:25:06,768 - INFO - Fetched: https://www.stylekorean.com:443/shop/heimish-renewal-marine-care-retinol-eye-serum-30ml/1705047524/
2025-05-30 14:25:07,773 - INFO - [FETCH] https://www.stylekorean.com:443/shop/pyunkang-yul-concentrated-eye-cream-25ml/1667189560/
2025-05-30 14:25:10,520 - INFO - Fetched: https://www.stylekorean.com:443/shop/pyunkang-yul-concentrated-eye-cream-25ml/1667189560/
2025-05-30 14:25:11,528 - INFO - [FETCH] https://www.stylekorean.com:443/shop/tocobo-collagen-brightening-eye-gel-cream/1666939221/
2025-05-30 14:25:15,117 - INFO - Fetched: https://www.stylekorean.com:443/shop/tocobo-collagen-brightening-eye-gel-cream/1666939221/
2025-05-30 14:25:16,121 - INFO - [FETCH] https://www.stylekorean.com:443/shop/tirtir-timedeal-collagen-lifting-eye-cream-15ml/1659426316/
2025-05-30 14:25:20,348 - INFO - Fetched: https://www.stylekorean.com:443/shop/tirtir-timedeal-collagen-lifting-eye-cream-15ml/1659426316/
2025-05-30 14:25:21,352 - INFO - [FETCH] https://www.stylekorean.com:443/shop/tiam-vita-a-bakuchiol-firming-eye-cream-30ml/1658220026/
2025-05-30 14:25:24,060 - INFO - Fetched: https://www.stylekorean.com:443/shop/tiam-vita-a-bakuchiol-firming-eye-cream-30ml/1658220026/
2025-05-30 14:25:25,063 - INFO - [FETCH] https://www.stylekorean.com:443/shop/be-the-skin-vitavita-circle-zero-eye-cream-30g/1656916355/
2025-05-30 14:25:28,294 - INFO - Fetched: https://www.stylekorean.com:443/shop/be-the-skin-vitavita-circle-zero-eye-cream-30g/1656916355/
2025-05-30 14:25:29,301 - INFO - [FETCH] https://www.stylekorean.com:443/shop/beauty-of-joseon-revive-eye-serum-ginseng-retinal-30ml/1656383787/
2025-05-30 14:25:31,151 - INFO - Fetched: https://www.stylekorean.com:443/shop/beauty-of-joseon-revive-eye-serum-ginseng-retinal-30ml/1656383787/
2025-05-30 14:25:32,154 - INFO - [FETCH] https://www.stylekorean.com:443/shop/haruharu-wonder-black-rice-bakuchiol-eye-cream-20ml/1651803800/
2025-05-30 14:25:34,669 - INFO - Fetched: https://www.stylekorean.com:443/shop/haruharu-wonder-black-rice-bakuchiol-eye-cream-20ml/1651803800/
2025-05-30 14:25:35,677 - INFO - [FETCH] https://www.stylekorean.com:443/shop/neogen-dermalogy-v.biome-advanced-eye-cream-35ml/1648004228/
2025-05-30 14:25:37,564 - INFO - Fetched: https://www.stylekorean.com:443/shop/neogen-dermalogy-v.biome-advanced-eye-cream-35ml/1648004228/
2025-05-30 14:25:38,572 - INFO - [FETCH] https://www.stylekorean.com:443/shop/etude-renewal-moistfull-collagen-eye-cream-28ml/1647920143/
2025-05-30 14:25:40,296 - INFO - Fetched: https://www.stylekorean.com:443/shop/etude-renewal-moistfull-collagen-eye-cream-28ml/1647920143/
2025-05-30 14:25:41,303 - INFO - [FETCH] https://www.stylekorean.com:443/shop/cosnori-avocado-eye-cream-all-face-30ml/1646718708/
2025-05-30 14:25:42,813 - INFO - Fetched: https://www.stylekorean.com:443/shop/cosnori-avocado-eye-cream-all-face-30ml/1646718708/
2025-05-30 14:25:43,820 - INFO - [FETCH] https://www.stylekorean.com:443/shop/farmstay-grape-stem-cell-wrinkle-repair-eye-cream/1638501278/
2025-05-30 14:25:45,409 - INFO - Fetched: https://www.stylekorean.com:443/shop/farmstay-grape-stem-cell-wrinkle-repair-eye-cream/1638501278/
2025-05-30 14:25:46,416 - INFO - [FETCH] https://www.stylekorean.com:443/shop/i-dew-care-glow-key-15ml/1637638498/
2025-05-30 14:25:48,083 - INFO - Fetched: https://www.stylekorean.com:443/shop/i-dew-care-glow-key-15ml/1637638498/
2025-05-30 14:25:49,091 - INFO - [FETCH] https://www.stylekorean.com:443/shop/some-by-mi-retinol-intense-advanced-triple-action-eye-cream-30ml/1676352539/
2025-05-30 14:25:53,517 - INFO - Fetched: https://www.stylekorean.com:443/shop/some-by-mi-retinol-intense-advanced-triple-action-eye-cream-30ml/1676352539/
2025-05-30 14:25:54,524 - INFO - [FETCH] https://www.stylekorean.com:443/shop/farmstay-escargot-noblesse-intensive-eye-cream-50ml/1625817162/
2025-05-30 14:25:56,085 - INFO - Fetched: https://www.stylekorean.com:443/shop/farmstay-escargot-noblesse-intensive-eye-cream-50ml/1625817162/
2025-05-30 14:25:57,090 - INFO - [FETCH] https://www.stylekorean.com:443/shop/mary-may-tranexamic-acid-glutathion-eye-cream-30ml/1624930101/
2025-05-30 14:25:58,754 - INFO - Fetched: https://www.stylekorean.com:443/shop/mary-may-tranexamic-acid-glutathion-eye-cream-30ml/1624930101/
2025-05-30 14:25:59,762 - INFO - [FETCH] https://www.stylekorean.com:443/shop/farmstay-collagen-water-full-moist-rolling-eye-serum-25ml/1606705858/
2025-05-30 14:26:03,485 - INFO - Fetched: https://www.stylekorean.com:443/shop/farmstay-collagen-water-full-moist-rolling-eye-serum-25ml/1606705858/
2025-05-30 14:26:04,488 - INFO - [FETCH] https://www.stylekorean.com:443/shop/farmstay-collagen-water-full-moist-eye-cream-50ml/1606441748/
2025-05-30 14:26:07,503 - INFO - Fetched: https://www.stylekorean.com:443/shop/farmstay-collagen-water-full-moist-eye-cream-50ml/1606441748/
2025-05-30 14:26:08,511 - INFO - [FETCH] https://www.stylekorean.com:443/shop/benton-snail-bee-ultimate-eye-cream-30ml/1606120823/
2025-05-30 14:26:10,609 - INFO - Fetched: https://www.stylekorean.com:443/shop/benton-snail-bee-ultimate-eye-cream-30ml/1606120823/
2025-05-30 14:26:11,616 - INFO - [FETCH] https://www.stylekorean.com:443/shop/isntree-tw-real-eye-cream-30ml/1582009483/
2025-05-30 14:26:13,971 - INFO - Fetched: https://www.stylekorean.com:443/shop/isntree-tw-real-eye-cream-30ml/1582009483/
2025-05-30 14:26:14,975 - INFO - [FETCH] https://www.stylekorean.com:443/shop/dr.jart-vital-hydra-solution-biome-eye-cream-20ml/1570156270/
2025-05-30 14:26:16,983 - INFO - Fetched: https://www.stylekorean.com:443/shop/dr.jart-vital-hydra-solution-biome-eye-cream-20ml/1570156270/
2025-05-30 14:26:17,992 - INFO - [FETCH] https://www.stylekorean.com:443/shop/klavuu-white-pearlsation-completed-revitalizing-pearl-eye-cream/1552027549/
2025-05-30 14:26:19,577 - INFO - Fetched: https://www.stylekorean.com:443/shop/klavuu-white-pearlsation-completed-revitalizing-pearl-eye-cream/1552027549/
2025-05-30 14:26:20,585 - INFO - [FETCH] https://www.stylekorean.com:443/shop/benton-fermentation-eye-cream-10g-miniature/1552007169/
2025-05-30 14:26:22,792 - INFO - Fetched: https://www.stylekorean.com:443/shop/benton-fermentation-eye-cream-10g-miniature/1552007169/
2025-05-30 14:26:23,800 - INFO - [FETCH] https://www.stylekorean.com:443/shop/cosrx-advanced-snail-peptide-eye-cream-25ml/1572831016/
2025-05-30 14:26:25,632 - INFO - Fetched: https://www.stylekorean.com:443/shop/cosrx-advanced-snail-peptide-eye-cream-25ml/1572831016/
2025-05-30 14:26:26,641 - INFO - [FETCH] https://www.stylekorean.com:443/shop/pyunkang-yul-eye-cream-1ml-x-50ea/1528942908/
2025-05-30 14:26:28,425 - INFO - Fetched: https://www.stylekorean.com:443/shop/pyunkang-yul-eye-cream-1ml-x-50ea/1528942908/
2025-05-30 14:26:29,429 - INFO - [FETCH] https://www.stylekorean.com:443/shop/nacific-fresh-herb-origin-eye-cream-30ml/1524816088/
2025-05-30 14:26:31,307 - INFO - Fetched: https://www.stylekorean.com:443/shop/nacific-fresh-herb-origin-eye-cream-30ml/1524816088/
2025-05-30 14:26:32,315 - INFO - [FETCH] https://www.stylekorean.com:443/shop/g9skin-white-in-milk-capsul-eye-cream/1497416662/
2025-05-30 14:26:34,238 - INFO - Fetched: https://www.stylekorean.com:443/shop/g9skin-white-in-milk-capsul-eye-cream/1497416662/
2025-05-30 14:26:35,245 - INFO - [FETCH] https://www.stylekorean.com:443/shop/elizavecca-gold-cf-nest-white-bomb-eye-cream/1717469828/
2025-05-30 14:26:36,972 - INFO - Fetched: https://www.stylekorean.com:443/shop/elizavecca-gold-cf-nest-white-bomb-eye-cream/1717469828/
2025-05-30 14:26:37,977 - INFO - [FETCH] https://www.stylekorean.com:443/shop/benton-renewal-fermentation-eye-cream-30ml/1673510649/
2025-05-30 14:26:40,158 - INFO - Fetched: https://www.stylekorean.com:443/shop/benton-renewal-fermentation-eye-cream-30ml/1673510649/
2025-05-30 14:26:41,163 - INFO - [FETCH] https://www.stylekorean.com:443/shop/heimish-renewal-marine-care-eye-cream-30ml/1716855392/
2025-05-30 14:26:43,411 - INFO - Fetched: https://www.stylekorean.com:443/shop/heimish-renewal-marine-care-eye-cream-30ml/1716855392/
2025-05-30 14:26:44,419 - INFO - [FETCH] https://www.stylekorean.com:443/shop/secret-key-starting-treatment-eye-cream/1475135035/
2025-05-30 14:26:46,586 - INFO - Fetched: https://www.stylekorean.com:443/shop/secret-key-starting-treatment-eye-cream/1475135035/
2025-05-30 14:26:47,591 - INFO - [DONE] Saved final data: stylekorean/data/product_details/skincare_sub_categories/Eye_Cream__65_.json
