2025-05-30 14:10:08,526 - INFO - Processing: stylekorean/data/product_urls/skincare_sub_categories/Face_Mist___Fixer__26_.json
2025-05-30 14:10:08,529 - INFO - [FETCH] https://www.stylekorean.com:443/shop/d-alba-white-truffle-vital-spray-serum-100ml/1741071805/
2025-05-30 14:10:12,221 - INFO - Fetched: https://www.stylekorean.com:443/shop/d-alba-white-truffle-vital-spray-serum-100ml/1741071805/
2025-05-30 14:10:13,228 - INFO - [FETCH] https://www.stylekorean.com:443/shop/yunjac-whole-plant-effect-essential-toner-150ml/1740099474/
2025-05-30 14:10:14,686 - INFO - Fetched: https://www.stylekorean.com:443/shop/yunjac-whole-plant-effect-essential-toner-150ml/1740099474/
2025-05-30 14:10:15,692 - INFO - [FETCH] https://www.stylekorean.com:443/shop/yunjac-skin-perfecting-glow-up-prep-water-50ml/1740098874/
2025-05-30 14:10:18,355 - INFO - Fetched: https://www.stylekorean.com:443/shop/yunjac-skin-perfecting-glow-up-prep-water-50ml/1740098874/
2025-05-30 14:10:19,361 - INFO - [FETCH] https://www.stylekorean.com:443/shop/pyunkang-yul-get-ready-quick-clear-mist-15ml/1738285420/
2025-05-30 14:10:21,231 - INFO - Fetched: https://www.stylekorean.com:443/shop/pyunkang-yul-get-ready-quick-clear-mist-15ml/1738285420/
2025-05-30 14:10:22,234 - INFO - [FETCH] https://www.stylekorean.com:443/shop/kopher-premium-brilliant-mist-90ml/1736746726/
2025-05-30 14:10:23,688 - INFO - Fetched: https://www.stylekorean.com:443/shop/kopher-premium-brilliant-mist-90ml/1736746726/
2025-05-30 14:10:24,695 - INFO - [FETCH] https://www.stylekorean.com:443/shop/d-alba-white-truffle-first-aromatic-spray-serum-60ml/1733361806/
2025-05-30 14:10:28,874 - INFO - Fetched: https://www.stylekorean.com:443/shop/d-alba-white-truffle-first-aromatic-spray-serum-60ml/1733361806/
2025-05-30 14:10:29,875 - INFO - [FETCH] https://www.stylekorean.com:443/shop/d-alba-white-truffle-first-aromatic-spray-serum-120ml/1733361440/
2025-05-30 14:10:32,182 - INFO - Fetched: https://www.stylekorean.com:443/shop/d-alba-white-truffle-first-aromatic-spray-serum-120ml/1733361440/
2025-05-30 14:10:33,188 - INFO - [FETCH] https://www.stylekorean.com:443/shop/sungboon-editor-deep-collagen-barrier-serum-mist-95ml/1733114694/
2025-05-30 14:10:35,729 - INFO - Fetched: https://www.stylekorean.com:443/shop/sungboon-editor-deep-collagen-barrier-serum-mist-95ml/1733114694/
2025-05-30 14:10:36,736 - INFO - [FETCH] https://www.stylekorean.com:443/shop/abib-jericho-rose-mist-serum-glow-spray-100ml/1732086617/
2025-05-30 14:10:39,042 - INFO - Fetched: https://www.stylekorean.com:443/shop/abib-jericho-rose-mist-serum-glow-spray-100ml/1732086617/
2025-05-30 14:10:40,048 - INFO - [FETCH] https://www.stylekorean.com:443/shop/medicube-pdrn-pink-glutathione-serum-mist-100ml/1725510804/
2025-05-30 14:10:43,057 - INFO - Fetched: https://www.stylekorean.com:443/shop/medicube-pdrn-pink-glutathione-serum-mist-100ml/1725510804/
2025-05-30 14:10:44,061 - INFO - [FETCH] https://www.stylekorean.com:443/shop/needly-cicachid-relaxing-mist-100ml/1713315942/
2025-05-30 14:10:45,706 - INFO - Fetched: https://www.stylekorean.com:443/shop/needly-cicachid-relaxing-mist-100ml/1713315942/
2025-05-30 14:10:46,712 - INFO - [FETCH] https://www.stylekorean.com:443/shop/dr.jart-cicapair-calming-mist-150ml/1701224862/
2025-05-30 14:10:48,492 - INFO - Fetched: https://www.stylekorean.com:443/shop/dr.jart-cicapair-calming-mist-150ml/1701224862/
2025-05-30 14:10:49,499 - INFO - [FETCH] https://www.stylekorean.com:443/shop/dr.ceuracle-hyal-reyouth-oil-drop-mist-125ml/1698825192/
2025-05-30 14:10:51,530 - INFO - Fetched: https://www.stylekorean.com:443/shop/dr.ceuracle-hyal-reyouth-oil-drop-mist-125ml/1698825192/
2025-05-30 14:10:52,532 - INFO - [FETCH] https://www.stylekorean.com:443/shop/elizavecca-milky-piggy-hell-pore-water-up-peptide-egf-mist-one-button-150ml/1685931888/
2025-05-30 14:10:54,538 - INFO - Fetched: https://www.stylekorean.com:443/shop/elizavecca-milky-piggy-hell-pore-water-up-peptide-egf-mist-one-button-150ml/1685931888/
2025-05-30 14:10:55,545 - INFO - [FETCH] https://www.stylekorean.com:443/shop/nacific-fresh-herb-origin-mist-serum-100ml/1681265000/
2025-05-30 14:10:57,479 - INFO - Fetched: https://www.stylekorean.com:443/shop/nacific-fresh-herb-origin-mist-serum-100ml/1681265000/
2025-05-30 14:10:58,486 - INFO - [FETCH] https://www.stylekorean.com:443/shop/abib-heartleaf-facial-mist-calming-spray-150ml-refill-150ml/1663291149/
2025-05-30 14:11:00,611 - INFO - Fetched: https://www.stylekorean.com:443/shop/abib-heartleaf-facial-mist-calming-spray-150ml-refill-150ml/1663291149/
2025-05-30 14:11:01,618 - INFO - [FETCH] https://www.stylekorean.com:443/shop/pyunkang-yul-deep-blue-oil-mist-100ml/1656986030/
2025-05-30 14:11:03,823 - INFO - Fetched: https://www.stylekorean.com:443/shop/pyunkang-yul-deep-blue-oil-mist-100ml/1656986030/
2025-05-30 14:11:04,830 - INFO - [FETCH] https://www.stylekorean.com:443/shop/missha-fix-me-make-up-fixer-50ml/1653271931/
2025-05-30 14:11:07,204 - INFO - Fetched: https://www.stylekorean.com:443/shop/missha-fix-me-make-up-fixer-50ml/1653271931/
2025-05-30 14:11:08,211 - INFO - [FETCH] https://www.stylekorean.com:443/shop/pyunkang-yul-ato-intensive-soothing-mist-145ml/1648602104/
2025-05-30 14:11:09,989 - INFO - Fetched: https://www.stylekorean.com:443/shop/pyunkang-yul-ato-intensive-soothing-mist-145ml/1648602104/
2025-05-30 14:11:10,996 - INFO - [FETCH] https://www.stylekorean.com:443/shop/pyunkang-yul-calming-moisture-mist-100ml/1627961876/
2025-05-30 14:11:13,673 - INFO - Fetched: https://www.stylekorean.com:443/shop/pyunkang-yul-calming-moisture-mist-100ml/1627961876/
2025-05-30 14:11:14,680 - INFO - [FETCH] https://www.stylekorean.com:443/shop/hyggee-relief-chamomile-mist-100ml/1606295132/
2025-05-30 14:11:16,523 - INFO - Fetched: https://www.stylekorean.com:443/shop/hyggee-relief-chamomile-mist-100ml/1606295132/
2025-05-30 14:11:17,530 - INFO - [FETCH] https://www.stylekorean.com:443/shop/celimax-renewal-noni-energy-ampoule-mist-50ml/1720600553/
2025-05-30 14:11:20,891 - INFO - Fetched: https://www.stylekorean.com:443/shop/celimax-renewal-noni-energy-ampoule-mist-50ml/1720600553/
2025-05-30 14:11:21,897 - INFO - [FETCH] https://www.stylekorean.com:443/shop/neogen-all-day-locking-fixer-80ml/1592461070/
2025-05-30 14:11:24,122 - INFO - Fetched: https://www.stylekorean.com:443/shop/neogen-all-day-locking-fixer-80ml/1592461070/
2025-05-30 14:11:25,125 - INFO - [FETCH] https://www.stylekorean.com:443/shop/haruharu-wonder-black-bamboo-mist-150ml/1610508309/
2025-05-30 14:11:27,436 - INFO - Fetched: https://www.stylekorean.com:443/shop/haruharu-wonder-black-bamboo-mist-150ml/1610508309/
2025-05-30 14:11:28,440 - INFO - [FETCH] https://www.stylekorean.com:443/shop/klavuu-renewal-white-pearlsation-ideal-actress-backstage-cream-mint-spf30-pa/1721377200/
2025-05-30 14:11:30,302 - INFO - Fetched: https://www.stylekorean.com:443/shop/klavuu-renewal-white-pearlsation-ideal-actress-backstage-cream-mint-spf30-pa/1721377200/
2025-05-30 14:11:31,304 - INFO - [FETCH] https://www.stylekorean.com:443/shop/missha-glow-skin-balm-to-go-mist-80ml/1582076528/
2025-05-30 14:11:34,566 - INFO - Fetched: https://www.stylekorean.com:443/shop/missha-glow-skin-balm-to-go-mist-80ml/1582076528/
2025-05-30 14:11:35,572 - INFO - [DONE] Saved final data: stylekorean/data/product_details/skincare_sub_categories/Face_Mist___Fixer__26_.json
