2025-05-30 12:26:09,897 - INFO - Processing: stylekorean/data/product_urls/skincare_sub_categories/Pad__96_.json
2025-05-30 12:26:09,902 - INFO - [FETCH] https://www.stylekorean.com:443/shop/vt-cosmetics-az-care-toner-pad-60ea/1747977676/
2025-05-30 12:26:11,338 - INFO - Fetched: https://www.stylekorean.com:443/shop/vt-cosmetics-az-care-toner-pad-60ea/1747977676/
2025-05-30 12:26:12,340 - INFO - [FETCH] https://www.stylekorean.com:443/shop/round-lab-birch-juice-moisturizing-set-pad-sun/1745297416/
2025-05-30 12:26:14,904 - INFO - Fetched: https://www.stylekorean.com:443/shop/round-lab-birch-juice-moisturizing-set-pad-sun/1745297416/
2025-05-30 12:26:15,907 - INFO - [FETCH] https://www.stylekorean.com:443/shop/aprilskin-real-calendula-hyaluronic-toner-pad-60ea/1744794355/
2025-05-30 12:26:17,461 - INFO - Fetched: https://www.stylekorean.com:443/shop/aprilskin-real-calendula-hyaluronic-toner-pad-60ea/1744794355/
2025-05-30 12:26:18,463 - INFO - [FETCH] https://www.stylekorean.com:443/shop/medicube-pdrn-pink-toning-gel-toner-pad-70ea/1744157888/
2025-05-30 12:26:21,403 - INFO - Fetched: https://www.stylekorean.com:443/shop/medicube-pdrn-pink-toning-gel-toner-pad-70ea/1744157888/
2025-05-30 12:26:22,409 - INFO - [FETCH] https://www.stylekorean.com:443/shop/holika-holika-gold-kiwi-vita-c-plus-brightening-toner-pad-80ea/1742373444/
2025-05-30 12:26:23,996 - INFO - Fetched: https://www.stylekorean.com:443/shop/holika-holika-gold-kiwi-vita-c-plus-brightening-toner-pad-80ea/1742373444/
2025-05-30 12:26:25,001 - INFO - [FETCH] https://www.stylekorean.com:443/shop/biodance-vita-niacinamide-gel-toner-pads-60-pads/1741743327/
2025-05-30 12:26:28,874 - INFO - Fetched: https://www.stylekorean.com:443/shop/biodance-vita-niacinamide-gel-toner-pads-60-pads/1741743327/
2025-05-30 12:26:29,884 - INFO - [FETCH] https://www.stylekorean.com:443/shop/biodance-sea-kelp-gel-toner-pads-60-pads/1741742087/
2025-05-30 12:26:34,068 - INFO - Fetched: https://www.stylekorean.com:443/shop/biodance-sea-kelp-gel-toner-pads-60-pads/1741742087/
2025-05-30 12:26:35,075 - INFO - [FETCH] https://www.stylekorean.com:443/shop/nineless-b-boost-kojjic-acid-glow-toner-pad-80-pads/1741569032/
2025-05-30 12:26:38,516 - INFO - Fetched: https://www.stylekorean.com:443/shop/nineless-b-boost-kojjic-acid-glow-toner-pad-80-pads/1741569032/
2025-05-30 12:26:39,523 - INFO - [FETCH] https://www.stylekorean.com:443/shop/aprilskin-carrotene-ipmp-instant-calming-serum-pads-80ea/1739853939/
2025-05-30 12:26:41,660 - INFO - Fetched: https://www.stylekorean.com:443/shop/aprilskin-carrotene-ipmp-instant-calming-serum-pads-80ea/1739853939/
2025-05-30 12:26:42,665 - INFO - [FETCH] https://www.stylekorean.com:443/shop/aprilskin-carrotene-clarifying-vita-pads-60ea/1739853134/
2025-05-30 12:26:44,284 - INFO - Fetched: https://www.stylekorean.com:443/shop/aprilskin-carrotene-clarifying-vita-pads-60ea/1739853134/
2025-05-30 12:26:45,290 - INFO - [FETCH] https://www.stylekorean.com:443/shop/skinfood-potato-madecassoside-soothing-pad-60ea/1739768801/
2025-05-30 12:26:47,395 - INFO - Fetched: https://www.stylekorean.com:443/shop/skinfood-potato-madecassoside-soothing-pad-60ea/1739768801/
2025-05-30 12:26:48,401 - INFO - [FETCH] https://www.stylekorean.com:443/shop/be-the-skin-vitavita-raspberry-rdrn-toner-pad-120ml-60ea/1737504160/
2025-05-30 12:26:51,084 - INFO - Fetched: https://www.stylekorean.com:443/shop/be-the-skin-vitavita-raspberry-rdrn-toner-pad-120ml-60ea/1737504160/
2025-05-30 12:26:52,090 - INFO - [FETCH] https://www.stylekorean.com:443/shop/shaishaishai-repair-milky-skin-peel-pad-120ml-60-pads/1737362989/
2025-05-30 12:26:53,973 - INFO - Fetched: https://www.stylekorean.com:443/shop/shaishaishai-repair-milky-skin-peel-pad-120ml-60-pads/1737362989/
2025-05-30 12:26:54,979 - INFO - [FETCH] https://www.stylekorean.com:443/shop/huecalm-waterful-refining-toner-pads-90ea/1737017682/
2025-05-30 12:26:56,636 - INFO - Fetched: https://www.stylekorean.com:443/shop/huecalm-waterful-refining-toner-pads-90ea/1737017682/
2025-05-30 12:26:57,641 - INFO - [FETCH] https://www.stylekorean.com:443/shop/huecalm-heartleaf-pha-peeling-pads-60ea/1736991637/
2025-05-30 12:26:59,527 - INFO - Fetched: https://www.stylekorean.com:443/shop/huecalm-heartleaf-pha-peeling-pads-60ea/1736991637/
2025-05-30 12:27:00,533 - INFO - [FETCH] https://www.stylekorean.com:443/shop/skinfood-rice-brightening-pad-60ea/1736297975/
2025-05-30 12:27:02,024 - INFO - Fetched: https://www.stylekorean.com:443/shop/skinfood-rice-brightening-pad-60ea/1736297975/
2025-05-30 12:27:03,032 - INFO - [FETCH] https://www.stylekorean.com:443/shop/heveblue-penta-berry-panthenol-repair-peel-pad-70ea/1736233402/
2025-05-30 12:27:05,171 - INFO - Fetched: https://www.stylekorean.com:443/shop/heveblue-penta-berry-panthenol-repair-peel-pad-70ea/1736233402/
2025-05-30 12:27:06,181 - INFO - [FETCH] https://www.stylekorean.com:443/shop/ilso-heartleaf-tendersome-double-calming-pad/1734408717/
2025-05-30 12:27:08,217 - INFO - Fetched: https://www.stylekorean.com:443/shop/ilso-heartleaf-tendersome-double-calming-pad/1734408717/
2025-05-30 12:27:09,221 - INFO - [FETCH] https://www.stylekorean.com:443/shop/mixsoon-collagen-toner-pad-110ea/1734058406/
2025-05-30 12:27:12,990 - INFO - Fetched: https://www.stylekorean.com:443/shop/mixsoon-collagen-toner-pad-110ea/1734058406/
2025-05-30 12:27:13,997 - INFO - [FETCH] https://www.stylekorean.com:443/shop/mixsoon-hyaluronic-acid-toner-pad-80ea/1734057554/
2025-05-30 12:27:16,594 - INFO - Fetched: https://www.stylekorean.com:443/shop/mixsoon-hyaluronic-acid-toner-pad-80ea/1734057554/
2025-05-30 12:27:17,601 - INFO - [FETCH] https://www.stylekorean.com:443/shop/sungboon-editor-blackhead-melting-clear-pad-65g-30ea/1733118188/
2025-05-30 12:27:19,650 - INFO - Fetched: https://www.stylekorean.com:443/shop/sungboon-editor-blackhead-melting-clear-pad-65g-30ea/1733118188/
2025-05-30 12:27:20,658 - INFO - [FETCH] https://www.stylekorean.com:443/shop/bewants-cica-collagen-calming-pad-60ea/1732588869/
2025-05-30 12:27:22,554 - INFO - Fetched: https://www.stylekorean.com:443/shop/bewants-cica-collagen-calming-pad-60ea/1732588869/
2025-05-30 12:27:23,556 - INFO - [FETCH] https://www.stylekorean.com:443/shop/skinfood-carrot-carotene-calming-water-pad-special-plus-set-60p-30p/1731369949/
2025-05-30 12:27:25,653 - INFO - Fetched: https://www.stylekorean.com:443/shop/skinfood-carrot-carotene-calming-water-pad-special-plus-set-60p-30p/1731369949/
2025-05-30 12:27:26,656 - INFO - [FETCH] https://www.stylekorean.com:443/shop/ootd-beauty-glass-skin-rice-water-toner-pad-120ml-70pads/1730940083/
2025-05-30 12:27:28,425 - INFO - Fetched: https://www.stylekorean.com:443/shop/ootd-beauty-glass-skin-rice-water-toner-pad-120ml-70pads/1730940083/
2025-05-30 12:27:29,432 - INFO - [FETCH] https://www.stylekorean.com:443/shop/ootd-beauty-dark-spot-vitamin-c-toner-pad-120ml-70pads/1730939672/
2025-05-30 12:27:34,766 - INFO - Fetched: https://www.stylekorean.com:443/shop/ootd-beauty-dark-spot-vitamin-c-toner-pad-120ml-70pads/1730939672/
2025-05-30 12:27:35,774 - INFO - [FETCH] https://www.stylekorean.com:443/shop/jumiso-blackhead-melting-softener-special-kit/1741313669/
2025-05-30 12:27:38,979 - INFO - Fetched: https://www.stylekorean.com:443/shop/jumiso-blackhead-melting-softener-special-kit/1741313669/
2025-05-30 12:27:39,986 - INFO - [FETCH] https://www.stylekorean.com:443/shop/vertty-tea-tree-cica-refining-pad-130ml-50pads/1727071436/
2025-05-30 12:27:41,683 - INFO - Fetched: https://www.stylekorean.com:443/shop/vertty-tea-tree-cica-refining-pad-130ml-50pads/1727071436/
2025-05-30 12:27:42,693 - INFO - [FETCH] https://www.stylekorean.com:443/shop/medicube-exosome-cica-pad-70ea/1725582581/
2025-05-30 12:27:44,617 - INFO - Fetched: https://www.stylekorean.com:443/shop/medicube-exosome-cica-pad-70ea/1725582581/
2025-05-30 12:27:45,622 - INFO - [FETCH] https://www.stylekorean.com:443/shop/medicube-zero-pore-pad-mild-70ea/1725511266/
2025-05-30 12:27:47,701 - INFO - Fetched: https://www.stylekorean.com:443/shop/medicube-zero-pore-pad-mild-70ea/1725511266/
2025-05-30 12:27:48,710 - INFO - [FETCH] https://www.stylekorean.com:443/shop/biodance-cera-nol-gel-toner-pads-60-pads/1725239139/
2025-05-30 12:27:50,895 - INFO - Fetched: https://www.stylekorean.com:443/shop/biodance-cera-nol-gel-toner-pads-60-pads/1725239139/
2025-05-30 12:27:51,909 - INFO - [FETCH] https://www.stylekorean.com:443/shop/biodance-collagen-gel-toner-pads-60-pads/1725238968/
2025-05-30 12:27:55,560 - INFO - Fetched: https://www.stylekorean.com:443/shop/biodance-collagen-gel-toner-pads-60-pads/1725238968/
2025-05-30 12:27:56,566 - INFO - [FETCH] https://www.stylekorean.com:443/shop/abib-green-lha-pore-pad-clear-touch-60-pads/1724985474/
2025-05-30 12:27:58,130 - INFO - Fetched: https://www.stylekorean.com:443/shop/abib-green-lha-pore-pad-clear-touch-60-pads/1724985474/
2025-05-30 12:27:59,141 - INFO - [FETCH] https://www.stylekorean.com:443/shop/aplb-glutathione-niacinamide-toner-pad-60-pads/1724907063/
2025-05-30 12:28:02,519 - INFO - Fetched: https://www.stylekorean.com:443/shop/aplb-glutathione-niacinamide-toner-pad-60-pads/1724907063/
2025-05-30 12:28:03,526 - INFO - [FETCH] https://www.stylekorean.com:443/shop/veganifect-clean-and-glow-green-barley-first-lha-toner-pad-60ea/1724829015/
2025-05-30 12:28:05,155 - INFO - Fetched: https://www.stylekorean.com:443/shop/veganifect-clean-and-glow-green-barley-first-lha-toner-pad-60ea/1724829015/
2025-05-30 12:28:06,164 - INFO - [FETCH] https://www.stylekorean.com:443/shop/veganifect-lifting-and-balancing-fig-chestnut-pore-fit-toner-pad-70ea/1724826381/
2025-05-30 12:28:07,494 - INFO - Fetched: https://www.stylekorean.com:443/shop/veganifect-lifting-and-balancing-fig-chestnut-pore-fit-toner-pad-70ea/1724826381/
2025-05-30 12:28:08,504 - INFO - [FETCH] https://www.stylekorean.com:443/shop/goodal-houttuynia-cordata-hyaluron-soothing-clear-pad-70ea/1724812396/
2025-05-30 12:28:09,945 - INFO - Fetched: https://www.stylekorean.com:443/shop/goodal-houttuynia-cordata-hyaluron-soothing-clear-pad-70ea/1724812396/
2025-05-30 12:28:10,954 - INFO - [FETCH] https://www.stylekorean.com:443/shop/abib-glutathiosome-dark-spot-pad-vita-touch-60-pads/1724216121/
2025-05-30 12:28:13,853 - INFO - Fetched: https://www.stylekorean.com:443/shop/abib-glutathiosome-dark-spot-pad-vita-touch-60-pads/1724216121/
2025-05-30 12:28:14,864 - INFO - [FETCH] https://www.stylekorean.com:443/shop/skinfood-shine-muscat-cica-bha-toner-pad-70ea/1721012319/
2025-05-30 12:28:16,449 - INFO - Fetched: https://www.stylekorean.com:443/shop/skinfood-shine-muscat-cica-bha-toner-pad-70ea/1721012319/
2025-05-30 12:28:17,460 - INFO - [FETCH] https://www.stylekorean.com:443/shop/rovectin-pore-care-no-sebum-pad-60ea/1718237702/
2025-05-30 12:28:19,113 - INFO - Fetched: https://www.stylekorean.com:443/shop/rovectin-pore-care-no-sebum-pad-60ea/1718237702/
2025-05-30 12:28:20,122 - INFO - [FETCH] https://www.stylekorean.com:443/shop/medicube-deep-vita-c-pad-70ea/1729640316/
2025-05-30 12:28:26,158 - INFO - Fetched: https://www.stylekorean.com:443/shop/medicube-deep-vita-c-pad-70ea/1729640316/
2025-05-30 12:28:27,168 - INFO - [FETCH] https://www.stylekorean.com:443/shop/medicube-zero-pore-pad-2.0-70ea/1728893486/
2025-05-30 12:28:29,497 - INFO - Fetched: https://www.stylekorean.com:443/shop/medicube-zero-pore-pad-2.0-70ea/1728893486/
2025-05-30 12:28:30,506 - INFO - [FETCH] https://www.stylekorean.com:443/shop/medicube-super-cica-toner-pad-70ea/1718073624/
2025-05-30 12:28:32,287 - INFO - Fetched: https://www.stylekorean.com:443/shop/medicube-super-cica-toner-pad-70ea/1718073624/
2025-05-30 12:28:33,292 - INFO - [FETCH] https://www.stylekorean.com:443/shop/medicube-red-succinic-acid-peeling-pad-70ea/1718073263/
2025-05-30 12:28:35,092 - INFO - Fetched: https://www.stylekorean.com:443/shop/medicube-red-succinic-acid-peeling-pad-70ea/1718073263/
2025-05-30 12:28:36,100 - INFO - [FETCH] https://www.stylekorean.com:443/shop/cnp-laboratory-professional-solutions-invisible-peeling-booster-pad-80ea/1717748490/
2025-05-30 12:28:38,015 - INFO - Fetched: https://www.stylekorean.com:443/shop/cnp-laboratory-professional-solutions-invisible-peeling-booster-pad-80ea/1717748490/
2025-05-30 12:28:39,026 - INFO - [FETCH] https://www.stylekorean.com:443/shop/isntree-ultra-low-molecular-hyaluronic-acid-zinc-cooling-pad-150ml-60ea/1717745430/
2025-05-30 12:28:40,694 - INFO - Fetched: https://www.stylekorean.com:443/shop/isntree-ultra-low-molecular-hyaluronic-acid-zinc-cooling-pad-150ml-60ea/1717745430/
2025-05-30 12:28:41,702 - INFO - [FETCH] https://www.stylekorean.com:443/shop/nooni-daily-turnover-peel-pad-145ml/1717460615/
2025-05-30 12:28:43,463 - INFO - Fetched: https://www.stylekorean.com:443/shop/nooni-daily-turnover-peel-pad-145ml/1717460615/
2025-05-30 12:28:44,474 - INFO - [FETCH] https://www.stylekorean.com:443/shop/tocobo-cica-calming-aqua-pad-60ea/1715840337/
2025-05-30 12:28:46,714 - INFO - Fetched: https://www.stylekorean.com:443/shop/tocobo-cica-calming-aqua-pad-60ea/1715840337/
2025-05-30 12:28:47,718 - INFO - [FETCH] https://www.stylekorean.com:443/shop/anua-birch-moisture-boosting-pad-160ml-70ea/1713487166/
2025-05-30 12:28:49,350 - INFO - Fetched: https://www.stylekorean.com:443/shop/anua-birch-moisture-boosting-pad-160ml-70ea/1713487166/
2025-05-30 12:28:50,353 - INFO - [FETCH] https://www.stylekorean.com:443/shop/needly-vita-c-glow-jelly-pad-60pads/1713315199/
2025-05-30 12:28:54,087 - INFO - Fetched: https://www.stylekorean.com:443/shop/needly-vita-c-glow-jelly-pad-60pads/1713315199/
2025-05-30 12:28:55,097 - INFO - [FETCH] https://www.stylekorean.com:443/shop/needly-cicachid-chilling-pad-70pads/1712820342/
2025-05-30 12:28:58,266 - INFO - Fetched: https://www.stylekorean.com:443/shop/needly-cicachid-chilling-pad-70pads/1712820342/
2025-05-30 12:28:59,275 - INFO - [FETCH] https://www.stylekorean.com:443/shop/needly-daily-toner-pad-80-pads/1742172832/
2025-05-30 12:29:01,404 - INFO - Fetched: https://www.stylekorean.com:443/shop/needly-daily-toner-pad-80-pads/1742172832/
2025-05-30 12:29:02,407 - INFO - [FETCH] https://www.stylekorean.com:443/shop/mixsoon-galactomyces-toner-pad-60-sheets/1712042451/
2025-05-30 12:29:05,174 - INFO - Fetched: https://www.stylekorean.com:443/shop/mixsoon-galactomyces-toner-pad-60-sheets/1712042451/
2025-05-30 12:29:06,188 - INFO - [FETCH] https://www.stylekorean.com:443/shop/mixsoon-centella-asiatica-toner-pad-120-sheets/1712041713/
2025-05-30 12:29:09,482 - INFO - Fetched: https://www.stylekorean.com:443/shop/mixsoon-centella-asiatica-toner-pad-120-sheets/1712041713/
2025-05-30 12:29:10,487 - INFO - [FETCH] https://www.stylekorean.com:443/shop/mixsoon-bean-toner-pad-70-sheets/1712041430/
2025-05-30 12:29:13,523 - INFO - Fetched: https://www.stylekorean.com:443/shop/mixsoon-bean-toner-pad-70-sheets/1712041430/
2025-05-30 12:29:14,533 - INFO - [FETCH] https://www.stylekorean.com:443/shop/mixsoon-bifida-toner-pad-120-sheets/1712041181/
2025-05-30 12:29:17,282 - INFO - Fetched: https://www.stylekorean.com:443/shop/mixsoon-bifida-toner-pad-120-sheets/1712041181/
2025-05-30 12:29:18,292 - INFO - [FETCH] https://www.stylekorean.com:443/shop/snp-triple-water-peel-soothing-pad-60-pads/1707119687/
2025-05-30 12:29:19,805 - INFO - Fetched: https://www.stylekorean.com:443/shop/snp-triple-water-peel-soothing-pad-60-pads/1707119687/
2025-05-30 12:29:20,814 - INFO - [FETCH] https://www.stylekorean.com:443/shop/miguhara-cica-bakuchiol-calming-pad-150ml/1706681962/
2025-05-30 12:29:22,378 - INFO - Fetched: https://www.stylekorean.com:443/shop/miguhara-cica-bakuchiol-calming-pad-150ml/1706681962/
2025-05-30 12:29:23,384 - INFO - [FETCH] https://www.stylekorean.com:443/shop/goodal-renewal-green-tangerine-vita-c-dark-spot-care-pad-70ea/1730349587/
2025-05-30 12:29:25,084 - INFO - Fetched: https://www.stylekorean.com:443/shop/goodal-renewal-green-tangerine-vita-c-dark-spot-care-pad-70ea/1730349587/
2025-05-30 12:29:26,093 - INFO - [FETCH] https://www.stylekorean.com:443/shop/pyunkang-yul-calming-toner-pad-2ea/1706086111/
2025-05-30 12:29:33,521 - INFO - Fetched: https://www.stylekorean.com:443/shop/pyunkang-yul-calming-toner-pad-2ea/1706086111/
2025-05-30 12:29:34,530 - INFO - [FETCH] https://www.stylekorean.com:443/shop/pyunkang-yul-low-ph-cleansing-pad-70ea/1733275771/
2025-05-30 12:29:36,409 - INFO - Fetched: https://www.stylekorean.com:443/shop/pyunkang-yul-low-ph-cleansing-pad-70ea/1733275771/
2025-05-30 12:29:37,417 - INFO - [FETCH] https://www.stylekorean.com:443/shop/abib-jericho-rose-collagen-pad-firming-touch-60pcs/1702519648/
2025-05-30 12:29:39,227 - INFO - Fetched: https://www.stylekorean.com:443/shop/abib-jericho-rose-collagen-pad-firming-touch-60pcs/1702519648/
2025-05-30 12:29:40,236 - INFO - [FETCH] https://www.stylekorean.com:443/shop/pyunkang-yul-ultimate-calming-solution-toner-pad-70ea/1738724900/
2025-05-30 12:29:41,988 - INFO - Fetched: https://www.stylekorean.com:443/shop/pyunkang-yul-ultimate-calming-solution-toner-pad-70ea/1738724900/
2025-05-30 12:29:42,997 - INFO - [FETCH] https://www.stylekorean.com:443/shop/meta-foret-black-lemon-peeling-toner-pad-60ea/1701229484/
2025-05-30 12:29:44,406 - INFO - Fetched: https://www.stylekorean.com:443/shop/meta-foret-black-lemon-peeling-toner-pad-60ea/1701229484/
2025-05-30 12:29:45,413 - INFO - [FETCH] https://www.stylekorean.com:443/shop/celimax-ji-woo-gae-cica-bha-blemish-toner-pad-60pads/1700717758/
2025-05-30 12:29:49,577 - INFO - Fetched: https://www.stylekorean.com:443/shop/celimax-ji-woo-gae-cica-bha-blemish-toner-pad-60pads/1700717758/
2025-05-30 12:29:50,586 - INFO - [FETCH] https://www.stylekorean.com:443/shop/belif-problem-solution-vegan-toner-pad-150ml/1698390957/
2025-05-30 12:29:52,401 - INFO - Fetched: https://www.stylekorean.com:443/shop/belif-problem-solution-vegan-toner-pad-150ml/1698390957/
2025-05-30 12:29:53,408 - INFO - [FETCH] https://www.stylekorean.com:443/shop/celimax-pore-dark-spot-brightening-pad-40-pads/1692928991/
2025-05-30 12:29:55,834 - INFO - Fetched: https://www.stylekorean.com:443/shop/celimax-pore-dark-spot-brightening-pad-40-pads/1692928991/
2025-05-30 12:29:56,844 - INFO - [FETCH] https://www.stylekorean.com:443/shop/sungboon-editor-green-tomato-pore-peeling-jumbo-pad-180ml-60pads/1689818919/
2025-05-30 12:29:59,558 - INFO - Fetched: https://www.stylekorean.com:443/shop/sungboon-editor-green-tomato-pore-peeling-jumbo-pad-180ml-60pads/1689818919/
2025-05-30 12:30:00,569 - INFO - [FETCH] https://www.stylekorean.com:443/shop/numbuzin-no.5-glutathione-vitamin-concentrated-toner-pads-70pads/1684133730/
2025-05-30 12:30:03,226 - INFO - Fetched: https://www.stylekorean.com:443/shop/numbuzin-no.5-glutathione-vitamin-concentrated-toner-pads-70pads/1684133730/
2025-05-30 12:30:04,238 - INFO - [FETCH] https://www.stylekorean.com:443/shop/benton-guava-70-skin-toner-face-mask-pad-70pads/1683854848/
2025-05-30 12:30:07,067 - INFO - Fetched: https://www.stylekorean.com:443/shop/benton-guava-70-skin-toner-face-mask-pad-70pads/1683854848/
2025-05-30 12:30:08,077 - INFO - [FETCH] https://www.stylekorean.com:443/shop/lalarecipe-hempseed-purifying-pad-70pcs/1682403678/
2025-05-30 12:30:09,705 - INFO - Fetched: https://www.stylekorean.com:443/shop/lalarecipe-hempseed-purifying-pad-70pcs/1682403678/
2025-05-30 12:30:10,716 - INFO - [FETCH] https://www.stylekorean.com:443/shop/lalarecipe-yuzu-vita-c-ampoule-pad-80pcs/1682403089/
2025-05-30 12:30:12,203 - INFO - Fetched: https://www.stylekorean.com:443/shop/lalarecipe-yuzu-vita-c-ampoule-pad-80pcs/1682403089/
2025-05-30 12:30:13,208 - INFO - [FETCH] https://www.stylekorean.com:443/shop/dr.althea-anastatica-skin-conditioning-pad/1676597451/
2025-05-30 12:30:15,114 - INFO - Fetched: https://www.stylekorean.com:443/shop/dr.althea-anastatica-skin-conditioning-pad/1676597451/
2025-05-30 12:30:16,124 - INFO - [FETCH] https://www.stylekorean.com:443/shop/make-prem-inteca-soothing-pad-70pads/1676517838/
2025-05-30 12:30:17,789 - INFO - Fetched: https://www.stylekorean.com:443/shop/make-prem-inteca-soothing-pad-70pads/1676517838/
2025-05-30 12:30:18,803 - INFO - [FETCH] https://www.stylekorean.com:443/shop/numbuzin-no.1-centella-re-leaf-green-toner-pad-190ml-70-pads/1673502796/
2025-05-30 12:30:21,551 - INFO - Fetched: https://www.stylekorean.com:443/shop/numbuzin-no.1-centella-re-leaf-green-toner-pad-190ml-70-pads/1673502796/
2025-05-30 12:30:22,563 - INFO - [FETCH] https://www.stylekorean.com:443/shop/numbuzin-no.3-radiance-glowing-jumbo-essence-pad-150ml-70ea/1668649838/
2025-05-30 12:30:25,993 - INFO - Fetched: https://www.stylekorean.com:443/shop/numbuzin-no.3-radiance-glowing-jumbo-essence-pad-150ml-70ea/1668649838/
2025-05-30 12:30:27,004 - INFO - [FETCH] https://www.stylekorean.com:443/shop/abib-sedum-hyaluron-pad-hydrating-touch-75pads/1663211291/
2025-05-30 12:30:30,400 - INFO - Fetched: https://www.stylekorean.com:443/shop/abib-sedum-hyaluron-pad-hydrating-touch-75pads/1663211291/
2025-05-30 12:30:31,413 - INFO - [FETCH] https://www.stylekorean.com:443/shop/numbuzin-no.4-pore-zero-peeled-egg-toner-pad-190ml-70ea/1661239317/
2025-05-30 12:30:33,344 - INFO - Fetched: https://www.stylekorean.com:443/shop/numbuzin-no.4-pore-zero-peeled-egg-toner-pad-190ml-70ea/1661239317/
2025-05-30 12:30:34,350 - INFO - [FETCH] https://www.stylekorean.com:443/shop/round-lab-pine-tree-soothing-cica-pad-50-sheets/1684122825/
2025-05-30 12:30:36,766 - INFO - Fetched: https://www.stylekorean.com:443/shop/round-lab-pine-tree-soothing-cica-pad-50-sheets/1684122825/
2025-05-30 12:30:37,772 - INFO - [FETCH] https://www.stylekorean.com:443/shop/round-lab-renewal-birch-juice-moisturizing-pad-80ea/1722387300/
2025-05-30 12:30:41,423 - INFO - Fetched: https://www.stylekorean.com:443/shop/round-lab-renewal-birch-juice-moisturizing-pad-80ea/1722387300/
2025-05-30 12:30:42,437 - INFO - [FETCH] https://www.stylekorean.com:443/shop/isntree-onion-newpair-clear-pad-60ea/1655090193/
2025-05-30 12:30:44,125 - INFO - Fetched: https://www.stylekorean.com:443/shop/isntree-onion-newpair-clear-pad-60ea/1655090193/
2025-05-30 12:30:45,139 - INFO - [FETCH] https://www.stylekorean.com:443/shop/celimax-heartleaf-bha-peeling-pad-60ea/1646633909/
2025-05-30 12:30:47,561 - INFO - Fetched: https://www.stylekorean.com:443/shop/celimax-heartleaf-bha-peeling-pad-60ea/1646633909/
2025-05-30 12:30:48,569 - INFO - [FETCH] https://www.stylekorean.com:443/shop/skin1004-madagascar-centella-quick-calming-pad-70ea/1637213775/
2025-05-30 12:30:50,795 - INFO - Fetched: https://www.stylekorean.com:443/shop/skin1004-madagascar-centella-quick-calming-pad-70ea/1637213775/
2025-05-30 12:30:51,807 - INFO - [FETCH] https://www.stylekorean.com:443/shop/abib-heartleaf-spot-pad-calming-touch-80-pads/1663211682/
2025-05-30 12:30:54,730 - INFO - Fetched: https://www.stylekorean.com:443/shop/abib-heartleaf-spot-pad-calming-touch-80-pads/1663211682/
2025-05-30 12:30:55,742 - INFO - [FETCH] https://www.stylekorean.com:443/shop/pyunkang-yul-calming-toner-pad-70ea/1627536013/
2025-05-30 12:30:57,308 - INFO - Fetched: https://www.stylekorean.com:443/shop/pyunkang-yul-calming-toner-pad-70ea/1627536013/
2025-05-30 12:30:58,319 - INFO - [FETCH] https://www.stylekorean.com:443/shop/skinfood-carrot-carotene-calming-water-pad-60ea/1625035733/
2025-05-30 12:31:02,163 - INFO - Fetched: https://www.stylekorean.com:443/shop/skinfood-carrot-carotene-calming-water-pad-60ea/1625035733/
2025-05-30 12:31:03,177 - INFO - [FETCH] https://www.stylekorean.com:443/shop/mary-may-gluconolactone-pha-betula-alba-juice-cleansing-pad-70ea/1623825315/
2025-05-30 12:31:05,093 - INFO - Fetched: https://www.stylekorean.com:443/shop/mary-may-gluconolactone-pha-betula-alba-juice-cleansing-pad-70ea/1623825315/
2025-05-30 12:31:06,106 - INFO - [FETCH] https://www.stylekorean.com:443/shop/amplen-centelcalming-shot-toner-pad-180ml/1618305910/
2025-05-30 12:31:07,653 - INFO - Fetched: https://www.stylekorean.com:443/shop/amplen-centelcalming-shot-toner-pad-180ml/1618305910/
2025-05-30 12:31:08,664 - INFO - [FETCH] https://www.stylekorean.com:443/shop/goodal-renewal-houttuynia-cordata-calming-toner-pad-70ea/1664271051/
2025-05-30 12:31:10,293 - INFO - Fetched: https://www.stylekorean.com:443/shop/goodal-renewal-houttuynia-cordata-calming-toner-pad-70ea/1664271051/
2025-05-30 12:31:11,301 - INFO - [FETCH] https://www.stylekorean.com:443/shop/anua-heartleaf-77-clear-pad-70ea/1604469260/
2025-05-30 12:31:12,766 - INFO - Fetched: https://www.stylekorean.com:443/shop/anua-heartleaf-77-clear-pad-70ea/1604469260/
2025-05-30 12:31:13,778 - INFO - [FETCH] https://www.stylekorean.com:443/shop/round-lab-1025-dokdo-pad-120ml/1599699488/
2025-05-30 12:31:15,548 - INFO - Fetched: https://www.stylekorean.com:443/shop/round-lab-1025-dokdo-pad-120ml/1599699488/
2025-05-30 12:31:16,559 - INFO - [FETCH] https://www.stylekorean.com:443/shop/one-day-s-you-help-me-honey-c-pad-60-pads/1606372833/
2025-05-30 12:31:18,187 - INFO - Fetched: https://www.stylekorean.com:443/shop/one-day-s-you-help-me-honey-c-pad-60-pads/1606372833/
2025-05-30 12:31:19,200 - INFO - [FETCH] https://www.stylekorean.com:443/shop/one-day-s-you-help-me-dacto-pad-60-pads/1606370836/
2025-05-30 12:31:21,033 - INFO - Fetched: https://www.stylekorean.com:443/shop/one-day-s-you-help-me-dacto-pad-60-pads/1606370836/
2025-05-30 12:31:22,042 - INFO - [FETCH] https://www.stylekorean.com:443/shop/some-by-mi-aha-bha-pha-30-days-miracle-truecica-clear-pad-70ea/1590458235/
2025-05-30 12:31:26,177 - INFO - Fetched: https://www.stylekorean.com:443/shop/some-by-mi-aha-bha-pha-30-days-miracle-truecica-clear-pad-70ea/1590458235/
2025-05-30 12:31:27,188 - INFO - [FETCH] https://www.stylekorean.com:443/shop/vt-cosmetics-cica-mild-toner-pad-60ea/1588144821/
2025-05-30 12:31:29,031 - INFO - Fetched: https://www.stylekorean.com:443/shop/vt-cosmetics-cica-mild-toner-pad-60ea/1588144821/
2025-05-30 12:31:30,041 - INFO - [FETCH] https://www.stylekorean.com:443/shop/cosrx-one-step-moisture-up-pad-70ea/1585811743/
2025-05-30 12:31:31,515 - INFO - Fetched: https://www.stylekorean.com:443/shop/cosrx-one-step-moisture-up-pad-70ea/1585811743/
2025-05-30 12:31:32,523 - INFO - [FETCH] https://www.stylekorean.com:443/shop/cosrx-one-step-original-clear-pads-70ea/1579879131/
2025-05-30 12:31:34,381 - INFO - Fetched: https://www.stylekorean.com:443/shop/cosrx-one-step-original-clear-pads-70ea/1579879131/
2025-05-30 12:31:35,396 - INFO - [DONE] Saved final data: stylekorean/data/product_details/skincare_sub_categories/Pad__96_.json
