2025-05-30 13:21:43,571 - INFO - Processing: stylekorean/data/product_urls/skincare_sub_categories/Patch__68_.json
2025-05-30 13:21:43,574 - INFO - [FETCH] https://www.stylekorean.com:443/shop/ilso-no-problem-spot-patch/1748226591/
2025-05-30 13:21:45,512 - INFO - Fetched: https://www.stylekorean.com:443/shop/ilso-no-problem-spot-patch/1748226591/
2025-05-30 13:21:46,514 - INFO - [FETCH] https://www.stylekorean.com:443/shop/anua-triple-acid-spot-care-microdart-patch-12ea/1744854315/
2025-05-30 13:21:48,966 - INFO - Fetched: https://www.stylekorean.com:443/shop/anua-triple-acid-spot-care-microdart-patch-12ea/1744854315/
2025-05-30 13:21:49,970 - INFO - [FETCH] https://www.stylekorean.com:443/shop/filflo-peptide-micro-eye-patch-2ea/1742959041/
2025-05-30 13:21:53,172 - INFO - Fetched: https://www.stylekorean.com:443/shop/filflo-peptide-micro-eye-patch-2ea/1742959041/
2025-05-30 13:21:54,175 - INFO - [FETCH] https://www.stylekorean.com:443/shop/filflo-dark-spot-brightening-patch-6ea/1742958207/
2025-05-30 13:21:56,914 - INFO - Fetched: https://www.stylekorean.com:443/shop/filflo-dark-spot-brightening-patch-6ea/1742958207/
2025-05-30 13:21:57,920 - INFO - [FETCH] https://www.stylekorean.com:443/shop/filflo-quick-calming-spot-patch-12ea/1742955833/
2025-05-30 13:24:38,808 - ERROR - [ERROR] Fetching https://www.stylekorean.com:443/shop/filflo-quick-calming-spot-patch-12ea/1742955833/: HTTPSConnectionPool(host='www.stylekorean.com', port=443): Read timed out. (read timeout=10)
2025-05-30 13:24:39,816 - INFO - [FETCH] https://www.stylekorean.com:443/shop/abib-heartleaf-calming-spot-patch-78pcs/1739348619/
2025-05-30 13:24:41,526 - INFO - Fetched: https://www.stylekorean.com:443/shop/abib-heartleaf-calming-spot-patch-78pcs/1739348619/
2025-05-30 13:24:42,526 - INFO - [FETCH] https://www.stylekorean.com:443/shop/huecalm-niacin-vita-c-snow-patch-6ea/1737016724/
2025-05-30 13:24:43,991 - INFO - Fetched: https://www.stylekorean.com:443/shop/huecalm-niacin-vita-c-snow-patch-6ea/1737016724/
2025-05-30 13:24:44,997 - INFO - [FETCH] https://www.stylekorean.com:443/shop/huecalm-kintsugi-heart-shaped-firming-patch-24ea/1737004835/
2025-05-30 13:24:46,502 - INFO - Fetched: https://www.stylekorean.com:443/shop/huecalm-kintsugi-heart-shaped-firming-patch-24ea/1737004835/
2025-05-30 13:24:47,504 - INFO - [FETCH] https://www.stylekorean.com:443/shop/cosrx-the-peptide-collagen-hydrogel-eye-patch/1733981048/
2025-05-30 13:24:49,735 - INFO - Fetched: https://www.stylekorean.com:443/shop/cosrx-the-peptide-collagen-hydrogel-eye-patch/1733981048/
2025-05-30 13:24:50,736 - INFO - [FETCH] https://www.stylekorean.com:443/shop/anua-ultra-thin-spot-cover-patch-75ea/1732776835/
2025-05-30 13:24:53,538 - INFO - Fetched: https://www.stylekorean.com:443/shop/anua-ultra-thin-spot-cover-patch-75ea/1732776835/
2025-05-30 13:24:54,541 - INFO - [FETCH] https://www.stylekorean.com:443/shop/heimish-rx-retinol-bakuchiol-hydrogel-eye-patch-60ea/1729045435/
2025-05-30 13:24:58,171 - INFO - Fetched: https://www.stylekorean.com:443/shop/heimish-rx-retinol-bakuchiol-hydrogel-eye-patch-60ea/1729045435/
2025-05-30 13:24:59,173 - INFO - [FETCH] https://www.stylekorean.com:443/shop/purito-seoul-wonder-releaf-centella-spot-patch/1722925110/
2025-05-30 13:25:03,550 - INFO - Fetched: https://www.stylekorean.com:443/shop/purito-seoul-wonder-releaf-centella-spot-patch/1722925110/
2025-05-30 13:25:04,556 - INFO - [FETCH] https://www.stylekorean.com:443/shop/ootd-beauty-star-spot-patch-80-patches/1722303843/
2025-05-30 13:25:06,665 - INFO - Fetched: https://www.stylekorean.com:443/shop/ootd-beauty-star-spot-patch-80-patches/1722303843/
2025-05-30 13:25:07,668 - INFO - [FETCH] https://www.stylekorean.com:443/shop/petitfee-aura-quartz-hydrogel-eye-mask--pure-opal-40pcs/1720072330/
2025-05-30 13:25:09,373 - INFO - Fetched: https://www.stylekorean.com:443/shop/petitfee-aura-quartz-hydrogel-eye-mask--pure-opal-40pcs/1720072330/
2025-05-30 13:25:10,375 - INFO - [FETCH] https://www.stylekorean.com:443/shop/ksecret-caffeine-instant-relief-eye-gel-patches/1719477066/
2025-05-30 13:25:13,504 - INFO - Fetched: https://www.stylekorean.com:443/shop/ksecret-caffeine-instant-relief-eye-gel-patches/1719477066/
2025-05-30 13:25:14,510 - INFO - [FETCH] https://www.stylekorean.com:443/shop/ksecret-vitamin-c-extra-illuminating-eye-gel-patches/1719476234/
2025-05-30 13:25:17,407 - INFO - Fetched: https://www.stylekorean.com:443/shop/ksecret-vitamin-c-extra-illuminating-eye-gel-patches/1719476234/
2025-05-30 13:25:18,411 - INFO - [FETCH] https://www.stylekorean.com:443/shop/ksecret-retinol-advanced-regenerating-eye-gel-patches/1719475994/
2025-05-30 13:25:20,481 - INFO - Fetched: https://www.stylekorean.com:443/shop/ksecret-retinol-advanced-regenerating-eye-gel-patches/1719475994/
2025-05-30 13:25:21,487 - INFO - [FETCH] https://www.stylekorean.com:443/shop/dr.melaxin-cemenrete-calcium-volume-eye-patch-60ea/1718327604/
2025-05-30 13:25:23,154 - INFO - Fetched: https://www.stylekorean.com:443/shop/dr.melaxin-cemenrete-calcium-volume-eye-patch-60ea/1718327604/
2025-05-30 13:25:24,155 - INFO - [FETCH] https://www.stylekorean.com:443/shop/parnell-cicamanu-clear-patch-68ea/1712281640/
2025-05-30 13:25:26,930 - INFO - Fetched: https://www.stylekorean.com:443/shop/parnell-cicamanu-clear-patch-68ea/1712281640/
2025-05-30 13:25:27,935 - INFO - [FETCH] https://www.stylekorean.com:443/shop/acropass-dark-spot-care-6-patches/1702621455/
2025-05-30 13:25:29,965 - INFO - Fetched: https://www.stylekorean.com:443/shop/acropass-dark-spot-care-6-patches/1702621455/
2025-05-30 13:25:30,970 - INFO - [FETCH] https://www.stylekorean.com:443/shop/goodal-renwal-green-tangerine-vita-c-eye-gel-patch-60ea/1726708266/
2025-05-30 13:25:32,682 - INFO - Fetched: https://www.stylekorean.com:443/shop/goodal-renwal-green-tangerine-vita-c-eye-gel-patch-60ea/1726708266/
2025-05-30 13:25:33,685 - INFO - [FETCH] https://www.stylekorean.com:443/shop/i-dew-care-starlit-kitten-brightening-hydrogel-eye-patch-5ea/1686789223/
2025-05-30 13:25:35,465 - INFO - Fetched: https://www.stylekorean.com:443/shop/i-dew-care-starlit-kitten-brightening-hydrogel-eye-patch-5ea/1686789223/
2025-05-30 13:25:36,469 - INFO - [FETCH] https://www.stylekorean.com:443/shop/isntree-onion-newpair-spot-patch-skin-fit-15ea/1683847305/
2025-05-30 13:25:40,312 - INFO - Fetched: https://www.stylekorean.com:443/shop/isntree-onion-newpair-spot-patch-skin-fit-15ea/1683847305/
2025-05-30 13:25:41,314 - INFO - [FETCH] https://www.stylekorean.com:443/shop/isntree-onion-newpair-spot-patch-basic-24ea/1683792178/
2025-05-30 13:25:45,158 - INFO - Fetched: https://www.stylekorean.com:443/shop/isntree-onion-newpair-spot-patch-basic-24ea/1683792178/
2025-05-30 13:25:46,162 - INFO - [FETCH] https://www.stylekorean.com:443/shop/pyunkang-yul-calming-clear-spot-patch-intensive-care-8mm-60ea-10mm-105ea/1682067237/
2025-05-30 13:25:47,756 - INFO - Fetched: https://www.stylekorean.com:443/shop/pyunkang-yul-calming-clear-spot-patch-intensive-care-8mm-60ea-10mm-105ea/1682067237/
2025-05-30 13:25:48,762 - INFO - [FETCH] https://www.stylekorean.com:443/shop/pyunkang-yul-calming-clear-spot-patch-intensive-care-slim-care/1682066836/
2025-05-30 13:25:50,472 - INFO - Fetched: https://www.stylekorean.com:443/shop/pyunkang-yul-calming-clear-spot-patch-intensive-care-slim-care/1682066836/
2025-05-30 13:25:51,478 - INFO - [FETCH] https://www.stylekorean.com:443/shop/pyunkang-yul-calming-clear-spot-patch-slim-care-8mm-40ea-10mm-105ea/1682066539/
2025-05-30 13:25:53,594 - INFO - Fetched: https://www.stylekorean.com:443/shop/pyunkang-yul-calming-clear-spot-patch-slim-care-8mm-40ea-10mm-105ea/1682066539/
2025-05-30 13:25:54,596 - INFO - [FETCH] https://www.stylekorean.com:443/shop/abib-timedeal-collagen-eye-patch-jericho-rose-jelly-60pcs/1681279285/
2025-05-30 13:25:58,469 - INFO - Fetched: https://www.stylekorean.com:443/shop/abib-timedeal-collagen-eye-patch-jericho-rose-jelly-60pcs/1681279285/
2025-05-30 13:25:59,474 - INFO - [FETCH] https://www.stylekorean.com:443/shop/tiam-surprise-b-patch-7mm-x10ea-10mm-x-5ea-12mm-x-9ea/1678070095/
2025-05-30 13:26:02,897 - INFO - Fetched: https://www.stylekorean.com:443/shop/tiam-surprise-b-patch-7mm-x10ea-10mm-x-5ea-12mm-x-9ea/1678070095/
2025-05-30 13:26:03,900 - INFO - [FETCH] https://www.stylekorean.com:443/shop/tiam-surprise-h-patch-10mm-x-18ea/1678069786/
2025-05-30 13:26:06,876 - INFO - Fetched: https://www.stylekorean.com:443/shop/tiam-surprise-h-patch-10mm-x-18ea/1678069786/
2025-05-30 13:26:07,882 - INFO - [FETCH] https://www.stylekorean.com:443/shop/mixsoon-spot-clean-care-patch-84ea/1669194782/
2025-05-30 13:26:09,595 - INFO - Fetched: https://www.stylekorean.com:443/shop/mixsoon-spot-clean-care-patch-84ea/1669194782/
2025-05-30 13:26:10,598 - INFO - [FETCH] https://www.stylekorean.com:443/shop/i-dew-care-timeout-blemish-patch-6-types/1664447435/
2025-05-30 13:26:13,120 - INFO - Fetched: https://www.stylekorean.com:443/shop/i-dew-care-timeout-blemish-patch-6-types/1664447435/
2025-05-30 13:26:14,122 - INFO - [FETCH] https://www.stylekorean.com:443/shop/skin1004-spot-cover-patch-22pcs/1663565982/
2025-05-30 13:26:17,415 - INFO - Fetched: https://www.stylekorean.com:443/shop/skin1004-spot-cover-patch-22pcs/1663565982/
2025-05-30 13:26:18,422 - INFO - [FETCH] https://www.stylekorean.com:443/shop/acropass-poreless-patch-poreless-patches-4ea-poreless-bubble-pack-2ea/1658803992/
2025-05-30 13:26:21,013 - INFO - Fetched: https://www.stylekorean.com:443/shop/acropass-poreless-patch-poreless-patches-4ea-poreless-bubble-pack-2ea/1658803992/
2025-05-30 13:26:22,015 - INFO - [FETCH] https://www.stylekorean.com:443/shop/skinfood-cica-clear-spot-patch-25-4ea/1653442665/
2025-05-30 13:26:24,540 - INFO - Fetched: https://www.stylekorean.com:443/shop/skinfood-cica-clear-spot-patch-25-4ea/1653442665/
2025-05-30 13:26:25,544 - INFO - [FETCH] https://www.stylekorean.com:443/shop/snp-gold-collagen-dual-eye-patch-60ea/1647925778/
2025-05-30 13:26:27,225 - INFO - Fetched: https://www.stylekorean.com:443/shop/snp-gold-collagen-dual-eye-patch-60ea/1647925778/
2025-05-30 13:26:28,228 - INFO - [FETCH] https://www.stylekorean.com:443/shop/heimish-matcha-biome-hydrogel-eye-patch-60ea/1647236829/
2025-05-30 13:26:30,924 - INFO - Fetched: https://www.stylekorean.com:443/shop/heimish-matcha-biome-hydrogel-eye-patch-60ea/1647236829/
2025-05-30 13:26:31,927 - INFO - [FETCH] https://www.stylekorean.com:443/shop/elizavecca-witch-piggy-hell-pore-blemish-spot-patch-44ea/1641521034/
2025-05-30 13:26:34,820 - INFO - Fetched: https://www.stylekorean.com:443/shop/elizavecca-witch-piggy-hell-pore-blemish-spot-patch-44ea/1641521034/
2025-05-30 13:26:35,825 - INFO - [FETCH] https://www.stylekorean.com:443/shop/cosrx-acne-pimple-master-patch-10ea-x-24-patches/1640930763/
2025-05-30 13:26:37,509 - INFO - Fetched: https://www.stylekorean.com:443/shop/cosrx-acne-pimple-master-patch-10ea-x-24-patches/1640930763/
2025-05-30 13:26:38,515 - INFO - [FETCH] https://www.stylekorean.com:443/shop/farmstay-cica-farm-nature-solution-eyepatch/1640054498/
2025-05-30 13:26:39,952 - INFO - Fetched: https://www.stylekorean.com:443/shop/farmstay-cica-farm-nature-solution-eyepatch/1640054498/
2025-05-30 13:26:40,960 - INFO - [FETCH] https://www.stylekorean.com:443/shop/cosrx-master-patch-basic-36ea/1637894789/
2025-05-30 13:26:44,238 - INFO - Fetched: https://www.stylekorean.com:443/shop/cosrx-master-patch-basic-36ea/1637894789/
2025-05-30 13:26:45,242 - INFO - [FETCH] https://www.stylekorean.com:443/shop/pyunkang-yul-clear-spot-patch-18ea-4ea/1662345142/
2025-05-30 13:26:46,778 - INFO - Fetched: https://www.stylekorean.com:443/shop/pyunkang-yul-clear-spot-patch-18ea-4ea/1662345142/
2025-05-30 13:26:47,782 - INFO - [FETCH] https://www.stylekorean.com:443/shop/cosrx-master-patch-intensive-36pcs/1631519326/
2025-05-30 13:26:52,254 - INFO - Fetched: https://www.stylekorean.com:443/shop/cosrx-master-patch-intensive-36pcs/1631519326/
2025-05-30 13:26:53,256 - INFO - [FETCH] https://www.stylekorean.com:443/shop/cosrx-master-patch-basic-90pcs/1631266178/
2025-05-30 13:26:55,318 - INFO - Fetched: https://www.stylekorean.com:443/shop/cosrx-master-patch-basic-90pcs/1631266178/
2025-05-30 13:26:56,324 - INFO - [FETCH] https://www.stylekorean.com:443/shop/cosrx-master-patch-x-large-10pcs/1631265702/
2025-05-30 13:26:57,799 - INFO - Fetched: https://www.stylekorean.com:443/shop/cosrx-master-patch-x-large-10pcs/1631265702/
2025-05-30 13:26:58,802 - INFO - [FETCH] https://www.stylekorean.com:443/shop/cosrx-master-patch-intensive-90pcs/1631265426/
2025-05-30 13:27:01,247 - INFO - Fetched: https://www.stylekorean.com:443/shop/cosrx-master-patch-intensive-90pcs/1631265426/
2025-05-30 13:27:02,252 - INFO - [FETCH] https://www.stylekorean.com:443/shop/pyunkang-yul-black-tea-time-reverse-eye-patch-60ea/1746780281/
2025-05-30 13:27:04,371 - INFO - Fetched: https://www.stylekorean.com:443/shop/pyunkang-yul-black-tea-time-reverse-eye-patch-60ea/1746780281/
2025-05-30 13:27:05,375 - INFO - [FETCH] https://www.stylekorean.com:443/shop/petitfee-centella-clearing-spot-patch-23-patches/1733195002/
2025-05-30 13:27:07,488 - INFO - Fetched: https://www.stylekorean.com:443/shop/petitfee-centella-clearing-spot-patch-23-patches/1733195002/
2025-05-30 13:27:08,493 - INFO - [FETCH] https://www.stylekorean.com:443/shop/g9skin-self-aesthetic-rose-hydrogel-lip-patch-5p/1624585082/
2025-05-30 13:27:12,106 - INFO - Fetched: https://www.stylekorean.com:443/shop/g9skin-self-aesthetic-rose-hydrogel-lip-patch-5p/1624585082/
2025-05-30 13:27:13,114 - INFO - [FETCH] https://www.stylekorean.com:443/shop/petitfee-pink-vita-brightening-eye-mask/1622015045/
2025-05-30 13:27:14,792 - INFO - Fetched: https://www.stylekorean.com:443/shop/petitfee-pink-vita-brightening-eye-mask/1622015045/
2025-05-30 13:27:15,798 - INFO - [FETCH] https://www.stylekorean.com:443/shop/cosrx-advanced-snail-hydrogel-eye-patch-60-patches/1615798547/
2025-05-30 13:27:17,915 - INFO - Fetched: https://www.stylekorean.com:443/shop/cosrx-advanced-snail-hydrogel-eye-patch-60-patches/1615798547/
2025-05-30 13:27:18,918 - INFO - [FETCH] https://www.stylekorean.com:443/shop/farmstay-renewal-black-snail-hydrogel-eye-patch/1634190425/
2025-05-30 13:27:20,320 - INFO - Fetched: https://www.stylekorean.com:443/shop/farmstay-renewal-black-snail-hydrogel-eye-patch/1634190425/
2025-05-30 13:27:21,327 - INFO - [FETCH] https://www.stylekorean.com:443/shop/vt-cosmetics-spot-patch-48ea/1585029860/
2025-05-30 13:27:24,233 - INFO - Fetched: https://www.stylekorean.com:443/shop/vt-cosmetics-spot-patch-48ea/1585029860/
2025-05-30 13:27:25,238 - INFO - [FETCH] https://www.stylekorean.com:443/shop/cosrx-ac-collection-acne-patch-26ea-pouch/1583373207/
2025-05-30 13:27:28,295 - INFO - Fetched: https://www.stylekorean.com:443/shop/cosrx-ac-collection-acne-patch-26ea-pouch/1583373207/
2025-05-30 13:27:29,298 - INFO - [FETCH] https://www.stylekorean.com:443/shop/petitfee-artichoke-soothing-hydrogel-eye-mask-60ea/1578012171/
2025-05-30 13:27:31,110 - INFO - Fetched: https://www.stylekorean.com:443/shop/petitfee-artichoke-soothing-hydrogel-eye-mask-60ea/1578012171/
2025-05-30 13:27:32,114 - INFO - [FETCH] https://www.stylekorean.com:443/shop/petitfee-chamomile-lightening-hydrogel-eye-mask/1558941685/
2025-05-30 13:27:34,041 - INFO - Fetched: https://www.stylekorean.com:443/shop/petitfee-chamomile-lightening-hydrogel-eye-mask/1558941685/
2025-05-30 13:27:35,048 - INFO - [FETCH] https://www.stylekorean.com:443/shop/benton-snail-bee-ultimate-hydrogel-eye-patch-1.1g-60pcs/1553215925/
2025-05-30 13:27:37,393 - INFO - Fetched: https://www.stylekorean.com:443/shop/benton-snail-bee-ultimate-hydrogel-eye-patch-1.1g-60pcs/1553215925/
2025-05-30 13:27:38,397 - INFO - [FETCH] https://www.stylekorean.com:443/shop/medipeel-hyaluron-aqua-peptide-eye-patch-4-types/1551922987/
2025-05-30 13:27:41,210 - INFO - Fetched: https://www.stylekorean.com:443/shop/medipeel-hyaluron-aqua-peptide-eye-patch-4-types/1551922987/
2025-05-30 13:27:42,218 - INFO - [FETCH] https://www.stylekorean.com:443/shop/pyunkang-yul-acne-spot-patch-super-thin-15-patches/1549504907/
2025-05-30 13:27:44,649 - INFO - Fetched: https://www.stylekorean.com:443/shop/pyunkang-yul-acne-spot-patch-super-thin-15-patches/1549504907/
2025-05-30 13:27:45,658 - INFO - [FETCH] https://www.stylekorean.com:443/shop/some-by-mi-clear-spot-patch-18pcs-10mmx9ea-12mmx9ea/1547101351/
2025-05-30 13:27:49,383 - INFO - Fetched: https://www.stylekorean.com:443/shop/some-by-mi-clear-spot-patch-18pcs-10mmx9ea-12mmx9ea/1547101351/
2025-05-30 13:27:50,388 - INFO - [FETCH] https://www.stylekorean.com:443/shop/petitfee-collagen-q10-hydrogel-eye-patch/1534905988/
2025-05-30 13:27:54,603 - INFO - Fetched: https://www.stylekorean.com:443/shop/petitfee-collagen-q10-hydrogel-eye-patch/1534905988/
2025-05-30 13:27:55,610 - INFO - [FETCH] https://www.stylekorean.com:443/shop/elizavecca-hell-pore-gold-hyaluronic-acid-eye-patch-60pcs/1531903680/
2025-05-30 13:27:57,615 - INFO - Fetched: https://www.stylekorean.com:443/shop/elizavecca-hell-pore-gold-hyaluronic-acid-eye-patch-60pcs/1531903680/
2025-05-30 13:27:58,624 - INFO - [FETCH] https://www.stylekorean.com:443/shop/secret-key-marine-racoony-hydrogel-eye-multi-patch/1516601054/
2025-05-30 13:28:00,657 - INFO - Fetched: https://www.stylekorean.com:443/shop/secret-key-marine-racoony-hydrogel-eye-multi-patch/1516601054/
2025-05-30 13:28:01,662 - INFO - [FETCH] https://www.stylekorean.com:443/shop/cosrx-clear-fit-master-patch-3ea-x-18-patches/1516263101/
2025-05-30 13:28:03,972 - INFO - Fetched: https://www.stylekorean.com:443/shop/cosrx-clear-fit-master-patch-3ea-x-18-patches/1516263101/
2025-05-30 13:28:04,981 - INFO - [FETCH] https://www.stylekorean.com:443/shop/cosrx-clear-fit-master-patch-18-patches/1507796481/
2025-05-30 13:28:07,722 - INFO - Fetched: https://www.stylekorean.com:443/shop/cosrx-clear-fit-master-patch-18-patches/1507796481/
2025-05-30 13:28:08,728 - INFO - [FETCH] https://www.stylekorean.com:443/shop/heimish-bulgarian-rose-water-hydrogel-eye-patch-60ea/1555036985/
2025-05-30 13:28:12,462 - INFO - Fetched: https://www.stylekorean.com:443/shop/heimish-bulgarian-rose-water-hydrogel-eye-patch-60ea/1555036985/
2025-05-30 13:28:13,470 - INFO - [FETCH] https://www.stylekorean.com:443/shop/cosrx-acne-pimple-master-patch-3ea-x-24-patches/1516262581/
2025-05-30 13:28:16,241 - INFO - Fetched: https://www.stylekorean.com:443/shop/cosrx-acne-pimple-master-patch-3ea-x-24-patches/1516262581/
2025-05-30 13:28:17,248 - INFO - [FETCH] https://www.stylekorean.com:443/shop/cosrx-acne-pimple-master-24-patches/1450854152/
2025-05-30 13:28:19,387 - INFO - Fetched: https://www.stylekorean.com:443/shop/cosrx-acne-pimple-master-24-patches/1450854152/
2025-05-30 13:28:20,395 - INFO - [DONE] Saved final data: stylekorean/data/product_details/skincare_sub_categories/Patch__68_.json
