2025-05-30 13:06:32,939 - INFO - Processing: stylekorean/data/product_urls/skincare_sub_categories/Sheet_Masks__270_.json
2025-05-30 13:06:32,942 - INFO - [FETCH] https://www.stylekorean.com:443/shop/dr.althea-vita-glow-mask-4ea/1748481971/
2025-05-30 13:06:34,985 - INFO - Fetched: https://www.stylekorean.com:443/shop/dr.althea-vita-glow-mask-4ea/1748481971/
2025-05-30 13:06:35,987 - INFO - [FETCH] https://www.stylekorean.com:443/shop/numbuzin-no.1-pantothenic-b5-hyaluronic-active-clear-mask-4ea/1747636707/
2025-05-30 13:06:38,403 - INFO - Fetched: https://www.stylekorean.com:443/shop/numbuzin-no.1-pantothenic-b5-hyaluronic-active-clear-mask-4ea/1747636707/
2025-05-30 13:06:39,409 - INFO - [FETCH] https://www.stylekorean.com:443/shop/anua-pdrn-hyaluronic-acid-capsule-100-serum-mask-1ea/1747291504/
2025-05-30 13:06:41,233 - INFO - Fetched: https://www.stylekorean.com:443/shop/anua-pdrn-hyaluronic-acid-capsule-100-serum-mask-1ea/1747291504/
2025-05-30 13:06:42,237 - INFO - [FETCH] https://www.stylekorean.com:443/shop/fation-real-fit-rice-brightening-mask-5ea/1747285904/
2025-05-30 13:06:44,328 - INFO - Fetched: https://www.stylekorean.com:443/shop/fation-real-fit-rice-brightening-mask-5ea/1747285904/
2025-05-30 13:06:45,333 - INFO - [FETCH] https://www.stylekorean.com:443/shop/fation-real-fit-heartleaf-calming-mask-5ea/1747285643/
2025-05-30 13:06:48,583 - INFO - Fetched: https://www.stylekorean.com:443/shop/fation-real-fit-heartleaf-calming-mask-5ea/1747285643/
2025-05-30 13:06:49,587 - INFO - [FETCH] https://www.stylekorean.com:443/shop/fation-real-fit-collagen-firming-mask-5ea/1747285100/
2025-05-30 13:06:51,462 - INFO - Fetched: https://www.stylekorean.com:443/shop/fation-real-fit-collagen-firming-mask-5ea/1747285100/
2025-05-30 13:06:52,464 - INFO - [FETCH] https://www.stylekorean.com:443/shop/heveblue-pot-pore-peptamin-hydro-collagen-mask-pack-4ea/1747199489/
2025-05-30 13:06:54,478 - INFO - Fetched: https://www.stylekorean.com:443/shop/heveblue-pot-pore-peptamin-hydro-collagen-mask-pack-4ea/1747199489/
2025-05-30 13:06:55,484 - INFO - [FETCH] https://www.stylekorean.com:443/shop/id-placosmetics-dermastic-brightening-fit-mask-5ea/1747115357/
2025-05-30 13:06:57,623 - INFO - Fetched: https://www.stylekorean.com:443/shop/id-placosmetics-dermastic-brightening-fit-mask-5ea/1747115357/
2025-05-30 13:06:58,625 - INFO - [FETCH] https://www.stylekorean.com:443/shop/id-placosmetics-dermastic-calming-fit-ac-mask-5ea/1747116130/
2025-05-30 13:07:00,620 - INFO - Fetched: https://www.stylekorean.com:443/shop/id-placosmetics-dermastic-calming-fit-ac-mask-5ea/1747116130/
2025-05-30 13:07:01,626 - INFO - [FETCH] https://www.stylekorean.com:443/shop/id-placosmetics-dermastic-water-fit-mask-5ea/1747116711/
2025-05-30 13:07:03,665 - INFO - Fetched: https://www.stylekorean.com:443/shop/id-placosmetics-dermastic-water-fit-mask-5ea/1747116711/
2025-05-30 13:07:04,669 - INFO - [FETCH] https://www.stylekorean.com:443/shop/isntree-plum-peptide-plumping-gel-mask-4ea/1745918199/
2025-05-30 13:07:06,322 - INFO - Fetched: https://www.stylekorean.com:443/shop/isntree-plum-peptide-plumping-gel-mask-4ea/1745918199/
2025-05-30 13:07:07,325 - INFO - [FETCH] https://www.stylekorean.com:443/shop/vt-cosmetics-reedle-shot-vita-light-brightening-mask-30ea/1745914175/
2025-05-30 13:07:09,288 - INFO - Fetched: https://www.stylekorean.com:443/shop/vt-cosmetics-reedle-shot-vita-light-brightening-mask-30ea/1745914175/
2025-05-30 13:07:10,295 - INFO - [FETCH] https://www.stylekorean.com:443/shop/benton-hydrogel-collagen-face-mask-4ea/1744618746/
2025-05-30 13:07:12,262 - INFO - Fetched: https://www.stylekorean.com:443/shop/benton-hydrogel-collagen-face-mask-4ea/1744618746/
2025-05-30 13:07:13,267 - INFO - [FETCH] https://www.stylekorean.com:443/shop/medicube-deep-vita-c-glutathione-mask-1ea/1744158004/
2025-05-30 13:07:15,773 - INFO - Fetched: https://www.stylekorean.com:443/shop/medicube-deep-vita-c-glutathione-mask-1ea/1744158004/
2025-05-30 13:07:16,779 - INFO - [FETCH] https://www.stylekorean.com:443/shop/medicube-kojic-acid-turmeric-gel-mask-4ea/1744012851/
2025-05-30 13:07:21,237 - INFO - Fetched: https://www.stylekorean.com:443/shop/medicube-kojic-acid-turmeric-gel-mask-4ea/1744012851/
2025-05-30 13:07:22,242 - INFO - [FETCH] https://www.stylekorean.com:443/shop/holika-holika-the-real-cica-gel-mask-1ea/1742373071/
2025-05-30 13:07:23,849 - INFO - Fetched: https://www.stylekorean.com:443/shop/holika-holika-the-real-cica-gel-mask-1ea/1742373071/
2025-05-30 13:07:24,852 - INFO - [FETCH] https://www.stylekorean.com:443/shop/dr.althea-jelly-seal-repair-mask-4ea/1741740764/
2025-05-30 13:07:26,763 - INFO - Fetched: https://www.stylekorean.com:443/shop/dr.althea-jelly-seal-repair-mask-4ea/1741740764/
2025-05-30 13:07:27,767 - INFO - [FETCH] https://www.stylekorean.com:443/shop/dr.althea-aqua-blue-hydration-mask-4ea/1741740022/
2025-05-30 13:07:29,890 - INFO - Fetched: https://www.stylekorean.com:443/shop/dr.althea-aqua-blue-hydration-mask-4ea/1741740022/
2025-05-30 13:07:30,893 - INFO - [FETCH] https://www.stylekorean.com:443/shop/dr.althea-cushion-veil-calming-mask-4ea/1741738482/
2025-05-30 13:07:33,251 - INFO - Fetched: https://www.stylekorean.com:443/shop/dr.althea-cushion-veil-calming-mask-4ea/1741738482/
2025-05-30 13:07:34,256 - INFO - [FETCH] https://www.stylekorean.com:443/shop/isntree-onion-newpair-soothing-mask-5ea/1741595672/
2025-05-30 13:07:35,628 - INFO - Fetched: https://www.stylekorean.com:443/shop/isntree-onion-newpair-soothing-mask-5ea/1741595672/
2025-05-30 13:07:36,635 - INFO - [FETCH] https://www.stylekorean.com:443/shop/medicube-pdrn-pink-vita-coating-mask-1ea/1741229739/
2025-05-30 13:07:41,052 - INFO - Fetched: https://www.stylekorean.com:443/shop/medicube-pdrn-pink-vita-coating-mask-1ea/1741229739/
2025-05-30 13:07:42,058 - INFO - [FETCH] https://www.stylekorean.com:443/shop/vt-cosmetics-reedle-shot-vita-light-all-in-one-3-step-mask/1741225658/
2025-05-30 13:07:43,962 - INFO - Fetched: https://www.stylekorean.com:443/shop/vt-cosmetics-reedle-shot-vita-light-all-in-one-3-step-mask/1741225658/
2025-05-30 13:07:44,969 - INFO - [FETCH] https://www.stylekorean.com:443/shop/vt-cosmetics-pdrn-hydrogel-mask-1ea/1741057011/
2025-05-30 13:07:47,383 - INFO - Fetched: https://www.stylekorean.com:443/shop/vt-cosmetics-pdrn-hydrogel-mask-1ea/1741057011/
2025-05-30 13:07:48,390 - INFO - [FETCH] https://www.stylekorean.com:443/shop/anua-renewal-vitamin-c-blemish-serum-mask-1ea/1740731724/
2025-05-30 13:07:50,091 - INFO - Fetched: https://www.stylekorean.com:443/shop/anua-renewal-vitamin-c-blemish-serum-mask-1ea/1740731724/
2025-05-30 13:07:51,098 - INFO - [FETCH] https://www.stylekorean.com:443/shop/yunjac-whole-plant-effect-concentrate-mask-6ea/1740101088/
2025-05-30 13:07:52,707 - INFO - Fetched: https://www.stylekorean.com:443/shop/yunjac-whole-plant-effect-concentrate-mask-6ea/1740101088/
2025-05-30 13:07:53,709 - INFO - [FETCH] https://www.stylekorean.com:443/shop/vt-cosmetics-reedle-shot-lifting-mask-1ea/1739925361/
2025-05-30 13:07:55,370 - INFO - Fetched: https://www.stylekorean.com:443/shop/vt-cosmetics-reedle-shot-lifting-mask-1ea/1739925361/
2025-05-30 13:07:56,375 - INFO - [FETCH] https://www.stylekorean.com:443/shop/vt-cosmetics-glucamune-mask-1ea/1739924722/
2025-05-30 13:07:58,039 - INFO - Fetched: https://www.stylekorean.com:443/shop/vt-cosmetics-glucamune-mask-1ea/1739924722/
2025-05-30 13:07:59,046 - INFO - [FETCH] https://www.stylekorean.com:443/shop/aprilskin-carrotene-ipmp-calming-hydrating-sheet-mask-1ea/1739771090/
2025-05-30 13:08:01,203 - INFO - Fetched: https://www.stylekorean.com:443/shop/aprilskin-carrotene-ipmp-calming-hydrating-sheet-mask-1ea/1739771090/
2025-05-30 13:08:02,206 - INFO - [FETCH] https://www.stylekorean.com:443/shop/skinfood-potato-madecassoside-mask-1ea/1739769112/
2025-05-30 13:08:03,758 - INFO - Fetched: https://www.stylekorean.com:443/shop/skinfood-potato-madecassoside-mask-1ea/1739769112/
2025-05-30 13:08:04,762 - INFO - [FETCH] https://www.stylekorean.com:443/shop/aprilskin-real-calendula-deep-essence-mask-1ea/1739761600/
2025-05-30 13:08:06,586 - INFO - Fetched: https://www.stylekorean.com:443/shop/aprilskin-real-calendula-deep-essence-mask-1ea/1739761600/
2025-05-30 13:08:07,590 - INFO - [FETCH] https://www.stylekorean.com:443/shop/vt-cosmetics-smooth-skin-pack-100ea/1739425316/
2025-05-30 13:08:09,539 - INFO - Fetched: https://www.stylekorean.com:443/shop/vt-cosmetics-smooth-skin-pack-100ea/1739425316/
2025-05-30 13:08:10,541 - INFO - [FETCH] https://www.stylekorean.com:443/shop/vt-cosmetics-mild-skin-pack-100ea/1739425063/
2025-05-30 13:08:12,350 - INFO - Fetched: https://www.stylekorean.com:443/shop/vt-cosmetics-mild-skin-pack-100ea/1739425063/
2025-05-30 13:08:13,356 - INFO - [FETCH] https://www.stylekorean.com:443/shop/vt-cosmetics-luminous-skin-pack-100ea/1739423687/
2025-05-30 13:08:15,844 - INFO - Fetched: https://www.stylekorean.com:443/shop/vt-cosmetics-luminous-skin-pack-100ea/1739423687/
2025-05-30 13:08:16,851 - INFO - [FETCH] https://www.stylekorean.com:443/shop/sungboon-editor-active-marine-astaxanthin-mask-10ea/1739410796/
2025-05-30 13:08:18,524 - INFO - Fetched: https://www.stylekorean.com:443/shop/sungboon-editor-active-marine-astaxanthin-mask-10ea/1739410796/
2025-05-30 13:08:19,528 - INFO - [FETCH] https://www.stylekorean.com:443/shop/sungboon-editor-deep-collagen-retinol-boost-up-mask-set-4ea/1739409842/
2025-05-30 13:08:21,547 - INFO - Fetched: https://www.stylekorean.com:443/shop/sungboon-editor-deep-collagen-retinol-boost-up-mask-set-4ea/1739409842/
2025-05-30 13:08:22,553 - INFO - [FETCH] https://www.stylekorean.com:443/shop/vt-cosmetics-collagen-reedle-shot-300-2step-mask-1ea/1739408293/
2025-05-30 13:08:24,197 - INFO - Fetched: https://www.stylekorean.com:443/shop/vt-cosmetics-collagen-reedle-shot-300-2step-mask-1ea/1739408293/
2025-05-30 13:08:25,204 - INFO - [FETCH] https://www.stylekorean.com:443/shop/vt-cosmetics-collagen-reedle-shot-100-2step-mask-1ea/1739407317/
2025-05-30 13:08:27,248 - INFO - Fetched: https://www.stylekorean.com:443/shop/vt-cosmetics-collagen-reedle-shot-100-2step-mask-1ea/1739407317/
2025-05-30 13:08:28,253 - INFO - [FETCH] https://www.stylekorean.com:443/shop/d-alba-white-truffle-serum-cream-modeling-mask-25ml-4ea/1738547223/
2025-05-30 13:08:30,525 - INFO - Fetched: https://www.stylekorean.com:443/shop/d-alba-white-truffle-serum-cream-modeling-mask-25ml-4ea/1738547223/
2025-05-30 13:08:31,528 - INFO - [FETCH] https://www.stylekorean.com:443/shop/anua-peach-70-niacin-brightening-collagen-mask-4ea/1738318776/
2025-05-30 13:08:33,656 - INFO - Fetched: https://www.stylekorean.com:443/shop/anua-peach-70-niacin-brightening-collagen-mask-4ea/1738318776/
2025-05-30 13:08:34,663 - INFO - [FETCH] https://www.stylekorean.com:443/shop/anua-heartleaf-70-soothing-collagen-mask-4ea/1738318775/
2025-05-30 13:08:37,085 - INFO - Fetched: https://www.stylekorean.com:443/shop/anua-heartleaf-70-soothing-collagen-mask-4ea/1738318775/
2025-05-30 13:08:38,088 - INFO - [FETCH] https://www.stylekorean.com:443/shop/anua-rice-70-glow-collagen-mask-4ea/1738318721/
2025-05-30 13:08:41,682 - INFO - Fetched: https://www.stylekorean.com:443/shop/anua-rice-70-glow-collagen-mask-4ea/1738318721/
2025-05-30 13:08:42,689 - INFO - [FETCH] https://www.stylekorean.com:443/shop/sungboon-editor-deep-collagen-melting-patch-6ea/1737359990/
2025-05-30 13:08:44,518 - INFO - Fetched: https://www.stylekorean.com:443/shop/sungboon-editor-deep-collagen-melting-patch-6ea/1737359990/
2025-05-30 13:08:45,525 - INFO - [FETCH] https://www.stylekorean.com:443/shop/numbuzin-no.9-nad-bio-lifting-full-cover-facial-mask-4ea/1737335453/
2025-05-30 13:08:49,750 - INFO - Fetched: https://www.stylekorean.com:443/shop/numbuzin-no.9-nad-bio-lifting-full-cover-facial-mask-4ea/1737335453/
2025-05-30 13:08:50,757 - INFO - [FETCH] https://www.stylekorean.com:443/shop/huecalm-bud-brightening-mask-25g-10ea/1736990350/
2025-05-30 13:08:52,419 - INFO - Fetched: https://www.stylekorean.com:443/shop/huecalm-bud-brightening-mask-25g-10ea/1736990350/
2025-05-30 13:08:53,426 - INFO - [FETCH] https://www.stylekorean.com:443/shop/huecalm-heartleaf-ph-balancing-mask-1ea/1736929731/
2025-05-30 13:08:56,936 - INFO - Fetched: https://www.stylekorean.com:443/shop/huecalm-heartleaf-ph-balancing-mask-1ea/1736929731/
2025-05-30 13:08:57,939 - INFO - [FETCH] https://www.stylekorean.com:443/shop/huecalm-cica-soothing-mask-25g-10ea/1736929032/
2025-05-30 13:08:59,582 - INFO - Fetched: https://www.stylekorean.com:443/shop/huecalm-cica-soothing-mask-25g-10ea/1736929032/
2025-05-30 13:09:00,589 - INFO - [FETCH] https://www.stylekorean.com:443/shop/huecalm-birch-hydrating-mask-25g-10ea/1736925795/
2025-05-30 13:09:02,549 - INFO - Fetched: https://www.stylekorean.com:443/shop/huecalm-birch-hydrating-mask-25g-10ea/1736925795/
2025-05-30 13:09:03,551 - INFO - [FETCH] https://www.stylekorean.com:443/shop/biodance-refreshing-sea-kelp-real-deep-mask-4ea/1736209330/
2025-05-30 13:09:05,133 - INFO - Fetched: https://www.stylekorean.com:443/shop/biodance-refreshing-sea-kelp-real-deep-mask-4ea/1736209330/
2025-05-30 13:09:06,135 - INFO - [FETCH] https://www.stylekorean.com:443/shop/skinfood-royal-honey-propolis-mask-10ea/1734507708/
2025-05-30 13:09:08,077 - INFO - Fetched: https://www.stylekorean.com:443/shop/skinfood-royal-honey-propolis-mask-10ea/1734507708/
2025-05-30 13:09:09,084 - INFO - [FETCH] https://www.stylekorean.com:443/shop/skinfood-carrot-carotene-mask-10ea/1734506419/
2025-05-30 13:09:11,048 - INFO - Fetched: https://www.stylekorean.com:443/shop/skinfood-carrot-carotene-mask-10ea/1734506419/
2025-05-30 13:09:12,051 - INFO - [FETCH] https://www.stylekorean.com:443/shop/sungboon-editor-deep-collagen-hyalu-b5-hydrating-mask-4ea/1733115881/
2025-05-30 13:09:13,806 - INFO - Fetched: https://www.stylekorean.com:443/shop/sungboon-editor-deep-collagen-hyalu-b5-hydrating-mask-4ea/1733115881/
2025-05-30 13:09:14,813 - INFO - [FETCH] https://www.stylekorean.com:443/shop/sungboon-editor-deep-collagen-cica-teatree-soothing-mask-4ea/1733115139/
2025-05-30 13:09:16,583 - INFO - Fetched: https://www.stylekorean.com:443/shop/sungboon-editor-deep-collagen-cica-teatree-soothing-mask-4ea/1733115139/
2025-05-30 13:09:17,586 - INFO - [FETCH] https://www.stylekorean.com:443/shop/sungboon-editor-deep-collagen-niacin-vita-c-brightening-mask-4ea/1733114211/
2025-05-30 13:09:20,054 - INFO - Fetched: https://www.stylekorean.com:443/shop/sungboon-editor-deep-collagen-niacin-vita-c-brightening-mask-4ea/1733114211/
2025-05-30 13:09:21,062 - INFO - [FETCH] https://www.stylekorean.com:443/shop/sungboon-editor-deep-collagen-power-boosting-mask-4ea/1733103630/
2025-05-30 13:09:22,865 - INFO - Fetched: https://www.stylekorean.com:443/shop/sungboon-editor-deep-collagen-power-boosting-mask-4ea/1733103630/
2025-05-30 13:09:23,869 - INFO - [FETCH] https://www.stylekorean.com:443/shop/lindsay-ph-solution-cool-tea-tree-mask-300g-24-sheets/1732685658/
2025-05-30 13:09:25,676 - INFO - Fetched: https://www.stylekorean.com:443/shop/lindsay-ph-solution-cool-tea-tree-mask-300g-24-sheets/1732685658/
2025-05-30 13:09:26,684 - INFO - [FETCH] https://www.stylekorean.com:443/shop/lindsay-ph-solution-calming-azulene-mask-300g-24-sheets/1732684925/
2025-05-30 13:09:28,350 - INFO - Fetched: https://www.stylekorean.com:443/shop/lindsay-ph-solution-calming-azulene-mask-300g-24-sheets/1732684925/
2025-05-30 13:09:29,358 - INFO - [FETCH] https://www.stylekorean.com:443/shop/skin1004-madagascar-centella-poremizing-clarifying-mask-1ea/1732523736/
2025-05-30 13:09:32,879 - INFO - Fetched: https://www.stylekorean.com:443/shop/skin1004-madagascar-centella-poremizing-clarifying-mask-1ea/1732523736/
2025-05-30 13:09:33,882 - INFO - [FETCH] https://www.stylekorean.com:443/shop/skin1004-tone-brightening-glow-mask-1ea/1732522238/
2025-05-30 13:09:37,122 - INFO - Fetched: https://www.stylekorean.com:443/shop/skin1004-tone-brightening-glow-mask-1ea/1732522238/
2025-05-30 13:09:38,127 - INFO - [FETCH] https://www.stylekorean.com:443/shop/abib-collagen-gel-mask-sedum-jelly-4ea/1732519226/
2025-05-30 13:09:40,643 - INFO - Fetched: https://www.stylekorean.com:443/shop/abib-collagen-gel-mask-sedum-jelly-4ea/1732519226/
2025-05-30 13:09:41,648 - INFO - [FETCH] https://www.stylekorean.com:443/shop/abib-collagen-gel-mask-jericho-rose-jelly-4ea/1731985552/
2025-05-30 13:09:44,148 - INFO - Fetched: https://www.stylekorean.com:443/shop/abib-collagen-gel-mask-jericho-rose-jelly-4ea/1731985552/
2025-05-30 13:09:45,156 - INFO - [FETCH] https://www.stylekorean.com:443/shop/abib-collagen-gel-mask-heartleaf-jelly-4ea/1731980252/
2025-05-30 13:09:47,420 - INFO - Fetched: https://www.stylekorean.com:443/shop/abib-collagen-gel-mask-heartleaf-jelly-4ea/1731980252/
2025-05-30 13:09:48,423 - INFO - [FETCH] https://www.stylekorean.com:443/shop/dr.melaxin-astaxanthin-whitening-ampoule-mask-pack-5ea/1731456248/
2025-05-30 13:09:49,947 - INFO - Fetched: https://www.stylekorean.com:443/shop/dr.melaxin-astaxanthin-whitening-ampoule-mask-pack-5ea/1731456248/
2025-05-30 13:09:50,952 - INFO - [FETCH] https://www.stylekorean.com:443/shop/dr.althea-last-minute-skin-rescue-anastatica-mask-30ea/1731454977/
2025-05-30 13:09:59,799 - INFO - Fetched: https://www.stylekorean.com:443/shop/dr.althea-last-minute-skin-rescue-anastatica-mask-30ea/1731454977/
2025-05-30 13:10:00,802 - INFO - [FETCH] https://www.stylekorean.com:443/shop/medicube-super-cica-daily-quick-mask-30ea/1731395012/
2025-05-30 13:10:05,207 - INFO - Fetched: https://www.stylekorean.com:443/shop/medicube-super-cica-daily-quick-mask-30ea/1731395012/
2025-05-30 13:10:06,215 - INFO - [FETCH] https://www.stylekorean.com:443/shop/pyunkang-yul-brightening-maskpack-for-porcelain-skin-10ea/1729644226/
2025-05-30 13:10:07,874 - INFO - Fetched: https://www.stylekorean.com:443/shop/pyunkang-yul-brightening-maskpack-for-porcelain-skin-10ea/1729644226/
2025-05-30 13:10:08,882 - INFO - [FETCH] https://www.stylekorean.com:443/shop/ootd-beauty-triple-hyaluron-serum-glowing-mask-10ea/1729581470/
2025-05-30 13:10:11,164 - INFO - Fetched: https://www.stylekorean.com:443/shop/ootd-beauty-triple-hyaluron-serum-glowing-mask-10ea/1729581470/
2025-05-30 13:10:12,170 - INFO - [FETCH] https://www.stylekorean.com:443/shop/ootd-beauty-cica-soothing-mask-10ea/1729579630/
2025-05-30 13:10:14,047 - INFO - Fetched: https://www.stylekorean.com:443/shop/ootd-beauty-cica-soothing-mask-10ea/1729579630/
2025-05-30 13:10:15,056 - INFO - [FETCH] https://www.stylekorean.com:443/shop/ootd-beauty-ceramide-care-mask-10ea/1729577295/
2025-05-30 13:10:16,924 - INFO - Fetched: https://www.stylekorean.com:443/shop/ootd-beauty-ceramide-care-mask-10ea/1729577295/
2025-05-30 13:10:17,932 - INFO - [FETCH] https://www.stylekorean.com:443/shop/ckd-vita-c-teca-blemish-shot-mask-5ea/1728956429/
2025-05-30 13:10:20,287 - INFO - Fetched: https://www.stylekorean.com:443/shop/ckd-vita-c-teca-blemish-shot-mask-5ea/1728956429/
2025-05-30 13:10:21,293 - INFO - [FETCH] https://www.stylekorean.com:443/shop/dr.jart-cicapair-intensive-soothing-repair-serum-mask-5ea/1728524894/
2025-05-30 13:10:22,943 - INFO - Fetched: https://www.stylekorean.com:443/shop/dr.jart-cicapair-intensive-soothing-repair-serum-mask-5ea/1728524894/
2025-05-30 13:10:23,948 - INFO - [FETCH] https://www.stylekorean.com:443/shop/vt-cosmetics-mild-reedle-shot-50-2-step-mask-1ea/1728354408/
2025-05-30 13:10:25,613 - INFO - Fetched: https://www.stylekorean.com:443/shop/vt-cosmetics-mild-reedle-shot-50-2-step-mask-1ea/1728354408/
2025-05-30 13:10:26,622 - INFO - [FETCH] https://www.stylekorean.com:443/shop/round-lab-camellia-deep-collagen-firming-gel-mask-4ea/1728269966/
2025-05-30 13:10:28,781 - INFO - Fetched: https://www.stylekorean.com:443/shop/round-lab-camellia-deep-collagen-firming-gel-mask-4ea/1728269966/
2025-05-30 13:10:29,786 - INFO - [FETCH] https://www.stylekorean.com:443/shop/medicube-zero-pore-cooling-mask-1ea/1728264239/
2025-05-30 13:10:32,268 - INFO - Fetched: https://www.stylekorean.com:443/shop/medicube-zero-pore-cooling-mask-1ea/1728264239/
2025-05-30 13:10:33,278 - INFO - [FETCH] https://www.stylekorean.com:443/shop/medicube-deep-vita-c-daily-quick-mask-30pcs/1727071081/
2025-05-30 13:10:35,829 - INFO - Fetched: https://www.stylekorean.com:443/shop/medicube-deep-vita-c-daily-quick-mask-30pcs/1727071081/
2025-05-30 13:10:36,839 - INFO - [FETCH] https://www.stylekorean.com:443/shop/medicube-deep-peptide-radiance-mask-1ea/1726109482/
2025-05-30 13:10:39,238 - INFO - Fetched: https://www.stylekorean.com:443/shop/medicube-deep-peptide-radiance-mask-1ea/1726109482/
2025-05-30 13:10:40,247 - INFO - [FETCH] https://www.stylekorean.com:443/shop/medicube-collagen-lifting-mask-1ea/1726109321/
2025-05-30 13:10:44,851 - INFO - Fetched: https://www.stylekorean.com:443/shop/medicube-collagen-lifting-mask-1ea/1726109321/
2025-05-30 13:10:45,860 - INFO - [FETCH] https://www.stylekorean.com:443/shop/medicube-super-cica-calming-mask-1ea/1726108784/
2025-05-30 13:10:48,569 - INFO - Fetched: https://www.stylekorean.com:443/shop/medicube-super-cica-calming-mask-1ea/1726108784/
2025-05-30 13:10:49,578 - INFO - [FETCH] https://www.stylekorean.com:443/shop/medicube-pdrn-pink-collagen-gel-mask-4ea/1742519686/
2025-05-30 13:10:52,633 - INFO - Fetched: https://www.stylekorean.com:443/shop/medicube-pdrn-pink-collagen-gel-mask-4ea/1742519686/
2025-05-30 13:10:53,642 - INFO - [FETCH] https://www.stylekorean.com:443/shop/veganifect-slow-and-aging-collagen-wrap-mask-80ml/1724828290/
2025-05-30 13:10:56,032 - INFO - Fetched: https://www.stylekorean.com:443/shop/veganifect-slow-and-aging-collagen-wrap-mask-80ml/1724828290/
2025-05-30 13:10:57,036 - INFO - [FETCH] https://www.stylekorean.com:443/shop/veganifect-clean-and-glow-green-barley-serum-fit-mask-1ea/1724827826/
2025-05-30 13:10:58,624 - INFO - Fetched: https://www.stylekorean.com:443/shop/veganifect-clean-and-glow-green-barley-serum-fit-mask-1ea/1724827826/
2025-05-30 13:10:59,629 - INFO - [FETCH] https://www.stylekorean.com:443/shop/veganifect-clean-and-glow-green-barley-serum-fit-mask-5ea/1724828074/
2025-05-30 13:11:01,293 - INFO - Fetched: https://www.stylekorean.com:443/shop/veganifect-clean-and-glow-green-barley-serum-fit-mask-5ea/1724828074/
2025-05-30 13:11:02,300 - INFO - [FETCH] https://www.stylekorean.com:443/shop/arencia-holy-hyssop-sheet-mask-5ea/1724310935/
2025-05-30 13:11:04,153 - INFO - Fetched: https://www.stylekorean.com:443/shop/arencia-holy-hyssop-sheet-mask-5ea/1724310935/
2025-05-30 13:11:05,157 - INFO - [FETCH] https://www.stylekorean.com:443/shop/abib-mild-acidic-ph-sheet-mask-glutathiosome-fit-1ea/1724215623/
2025-05-30 13:11:08,332 - INFO - Fetched: https://www.stylekorean.com:443/shop/abib-mild-acidic-ph-sheet-mask-glutathiosome-fit-1ea/1724215623/
2025-05-30 13:11:09,336 - INFO - [FETCH] https://www.stylekorean.com:443/shop/vt-cosmetics-hydrop-reedle-shot-100hl-2step-hydrogel-mask-1ea/1722909182/
2025-05-30 13:11:12,007 - INFO - Fetched: https://www.stylekorean.com:443/shop/vt-cosmetics-hydrop-reedle-shot-100hl-2step-hydrogel-mask-1ea/1722909182/
2025-05-30 13:11:13,015 - INFO - [FETCH] https://www.stylekorean.com:443/shop/vt-cosmetics-pro-cica-reedle-shot-100-2step-hydrogel-mask-1ea/1722909012/
2025-05-30 13:11:15,808 - INFO - Fetched: https://www.stylekorean.com:443/shop/vt-cosmetics-pro-cica-reedle-shot-100-2step-hydrogel-mask-1ea/1722909012/
2025-05-30 13:11:16,817 - INFO - [FETCH] https://www.stylekorean.com:443/shop/vt-cosmetics-collagen-reedle-shot-100-2step-hydrogel-mask-1ea/1722908826/
2025-05-30 13:11:19,119 - INFO - Fetched: https://www.stylekorean.com:443/shop/vt-cosmetics-collagen-reedle-shot-100-2step-hydrogel-mask-1ea/1722908826/
2025-05-30 13:11:20,125 - INFO - [FETCH] https://www.stylekorean.com:443/shop/vt-cosmetics-vita-light-reedle-shot-100-2step-hydrogel-mask-1ea/1722908632/
2025-05-30 13:11:24,180 - INFO - Fetched: https://www.stylekorean.com:443/shop/vt-cosmetics-vita-light-reedle-shot-100-2step-hydrogel-mask-1ea/1722908632/
2025-05-30 13:11:25,189 - INFO - [FETCH] https://www.stylekorean.com:443/shop/vt-cosmetics-reti-a-reedle-shot-100-2step-hydrogel-mask-1ea/1722908359/
2025-05-30 13:11:27,295 - INFO - Fetched: https://www.stylekorean.com:443/shop/vt-cosmetics-reti-a-reedle-shot-100-2step-hydrogel-mask-1ea/1722908359/
2025-05-30 13:11:28,300 - INFO - [FETCH] https://www.stylekorean.com:443/shop/vt-cosmetics-hydrop-reedle-shot-700hl-2-step-mask-1ea/1722908223/
2025-05-30 13:11:30,633 - INFO - Fetched: https://www.stylekorean.com:443/shop/vt-cosmetics-hydrop-reedle-shot-700hl-2-step-mask-1ea/1722908223/
2025-05-30 13:11:31,642 - INFO - [FETCH] https://www.stylekorean.com:443/shop/vt-cosmetics-hydrop-reedle-shot-100hl-2-step-mask-1ea/1722559939/
2025-05-30 13:11:34,145 - INFO - Fetched: https://www.stylekorean.com:443/shop/vt-cosmetics-hydrop-reedle-shot-100hl-2-step-mask-1ea/1722559939/
2025-05-30 13:11:35,154 - INFO - [FETCH] https://www.stylekorean.com:443/shop/vt-cosmetics-hydrop-reedle-shot-300hl-2-step-mask-1ea/1722908046/
2025-05-30 13:11:38,707 - INFO - Fetched: https://www.stylekorean.com:443/shop/vt-cosmetics-hydrop-reedle-shot-300hl-2-step-mask-1ea/1722908046/
2025-05-30 13:11:39,711 - INFO - [FETCH] https://www.stylekorean.com:443/shop/vt-cosmetics-reedle-shot-700-2-step-mask-1ea/1722408837/
2025-05-30 13:11:43,072 - INFO - Fetched: https://www.stylekorean.com:443/shop/vt-cosmetics-reedle-shot-700-2-step-mask-1ea/1722408837/
2025-05-30 13:11:44,081 - INFO - [FETCH] https://www.stylekorean.com:443/shop/vt-cosmetics-reedle-shot-300-2-step-mask-1ea/1722408623/
2025-05-30 13:11:47,771 - INFO - Fetched: https://www.stylekorean.com:443/shop/vt-cosmetics-reedle-shot-300-2-step-mask-1ea/1722408623/
2025-05-30 13:11:48,777 - INFO - [FETCH] https://www.stylekorean.com:443/shop/vt-cosmetics-reedle-shot-100-2-step-mask-1ea/1722408054/
2025-05-30 13:11:53,892 - INFO - Fetched: https://www.stylekorean.com:443/shop/vt-cosmetics-reedle-shot-100-2-step-mask-1ea/1722408054/
2025-05-30 13:11:54,896 - INFO - [FETCH] https://www.stylekorean.com:443/shop/round-lab-vita-niacinamide-dark-spot-serum-mask-20ml-10ea/1722386879/
2025-05-30 13:11:56,944 - INFO - Fetched: https://www.stylekorean.com:443/shop/round-lab-vita-niacinamide-dark-spot-serum-mask-20ml-10ea/1722386879/
2025-05-30 13:11:57,953 - INFO - [FETCH] https://www.stylekorean.com:443/shop/some-by-mi-galactomyces-glutathione-daily-mask-30sheets/1722314785/
2025-05-30 13:11:59,938 - INFO - Fetched: https://www.stylekorean.com:443/shop/some-by-mi-galactomyces-glutathione-daily-mask-30sheets/1722314785/
2025-05-30 13:12:00,945 - INFO - [FETCH] https://www.stylekorean.com:443/shop/some-by-mi-retinol-intense-daily-mask-30ea/1722309988/
2025-05-30 13:12:05,264 - INFO - Fetched: https://www.stylekorean.com:443/shop/some-by-mi-retinol-intense-daily-mask-30ea/1722309988/
2025-05-30 13:12:06,273 - INFO - [FETCH] https://www.stylekorean.com:443/shop/ootd-beauty-collagen-supreme-mask-10ea/1722304585/
2025-05-30 13:12:08,139 - INFO - Fetched: https://www.stylekorean.com:443/shop/ootd-beauty-collagen-supreme-mask-10ea/1722304585/
2025-05-30 13:12:09,143 - INFO - [FETCH] https://www.stylekorean.com:443/shop/ootd-beauty-retinol-serum-plumping-mask-10ea/1722304351/
2025-05-30 13:12:11,039 - INFO - Fetched: https://www.stylekorean.com:443/shop/ootd-beauty-retinol-serum-plumping-mask-10ea/1722304351/
2025-05-30 13:12:12,048 - INFO - [FETCH] https://www.stylekorean.com:443/shop/snp-gold-collagen-ampoule-mask-10pcs/1721714084/
2025-05-30 13:12:13,764 - INFO - Fetched: https://www.stylekorean.com:443/shop/snp-gold-collagen-ampoule-mask-10pcs/1721714084/
2025-05-30 13:12:14,769 - INFO - [FETCH] https://www.stylekorean.com:443/shop/id-placosmetics-face-fit-plaster-mask-20g-4ea/1721711305/
2025-05-30 13:12:20,089 - INFO - Fetched: https://www.stylekorean.com:443/shop/id-placosmetics-face-fit-plaster-mask-20g-4ea/1721711305/
2025-05-30 13:12:21,098 - INFO - [FETCH] https://www.stylekorean.com:443/shop/id-placosmetics-face-fit-minus-band-v2-4ea/1721710953/
2025-05-30 13:12:25,827 - INFO - Fetched: https://www.stylekorean.com:443/shop/id-placosmetics-face-fit-minus-band-v2-4ea/1721710953/
2025-05-30 13:12:26,832 - INFO - [FETCH] https://www.stylekorean.com:443/shop/some-by-mi-hyaluron-moisturizing-glow-luminous-ampoule-mask-1ea/1721373639/
2025-05-30 13:12:28,872 - INFO - Fetched: https://www.stylekorean.com:443/shop/some-by-mi-hyaluron-moisturizing-glow-luminous-ampoule-mask-1ea/1721373639/
2025-05-30 13:12:29,881 - INFO - [FETCH] https://www.stylekorean.com:443/shop/some-by-mi-galactomyces-glutathione-glow-serum-mask-1ea/1721372333/
2025-05-30 13:12:32,432 - INFO - Fetched: https://www.stylekorean.com:443/shop/some-by-mi-galactomyces-glutathione-glow-serum-mask-1ea/1721372333/
2025-05-30 13:12:33,442 - INFO - [FETCH] https://www.stylekorean.com:443/shop/rovectin-renewal-dr.mask-cica-1ea/1720685907/
2025-05-30 13:12:35,187 - INFO - Fetched: https://www.stylekorean.com:443/shop/rovectin-renewal-dr.mask-cica-1ea/1720685907/
2025-05-30 13:12:36,194 - INFO - [FETCH] https://www.stylekorean.com:443/shop/rovectin-renewal-dr.-mask-aqua-1ea/1720685183/
2025-05-30 13:12:37,919 - INFO - Fetched: https://www.stylekorean.com:443/shop/rovectin-renewal-dr.-mask-aqua-1ea/1720685183/
2025-05-30 13:12:38,924 - INFO - [FETCH] https://www.stylekorean.com:443/shop/real-barrier-renewal-aqua-soothing-ampoule-mask-28ml-10ea/1720683766/
2025-05-30 13:12:40,581 - INFO - Fetched: https://www.stylekorean.com:443/shop/real-barrier-renewal-aqua-soothing-ampoule-mask-28ml-10ea/1720683766/
2025-05-30 13:12:41,586 - INFO - [FETCH] https://www.stylekorean.com:443/shop/nature-republic-good-skin-aha-mask-sheet/1720156148/
2025-05-30 13:12:42,936 - INFO - Fetched: https://www.stylekorean.com:443/shop/nature-republic-good-skin-aha-mask-sheet/1720156148/
2025-05-30 13:12:43,941 - INFO - [FETCH] https://www.stylekorean.com:443/shop/vt-cosmetics-pro-cica-centella-asiatica-tiger-ampoule-mask-5ea/1720149046/
2025-05-30 13:12:45,613 - INFO - Fetched: https://www.stylekorean.com:443/shop/vt-cosmetics-pro-cica-centella-asiatica-tiger-ampoule-mask-5ea/1720149046/
2025-05-30 13:12:46,618 - INFO - [FETCH] https://www.stylekorean.com:443/shop/vt-cosmetics-tx-toning-daily-mask-30ea/1719813536/
2025-05-30 13:12:48,370 - INFO - Fetched: https://www.stylekorean.com:443/shop/vt-cosmetics-tx-toning-daily-mask-30ea/1719813536/
2025-05-30 13:12:49,380 - INFO - [FETCH] https://www.stylekorean.com:443/shop/jaminkyung-bonugly-firming-kelp-first-mask-10ea/1719799528/
2025-05-30 13:12:50,882 - INFO - Fetched: https://www.stylekorean.com:443/shop/jaminkyung-bonugly-firming-kelp-first-mask-10ea/1719799528/
2025-05-30 13:12:51,890 - INFO - [FETCH] https://www.stylekorean.com:443/shop/dr.g-red-blemish-deep-soothing-mask-10ea/1719199417/
2025-05-30 13:12:53,288 - INFO - Fetched: https://www.stylekorean.com:443/shop/dr.g-red-blemish-deep-soothing-mask-10ea/1719199417/
2025-05-30 13:12:54,293 - INFO - [FETCH] https://www.stylekorean.com:443/shop/lalucell-mystic-light-cica-refreshing-hydrogel-mask-5ea/1718931459/
2025-05-30 13:12:55,691 - INFO - Fetched: https://www.stylekorean.com:443/shop/lalucell-mystic-light-cica-refreshing-hydrogel-mask-5ea/1718931459/
2025-05-30 13:12:56,696 - INFO - [FETCH] https://www.stylekorean.com:443/shop/dr.melaxin-exosome-repair-facial-mask-1ea/1718612251/
2025-05-30 13:13:00,330 - INFO - Fetched: https://www.stylekorean.com:443/shop/dr.melaxin-exosome-repair-facial-mask-1ea/1718612251/
2025-05-30 13:13:01,335 - INFO - [FETCH] https://www.stylekorean.com:443/shop/biodance-mask-set-refreshing-sea-kelp-4ea-bio-collagen-4ea/1739434342/
2025-05-30 13:13:07,515 - INFO - Fetched: https://www.stylekorean.com:443/shop/biodance-mask-set-refreshing-sea-kelp-4ea-bio-collagen-4ea/1739434342/
2025-05-30 13:13:08,525 - INFO - [FETCH] https://www.stylekorean.com:443/shop/biodance-mask-set-hydro-cera-nol-4ea-bio-collagen-4ea/1739433544/
2025-05-30 13:13:13,691 - INFO - Fetched: https://www.stylekorean.com:443/shop/biodance-mask-set-hydro-cera-nol-4ea-bio-collagen-4ea/1739433544/
2025-05-30 13:13:14,701 - INFO - [FETCH] https://www.stylekorean.com:443/shop/biodance-hydro-cera-nol-real-deep-mask-4ea/1718606046/
2025-05-30 13:13:17,058 - INFO - Fetched: https://www.stylekorean.com:443/shop/biodance-hydro-cera-nol-real-deep-mask-4ea/1718606046/
2025-05-30 13:13:18,063 - INFO - [FETCH] https://www.stylekorean.com:443/shop/dr.althea-vita-glow-mask-5ea/1718238556/
2025-05-30 13:13:21,285 - INFO - Fetched: https://www.stylekorean.com:443/shop/dr.althea-vita-glow-mask-5ea/1718238556/
2025-05-30 13:13:22,290 - INFO - [FETCH] https://www.stylekorean.com:443/shop/skinfood-yuja-c-vita-daily-mask-30ea/1718171924/
2025-05-30 13:13:24,086 - INFO - Fetched: https://www.stylekorean.com:443/shop/skinfood-yuja-c-vita-daily-mask-30ea/1718171924/
2025-05-30 13:13:25,092 - INFO - [FETCH] https://www.stylekorean.com:443/shop/dewytree-ac-ctrl-ex-deep-mask/1718002266/
2025-05-30 13:13:26,538 - INFO - Fetched: https://www.stylekorean.com:443/shop/dewytree-ac-ctrl-ex-deep-mask/1718002266/
2025-05-30 13:13:27,548 - INFO - [FETCH] https://www.stylekorean.com:443/shop/vt-cosmetics-reedle-all-in-one-3-step-mask-1ea/1717488068/
2025-05-30 13:13:30,188 - INFO - Fetched: https://www.stylekorean.com:443/shop/vt-cosmetics-reedle-all-in-one-3-step-mask-1ea/1717488068/
2025-05-30 13:13:31,198 - INFO - [FETCH] https://www.stylekorean.com:443/shop/vt-cosmetics-cica-reti-a-mask-30ea/1716423234/
2025-05-30 13:13:33,112 - INFO - Fetched: https://www.stylekorean.com:443/shop/vt-cosmetics-cica-reti-a-mask-30ea/1716423234/
2025-05-30 13:13:34,119 - INFO - [FETCH] https://www.stylekorean.com:443/shop/nature-republic-cryo-icing-calming-mask-sheet-6-types/1716172445/
2025-05-30 13:13:35,536 - INFO - Fetched: https://www.stylekorean.com:443/shop/nature-republic-cryo-icing-calming-mask-sheet-6-types/1716172445/
2025-05-30 13:13:36,546 - INFO - [FETCH] https://www.stylekorean.com:443/shop/nature-republic-good-skin-panthenol-mask-sheet-1ea/1716171506/
2025-05-30 13:13:38,163 - INFO - Fetched: https://www.stylekorean.com:443/shop/nature-republic-good-skin-panthenol-mask-sheet-1ea/1716171506/
2025-05-30 13:13:39,173 - INFO - [FETCH] https://www.stylekorean.com:443/shop/vt-cosmetics-cica-collagen-mask-30ea/1713920807/
2025-05-30 13:13:41,534 - INFO - Fetched: https://www.stylekorean.com:443/shop/vt-cosmetics-cica-collagen-mask-30ea/1713920807/
2025-05-30 13:13:42,541 - INFO - [FETCH] https://www.stylekorean.com:443/shop/round-lab-renewal-soybean-panthenol-mask-10ea/1734919069/
2025-05-30 13:13:44,226 - INFO - Fetched: https://www.stylekorean.com:443/shop/round-lab-renewal-soybean-panthenol-mask-10ea/1734919069/
2025-05-30 13:13:45,235 - INFO - [FETCH] https://www.stylekorean.com:443/shop/round-lab-soybean-panthenol-mask-10ea/1713854132/
2025-05-30 13:13:46,726 - INFO - Fetched: https://www.stylekorean.com:443/shop/round-lab-soybean-panthenol-mask-10ea/1713854132/
2025-05-30 13:13:47,733 - INFO - [FETCH] https://www.stylekorean.com:443/shop/needly-daily-toner-mask-30sheets/1713253663/
2025-05-30 13:13:49,489 - INFO - Fetched: https://www.stylekorean.com:443/shop/needly-daily-toner-mask-30sheets/1713253663/
2025-05-30 13:13:50,494 - INFO - [FETCH] https://www.stylekorean.com:443/shop/dr.althea-natural-brightening-velvet-mask-6ea/1711586956/
2025-05-30 13:13:53,689 - INFO - Fetched: https://www.stylekorean.com:443/shop/dr.althea-natural-brightening-velvet-mask-6ea/1711586956/
2025-05-30 13:13:54,698 - INFO - [FETCH] https://www.stylekorean.com:443/shop/dr.althea-herb-therapy-velvet-mask-10ea/1711586831/
2025-05-30 13:13:56,687 - INFO - Fetched: https://www.stylekorean.com:443/shop/dr.althea-herb-therapy-velvet-mask-10ea/1711586831/
2025-05-30 13:13:57,698 - INFO - [FETCH] https://www.stylekorean.com:443/shop/dr.althea-essential-skin-conditioner-silk-mask-5ea/1711586547/
2025-05-30 13:14:00,550 - INFO - Fetched: https://www.stylekorean.com:443/shop/dr.althea-essential-skin-conditioner-silk-mask-5ea/1711586547/
2025-05-30 13:14:01,561 - INFO - [FETCH] https://www.stylekorean.com:443/shop/biodance-bio-collagen-real-deep-mask-4ea/1710998938/
2025-05-30 13:14:08,058 - INFO - Fetched: https://www.stylekorean.com:443/shop/biodance-bio-collagen-real-deep-mask-4ea/1710998938/
2025-05-30 13:14:09,069 - INFO - [FETCH] https://www.stylekorean.com:443/shop/dr.jart-ceramidin-skin-barrier-moisturizing-mask-5ea/1709087560/
2025-05-30 13:14:10,451 - INFO - Fetched: https://www.stylekorean.com:443/shop/dr.jart-ceramidin-skin-barrier-moisturizing-mask-5ea/1709087560/
2025-05-30 13:14:11,461 - INFO - [FETCH] https://www.stylekorean.com:443/shop/some-by-mi-tea-tree-calming-glow-luminous-ampoule-mask-1ea/1706153904/
2025-05-30 13:14:14,073 - INFO - Fetched: https://www.stylekorean.com:443/shop/some-by-mi-tea-tree-calming-glow-luminous-ampoule-mask-1ea/1706153904/
2025-05-30 13:14:15,080 - INFO - [FETCH] https://www.stylekorean.com:443/shop/some-by-mi-renewal-diamond-brightening-glow-luminous-ampoule-mask-1ea/1706152798/
2025-05-30 13:14:17,555 - INFO - Fetched: https://www.stylekorean.com:443/shop/some-by-mi-renewal-diamond-brightening-glow-luminous-ampoule-mask-1ea/1706152798/
2025-05-30 13:14:18,564 - INFO - [FETCH] https://www.stylekorean.com:443/shop/barulab-the-clean-vegan-green-tea-mask-1ea/1706147279/
2025-05-30 13:14:21,863 - INFO - Fetched: https://www.stylekorean.com:443/shop/barulab-the-clean-vegan-green-tea-mask-1ea/1706147279/
2025-05-30 13:14:22,870 - INFO - [FETCH] https://www.stylekorean.com:443/shop/rovectin-renewal-calming-lotus-sheet-mask-1ea/1704960056/
2025-05-30 13:14:25,060 - INFO - Fetched: https://www.stylekorean.com:443/shop/rovectin-renewal-calming-lotus-sheet-mask-1ea/1704960056/
2025-05-30 13:14:26,069 - INFO - [FETCH] https://www.stylekorean.com:443/shop/dr.g-royal-black-snail-cream-mask-10ea/1704851462/
2025-05-30 13:14:27,521 - INFO - Fetched: https://www.stylekorean.com:443/shop/dr.g-royal-black-snail-cream-mask-10ea/1704851462/
2025-05-30 13:14:28,527 - INFO - [FETCH] https://www.stylekorean.com:443/shop/skinfood-carrot-carotene-daily-mask-30ea/1704434629/
2025-05-30 13:14:32,329 - INFO - Fetched: https://www.stylekorean.com:443/shop/skinfood-carrot-carotene-daily-mask-30ea/1704434629/
2025-05-30 13:14:33,339 - INFO - [FETCH] https://www.stylekorean.com:443/shop/my-formula-my-neck-after-outdoor-5ea/1701933799/
2025-05-30 13:14:34,961 - INFO - Fetched: https://www.stylekorean.com:443/shop/my-formula-my-neck-after-outdoor-5ea/1701933799/
2025-05-30 13:14:35,972 - INFO - [FETCH] https://www.stylekorean.com:443/shop/anua-heartleaf-80-moisture-soothing-ampoule-mask-1ea/1700708360/
2025-05-30 13:14:38,384 - INFO - Fetched: https://www.stylekorean.com:443/shop/anua-heartleaf-80-moisture-soothing-ampoule-mask-1ea/1700708360/
2025-05-30 13:14:39,394 - INFO - [FETCH] https://www.stylekorean.com:443/shop/numbuzin-no.5-glutathione-vitamin-concentrated-mask-4ea/1700209550/
2025-05-30 13:14:42,039 - INFO - Fetched: https://www.stylekorean.com:443/shop/numbuzin-no.5-glutathione-vitamin-concentrated-mask-4ea/1700209550/
2025-05-30 13:14:43,046 - INFO - [FETCH] https://www.stylekorean.com:443/shop/etude-renewal-0.2mm-therapy-air-mask-9-types/1699847109/
2025-05-30 13:14:53,383 - ERROR - [ERROR] Fetching https://www.stylekorean.com:443/shop/etude-renewal-0.2mm-therapy-air-mask-9-types/1699847109/: HTTPSConnectionPool(host='www.stylekorean.com', port=443): Read timed out. (read timeout=10)
2025-05-30 13:14:54,388 - INFO - [FETCH] https://www.stylekorean.com:443/shop/hyaah-kelp-concentrate-synergy-mask-60ea/1699600639/
2025-05-30 13:14:56,208 - INFO - Fetched: https://www.stylekorean.com:443/shop/hyaah-kelp-concentrate-synergy-mask-60ea/1699600639/
2025-05-30 13:14:57,214 - INFO - [FETCH] https://www.stylekorean.com:443/shop/mixsoon-soybean-milk-pad-10ea/1698804680/
2025-05-30 13:15:00,067 - INFO - Fetched: https://www.stylekorean.com:443/shop/mixsoon-soybean-milk-pad-10ea/1698804680/
2025-05-30 13:15:01,077 - INFO - [FETCH] https://www.stylekorean.com:443/shop/torriden-cellmazing-firming-gel-mask-1ea/1697070903/
2025-05-30 13:15:02,933 - INFO - Fetched: https://www.stylekorean.com:443/shop/torriden-cellmazing-firming-gel-mask-1ea/1697070903/
2025-05-30 13:15:03,944 - INFO - [FETCH] https://www.stylekorean.com:443/shop/anua-renewal-peach-70-niacin-serum-mask-1ea/1739251765/
2025-05-30 13:15:05,698 - INFO - Fetched: https://www.stylekorean.com:443/shop/anua-renewal-peach-70-niacin-serum-mask-1ea/1739251765/
2025-05-30 13:15:06,709 - INFO - [FETCH] https://www.stylekorean.com:443/shop/abib-renewal-gummy-sheet-mask-sticker-5-types/1690354247/
2025-05-30 13:15:09,703 - INFO - Fetched: https://www.stylekorean.com:443/shop/abib-renewal-gummy-sheet-mask-sticker-5-types/1690354247/
2025-05-30 13:15:10,709 - INFO - [FETCH] https://www.stylekorean.com:443/shop/sungboon-editor-green-tomato-pore-lifting-ampoule-mask/1689817976/
2025-05-30 13:15:12,732 - INFO - Fetched: https://www.stylekorean.com:443/shop/sungboon-editor-green-tomato-pore-lifting-ampoule-mask/1689817976/
2025-05-30 13:15:13,741 - INFO - [FETCH] https://www.stylekorean.com:443/shop/barulab-the-clean-vegan-cica-mask-1ea/1687934287/
2025-05-30 13:15:15,410 - INFO - Fetched: https://www.stylekorean.com:443/shop/barulab-the-clean-vegan-cica-mask-1ea/1687934287/
2025-05-30 13:15:16,422 - INFO - [FETCH] https://www.stylekorean.com:443/shop/dr.ceuracle-royal-vita-propolis-anti-oxidant-mask-10ea/1684714912/
2025-05-30 13:15:18,077 - INFO - Fetched: https://www.stylekorean.com:443/shop/dr.ceuracle-royal-vita-propolis-anti-oxidant-mask-10ea/1684714912/
2025-05-30 13:15:19,085 - INFO - [FETCH] https://www.stylekorean.com:443/shop/make-prem-comfort-me-oat-moist-mask-1ea/1684462134/
2025-05-30 13:15:20,677 - INFO - Fetched: https://www.stylekorean.com:443/shop/make-prem-comfort-me-oat-moist-mask-1ea/1684462134/
2025-05-30 13:15:21,689 - INFO - [FETCH] https://www.stylekorean.com:443/shop/make-prem-comfort-me-moss-calming-mask-1ea/1684461842/
2025-05-30 13:15:23,310 - INFO - Fetched: https://www.stylekorean.com:443/shop/make-prem-comfort-me-moss-calming-mask-1ea/1684461842/
2025-05-30 13:15:24,316 - INFO - [FETCH] https://www.stylekorean.com:443/shop/make-prem-safe-me-relief-moisture-mask-15-1ea/1748311269/
2025-05-30 13:15:25,980 - INFO - Fetched: https://www.stylekorean.com:443/shop/make-prem-safe-me-relief-moisture-mask-15-1ea/1748311269/
2025-05-30 13:15:26,988 - INFO - [FETCH] https://www.stylekorean.com:443/shop/make-prem-comfort-me-birch-aqua-mask-1ea/1684461069/
2025-05-30 13:15:28,614 - INFO - Fetched: https://www.stylekorean.com:443/shop/make-prem-comfort-me-birch-aqua-mask-1ea/1684461069/
2025-05-30 13:15:29,624 - INFO - [FETCH] https://www.stylekorean.com:443/shop/etude-moistfull-collagen-sheet-mask-1ea/1684305765/
2025-05-30 13:15:31,202 - INFO - Fetched: https://www.stylekorean.com:443/shop/etude-moistfull-collagen-sheet-mask-1ea/1684305765/
2025-05-30 13:15:32,214 - INFO - [FETCH] https://www.stylekorean.com:443/shop/nard-tea-tree-calming-moisture-maskpack-30ea/1684303122/
2025-05-30 13:15:33,892 - INFO - Fetched: https://www.stylekorean.com:443/shop/nard-tea-tree-calming-moisture-maskpack-30ea/1684303122/
2025-05-30 13:15:34,902 - INFO - [FETCH] https://www.stylekorean.com:443/shop/etude-moistfull-collagen-deep-sheet-mask-1ea/1684200506/
2025-05-30 13:15:36,650 - INFO - Fetched: https://www.stylekorean.com:443/shop/etude-moistfull-collagen-deep-sheet-mask-1ea/1684200506/
2025-05-30 13:15:37,658 - INFO - [FETCH] https://www.stylekorean.com:443/shop/elizavecca-witch-piggy-hell-black-solution-bubble-serum-mask-pack-5pcs/1681190008/
2025-05-30 13:15:39,388 - INFO - Fetched: https://www.stylekorean.com:443/shop/elizavecca-witch-piggy-hell-black-solution-bubble-serum-mask-pack-5pcs/1681190008/
2025-05-30 13:15:40,397 - INFO - [FETCH] https://www.stylekorean.com:443/shop/mary-may-premium-idebenon-blackberry-complex-ampoule-mask-20ea/1679363626/
2025-05-30 13:15:44,111 - INFO - Fetched: https://www.stylekorean.com:443/shop/mary-may-premium-idebenon-blackberry-complex-ampoule-mask-20ea/1679363626/
2025-05-30 13:15:45,118 - INFO - [FETCH] https://www.stylekorean.com:443/shop/dr.althea-marine-anti-mask-5ea/1677569497/
2025-05-30 13:15:46,923 - INFO - Fetched: https://www.stylekorean.com:443/shop/dr.althea-marine-anti-mask-5ea/1677569497/
2025-05-30 13:15:47,934 - INFO - [FETCH] https://www.stylekorean.com:443/shop/dr.althea-oasis-soothing-mask-5ea/1677569265/
2025-05-30 13:15:49,839 - INFO - Fetched: https://www.stylekorean.com:443/shop/dr.althea-oasis-soothing-mask-5ea/1677569265/
2025-05-30 13:15:50,848 - INFO - [FETCH] https://www.stylekorean.com:443/shop/missha-time-revolution-night-repair-ampoule-mask-5x-30g-1ea/1677470153/
2025-05-30 13:15:53,439 - INFO - Fetched: https://www.stylekorean.com:443/shop/missha-time-revolution-night-repair-ampoule-mask-5x-30g-1ea/1677470153/
2025-05-30 13:15:54,447 - INFO - [FETCH] https://www.stylekorean.com:443/shop/benton-snail-bee-high-content-mask-pack-1ea/1676956989/
2025-05-30 13:15:56,177 - INFO - Fetched: https://www.stylekorean.com:443/shop/benton-snail-bee-high-content-mask-pack-1ea/1676956989/
2025-05-30 13:15:57,184 - INFO - [FETCH] https://www.stylekorean.com:443/shop/benton-snail-bee-high-content-mask-pack-10ea/1684464836/
2025-05-30 13:15:58,898 - INFO - Fetched: https://www.stylekorean.com:443/shop/benton-snail-bee-high-content-mask-pack-10ea/1684464836/
2025-05-30 13:15:59,910 - INFO - [FETCH] https://www.stylekorean.com:443/shop/skin1004-madagascar-centella-watergel-sheet-ampoule-mask-5ea/1673504013/
2025-05-30 13:16:03,239 - INFO - Fetched: https://www.stylekorean.com:443/shop/skin1004-madagascar-centella-watergel-sheet-ampoule-mask-5ea/1673504013/
2025-05-30 13:16:04,247 - INFO - [FETCH] https://www.stylekorean.com:443/shop/some-by-mi-retinol-intense-reactivating-mask/1680076042/
2025-05-30 13:16:06,934 - INFO - Fetched: https://www.stylekorean.com:443/shop/some-by-mi-retinol-intense-reactivating-mask/1680076042/
2025-05-30 13:16:07,940 - INFO - [FETCH] https://www.stylekorean.com:443/shop/petitfee-aura-quartz-hydrogel-face-mask-5ea/1667282859/
2025-05-30 13:16:09,681 - INFO - Fetched: https://www.stylekorean.com:443/shop/petitfee-aura-quartz-hydrogel-face-mask-5ea/1667282859/
2025-05-30 13:16:10,692 - INFO - [FETCH] https://www.stylekorean.com:443/shop/mixsoon-master-deep-barrier-mask-5ea/1663314172/
2025-05-30 13:16:12,350 - INFO - Fetched: https://www.stylekorean.com:443/shop/mixsoon-master-deep-barrier-mask-5ea/1663314172/
2025-05-30 13:16:13,357 - INFO - [FETCH] https://www.stylekorean.com:443/shop/mixsoon-bifida-mask-pack-5ea/1663309816/
2025-05-30 13:16:14,922 - INFO - Fetched: https://www.stylekorean.com:443/shop/mixsoon-bifida-mask-pack-5ea/1663309816/
2025-05-30 13:16:15,929 - INFO - [FETCH] https://www.stylekorean.com:443/shop/abib-collagen-gel-mask-jericho-rose-jelly-1ea/1663212752/
2025-05-30 13:16:24,447 - INFO - Fetched: https://www.stylekorean.com:443/shop/abib-collagen-gel-mask-jericho-rose-jelly-1ea/1663212752/
2025-05-30 13:16:25,460 - INFO - [FETCH] https://www.stylekorean.com:443/shop/round-lab-renewal-1025-dokdo-water-gel-mask-sheet-10ea/1728539968/
2025-05-30 13:16:27,340 - INFO - Fetched: https://www.stylekorean.com:443/shop/round-lab-renewal-1025-dokdo-water-gel-mask-sheet-10ea/1728539968/
2025-05-30 13:16:28,352 - INFO - [FETCH] https://www.stylekorean.com:443/shop/i-dew-care-let-s-do-this-sheet/1663126540/
2025-05-30 13:16:30,133 - INFO - Fetched: https://www.stylekorean.com:443/shop/i-dew-care-let-s-do-this-sheet/1663126540/
2025-05-30 13:16:31,145 - INFO - [FETCH] https://www.stylekorean.com:443/shop/mixsoon-centella-mask-pack-5ea/1662021185/
2025-05-30 13:16:32,752 - INFO - Fetched: https://www.stylekorean.com:443/shop/mixsoon-centella-mask-pack-5ea/1662021185/
2025-05-30 13:16:33,759 - INFO - [FETCH] https://www.stylekorean.com:443/shop/numbuzin-no.2-water-collagen-65-voluming-sheet-mask-4ea/1661236055/
2025-05-30 13:16:35,862 - INFO - Fetched: https://www.stylekorean.com:443/shop/numbuzin-no.2-water-collagen-65-voluming-sheet-mask-4ea/1661236055/
2025-05-30 13:16:36,873 - INFO - [FETCH] https://www.stylekorean.com:443/shop/numbuzin-no.1-dewy-glow-spa-sheet-mask-1ea/1675844046/
2025-05-30 13:16:38,682 - INFO - Fetched: https://www.stylekorean.com:443/shop/numbuzin-no.1-dewy-glow-spa-sheet-mask-1ea/1675844046/
2025-05-30 13:16:39,694 - INFO - [FETCH] https://www.stylekorean.com:443/shop/numbuzin-no.3-tingle-pore-softening-sheet-mask-4ea/1660706329/
2025-05-30 13:16:43,311 - INFO - Fetched: https://www.stylekorean.com:443/shop/numbuzin-no.3-tingle-pore-softening-sheet-mask-4ea/1660706329/
2025-05-30 13:16:44,319 - INFO - [FETCH] https://www.stylekorean.com:443/shop/numbuzin-no.3-tingle-pore-softening-sheet-mask-1ea/1675844528/
2025-05-30 13:16:46,055 - INFO - Fetched: https://www.stylekorean.com:443/shop/numbuzin-no.3-tingle-pore-softening-sheet-mask-1ea/1675844528/
2025-05-30 13:16:47,067 - INFO - [FETCH] https://www.stylekorean.com:443/shop/round-lab-pine-calming-cica-mask-10ea/1681281325/
2025-05-30 13:16:48,799 - INFO - Fetched: https://www.stylekorean.com:443/shop/round-lab-pine-calming-cica-mask-10ea/1681281325/
2025-05-30 13:16:49,810 - INFO - [FETCH] https://www.stylekorean.com:443/shop/innisfree-renewal-squeeze-energy-mask-10-types/1654145844/
2025-05-30 13:16:51,341 - INFO - Fetched: https://www.stylekorean.com:443/shop/innisfree-renewal-squeeze-energy-mask-10-types/1654145844/
2025-05-30 13:16:52,353 - INFO - [FETCH] https://www.stylekorean.com:443/shop/rovectin-renewal-dr.-mask-pore-1ea/1685509903/
2025-05-30 13:16:53,978 - INFO - Fetched: https://www.stylekorean.com:443/shop/rovectin-renewal-dr.-mask-pore-1ea/1685509903/
2025-05-30 13:16:54,990 - INFO - [FETCH] https://www.stylekorean.com:443/shop/rovectin-renewal-dr.-mask-pore-5ea/1685510151/
2025-05-30 13:16:56,492 - INFO - Fetched: https://www.stylekorean.com:443/shop/rovectin-renewal-dr.-mask-pore-5ea/1685510151/
2025-05-30 13:16:57,504 - INFO - [FETCH] https://www.stylekorean.com:443/shop/barulab-the-clean-vegan-aloe-mask-1ea/1648107623/
2025-05-30 13:16:59,280 - INFO - Fetched: https://www.stylekorean.com:443/shop/barulab-the-clean-vegan-aloe-mask-1ea/1648107623/
2025-05-30 13:17:00,293 - INFO - [FETCH] https://www.stylekorean.com:443/shop/barulab-the-clean-vegan-sheabutter-mask-1ea/1647569781/
2025-05-30 13:17:01,912 - INFO - Fetched: https://www.stylekorean.com:443/shop/barulab-the-clean-vegan-sheabutter-mask-1ea/1647569781/
2025-05-30 13:17:02,924 - INFO - [FETCH] https://www.stylekorean.com:443/shop/barulab-the-clean-vegan-olive-mask-1ea/1647569252/
2025-05-30 13:17:06,380 - INFO - Fetched: https://www.stylekorean.com:443/shop/barulab-the-clean-vegan-olive-mask-1ea/1647569252/
2025-05-30 13:17:07,392 - INFO - [FETCH] https://www.stylekorean.com:443/shop/barulab-the-clean-vegan-teatree-mask-1ea/1647412510/
2025-05-30 13:17:09,054 - INFO - Fetched: https://www.stylekorean.com:443/shop/barulab-the-clean-vegan-teatree-mask-1ea/1647412510/
2025-05-30 13:17:10,064 - INFO - [FETCH] https://www.stylekorean.com:443/shop/barulab-the-clean-vegan-aha-bha-mask-1ea/1647412003/
2025-05-30 13:17:14,309 - INFO - Fetched: https://www.stylekorean.com:443/shop/barulab-the-clean-vegan-aha-bha-mask-1ea/1647412003/
2025-05-30 13:17:15,317 - INFO - [FETCH] https://www.stylekorean.com:443/shop/dr.ceuracle-tea-tree-purifine-soothing-mask-10ea/1710297104/
2025-05-30 13:17:17,056 - INFO - Fetched: https://www.stylekorean.com:443/shop/dr.ceuracle-tea-tree-purifine-soothing-mask-10ea/1710297104/
2025-05-30 13:17:18,063 - INFO - [FETCH] https://www.stylekorean.com:443/shop/snp-black-pearl-renew-black-ampoule-mask-10pcs-2020/1646382265/
2025-05-30 13:17:19,704 - INFO - Fetched: https://www.stylekorean.com:443/shop/snp-black-pearl-renew-black-ampoule-mask-10pcs-2020/1646382265/
2025-05-30 13:17:20,711 - INFO - [FETCH] https://www.stylekorean.com:443/shop/real-barrier-renewal-extreme-cream-mask-10ea/1717563008/
2025-05-30 13:17:22,302 - INFO - Fetched: https://www.stylekorean.com:443/shop/real-barrier-renewal-extreme-cream-mask-10ea/1717563008/
2025-05-30 13:17:23,309 - INFO - [FETCH] https://www.stylekorean.com:443/shop/barulab-the-clean-vegan-hyaluron-mask-1ea/1640589663/
2025-05-30 13:17:26,753 - INFO - Fetched: https://www.stylekorean.com:443/shop/barulab-the-clean-vegan-hyaluron-mask-1ea/1640589663/
2025-05-30 13:17:27,765 - INFO - [FETCH] https://www.stylekorean.com:443/shop/etude-renewal-soonjung-panthensoside-sheet-mask/1706574703/
2025-05-30 13:17:29,836 - INFO - Fetched: https://www.stylekorean.com:443/shop/etude-renewal-soonjung-panthensoside-sheet-mask/1706574703/
2025-05-30 13:17:30,854 - INFO - [FETCH] https://www.stylekorean.com:443/shop/dr.ceuracle-hyal-reyouth-lifting-mask-10ea/1639707709/
2025-05-30 13:17:33,458 - INFO - Fetched: https://www.stylekorean.com:443/shop/dr.ceuracle-hyal-reyouth-lifting-mask-10ea/1639707709/
2025-05-30 13:17:34,469 - INFO - [FETCH] https://www.stylekorean.com:443/shop/elizavecca-deep-power-ringer-mask-pack-12-types/1741659268/
2025-05-30 13:17:37,619 - INFO - Fetched: https://www.stylekorean.com:443/shop/elizavecca-deep-power-ringer-mask-pack-12-types/1741659268/
2025-05-30 13:17:38,632 - INFO - [FETCH] https://www.stylekorean.com:443/shop/elizavecca-deep-power-ringer-mask-pack-12-types/1674095530/
2025-05-30 13:17:40,212 - INFO - Fetched: https://www.stylekorean.com:443/shop/elizavecca-deep-power-ringer-mask-pack-12-types/1674095530/
2025-05-30 13:17:41,226 - INFO - [FETCH] https://www.stylekorean.com:443/shop/mary-may-hyaluronic-panthenol-hydra-mask-30ea/1639101906/
2025-05-30 13:17:44,314 - INFO - Fetched: https://www.stylekorean.com:443/shop/mary-may-hyaluronic-panthenol-hydra-mask-30ea/1639101906/
2025-05-30 13:17:45,327 - INFO - [FETCH] https://www.stylekorean.com:443/shop/mary-may-collagen-peptide-vital-mask-30ea/1639101237/
2025-05-30 13:17:49,630 - INFO - Fetched: https://www.stylekorean.com:443/shop/mary-may-collagen-peptide-vital-mask-30ea/1639101237/
2025-05-30 13:17:50,643 - INFO - [FETCH] https://www.stylekorean.com:443/shop/celimax-noni-energy-ampoule-mask-1ea/1638170835/
2025-05-30 13:17:53,018 - INFO - Fetched: https://www.stylekorean.com:443/shop/celimax-noni-energy-ampoule-mask-1ea/1638170835/
2025-05-30 13:17:54,030 - INFO - [FETCH] https://www.stylekorean.com:443/shop/skin1004-madagascar-centella-watergel-sheet-ampoule-mask-1ea/1637216851/
2025-05-30 13:17:57,682 - INFO - Fetched: https://www.stylekorean.com:443/shop/skin1004-madagascar-centella-watergel-sheet-ampoule-mask-1ea/1637216851/
2025-05-30 13:17:58,695 - INFO - [FETCH] https://www.stylekorean.com:443/shop/abib-gummy-sheet-mask-sticker-5-types/1637129357/
2025-05-30 13:18:01,204 - INFO - Fetched: https://www.stylekorean.com:443/shop/abib-gummy-sheet-mask-sticker-5-types/1637129357/
2025-05-30 13:18:02,213 - INFO - [FETCH] https://www.stylekorean.com:443/shop/abib-mild-acidic-ph-sheet-mask-aqua-fit-1ea/1637128108/
2025-05-30 13:18:04,269 - INFO - Fetched: https://www.stylekorean.com:443/shop/abib-mild-acidic-ph-sheet-mask-aqua-fit-1ea/1637128108/
2025-05-30 13:18:05,280 - INFO - [FETCH] https://www.stylekorean.com:443/shop/abib-mild-acidic-ph-sheet-mask-heartleaf-fit-1ea/1637127791/
2025-05-30 13:18:10,340 - INFO - Fetched: https://www.stylekorean.com:443/shop/abib-mild-acidic-ph-sheet-mask-heartleaf-fit-1ea/1637127791/
2025-05-30 13:18:11,350 - INFO - [FETCH] https://www.stylekorean.com:443/shop/abib-mild-acidic-ph-sheet-mask-jericho-rose-fit-1ea/1637126865/
2025-05-30 13:18:14,336 - INFO - Fetched: https://www.stylekorean.com:443/shop/abib-mild-acidic-ph-sheet-mask-jericho-rose-fit-1ea/1637126865/
2025-05-30 13:18:15,349 - INFO - [FETCH] https://www.stylekorean.com:443/shop/mary-may-niacinamide-vitamin-c-brightening-mask-30ea/1633068490/
2025-05-30 13:18:17,899 - INFO - Fetched: https://www.stylekorean.com:443/shop/mary-may-niacinamide-vitamin-c-brightening-mask-30ea/1633068490/
2025-05-30 13:18:18,910 - INFO - [FETCH] https://www.stylekorean.com:443/shop/mary-may-cica-houttuynia-tea-tree-calming-mask-30ea/1633069696/
2025-05-30 13:18:21,642 - INFO - Fetched: https://www.stylekorean.com:443/shop/mary-may-cica-houttuynia-tea-tree-calming-mask-30ea/1633069696/
2025-05-30 13:18:22,653 - INFO - [FETCH] https://www.stylekorean.com:443/shop/peripera-calming-time-mask-sheet-3-types/1629279041/
2025-05-30 13:18:24,272 - INFO - Fetched: https://www.stylekorean.com:443/shop/peripera-calming-time-mask-sheet-3-types/1629279041/
2025-05-30 13:18:25,284 - INFO - [FETCH] https://www.stylekorean.com:443/shop/frudia-my-orchard-squeeze-mask-10ea-5-types/1627443527/
2025-05-30 13:18:27,509 - INFO - Fetched: https://www.stylekorean.com:443/shop/frudia-my-orchard-squeeze-mask-10ea-5-types/1627443527/
2025-05-30 13:18:28,519 - INFO - [FETCH] https://www.stylekorean.com:443/shop/skinfood-sous-vide-mask-sheet-9-types/1625454737/
2025-05-30 13:18:30,783 - INFO - Fetched: https://www.stylekorean.com:443/shop/skinfood-sous-vide-mask-sheet-9-types/1625454737/
2025-05-30 13:18:31,793 - INFO - [FETCH] https://www.stylekorean.com:443/shop/axis-y-green-vital-energy-complex-mask-5ea/1621308256/
2025-05-30 13:18:33,633 - INFO - Fetched: https://www.stylekorean.com:443/shop/axis-y-green-vital-energy-complex-mask-5ea/1621308256/
2025-05-30 13:18:34,643 - INFO - [FETCH] https://www.stylekorean.com:443/shop/some-by-mi-real-care-mask-10-types/1622606350/
2025-05-30 13:18:37,355 - INFO - Fetched: https://www.stylekorean.com:443/shop/some-by-mi-real-care-mask-10-types/1622606350/
2025-05-30 13:18:38,367 - INFO - [FETCH] https://www.stylekorean.com:443/shop/cnp-laboratory-2-step-greenery-calming-ampule-mask-5ea/1619762242/
2025-05-30 13:18:40,854 - INFO - Fetched: https://www.stylekorean.com:443/shop/cnp-laboratory-2-step-greenery-calming-ampule-mask-5ea/1619762242/
2025-05-30 13:18:41,863 - INFO - [FETCH] https://www.stylekorean.com:443/shop/amplen-peptideshot-mask-5-types/1618205700/
2025-05-30 13:18:44,658 - INFO - Fetched: https://www.stylekorean.com:443/shop/amplen-peptideshot-mask-5-types/1618205700/
2025-05-30 13:18:45,666 - INFO - [FETCH] https://www.stylekorean.com:443/shop/holika-holika-skin-rescuer-mask-sheet-madecassoside/1616484124/
2025-05-30 13:18:47,788 - INFO - Fetched: https://www.stylekorean.com:443/shop/holika-holika-skin-rescuer-mask-sheet-madecassoside/1616484124/
2025-05-30 13:18:48,797 - INFO - [FETCH] https://www.stylekorean.com:443/shop/petitfee-cacao-energizing-hydrogel-face-mask-5ea/1616462057/
2025-05-30 13:18:52,634 - INFO - Fetched: https://www.stylekorean.com:443/shop/petitfee-cacao-energizing-hydrogel-face-mask-5ea/1616462057/
2025-05-30 13:18:53,646 - INFO - [FETCH] https://www.stylekorean.com:443/shop/petitfee-black-pearl-gold-hydrogel-mask-pack-5ea/1616401020/
2025-05-30 13:18:55,379 - INFO - Fetched: https://www.stylekorean.com:443/shop/petitfee-black-pearl-gold-hydrogel-mask-pack-5ea/1616401020/
2025-05-30 13:18:56,392 - INFO - [FETCH] https://www.stylekorean.com:443/shop/pyunkang-yul-black-tea-revitalizing-mask-pack-10ea/1616045070/
2025-05-30 13:18:58,125 - INFO - Fetched: https://www.stylekorean.com:443/shop/pyunkang-yul-black-tea-revitalizing-mask-pack-10ea/1616045070/
2025-05-30 13:18:59,138 - INFO - [FETCH] https://www.stylekorean.com:443/shop/anua-birch-moisture-mask-1ea/1615429495/
2025-05-30 13:19:01,118 - INFO - Fetched: https://www.stylekorean.com:443/shop/anua-birch-moisture-mask-1ea/1615429495/
2025-05-30 13:19:02,131 - INFO - [FETCH] https://www.stylekorean.com:443/shop/cnp-laboratory-quick-soothing-s.o.s-mask-5ea/1717569792/
2025-05-30 13:19:04,237 - INFO - Fetched: https://www.stylekorean.com:443/shop/cnp-laboratory-quick-soothing-s.o.s-mask-5ea/1717569792/
2025-05-30 13:19:05,249 - INFO - [FETCH] https://www.stylekorean.com:443/shop/round-lab-mugwort-calming-mask-10ea/1612947140/
2025-05-30 13:19:07,495 - INFO - Fetched: https://www.stylekorean.com:443/shop/round-lab-mugwort-calming-mask-10ea/1612947140/
2025-05-30 13:19:08,506 - INFO - [FETCH] https://www.stylekorean.com:443/shop/round-lab-soybean-nourishing-mask-10ea/1612947879/
2025-05-30 13:19:10,352 - INFO - Fetched: https://www.stylekorean.com:443/shop/round-lab-soybean-nourishing-mask-10ea/1612947879/
2025-05-30 13:19:11,366 - INFO - [FETCH] https://www.stylekorean.com:443/shop/pyunkang-yul-calming-mask-pack-10ea/1608710649/
2025-05-30 13:19:13,194 - INFO - Fetched: https://www.stylekorean.com:443/shop/pyunkang-yul-calming-mask-pack-10ea/1608710649/
2025-05-30 13:19:14,204 - INFO - [FETCH] https://www.stylekorean.com:443/shop/farmstay-visible-difference-mask-sheet-13-types/1608521130/
2025-05-30 13:19:15,853 - INFO - Fetched: https://www.stylekorean.com:443/shop/farmstay-visible-difference-mask-sheet-13-types/1608521130/
2025-05-30 13:19:16,864 - INFO - [FETCH] https://www.stylekorean.com:443/shop/farmstay-real-essence-mask-15-types/1647571637/
2025-05-30 13:19:20,298 - INFO - Fetched: https://www.stylekorean.com:443/shop/farmstay-real-essence-mask-15-types/1647571637/
2025-05-30 13:19:21,308 - INFO - [FETCH] https://www.stylekorean.com:443/shop/snp-renewal-prep-cicaronic-daily-mask-10ea/1700459508/
2025-05-30 13:19:22,904 - INFO - Fetched: https://www.stylekorean.com:443/shop/snp-renewal-prep-cicaronic-daily-mask-10ea/1700459508/
2025-05-30 13:19:23,913 - INFO - [FETCH] https://www.stylekorean.com:443/shop/celimax-noni-energy-ampoule-mask-5ea/1599804169/
2025-05-30 13:19:25,533 - INFO - Fetched: https://www.stylekorean.com:443/shop/celimax-noni-energy-ampoule-mask-5ea/1599804169/
2025-05-30 13:19:26,542 - INFO - [FETCH] https://www.stylekorean.com:443/shop/celimax-cica-calming-ampoule-mask-5ea/1600069632/
2025-05-30 13:19:28,292 - INFO - Fetched: https://www.stylekorean.com:443/shop/celimax-cica-calming-ampoule-mask-5ea/1600069632/
2025-05-30 13:19:29,306 - INFO - [FETCH] https://www.stylekorean.com:443/shop/pyunkang-yul-highly-moisturizing-essence-mask-pack-10ea/1597129108/
2025-05-30 13:19:30,885 - INFO - Fetched: https://www.stylekorean.com:443/shop/pyunkang-yul-highly-moisturizing-essence-mask-pack-10ea/1597129108/
2025-05-30 13:19:31,894 - INFO - [FETCH] https://www.stylekorean.com:443/shop/anua-renewal-heartleaf-cream-mask-night-solution-1ea/1738829403/
2025-05-30 13:19:33,874 - INFO - Fetched: https://www.stylekorean.com:443/shop/anua-renewal-heartleaf-cream-mask-night-solution-1ea/1738829403/
2025-05-30 13:19:34,887 - INFO - [FETCH] https://www.stylekorean.com:443/shop/beauty-of-joseon-centella-asiatica-calming-mask-10ea/1662345433/
2025-05-30 13:19:37,158 - INFO - Fetched: https://www.stylekorean.com:443/shop/beauty-of-joseon-centella-asiatica-calming-mask-10ea/1662345433/
2025-05-30 13:19:38,168 - INFO - [FETCH] https://www.stylekorean.com:443/shop/dr.g-r.e.d-blemish-cool-soothing-mask-10ea/1592532119/
2025-05-30 13:19:40,479 - INFO - Fetched: https://www.stylekorean.com:443/shop/dr.g-r.e.d-blemish-cool-soothing-mask-10ea/1592532119/
2025-05-30 13:19:41,490 - INFO - [FETCH] https://www.stylekorean.com:443/shop/miguhara-big-3-step-anti-wrinkle-mask-pack-1ea/1610001864/
2025-05-30 13:19:43,698 - INFO - Fetched: https://www.stylekorean.com:443/shop/miguhara-big-3-step-anti-wrinkle-mask-pack-1ea/1610001864/
2025-05-30 13:19:44,710 - INFO - [FETCH] https://www.stylekorean.com:443/shop/vt-cosmetics-cica-daily-soothing-mask-30ea/1585016566/
2025-05-30 13:19:49,311 - INFO - Fetched: https://www.stylekorean.com:443/shop/vt-cosmetics-cica-daily-soothing-mask-30ea/1585016566/
2025-05-30 13:19:50,325 - INFO - [FETCH] https://www.stylekorean.com:443/shop/benton-renewal-fermentation-mask-pack-10ea/1673250624/
2025-05-30 13:19:52,005 - INFO - Fetched: https://www.stylekorean.com:443/shop/benton-renewal-fermentation-mask-pack-10ea/1673250624/
2025-05-30 13:19:53,018 - INFO - [FETCH] https://www.stylekorean.com:443/shop/frudia-blueberry-hydrating-mask-10ea/1620012258/
2025-05-30 13:19:54,379 - INFO - Fetched: https://www.stylekorean.com:443/shop/frudia-blueberry-hydrating-mask-10ea/1620012258/
2025-05-30 13:19:55,388 - INFO - [FETCH] https://www.stylekorean.com:443/shop/frudia-green-grape-pore-control-mask-10ea/1620013623/
2025-05-30 13:19:56,980 - INFO - Fetched: https://www.stylekorean.com:443/shop/frudia-green-grape-pore-control-mask-10ea/1620013623/
2025-05-30 13:19:57,992 - INFO - [FETCH] https://www.stylekorean.com:443/shop/petitfee-artichoke-soothing-hydrogel-face-mask-5ea/1578012302/
2025-05-30 13:20:00,009 - INFO - Fetched: https://www.stylekorean.com:443/shop/petitfee-artichoke-soothing-hydrogel-face-mask-5ea/1578012302/
2025-05-30 13:20:01,020 - INFO - [FETCH] https://www.stylekorean.com:443/shop/a-pieu-madecassoside-gauze-mask/1577081411/
2025-05-30 13:20:03,009 - INFO - Fetched: https://www.stylekorean.com:443/shop/a-pieu-madecassoside-gauze-mask/1577081411/
2025-05-30 13:20:04,021 - INFO - [FETCH] https://www.stylekorean.com:443/shop/some-by-mi-renewal-yuja-niacin-30-days-blemish-care-serum-mask-1ea/1579484214/
2025-05-30 13:20:06,390 - INFO - Fetched: https://www.stylekorean.com:443/shop/some-by-mi-renewal-yuja-niacin-30-days-blemish-care-serum-mask-1ea/1579484214/
2025-05-30 13:20:07,399 - INFO - [FETCH] https://www.stylekorean.com:443/shop/rovectin-renewal-rovectin-skin-essentials-dr.-mask-aqua-25ml-5ea/1720598935/
2025-05-30 13:20:09,146 - INFO - Fetched: https://www.stylekorean.com:443/shop/rovectin-renewal-rovectin-skin-essentials-dr.-mask-aqua-25ml-5ea/1720598935/
2025-05-30 13:20:10,156 - INFO - [FETCH] https://www.stylekorean.com:443/shop/hyggee-relief-blue-flower-mask-10ea/1562811182/
2025-05-30 13:20:12,168 - INFO - Fetched: https://www.stylekorean.com:443/shop/hyggee-relief-blue-flower-mask-10ea/1562811182/
2025-05-30 13:20:13,182 - INFO - [FETCH] https://www.stylekorean.com:443/shop/hyggee-active-red-flower-mask-10ea/1568710571/
2025-05-30 13:20:14,871 - INFO - Fetched: https://www.stylekorean.com:443/shop/hyggee-active-red-flower-mask-10ea/1568710571/
2025-05-30 13:20:15,881 - INFO - [FETCH] https://www.stylekorean.com:443/shop/petitfee-agave-cooling-hydrogel-face-mask-5ea/1560323857/
2025-05-30 13:20:17,872 - INFO - Fetched: https://www.stylekorean.com:443/shop/petitfee-agave-cooling-hydrogel-face-mask-5ea/1560323857/
2025-05-30 13:20:18,883 - INFO - [FETCH] https://www.stylekorean.com:443/shop/dewytree-pick-and-quick-mask-30ea/1554084169/
2025-05-30 13:20:21,075 - INFO - Fetched: https://www.stylekorean.com:443/shop/dewytree-pick-and-quick-mask-30ea/1554084169/
2025-05-30 13:20:22,086 - INFO - [FETCH] https://www.stylekorean.com:443/shop/petitfee-silk-amino-serum-mask-10ea/1542616931/
2025-05-30 13:20:23,681 - INFO - Fetched: https://www.stylekorean.com:443/shop/petitfee-silk-amino-serum-mask-10ea/1542616931/
2025-05-30 13:20:24,696 - INFO - [FETCH] https://www.stylekorean.com:443/shop/barulab-the-clean-vegan-vitaminc-mask-1ea/1603440945/
2025-05-30 13:20:26,972 - INFO - Fetched: https://www.stylekorean.com:443/shop/barulab-the-clean-vegan-vitaminc-mask-1ea/1603440945/
2025-05-30 13:20:27,986 - INFO - [FETCH] https://www.stylekorean.com:443/shop/barulab-the-clean-vegan-peptide-mask-1ea/1632885237/
2025-05-30 13:20:30,373 - INFO - Fetched: https://www.stylekorean.com:443/shop/barulab-the-clean-vegan-peptide-mask-1ea/1632885237/
2025-05-30 13:20:31,388 - INFO - [FETCH] https://www.stylekorean.com:443/shop/snp-gold-collagen-ampoule-mask-25ml-1ea/1531904217/
2025-05-30 13:20:32,961 - INFO - Fetched: https://www.stylekorean.com:443/shop/snp-gold-collagen-ampoule-mask-25ml-1ea/1531904217/
2025-05-30 13:20:33,975 - INFO - [FETCH] https://www.stylekorean.com:443/shop/missha-airy-fit-sheet-mask-12-types/1530770609/
2025-05-30 13:20:36,877 - INFO - Fetched: https://www.stylekorean.com:443/shop/missha-airy-fit-sheet-mask-12-types/1530770609/
2025-05-30 13:20:37,888 - INFO - [FETCH] https://www.stylekorean.com:443/shop/missha-mascure-sheet-mask-8-types/1530770041/
2025-05-30 13:20:39,834 - INFO - Fetched: https://www.stylekorean.com:443/shop/missha-mascure-sheet-mask-8-types/1530770041/
2025-05-30 13:20:40,846 - INFO - [FETCH] https://www.stylekorean.com:443/shop/abib-mild-acidic-ph-sheet-mask-honey-fit-1ea/1530689967/
2025-05-30 13:20:42,588 - INFO - Fetched: https://www.stylekorean.com:443/shop/abib-mild-acidic-ph-sheet-mask-honey-fit-1ea/1530689967/
2025-05-30 13:20:43,600 - INFO - [FETCH] https://www.stylekorean.com:443/shop/benton-renewal-aloe-soothing-mask-pack-10ea/1673249915/
2025-05-30 13:20:45,252 - INFO - Fetched: https://www.stylekorean.com:443/shop/benton-renewal-aloe-soothing-mask-pack-10ea/1673249915/
2025-05-30 13:20:46,265 - INFO - [FETCH] https://www.stylekorean.com:443/shop/benton-renewal-goodbye-redness-centella-cica-mask-pack-10ea/1673251123/
2025-05-30 13:20:48,242 - INFO - Fetched: https://www.stylekorean.com:443/shop/benton-renewal-goodbye-redness-centella-cica-mask-pack-10ea/1673251123/
2025-05-30 13:20:49,252 - INFO - [FETCH] https://www.stylekorean.com:443/shop/holika-holika-pure-essence-mask-sheet-green-tea-20ml/1511940332/
2025-05-30 13:20:51,199 - INFO - Fetched: https://www.stylekorean.com:443/shop/holika-holika-pure-essence-mask-sheet-green-tea-20ml/1511940332/
2025-05-30 13:20:52,213 - INFO - [FETCH] https://www.stylekorean.com:443/shop/pyunkang-yul-acne-dressing-mask-pack-1ea/1530854126/
2025-05-30 13:20:54,584 - INFO - Fetched: https://www.stylekorean.com:443/shop/pyunkang-yul-acne-dressing-mask-pack-1ea/1530854126/
2025-05-30 13:20:55,597 - INFO - [FETCH] https://www.stylekorean.com:443/shop/a-pieu-icing-sweet-bar-sheet-mask-2-types/1504489052/
2025-05-30 13:20:57,931 - INFO - Fetched: https://www.stylekorean.com:443/shop/a-pieu-icing-sweet-bar-sheet-mask-2-types/1504489052/
2025-05-30 13:20:58,942 - INFO - [FETCH] https://www.stylekorean.com:443/shop/petitfee-gold-neck-pack-5pcs/1492735387/
2025-05-30 13:21:01,545 - INFO - Fetched: https://www.stylekorean.com:443/shop/petitfee-gold-neck-pack-5pcs/1492735387/
2025-05-30 13:21:02,555 - INFO - [FETCH] https://www.stylekorean.com:443/shop/-dr.jart-cryo-rubber-mask-4-types/1571208113/
2025-05-30 13:21:04,720 - INFO - Fetched: https://www.stylekorean.com:443/shop/-dr.jart-cryo-rubber-mask-4-types/1571208113/
2025-05-30 13:21:05,732 - INFO - [FETCH] https://www.stylekorean.com:443/shop/a-pieu-milk-one-pack-3-types/1487838650/
2025-05-30 13:21:09,477 - INFO - Fetched: https://www.stylekorean.com:443/shop/a-pieu-milk-one-pack-3-types/1487838650/
2025-05-30 13:21:10,488 - INFO - [FETCH] https://www.stylekorean.com:443/shop/a-pieu-milk-one-pack-3-types/1487838653/
2025-05-30 13:21:13,775 - INFO - Fetched: https://www.stylekorean.com:443/shop/a-pieu-milk-one-pack-3-types/1487838653/
2025-05-30 13:21:14,789 - INFO - [FETCH] https://www.stylekorean.com:443/shop/tonymoly-master-lab-mask-sheet-ceramide/1482741993/
2025-05-30 13:21:16,378 - INFO - Fetched: https://www.stylekorean.com:443/shop/tonymoly-master-lab-mask-sheet-ceramide/1482741993/
2025-05-30 13:21:17,392 - INFO - [FETCH] https://www.stylekorean.com:443/shop/tonymoly-fresh-to-go-mask-sheet-10-types/1597042015/
2025-05-30 13:21:19,052 - INFO - Fetched: https://www.stylekorean.com:443/shop/tonymoly-fresh-to-go-mask-sheet-10-types/1597042015/
2025-05-30 13:21:20,065 - INFO - [FETCH] https://www.stylekorean.com:443/shop/tonymoly-pureness-100-mask-sheet-green-tea/1474858009/
2025-05-30 13:21:22,195 - INFO - Fetched: https://www.stylekorean.com:443/shop/tonymoly-pureness-100-mask-sheet-green-tea/1474858009/
2025-05-30 13:21:23,210 - INFO - [FETCH] https://www.stylekorean.com:443/shop/dr.jart-dermask-solution-5-sheet-masks-25g-x-5-brightening/1452067656/
2025-05-30 13:21:24,992 - INFO - Fetched: https://www.stylekorean.com:443/shop/dr.jart-dermask-solution-5-sheet-masks-25g-x-5-brightening/1452067656/
2025-05-30 13:21:26,006 - INFO - [FETCH] https://www.stylekorean.com:443/shop/dr.jart-dermask-solution-5-sheet-masks-25g-x-5-soothing/1451379220/
2025-05-30 13:21:27,825 - INFO - Fetched: https://www.stylekorean.com:443/shop/dr.jart-dermask-solution-5-sheet-masks-25g-x-5-soothing/1451379220/
2025-05-30 13:21:28,838 - INFO - [FETCH] https://www.stylekorean.com:443/shop/dr.jart-dermask-vital-hydra-solution-5ea/1739515524/
2025-05-30 13:21:30,514 - INFO - Fetched: https://www.stylekorean.com:443/shop/dr.jart-dermask-vital-hydra-solution-5ea/1739515524/
2025-05-30 13:21:31,529 - INFO - [FETCH] https://www.stylekorean.com:443/shop/it-s-skin-the-fresh-mask-sheet-10-types/14309638153965/
2025-05-30 13:21:33,150 - INFO - Fetched: https://www.stylekorean.com:443/shop/it-s-skin-the-fresh-mask-sheet-10-types/14309638153965/
2025-05-30 13:21:34,163 - INFO - [FETCH] https://www.stylekorean.com:443/shop/nature-republic-real-nature-mask-sheet-tomato/14309641565133/
2025-05-30 13:21:36,210 - INFO - Fetched: https://www.stylekorean.com:443/shop/nature-republic-real-nature-mask-sheet-tomato/14309641565133/
2025-05-30 13:21:37,226 - INFO - [FETCH] https://www.stylekorean.com:443/shop/the-face-shop-real-nature-mask-20-types/1628037901/
2025-05-30 13:21:39,967 - INFO - Fetched: https://www.stylekorean.com:443/shop/the-face-shop-real-nature-mask-20-types/1628037901/
2025-05-30 13:21:40,979 - INFO - [FETCH] https://www.stylekorean.com:443/shop/etude-0.2mm-therapy-air-mask-2-types/1657784711/
2025-05-30 13:21:42,554 - INFO - Fetched: https://www.stylekorean.com:443/shop/etude-0.2mm-therapy-air-mask-2-types/1657784711/
2025-05-30 13:21:43,567 - INFO - [DONE] Saved final data: stylekorean/data/product_details/skincare_sub_categories/Sheet_Masks__270_.json
