2025-05-30 14:49:01,909 - INFO - Processing: stylekorean/data/product_urls/skincare_sub_categories/Sleeping_Masks__23_.json
2025-05-30 14:49:01,912 - INFO - [FETCH] https://www.stylekorean.com:443/shop/aprilskin-txa-niacinamide-99-night-wrapping-mask-80ml/1745993067/
2025-05-30 14:49:03,856 - INFO - Fetched: https://www.stylekorean.com:443/shop/aprilskin-txa-niacinamide-99-night-wrapping-mask-80ml/1745993067/
2025-05-30 14:49:04,860 - INFO - [FETCH] https://www.stylekorean.com:443/shop/iunik-propolis-vitamin-sleeping-mask-60ml/1730093047/
2025-05-30 14:49:06,711 - INFO - Fetched: https://www.stylekorean.com:443/shop/iunik-propolis-vitamin-sleeping-mask-60ml/1730093047/
2025-05-30 14:49:07,718 - INFO - [FETCH] https://www.stylekorean.com:443/shop/medicube-collagen-night-wrapping-mask-75ml/1721697162/
2025-05-30 14:49:10,111 - INFO - Fetched: https://www.stylekorean.com:443/shop/medicube-collagen-night-wrapping-mask-75ml/1721697162/
2025-05-30 14:49:11,117 - INFO - [FETCH] https://www.stylekorean.com:443/shop/tiam-snail-azulene-sleeping-mask-tube/1713939754/
2025-05-30 14:49:13,099 - INFO - Fetched: https://www.stylekorean.com:443/shop/tiam-snail-azulene-sleeping-mask-tube/1713939754/
2025-05-30 14:49:14,106 - INFO - [FETCH] https://www.stylekorean.com:443/shop/axis-y-panthenol-10-skin-smoothing-shield-cream-50ml/1707111934/
2025-05-30 14:49:17,095 - INFO - Fetched: https://www.stylekorean.com:443/shop/axis-y-panthenol-10-skin-smoothing-shield-cream-50ml/1707111934/
2025-05-30 14:49:18,100 - INFO - [FETCH] https://www.stylekorean.com:443/shop/mary-may-mini-calendula-peptide-ageless-sleeping-mask-30g/1707111138/
2025-05-30 14:49:19,935 - INFO - Fetched: https://www.stylekorean.com:443/shop/mary-may-mini-calendula-peptide-ageless-sleeping-mask-30g/1707111138/
2025-05-30 14:49:20,942 - INFO - [FETCH] https://www.stylekorean.com:443/shop/laneige-renewal-water-sleeping-mask-ex-70ml/1699405863/
2025-05-30 14:49:22,914 - INFO - Fetched: https://www.stylekorean.com:443/shop/laneige-renewal-water-sleeping-mask-ex-70ml/1699405863/
2025-05-30 14:49:23,920 - INFO - [FETCH] https://www.stylekorean.com:443/shop/mary-may-calendula-peptide-ageless-sleeping-mask-110g/1676625052/
2025-05-30 14:49:26,391 - INFO - Fetched: https://www.stylekorean.com:443/shop/mary-may-calendula-peptide-ageless-sleeping-mask-110g/1676625052/
2025-05-30 14:49:27,398 - INFO - [FETCH] https://www.stylekorean.com:443/shop/round-lab-1025-dokdo-sleeping-pack-100ml/1668761494/
2025-05-30 14:49:29,581 - INFO - Fetched: https://www.stylekorean.com:443/shop/round-lab-1025-dokdo-sleeping-pack-100ml/1668761494/
2025-05-30 14:49:30,584 - INFO - [FETCH] https://www.stylekorean.com:443/shop/klavuu-nourishing-care-lip-sleeping-pack-vanilla/1661419651/
2025-05-30 14:49:32,318 - INFO - Fetched: https://www.stylekorean.com:443/shop/klavuu-nourishing-care-lip-sleeping-pack-vanilla/1661419651/
2025-05-30 14:49:33,327 - INFO - [FETCH] https://www.stylekorean.com:443/shop/elizavecca-milky-piggy-herb-soul-hydro-aqua-jella-pack-250ml/1643163804/
2025-05-30 14:49:34,919 - INFO - Fetched: https://www.stylekorean.com:443/shop/elizavecca-milky-piggy-herb-soul-hydro-aqua-jella-pack-250ml/1643163804/
2025-05-30 14:49:35,922 - INFO - [FETCH] https://www.stylekorean.com:443/shop/abib-rice-probiotics-overnight-mask-barrier-jelly/1643161623/
2025-05-30 14:49:38,450 - INFO - Fetched: https://www.stylekorean.com:443/shop/abib-rice-probiotics-overnight-mask-barrier-jelly/1643161623/
2025-05-30 14:49:39,454 - INFO - [FETCH] https://www.stylekorean.com:443/shop/skin1004-madagascar-centella-hyalu-cica-sleeping-pack-100ml/1639619767/
2025-05-30 14:49:41,620 - INFO - Fetched: https://www.stylekorean.com:443/shop/skin1004-madagascar-centella-hyalu-cica-sleeping-pack-100ml/1639619767/
2025-05-30 14:49:42,625 - INFO - [FETCH] https://www.stylekorean.com:443/shop/pyunkang-yul-sleeping-mask-120ml/1634894992/
2025-05-30 14:49:44,514 - INFO - Fetched: https://www.stylekorean.com:443/shop/pyunkang-yul-sleeping-mask-120ml/1634894992/
2025-05-30 14:49:45,517 - INFO - [FETCH] https://www.stylekorean.com:443/shop/axis-y-new-skin-resolution-gel-mask-100ml/1616996296/
2025-05-30 14:49:47,621 - INFO - Fetched: https://www.stylekorean.com:443/shop/axis-y-new-skin-resolution-gel-mask-100ml/1616996296/
2025-05-30 14:49:48,629 - INFO - [FETCH] https://www.stylekorean.com:443/shop/cosrx-renewal-full-fit-propolis-honey-overnight-mask-60ml/1604891509/
2025-05-30 14:49:50,270 - INFO - Fetched: https://www.stylekorean.com:443/shop/cosrx-renewal-full-fit-propolis-honey-overnight-mask-60ml/1604891509/
2025-05-30 14:49:51,275 - INFO - [FETCH] https://www.stylekorean.com:443/shop/isntree-hyaluronic-acid-water-sleeping-mask-100ml/1577949386/
2025-05-30 14:49:53,190 - INFO - Fetched: https://www.stylekorean.com:443/shop/isntree-hyaluronic-acid-water-sleeping-mask-100ml/1577949386/
2025-05-30 14:49:54,195 - INFO - [FETCH] https://www.stylekorean.com:443/shop/a-pieu-madecassoside-sleeping-mask-80ml/1566881411/
2025-05-30 14:49:55,975 - INFO - Fetched: https://www.stylekorean.com:443/shop/a-pieu-madecassoside-sleeping-mask-80ml/1566881411/
2025-05-30 14:49:56,981 - INFO - [FETCH] https://www.stylekorean.com:443/shop/laneige-renewal-cica-sleeping-mask-60ml/1686531713/
2025-05-30 14:49:59,250 - INFO - Fetched: https://www.stylekorean.com:443/shop/laneige-renewal-cica-sleeping-mask-60ml/1686531713/
2025-05-30 14:50:00,257 - INFO - [FETCH] https://www.stylekorean.com:443/shop/laneige-miniature-cica-sleeping-mask-10ml/1589859663/
2025-05-30 14:50:09,006 - INFO - Fetched: https://www.stylekorean.com:443/shop/laneige-miniature-cica-sleeping-mask-10ml/1589859663/
2025-05-30 14:50:10,014 - INFO - [FETCH] https://www.stylekorean.com:443/shop/cosrx-ultimate-nourishing-rice-overnight-mask-60ml/1484288938/
2025-05-30 14:50:12,674 - INFO - Fetched: https://www.stylekorean.com:443/shop/cosrx-ultimate-nourishing-rice-overnight-mask-60ml/1484288938/
2025-05-30 14:50:13,681 - INFO - [FETCH] https://www.stylekorean.com:443/shop/elizavecca-green-piggy-collagen-jella-pack-100g/1412/
2025-05-30 14:50:15,853 - INFO - Fetched: https://www.stylekorean.com:443/shop/elizavecca-green-piggy-collagen-jella-pack-100g/1412/
2025-05-30 14:50:16,860 - INFO - [FETCH] https://www.stylekorean.com:443/shop/laneige-mini-water-sleeping-mask-15ml/1483924966/
2025-05-30 14:50:20,264 - INFO - Fetched: https://www.stylekorean.com:443/shop/laneige-mini-water-sleeping-mask-15ml/1483924966/
2025-05-30 14:50:21,274 - INFO - [DONE] Saved final data: stylekorean/data/product_details/skincare_sub_categories/Sleeping_Masks__23_.json
