2025-05-30 12:21:55,707 - INFO - Processing: stylekorean/data/product_urls/skincare_sub_categories/Special_Gift_Sets__56_.json
2025-05-30 12:21:55,710 - INFO - [FETCH] https://www.stylekorean.com:443/shop/skin1004-boosting-shot-ampoule-bundle-ampoule-foam-20ml/1748324511/
2025-05-30 12:21:57,352 - INFO - Fetched: https://www.stylekorean.com:443/shop/skin1004-boosting-shot-ampoule-bundle-ampoule-foam-20ml/1748324511/
2025-05-30 12:21:58,356 - INFO - [FETCH] https://www.stylekorean.com:443/shop/anua-pdrn-deep-hydration-set/1748223175/
2025-05-30 12:21:59,976 - INFO - Fetched: https://www.stylekorean.com:443/shop/anua-pdrn-deep-hydration-set/1748223175/
2025-05-30 12:22:00,981 - INFO - [FETCH] https://www.stylekorean.com:443/shop/mixsoon-soothing-hydration-duo/1747895306/
2025-05-30 12:22:02,566 - INFO - Fetched: https://www.stylekorean.com:443/shop/mixsoon-soothing-hydration-duo/1747895306/
2025-05-30 12:22:03,573 - INFO - [FETCH] https://www.stylekorean.com:443/shop/mixsoon-dewy-glow-duo/1747895214/
2025-05-30 12:22:05,091 - INFO - Fetched: https://www.stylekorean.com:443/shop/mixsoon-dewy-glow-duo/1747895214/
2025-05-30 12:22:06,100 - INFO - [FETCH] https://www.stylekorean.com:443/shop/skin1004-timedeal-sun-defense-collection/1747810542/
2025-05-30 12:22:07,867 - INFO - Fetched: https://www.stylekorean.com:443/shop/skin1004-timedeal-sun-defense-collection/1747810542/
2025-05-30 12:22:08,877 - INFO - [FETCH] https://www.stylekorean.com:443/shop/abib-sun-protection-duo/1747810025/
2025-05-30 12:22:10,699 - INFO - Fetched: https://www.stylekorean.com:443/shop/abib-sun-protection-duo/1747810025/
2025-05-30 12:22:11,706 - INFO - [FETCH] https://www.stylekorean.com:443/shop/biodance-collagen-cleanser-duo/1747803734/
2025-05-30 12:22:13,900 - INFO - Fetched: https://www.stylekorean.com:443/shop/biodance-collagen-cleanser-duo/1747803734/
2025-05-30 12:22:14,908 - INFO - [FETCH] https://www.stylekorean.com:443/shop/beauty-of-joseon-glow-serum-duo-60ml-60ml/1747795987/
2025-05-30 12:22:16,578 - INFO - Fetched: https://www.stylekorean.com:443/shop/beauty-of-joseon-glow-serum-duo-60ml-60ml/1747795987/
2025-05-30 12:22:17,588 - INFO - [FETCH] https://www.stylekorean.com:443/shop/beauty-of-joseon-glow-boosting-duo-60ml-60ml/1747795531/
2025-05-30 12:22:19,248 - INFO - Fetched: https://www.stylekorean.com:443/shop/beauty-of-joseon-glow-boosting-duo-60ml-60ml/1747795531/
2025-05-30 12:22:20,257 - INFO - [FETCH] https://www.stylekorean.com:443/shop/medicube-timedeal-kojic-turmeric-brightening-set/1747790346/
2025-05-30 12:22:23,317 - INFO - Fetched: https://www.stylekorean.com:443/shop/medicube-timedeal-kojic-turmeric-brightening-set/1747790346/
2025-05-30 12:22:24,323 - INFO - [FETCH] https://www.stylekorean.com:443/shop/medicube-timedeal-txa-niacinamide-glow-set/1747788131/
2025-05-30 12:22:26,582 - INFO - Fetched: https://www.stylekorean.com:443/shop/medicube-timedeal-txa-niacinamide-glow-set/1747788131/
2025-05-30 12:22:27,590 - INFO - [FETCH] https://www.stylekorean.com:443/shop/heimish-timedeal-matcha-biome-double-cleasing-set/1747732688/
2025-05-30 12:22:29,301 - INFO - Fetched: https://www.stylekorean.com:443/shop/heimish-timedeal-matcha-biome-double-cleasing-set/1747732688/
2025-05-30 12:22:30,307 - INFO - [FETCH] https://www.stylekorean.com:443/shop/vt-cosmetics-pdrn-glow-box/1745480839/
2025-05-30 12:22:40,658 - ERROR - [ERROR] Fetching https://www.stylekorean.com:443/shop/vt-cosmetics-pdrn-glow-box/1745480839/: HTTPSConnectionPool(host='www.stylekorean.com', port=443): Read timed out. (read timeout=10)
2025-05-30 12:22:41,678 - INFO - [FETCH] https://www.stylekorean.com:443/shop/tocobo-x-james-welsh-glow-up-box/1745281604/
2025-05-30 12:22:49,830 - INFO - Fetched: https://www.stylekorean.com:443/shop/tocobo-x-james-welsh-glow-up-box/1745281604/
2025-05-30 12:22:50,836 - INFO - [FETCH] https://www.stylekorean.com:443/shop/stylekorean-summer-breeze-box/1744951627/
2025-05-30 12:23:00,505 - INFO - Fetched: https://www.stylekorean.com:443/shop/stylekorean-summer-breeze-box/1744951627/
2025-05-30 12:23:01,514 - INFO - [FETCH] https://www.stylekorean.com:443/shop/stylekorean-luminous-glow-box/1743051904/
2025-05-30 12:23:05,648 - INFO - Fetched: https://www.stylekorean.com:443/shop/stylekorean-luminous-glow-box/1743051904/
2025-05-30 12:23:06,656 - INFO - [FETCH] https://www.stylekorean.com:443/shop/stylekorean-newbie-vibes-kit/1743051867/
2025-05-30 12:23:09,181 - INFO - Fetched: https://www.stylekorean.com:443/shop/stylekorean-newbie-vibes-kit/1743051867/
2025-05-30 12:23:10,188 - INFO - [FETCH] https://www.stylekorean.com:443/shop/stylekorean-pore-blur-box/1743051629/
2025-05-30 12:23:15,521 - INFO - Fetched: https://www.stylekorean.com:443/shop/stylekorean-pore-blur-box/1743051629/
2025-05-30 12:23:16,531 - INFO - [FETCH] https://www.stylekorean.com:443/shop/stylekorean-jasmin-s-self-love-essentials-exclusive-deal/1739930823/
2025-05-30 12:23:20,150 - INFO - Fetched: https://www.stylekorean.com:443/shop/stylekorean-jasmin-s-self-love-essentials-exclusive-deal/1739930823/
2025-05-30 12:23:21,158 - INFO - [FETCH] https://www.stylekorean.com:443/shop/stylekorean-luxe-hair-body-essentials/1739932270/
2025-05-30 12:23:24,639 - INFO - Fetched: https://www.stylekorean.com:443/shop/stylekorean-luxe-hair-body-essentials/1739932270/
2025-05-30 12:23:25,649 - INFO - [FETCH] https://www.stylekorean.com:443/shop/stylekorean-box-glow-pink-recipe/1737440646/
2025-05-30 12:23:28,470 - INFO - Fetched: https://www.stylekorean.com:443/shop/stylekorean-box-glow-pink-recipe/1737440646/
2025-05-30 12:23:29,478 - INFO - [FETCH] https://www.stylekorean.com:443/shop/stylekorean-2025-rookies-box/1735178588/
2025-05-30 12:23:33,140 - INFO - Fetched: https://www.stylekorean.com:443/shop/stylekorean-2025-rookies-box/1735178588/
2025-05-30 12:23:34,149 - INFO - [FETCH] https://www.stylekorean.com:443/shop/medicube-triple-collagen-set/1735017473/
2025-05-30 12:23:37,151 - INFO - Fetched: https://www.stylekorean.com:443/shop/medicube-triple-collagen-set/1735017473/
2025-05-30 12:23:38,160 - INFO - [FETCH] https://www.stylekorean.com:443/shop/medicube-pdrn-booster-set/1735017001/
2025-05-30 12:23:41,776 - INFO - Fetched: https://www.stylekorean.com:443/shop/medicube-pdrn-booster-set/1735017001/
2025-05-30 12:23:42,784 - INFO - [FETCH] https://www.stylekorean.com:443/shop/medicube-pore-care-set/1732073012/
2025-05-30 12:23:45,221 - INFO - Fetched: https://www.stylekorean.com:443/shop/medicube-pore-care-set/1732073012/
2025-05-30 12:23:46,226 - INFO - [FETCH] https://www.stylekorean.com:443/shop/beauty-of-joseon-rice-wonderland-edition/1731645914/
2025-05-30 12:23:50,092 - INFO - Fetched: https://www.stylekorean.com:443/shop/beauty-of-joseon-rice-wonderland-edition/1731645914/
2025-05-30 12:23:51,098 - INFO - [FETCH] https://www.stylekorean.com:443/shop/anua-rice-toner-cleansing-powder-set/1725000111/
2025-05-30 12:23:54,202 - INFO - Fetched: https://www.stylekorean.com:443/shop/anua-rice-toner-cleansing-powder-set/1725000111/
2025-05-30 12:23:55,210 - INFO - [FETCH] https://www.stylekorean.com:443/shop/skin1004-madagascar-centella-ampoule-kit-mini-ampoule-4-types/1720767916/
2025-05-30 12:23:59,473 - INFO - Fetched: https://www.stylekorean.com:443/shop/skin1004-madagascar-centella-ampoule-kit-mini-ampoule-4-types/1720767916/
2025-05-30 12:24:00,478 - INFO - [FETCH] https://www.stylekorean.com:443/shop/pyunkang-yul-acne-toner-150ml-pouch-set/1720754799/
2025-05-30 12:24:02,369 - INFO - Fetched: https://www.stylekorean.com:443/shop/pyunkang-yul-acne-toner-150ml-pouch-set/1720754799/
2025-05-30 12:24:03,375 - INFO - [FETCH] https://www.stylekorean.com:443/shop/some-by-mi-yuja-niacin-anti-blemish-starter-kit/1720598057/
2025-05-30 12:24:06,359 - INFO - Fetched: https://www.stylekorean.com:443/shop/some-by-mi-yuja-niacin-anti-blemish-starter-kit/1720598057/
2025-05-30 12:24:07,364 - INFO - [FETCH] https://www.stylekorean.com:443/shop/round-lab-pine-calming-cica-trial-kit/1718859277/
2025-05-30 12:24:09,970 - INFO - Fetched: https://www.stylekorean.com:443/shop/round-lab-pine-calming-cica-trial-kit/1718859277/
2025-05-30 12:24:10,973 - INFO - [FETCH] https://www.stylekorean.com:443/shop/round-lab-birch-juice-trial-kit/1718858765/
2025-05-30 12:24:12,637 - INFO - Fetched: https://www.stylekorean.com:443/shop/round-lab-birch-juice-trial-kit/1718858765/
2025-05-30 12:24:13,644 - INFO - [FETCH] https://www.stylekorean.com:443/shop/heimish-cleansing-kit/1718331842/
2025-05-30 12:24:18,589 - INFO - Fetched: https://www.stylekorean.com:443/shop/heimish-cleansing-kit/1718331842/
2025-05-30 12:24:19,595 - INFO - [FETCH] https://www.stylekorean.com:443/shop/mary-may-vegan-blackberry-complex-cream-essence-duo-140ml-x-2ea/1718170323/
2025-05-30 12:24:21,828 - INFO - Fetched: https://www.stylekorean.com:443/shop/mary-may-vegan-blackberry-complex-cream-essence-duo-140ml-x-2ea/1718170323/
2025-05-30 12:24:22,835 - INFO - [FETCH] https://www.stylekorean.com:443/shop/mary-may-rose-hyaluronic-hydra-wash-off-pack-duo-125g-2ea/1718169779/
2025-05-30 12:24:26,610 - INFO - Fetched: https://www.stylekorean.com:443/shop/mary-may-rose-hyaluronic-hydra-wash-off-pack-duo-125g-2ea/1718169779/
2025-05-30 12:24:27,617 - INFO - [FETCH] https://www.stylekorean.com:443/shop/aromatica-glow-vita-trial-kit/1717575479/
2025-05-30 12:24:30,096 - INFO - Fetched: https://www.stylekorean.com:443/shop/aromatica-glow-vita-trial-kit/1717575479/
2025-05-30 12:24:31,100 - INFO - [FETCH] https://www.stylekorean.com:443/shop/pyunkang-yul-essence-toner-100ml-pouch-set/1706086348/
2025-05-30 12:24:33,396 - INFO - Fetched: https://www.stylekorean.com:443/shop/pyunkang-yul-essence-toner-100ml-pouch-set/1706086348/
2025-05-30 12:24:34,405 - INFO - [FETCH] https://www.stylekorean.com:443/shop/mixsoon-essence-layering-set-no.1-soondy-centella-asiatica-galactomyces-bifida/1703055202/
2025-05-30 12:24:36,259 - INFO - Fetched: https://www.stylekorean.com:443/shop/mixsoon-essence-layering-set-no.1-soondy-centella-asiatica-galactomyces-bifida/1703055202/
2025-05-30 12:24:37,269 - INFO - [FETCH] https://www.stylekorean.com:443/shop/goodal-green-tangerine-vita-c-dark-spot-care-serum-40ml-20ml-set/1702280833/
2025-05-30 12:24:39,986 - INFO - Fetched: https://www.stylekorean.com:443/shop/goodal-green-tangerine-vita-c-dark-spot-care-serum-40ml-20ml-set/1702280833/
2025-05-30 12:24:40,991 - INFO - [FETCH] https://www.stylekorean.com:443/shop/skin1004-sun-serum-ampoule-set/1701827174/
2025-05-30 12:24:42,999 - INFO - Fetched: https://www.stylekorean.com:443/shop/skin1004-sun-serum-ampoule-set/1701827174/
2025-05-30 12:24:44,005 - INFO - [FETCH] https://www.stylekorean.com:443/shop/mary-may-soothing-trouble-care-travel-kit-toner-serum-cream-suncream-gel-cleanse/1698206199/
2025-05-30 12:24:46,554 - INFO - Fetched: https://www.stylekorean.com:443/shop/mary-may-soothing-trouble-care-travel-kit-toner-serum-cream-suncream-gel-cleanse/1698206199/
2025-05-30 12:24:47,559 - INFO - [FETCH] https://www.stylekorean.com:443/shop/torriden-balanceful-skin-care-trial-kit/1698112380/
2025-05-30 12:24:49,246 - INFO - Fetched: https://www.stylekorean.com:443/shop/torriden-balanceful-skin-care-trial-kit/1698112380/
2025-05-30 12:24:50,252 - INFO - [FETCH] https://www.stylekorean.com:443/shop/tocobo-timedeal-glow-moist-trio-set/1697074541/
2025-05-30 12:24:53,590 - INFO - Fetched: https://www.stylekorean.com:443/shop/tocobo-timedeal-glow-moist-trio-set/1697074541/
2025-05-30 12:24:54,593 - INFO - [FETCH] https://www.stylekorean.com:443/shop/nacific-uyu-cream-speicial-set/1681719999/
2025-05-30 12:24:56,355 - INFO - Fetched: https://www.stylekorean.com:443/shop/nacific-uyu-cream-speicial-set/1681719999/
2025-05-30 12:24:57,363 - INFO - [FETCH] https://www.stylekorean.com:443/shop/cosrx-best-snail-set/1673851567/
2025-05-30 12:24:59,523 - INFO - Fetched: https://www.stylekorean.com:443/shop/cosrx-best-snail-set/1673851567/
2025-05-30 12:25:00,531 - INFO - [FETCH] https://www.stylekorean.com:443/shop/dr.ceuracle-vegan-kombucha-special-set/1666841344/
2025-05-30 12:25:02,217 - INFO - Fetched: https://www.stylekorean.com:443/shop/dr.ceuracle-vegan-kombucha-special-set/1666841344/
2025-05-30 12:25:03,225 - INFO - [FETCH] https://www.stylekorean.com:443/shop/dr.ceuracle-vegan-kombucha-beginning-set-vegan-essence-50ml-vegan-gel-cream-30g/1672972804/
2025-05-30 12:25:05,599 - INFO - Fetched: https://www.stylekorean.com:443/shop/dr.ceuracle-vegan-kombucha-beginning-set-vegan-essence-50ml-vegan-gel-cream-30g/1672972804/
2025-05-30 12:25:06,606 - INFO - [FETCH] https://www.stylekorean.com:443/shop/round-lab-renewal-1025-dokdo-toner-200ml-lotion-200ml/1727661798/
2025-05-30 12:25:08,404 - INFO - Fetched: https://www.stylekorean.com:443/shop/round-lab-renewal-1025-dokdo-toner-200ml-lotion-200ml/1727661798/
2025-05-30 12:25:09,408 - INFO - [FETCH] https://www.stylekorean.com:443/shop/beauty-of-joseon-hanbang-serum-discovery-kit/1655877408/
2025-05-30 12:25:11,212 - INFO - Fetched: https://www.stylekorean.com:443/shop/beauty-of-joseon-hanbang-serum-discovery-kit/1655877408/
2025-05-30 12:25:12,218 - INFO - [FETCH] https://www.stylekorean.com:443/shop/pyunkang-yul-pyunkang-miniature-3-type-set/1647402915/
2025-05-30 12:25:15,116 - INFO - Fetched: https://www.stylekorean.com:443/shop/pyunkang-yul-pyunkang-miniature-3-type-set/1647402915/
2025-05-30 12:25:16,123 - INFO - [FETCH] https://www.stylekorean.com:443/shop/i-dew-care-kitten-my-balance-on/1642379444/
2025-05-30 12:25:18,031 - INFO - Fetched: https://www.stylekorean.com:443/shop/i-dew-care-kitten-my-balance-on/1642379444/
2025-05-30 12:25:19,038 - INFO - [FETCH] https://www.stylekorean.com:443/shop/pyunkang-yul-black-tea-line-gift-set/1639727316/
2025-05-30 12:25:20,730 - INFO - Fetched: https://www.stylekorean.com:443/shop/pyunkang-yul-black-tea-line-gift-set/1639727316/
2025-05-30 12:25:21,734 - INFO - [FETCH] https://www.stylekorean.com:443/shop/celimax-renewal-the-real-noni-starter-kit-3ea/1713926460/
2025-05-30 12:25:24,213 - INFO - Fetched: https://www.stylekorean.com:443/shop/celimax-renewal-the-real-noni-starter-kit-3ea/1713926460/
2025-05-30 12:25:25,219 - INFO - [FETCH] https://www.stylekorean.com:443/shop/pyunkang-yul-calming-set/1637895113/
2025-05-30 12:25:28,066 - INFO - Fetched: https://www.stylekorean.com:443/shop/pyunkang-yul-calming-set/1637895113/
2025-05-30 12:25:29,072 - INFO - [FETCH] https://www.stylekorean.com:443/shop/skin1004-madagascar-centella-travel-kit/1637299262/
2025-05-30 12:25:32,590 - INFO - Fetched: https://www.stylekorean.com:443/shop/skin1004-madagascar-centella-travel-kit/1637299262/
2025-05-30 12:25:33,599 - INFO - [FETCH] https://www.stylekorean.com:443/shop/missha-super-aqua-ultra-hyalron-2pcs-set/1634871352/
2025-05-30 12:25:35,109 - INFO - Fetched: https://www.stylekorean.com:443/shop/missha-super-aqua-ultra-hyalron-2pcs-set/1634871352/
2025-05-30 12:25:36,119 - INFO - [FETCH] https://www.stylekorean.com:443/shop/missha-time-revolution-best-seller-set-5x/1631858214/
2025-05-30 12:25:39,140 - INFO - Fetched: https://www.stylekorean.com:443/shop/missha-time-revolution-best-seller-set-5x/1631858214/
2025-05-30 12:25:40,148 - INFO - [FETCH] https://www.stylekorean.com:443/shop/axis-y-the-mini-glow-set/1623301347/
2025-05-30 12:25:43,046 - INFO - Fetched: https://www.stylekorean.com:443/shop/axis-y-the-mini-glow-set/1623301347/
2025-05-30 12:25:44,051 - INFO - [FETCH] https://www.stylekorean.com:443/shop/some-by-mi-renewal-super-matcha-pore-care-starter-kit/1615194655/
2025-05-30 12:25:46,646 - INFO - Fetched: https://www.stylekorean.com:443/shop/some-by-mi-renewal-super-matcha-pore-care-starter-kit/1615194655/
2025-05-30 12:25:47,651 - INFO - [FETCH] https://www.stylekorean.com:443/shop/pyunkang-yul-miniature-4-type-set/1607499056/
2025-05-30 12:25:49,213 - INFO - Fetched: https://www.stylekorean.com:443/shop/pyunkang-yul-miniature-4-type-set/1607499056/
2025-05-30 12:25:50,221 - INFO - [FETCH] https://www.stylekorean.com:443/shop/some-by-mi-renewal-snail-truecica-miracle-repair-starter-kit/1579485133/
2025-05-30 12:25:53,089 - INFO - Fetched: https://www.stylekorean.com:443/shop/some-by-mi-renewal-snail-truecica-miracle-repair-starter-kit/1579485133/
2025-05-30 12:25:54,095 - INFO - [FETCH] https://www.stylekorean.com:443/shop/some-by-mi-renewal-aha.bha.pha-30-days-miracle-ac-sos-kit/1575600407/
2025-05-30 12:25:57,680 - INFO - Fetched: https://www.stylekorean.com:443/shop/some-by-mi-renewal-aha.bha.pha-30-days-miracle-ac-sos-kit/1575600407/
2025-05-30 12:25:58,685 - INFO - [FETCH] https://www.stylekorean.com:443/shop/some-by-mi-renewal-aha.bha.pha-30-days-miracle-starter-kit/1543534980/
2025-05-30 12:26:03,097 - INFO - Fetched: https://www.stylekorean.com:443/shop/some-by-mi-renewal-aha.bha.pha-30-days-miracle-starter-kit/1543534980/
2025-05-30 12:26:04,104 - INFO - [FETCH] https://www.stylekorean.com:443/shop/pyunkang-yul-limited-edition-moisture-skincare-set/1500440119/
2025-05-30 12:26:06,108 - INFO - Fetched: https://www.stylekorean.com:443/shop/pyunkang-yul-limited-edition-moisture-skincare-set/1500440119/
2025-05-30 12:26:07,116 - INFO - [FETCH] https://www.stylekorean.com:443/shop/pyunkang-yul-essence-toner-200ml-pouch-set/1501576951/
2025-05-30 12:26:08,879 - INFO - Fetched: https://www.stylekorean.com:443/shop/pyunkang-yul-essence-toner-200ml-pouch-set/1501576951/
2025-05-30 12:26:09,889 - INFO - [DONE] Saved final data: stylekorean/data/product_details/skincare_sub_categories/Special_Gift_Sets__56_.json
