2025-05-30 14:26:47,595 - INFO - Processing: stylekorean/data/product_urls/skincare_sub_categories/Sun_Sticks___Cushions__37_.json
2025-05-30 14:26:47,597 - INFO - [FETCH] https://www.stylekorean.com:443/shop/be-the-skin-aloerice-vegan-sun-stick-19g/1747720166/
2025-05-30 14:26:49,347 - INFO - Fetched: https://www.stylekorean.com:443/shop/be-the-skin-aloerice-vegan-sun-stick-19g/1747720166/
2025-05-30 14:26:50,349 - INFO - [FETCH] https://www.stylekorean.com:443/shop/d-alba-air-fit-fresh-sun-stick-19g/1747710976/
2025-05-30 14:26:52,762 - INFO - Fetched: https://www.stylekorean.com:443/shop/d-alba-air-fit-fresh-sun-stick-19g/1747710976/
2025-05-30 14:26:53,764 - INFO - [FETCH] https://www.stylekorean.com:443/shop/tocobo-blur-finish-sun-cushion-2-colors/1747623283/
2025-05-30 14:26:56,334 - INFO - Fetched: https://www.stylekorean.com:443/shop/tocobo-blur-finish-sun-cushion-2-colors/1747623283/
2025-05-30 14:26:57,341 - INFO - [FETCH] https://www.stylekorean.com:443/shop/jumiso-timedeal-waterfull-hyaluronic-cooling-sunstick/1744873795/
2025-05-30 14:26:59,586 - INFO - Fetched: https://www.stylekorean.com:443/shop/jumiso-timedeal-waterfull-hyaluronic-cooling-sunstick/1744873795/
2025-05-30 14:27:00,587 - INFO - [FETCH] https://www.stylekorean.com:443/shop/celimax-oil-control-mattifying-sun-stick-19g/1744167412/
2025-05-30 14:27:02,367 - INFO - Fetched: https://www.stylekorean.com:443/shop/celimax-oil-control-mattifying-sun-stick-19g/1744167412/
2025-05-30 14:27:03,371 - INFO - [FETCH] https://www.stylekorean.com:443/shop/skin1004-mini-madagascar-centella-hyalu-cica-silky-fit-sun-stick-7g/1742198526/
2025-05-30 14:27:05,203 - INFO - Fetched: https://www.stylekorean.com:443/shop/skin1004-mini-madagascar-centella-hyalu-cica-silky-fit-sun-stick-7g/1742198526/
2025-05-30 14:27:06,208 - INFO - [FETCH] https://www.stylekorean.com:443/shop/purito-seoul-Ôÿà1-1Ôÿà-daily-soft-touch-sunstick-20g/1739525316/
2025-05-30 14:27:09,930 - INFO - Fetched: https://www.stylekorean.com:443/shop/purito-seoul-Ôÿà1-1Ôÿà-daily-soft-touch-sunstick-20g/1739525316/
2025-05-30 14:27:10,936 - INFO - [FETCH] https://www.stylekorean.com:443/shop/tocobo-vita-waterproof-sun-stick/1739416181/
2025-05-30 14:27:15,536 - INFO - Fetched: https://www.stylekorean.com:443/shop/tocobo-vita-waterproof-sun-stick/1739416181/
2025-05-30 14:27:16,541 - INFO - [FETCH] https://www.stylekorean.com:443/shop/shaishaishai-surf-day-waterproof-sun-stick-18g/1737427204/
2025-05-30 14:27:18,630 - INFO - Fetched: https://www.stylekorean.com:443/shop/shaishaishai-surf-day-waterproof-sun-stick-18g/1737427204/
2025-05-30 14:27:19,635 - INFO - [FETCH] https://www.stylekorean.com:443/shop/abib-quick-sunstick-protection-bar-spf50-pa-otc-ver./1733730674/
2025-05-30 14:27:22,222 - INFO - Fetched: https://www.stylekorean.com:443/shop/abib-quick-sunstick-protection-bar-spf50-pa-otc-ver./1733730674/
2025-05-30 14:27:23,225 - INFO - [FETCH] https://www.stylekorean.com:443/shop/beauty-of-joseon-matte-sun-stick-mugwort-camelia-2ea/1732511232/
2025-05-30 14:27:25,509 - INFO - Fetched: https://www.stylekorean.com:443/shop/beauty-of-joseon-matte-sun-stick-mugwort-camelia-2ea/1732511232/
2025-05-30 14:27:26,510 - INFO - [FETCH] https://www.stylekorean.com:443/shop/mixsoon-cica-hyal-sunstick-15g/1717738599/
2025-05-30 14:27:28,314 - INFO - Fetched: https://www.stylekorean.com:443/shop/mixsoon-cica-hyal-sunstick-15g/1717738599/
2025-05-30 14:27:29,320 - INFO - [FETCH] https://www.stylekorean.com:443/shop/lagom-airy-velvet-sun-stick-spf50-pa-18g/1717469267/
2025-05-30 14:27:31,308 - INFO - Fetched: https://www.stylekorean.com:443/shop/lagom-airy-velvet-sun-stick-spf50-pa-18g/1717469267/
2025-05-30 14:27:32,314 - INFO - [FETCH] https://www.stylekorean.com:443/shop/tocobo-cica-cooling-sun-stick/1713840970/
2025-05-30 14:27:36,349 - INFO - Fetched: https://www.stylekorean.com:443/shop/tocobo-cica-cooling-sun-stick/1713840970/
2025-05-30 14:27:37,351 - INFO - [FETCH] https://www.stylekorean.com:443/shop/isntree-onion-fresh-light-sun-stick/1709005120/
2025-05-30 14:27:38,986 - INFO - Fetched: https://www.stylekorean.com:443/shop/isntree-onion-fresh-light-sun-stick/1709005120/
2025-05-30 14:27:39,988 - INFO - [FETCH] https://www.stylekorean.com:443/shop/pyunkang-yul-kids-baby-moisture-sun-cushion-15g/1706085891/
2025-05-30 14:27:41,754 - INFO - Fetched: https://www.stylekorean.com:443/shop/pyunkang-yul-kids-baby-moisture-sun-cushion-15g/1706085891/
2025-05-30 14:27:42,758 - INFO - [FETCH] https://www.stylekorean.com:443/shop/pyunkang-yul-kids-baby-sun-stick-15g/1705390876/
2025-05-30 14:27:44,970 - INFO - Fetched: https://www.stylekorean.com:443/shop/pyunkang-yul-kids-baby-sun-stick-15g/1705390876/
2025-05-30 14:27:45,972 - INFO - [FETCH] https://www.stylekorean.com:443/shop/pyunkang-yul-Ôÿà1-1Ôÿà-airy-protection-sun-stick-17g/1701311055/
2025-05-30 14:27:47,789 - INFO - Fetched: https://www.stylekorean.com:443/shop/pyunkang-yul-Ôÿà1-1Ôÿà-airy-protection-sun-stick-17g/1701311055/
2025-05-30 14:27:48,793 - INFO - [FETCH] https://www.stylekorean.com:443/shop/tocobo-moist-uv-protection-duo/1747723128/
2025-05-30 14:27:55,082 - INFO - Fetched: https://www.stylekorean.com:443/shop/tocobo-moist-uv-protection-duo/1747723128/
2025-05-30 14:27:56,087 - INFO - [FETCH] https://www.stylekorean.com:443/shop/cnp-laboratory-derma-shield-sun-stick-spf50-pa/1692942019/
2025-05-30 14:28:06,265 - ERROR - [ERROR] Fetching https://www.stylekorean.com:443/shop/cnp-laboratory-derma-shield-sun-stick-spf50-pa/1692942019/: HTTPSConnectionPool(host='www.stylekorean.com', port=443): Read timed out. (read timeout=10)
2025-05-30 14:28:07,273 - INFO - [FETCH] https://www.stylekorean.com:443/shop/hyggee-clean-vegan-sunstick/1692835878/
2025-05-30 14:28:17,533 - INFO - Fetched: https://www.stylekorean.com:443/shop/hyggee-clean-vegan-sunstick/1692835878/
2025-05-30 14:28:18,540 - INFO - [FETCH] https://www.stylekorean.com:443/shop/b-lab-renewal-matcha-airyfit-sun-stick-15g/1724307208/
2025-05-30 14:28:20,938 - INFO - Fetched: https://www.stylekorean.com:443/shop/b-lab-renewal-matcha-airyfit-sun-stick-15g/1724307208/
2025-05-30 14:28:21,945 - INFO - [FETCH] https://www.stylekorean.com:443/shop/beauty-of-joseon-timedeal-stylekorean-exclusive-sun-master-trio/1713168778/
2025-05-30 14:28:27,170 - INFO - Fetched: https://www.stylekorean.com:443/shop/beauty-of-joseon-timedeal-stylekorean-exclusive-sun-master-trio/1713168778/
2025-05-30 14:28:28,176 - INFO - [FETCH] https://www.stylekorean.com:443/shop/goodal-houttuynia-cordata-calming-cooling-sun-stick-spf-50-pa/1689121919/
2025-05-30 14:28:30,133 - INFO - Fetched: https://www.stylekorean.com:443/shop/goodal-houttuynia-cordata-calming-cooling-sun-stick-spf-50-pa/1689121919/
2025-05-30 14:28:31,135 - INFO - [FETCH] https://www.stylekorean.com:443/shop/make-prem-uv-defense-me-watery-balm-sun-stick-18g/1685675628/
2025-05-30 14:28:32,958 - INFO - Fetched: https://www.stylekorean.com:443/shop/make-prem-uv-defense-me-watery-balm-sun-stick-18g/1685675628/
2025-05-30 14:28:33,962 - INFO - [FETCH] https://www.stylekorean.com:443/shop/abib-airy-sunstick-smoothing-bar/1684726220/
2025-05-30 14:28:38,198 - INFO - Fetched: https://www.stylekorean.com:443/shop/abib-airy-sunstick-smoothing-bar/1684726220/
2025-05-30 14:28:39,201 - INFO - [FETCH] https://www.stylekorean.com:443/shop/dewytree-urban-shade-cool-caming-sun-stick-spf50-pa-50ml/1684458136/
2025-05-30 14:28:41,517 - INFO - Fetched: https://www.stylekorean.com:443/shop/dewytree-urban-shade-cool-caming-sun-stick-spf50-pa-50ml/1684458136/
2025-05-30 14:28:42,521 - INFO - [FETCH] https://www.stylekorean.com:443/shop/rom-nd-back-me-tone-up-sun-cushion/1679904605/
2025-05-30 14:28:44,633 - INFO - Fetched: https://www.stylekorean.com:443/shop/rom-nd-back-me-tone-up-sun-cushion/1679904605/
2025-05-30 14:28:45,635 - INFO - [FETCH] https://www.stylekorean.com:443/shop/mary-may-vegan-niacinamide-panthenol-sun-cushion-spf50-pa/1678778822/
2025-05-30 14:28:48,601 - INFO - Fetched: https://www.stylekorean.com:443/shop/mary-may-vegan-niacinamide-panthenol-sun-cushion-spf50-pa/1678778822/
2025-05-30 14:28:49,606 - INFO - [FETCH] https://www.stylekorean.com:443/shop/mary-may-Ôÿà1-1Ôÿà-vegan-peptide-bakuchiol-sun-stick-spf50-pa/1677831000/
2025-05-30 14:28:53,058 - INFO - Fetched: https://www.stylekorean.com:443/shop/mary-may-Ôÿà1-1Ôÿà-vegan-peptide-bakuchiol-sun-stick-spf50-pa/1677831000/
2025-05-30 14:28:54,063 - INFO - [FETCH] https://www.stylekorean.com:443/shop/beauty-of-joseon-matte-sun-stick-mugwort-camelia/1673853404/
2025-05-30 14:28:56,431 - INFO - Fetched: https://www.stylekorean.com:443/shop/beauty-of-joseon-matte-sun-stick-mugwort-camelia/1673853404/
2025-05-30 14:28:57,438 - INFO - [FETCH] https://www.stylekorean.com:443/shop/dr.g-green-mild-up-sun-stick-20g/1663661535/
2025-05-30 14:28:59,482 - INFO - Fetched: https://www.stylekorean.com:443/shop/dr.g-green-mild-up-sun-stick-20g/1663661535/
2025-05-30 14:29:00,490 - INFO - [FETCH] https://www.stylekorean.com:443/shop/round-lab-renewal-birch-juice-moisturizing-sun-stick/1721636207/
2025-05-30 14:29:04,417 - INFO - Fetched: https://www.stylekorean.com:443/shop/round-lab-renewal-birch-juice-moisturizing-sun-stick/1721636207/
2025-05-30 14:29:05,422 - INFO - [FETCH] https://www.stylekorean.com:443/shop/tocobo-cotton-soft-sun-stick-spf50-pa/1647583506/
2025-05-30 14:29:10,831 - INFO - Fetched: https://www.stylekorean.com:443/shop/tocobo-cotton-soft-sun-stick-spf50-pa/1647583506/
2025-05-30 14:29:11,834 - INFO - [FETCH] https://www.stylekorean.com:443/shop/abib-quick-sunstick-protection-bar-spf50-pa/1637044073/
2025-05-30 14:29:14,148 - INFO - Fetched: https://www.stylekorean.com:443/shop/abib-quick-sunstick-protection-bar-spf50-pa/1637044073/
2025-05-30 14:29:15,150 - INFO - [FETCH] https://www.stylekorean.com:443/shop/benton-mineral-sun-stick-spf50-pa-15g/1597392687/
2025-05-30 14:29:17,410 - INFO - Fetched: https://www.stylekorean.com:443/shop/benton-mineral-sun-stick-spf50-pa-15g/1597392687/
2025-05-30 14:29:18,416 - INFO - [FETCH] https://www.stylekorean.com:443/shop/vt-cosmetics-essence-sun-pact-11g/1519285141/
2025-05-30 14:29:20,583 - INFO - Fetched: https://www.stylekorean.com:443/shop/vt-cosmetics-essence-sun-pact-11g/1519285141/
2025-05-30 14:29:21,586 - INFO - [DONE] Saved final data: stylekorean/data/product_details/skincare_sub_categories/Sun_Sticks___Cushions__37_.json
