2025-05-30 14:11:35,575 - INFO - Processing: stylekorean/data/product_urls/skincare_sub_categories/Sun_Creams___Fluids__196_.json
2025-05-30 14:11:35,578 - INFO - [FETCH] https://www.stylekorean.com:443/shop/dr.ceuracle-hydra-barrier-sunscreen-50ml-otc-ver./1747976255/
2025-05-30 14:11:38,078 - INFO - Fetched: https://www.stylekorean.com:443/shop/dr.ceuracle-hydra-barrier-sunscreen-50ml-otc-ver./1747976255/
2025-05-30 14:11:39,079 - INFO - [FETCH] https://www.stylekorean.com:443/shop/d-alba-best-vegan-sunscreen-duo/1747809516/
2025-05-30 14:11:39,725 - INFO - Fetched: https://www.stylekorean.com:443/shop/d-alba-best-vegan-sunscreen-duo/1747809516/
2025-05-30 14:11:40,727 - INFO - [FETCH] https://www.stylekorean.com:443/shop/house-of-hur-sun-glow-duo/1747808944/
2025-05-30 14:11:42,028 - INFO - Fetched: https://www.stylekorean.com:443/shop/house-of-hur-sun-glow-duo/1747808944/
2025-05-30 14:11:43,035 - INFO - [FETCH] https://www.stylekorean.com:443/shop/ilso-bilberry-cool-calming-moisture-sunscreen-50ml/1747708892/
2025-05-30 14:11:45,759 - INFO - Fetched: https://www.stylekorean.com:443/shop/ilso-bilberry-cool-calming-moisture-sunscreen-50ml/1747708892/
2025-05-30 14:11:46,763 - INFO - [FETCH] https://www.stylekorean.com:443/shop/id-placosmetics-Ôÿà1-1Ôÿà-solar-defense-daily-clear-365-sun-emulsion-50ml/1747111296/
2025-05-30 14:11:49,620 - INFO - Fetched: https://www.stylekorean.com:443/shop/id-placosmetics-Ôÿà1-1Ôÿà-solar-defense-daily-clear-365-sun-emulsion-50ml/1747111296/
2025-05-30 14:11:50,622 - INFO - [FETCH] https://www.stylekorean.com:443/shop/slowpure-glow-up-fluid-sun-serum-50ml/1747093835/
2025-05-30 14:11:57,372 - INFO - Fetched: https://www.stylekorean.com:443/shop/slowpure-glow-up-fluid-sun-serum-50ml/1747093835/
2025-05-30 14:11:58,378 - INFO - [FETCH] https://www.stylekorean.com:443/shop/purito-seoul-sun-day-adventure-sunscreen-50ml-otc/1746072436/
2025-05-30 14:12:00,700 - INFO - Fetched: https://www.stylekorean.com:443/shop/purito-seoul-sun-day-adventure-sunscreen-50ml-otc/1746072436/
2025-05-30 14:12:01,701 - INFO - [FETCH] https://www.stylekorean.com:443/shop/round-lab-camellia-deep-collagen-firming-sun-serum-50ml/1746003795/
2025-05-30 14:12:04,046 - INFO - Fetched: https://www.stylekorean.com:443/shop/round-lab-camellia-deep-collagen-firming-sun-serum-50ml/1746003795/
2025-05-30 14:12:05,053 - INFO - [FETCH] https://www.stylekorean.com:443/shop/heimish-Ôÿà1-1Ôÿà-rx-hyaluronic-hydrating-sunscreen/1744619826/
2025-05-30 14:12:06,641 - INFO - Fetched: https://www.stylekorean.com:443/shop/heimish-Ôÿà1-1Ôÿà-rx-hyaluronic-hydrating-sunscreen/1744619826/
2025-05-30 14:12:07,647 - INFO - [FETCH] https://www.stylekorean.com:443/shop/mixsoon-bean-sun-serum-50ml/1744595868/
2025-05-30 14:12:09,290 - INFO - Fetched: https://www.stylekorean.com:443/shop/mixsoon-bean-sun-serum-50ml/1744595868/
2025-05-30 14:12:10,296 - INFO - [FETCH] https://www.stylekorean.com:443/shop/house-of-hur-tropical-dew-sun-cream-50ml/1744090446/
2025-05-30 14:12:14,166 - INFO - Fetched: https://www.stylekorean.com:443/shop/house-of-hur-tropical-dew-sun-cream-50ml/1744090446/
2025-05-30 14:12:15,172 - INFO - [FETCH] https://www.stylekorean.com:443/shop/dr.althea-aqua-glowing-sunscreen-45ml/1744004483/
2025-05-30 14:12:16,974 - INFO - Fetched: https://www.stylekorean.com:443/shop/dr.althea-aqua-glowing-sunscreen-45ml/1744004483/
2025-05-30 14:12:17,980 - INFO - [FETCH] https://www.stylekorean.com:443/shop/dr.althea-green-tea-fresh-sunscreen-45ml/1744005033/
2025-05-30 14:12:19,606 - INFO - Fetched: https://www.stylekorean.com:443/shop/dr.althea-green-tea-fresh-sunscreen-45ml/1744005033/
2025-05-30 14:12:20,612 - INFO - [FETCH] https://www.stylekorean.com:443/shop/delphyr-Ôÿà1-1Ôÿà-aqua-teca-calming-sun-serum-30ml/1743655529/
2025-05-30 14:12:22,592 - INFO - Fetched: https://www.stylekorean.com:443/shop/delphyr-Ôÿà1-1Ôÿà-aqua-teca-calming-sun-serum-30ml/1743655529/
2025-05-30 14:12:23,598 - INFO - [FETCH] https://www.stylekorean.com:443/shop/slowpure-Ôÿà1-1Ôÿà-aqua-fluid-sun-serum-50ml/1743466998/
2025-05-30 14:12:25,934 - INFO - Fetched: https://www.stylekorean.com:443/shop/slowpure-Ôÿà1-1Ôÿà-aqua-fluid-sun-serum-50ml/1743466998/
2025-05-30 14:12:26,937 - INFO - [FETCH] https://www.stylekorean.com:443/shop/abib-hyaluron-sunscreen-watery-tube-50ml/1743387138/
2025-05-30 14:12:29,160 - INFO - Fetched: https://www.stylekorean.com:443/shop/abib-hyaluron-sunscreen-watery-tube-50ml/1743387138/
2025-05-30 14:12:30,161 - INFO - [FETCH] https://www.stylekorean.com:443/shop/abib-glutathiosome-cc-sunscreen-toning-tube-50ml/1743386643/
2025-05-30 14:12:32,000 - INFO - Fetched: https://www.stylekorean.com:443/shop/abib-glutathiosome-cc-sunscreen-toning-tube-50ml/1743386643/
2025-05-30 14:12:33,006 - INFO - [FETCH] https://www.stylekorean.com:443/shop/abib-heartleaf-mild-sunscreen-relief-tube-50ml/1743386964/
2025-05-30 14:12:35,443 - INFO - Fetched: https://www.stylekorean.com:443/shop/abib-heartleaf-mild-sunscreen-relief-tube-50ml/1743386964/
2025-05-30 14:12:36,446 - INFO - [FETCH] https://www.stylekorean.com:443/shop/isntree-hyaluronic-acid-daily-sun-gel-50ml-otc-ver./1742272136/
2025-05-30 14:12:38,651 - INFO - Fetched: https://www.stylekorean.com:443/shop/isntree-hyaluronic-acid-daily-sun-gel-50ml-otc-ver./1742272136/
2025-05-30 14:12:39,657 - INFO - [FETCH] https://www.stylekorean.com:443/shop/isntree-hyaluronic-fresh-sun-serum-50ml/1741583920/
2025-05-30 14:12:43,985 - INFO - Fetched: https://www.stylekorean.com:443/shop/isntree-hyaluronic-fresh-sun-serum-50ml/1741583920/
2025-05-30 14:12:44,987 - INFO - [FETCH] https://www.stylekorean.com:443/shop/another-face-aqua-barrier-suncream-50ml/1739856482/
2025-05-30 14:12:46,545 - INFO - Fetched: https://www.stylekorean.com:443/shop/another-face-aqua-barrier-suncream-50ml/1739856482/
2025-05-30 14:12:47,551 - INFO - [FETCH] https://www.stylekorean.com:443/shop/tocobo-vita-airy-sun-primer/1739414811/
2025-05-30 14:12:50,871 - INFO - Fetched: https://www.stylekorean.com:443/shop/tocobo-vita-airy-sun-primer/1739414811/
2025-05-30 14:12:51,874 - INFO - [FETCH] https://www.stylekorean.com:443/shop/medicube-collagen-firming-sun-cream-50-spf-pa-50ml/1739348988/
2025-05-30 14:12:54,990 - INFO - Fetched: https://www.stylekorean.com:443/shop/medicube-collagen-firming-sun-cream-50-spf-pa-50ml/1739348988/
2025-05-30 14:12:55,994 - INFO - [FETCH] https://www.stylekorean.com:443/shop/shaishaishai-enjoy-the-sun-uv-protection-cream-50-50ml/1737426429/
2025-05-30 14:12:57,744 - INFO - Fetched: https://www.stylekorean.com:443/shop/shaishaishai-enjoy-the-sun-uv-protection-cream-50-50ml/1737426429/
2025-05-30 14:12:58,751 - INFO - [FETCH] https://www.stylekorean.com:443/shop/huecalm-birch-aqua-ampoule-sun-cream-60ml/1737018357/
2025-05-30 14:13:00,486 - INFO - Fetched: https://www.stylekorean.com:443/shop/huecalm-birch-aqua-ampoule-sun-cream-60ml/1737018357/
2025-05-30 14:13:01,493 - INFO - [FETCH] https://www.stylekorean.com:443/shop/kopher-calming-ocean-suncream-50ml/1736748519/
2025-05-30 14:13:03,026 - INFO - Fetched: https://www.stylekorean.com:443/shop/kopher-calming-ocean-suncream-50ml/1736748519/
2025-05-30 14:13:04,029 - INFO - [FETCH] https://www.stylekorean.com:443/shop/heveblue-black-yuja-bean-water-sun-essence-50ml/1736234368/
2025-05-30 14:13:05,902 - INFO - Fetched: https://www.stylekorean.com:443/shop/heveblue-black-yuja-bean-water-sun-essence-50ml/1736234368/
2025-05-30 14:13:06,905 - INFO - [FETCH] https://www.stylekorean.com:443/shop/d-alba-waterfull-tone-up-sun-cream-50ml/1733365511/
2025-05-30 14:13:09,590 - INFO - Fetched: https://www.stylekorean.com:443/shop/d-alba-waterfull-tone-up-sun-cream-50ml/1733365511/
2025-05-30 14:13:10,597 - INFO - [FETCH] https://www.stylekorean.com:443/shop/d-alba-waterfull-essence-sun-cream-50ml-vegan/1733364632/
2025-05-30 14:13:12,559 - INFO - Fetched: https://www.stylekorean.com:443/shop/d-alba-waterfull-essence-sun-cream-50ml-vegan/1733364632/
2025-05-30 14:13:13,566 - INFO - [FETCH] https://www.stylekorean.com:443/shop/d-alba-waterfull-purple-tone-up-sun-cream-50ml/1733363423/
2025-05-30 14:13:14,969 - INFO - Fetched: https://www.stylekorean.com:443/shop/d-alba-waterfull-purple-tone-up-sun-cream-50ml/1733363423/
2025-05-30 14:13:15,976 - INFO - [FETCH] https://www.stylekorean.com:443/shop/celimax-pore-dark-spot-brightening-care-sunscreen-50ml/1730439070/
2025-05-30 14:13:17,903 - INFO - Fetched: https://www.stylekorean.com:443/shop/celimax-pore-dark-spot-brightening-care-sunscreen-50ml/1730439070/
2025-05-30 14:13:18,907 - INFO - [FETCH] https://www.stylekorean.com:443/shop/iunik-centella-calming-daily-sunscreen-60ml/1730096598/
2025-05-30 14:13:29,168 - INFO - Fetched: https://www.stylekorean.com:443/shop/iunik-centella-calming-daily-sunscreen-60ml/1730096598/
2025-05-30 14:13:30,173 - INFO - [FETCH] https://www.stylekorean.com:443/shop/ckd-green-propolis-all-mild-sun-40ml/1728957471/
2025-05-30 14:13:31,623 - INFO - Fetched: https://www.stylekorean.com:443/shop/ckd-green-propolis-all-mild-sun-40ml/1728957471/
2025-05-30 14:13:32,630 - INFO - [FETCH] https://www.stylekorean.com:443/shop/cnp-laboratory-milky-light-sunscreen-broad-spectrum-spf-50-50ml/1727666713/
2025-05-30 14:13:34,163 - INFO - Fetched: https://www.stylekorean.com:443/shop/cnp-laboratory-milky-light-sunscreen-broad-spectrum-spf-50-50ml/1727666713/
2025-05-30 14:13:35,170 - INFO - [FETCH] https://www.stylekorean.com:443/shop/celimax-dual-barrier-watery-sun-cream-40ml/1727058949/
2025-05-30 14:13:36,930 - INFO - Fetched: https://www.stylekorean.com:443/shop/celimax-dual-barrier-watery-sun-cream-40ml/1727058949/
2025-05-30 14:13:37,933 - INFO - [FETCH] https://www.stylekorean.com:443/shop/age20-s-uv-defense-hydro-calming-sunscreen-50ml/1725868186/
2025-05-30 14:13:39,383 - INFO - Fetched: https://www.stylekorean.com:443/shop/age20-s-uv-defense-hydro-calming-sunscreen-50ml/1725868186/
2025-05-30 14:13:40,385 - INFO - [FETCH] https://www.stylekorean.com:443/shop/12grabs-vegan-comforting-sun-50ml/1725521618/
2025-05-30 14:13:41,754 - INFO - Fetched: https://www.stylekorean.com:443/shop/12grabs-vegan-comforting-sun-50ml/1725521618/
2025-05-30 14:13:42,761 - INFO - [FETCH] https://www.stylekorean.com:443/shop/ckd-green-propolis-all-covery-sun-40ml/1725341552/
2025-05-30 14:13:44,240 - INFO - Fetched: https://www.stylekorean.com:443/shop/ckd-green-propolis-all-covery-sun-40ml/1725341552/
2025-05-30 14:13:45,242 - INFO - [FETCH] https://www.stylekorean.com:443/shop/cos-de-baha-mineral-sunscreen-45ml/1724728961/
2025-05-30 14:13:46,901 - INFO - Fetched: https://www.stylekorean.com:443/shop/cos-de-baha-mineral-sunscreen-45ml/1724728961/
2025-05-30 14:13:47,904 - INFO - [FETCH] https://www.stylekorean.com:443/shop/keyth-colored-keyth-pink-desert-sun-serum-50ml/1724222568/
2025-05-30 14:13:49,291 - INFO - Fetched: https://www.stylekorean.com:443/shop/keyth-colored-keyth-pink-desert-sun-serum-50ml/1724222568/
2025-05-30 14:13:50,293 - INFO - [FETCH] https://www.stylekorean.com:443/shop/beauty-of-joseon-relief-sun-aqua-fresh-rice-b5-50ml/1723786814/
2025-05-30 14:13:55,673 - INFO - Fetched: https://www.stylekorean.com:443/shop/beauty-of-joseon-relief-sun-aqua-fresh-rice-b5-50ml/1723786814/
2025-05-30 14:13:56,680 - INFO - [FETCH] https://www.stylekorean.com:443/shop/purito-seoul-Ôÿà1-1Ôÿà-daily-soft-touch-sunscreen-60ml/1722930291/
2025-05-30 14:13:58,753 - INFO - Fetched: https://www.stylekorean.com:443/shop/purito-seoul-Ôÿà1-1Ôÿà-daily-soft-touch-sunscreen-60ml/1722930291/
2025-05-30 14:13:59,760 - INFO - [FETCH] https://www.stylekorean.com:443/shop/purito-seoul-wonder-releaf-centella-daily-sun-lotion-60ml/1722930015/
2025-05-30 14:14:03,258 - INFO - Fetched: https://www.stylekorean.com:443/shop/purito-seoul-wonder-releaf-centella-daily-sun-lotion-60ml/1722930015/
2025-05-30 14:14:04,266 - INFO - [FETCH] https://www.stylekorean.com:443/shop/tiam-b3-niacin-sunscreen-50ml/1720759323/
2025-05-30 14:14:06,102 - INFO - Fetched: https://www.stylekorean.com:443/shop/tiam-b3-niacin-sunscreen-50ml/1720759323/
2025-05-30 14:14:07,110 - INFO - [FETCH] https://www.stylekorean.com:443/shop/skin1004-madagascar-centella-probio-cica-glow-sun-ampoule-50ml/1719902736/
2025-05-30 14:14:14,147 - INFO - Fetched: https://www.stylekorean.com:443/shop/skin1004-madagascar-centella-probio-cica-glow-sun-ampoule-50ml/1719902736/
2025-05-30 14:14:15,149 - INFO - [FETCH] https://www.stylekorean.com:443/shop/vt-cosmetics-pdrn-moist-tone-up-sun-essence-50ml/1718670002/
2025-05-30 14:14:16,520 - INFO - Fetched: https://www.stylekorean.com:443/shop/vt-cosmetics-pdrn-moist-tone-up-sun-essence-50ml/1718670002/
2025-05-30 14:14:17,528 - INFO - [FETCH] https://www.stylekorean.com:443/shop/skin1004-madagascar-centella-tea-trica-soothing-sun-milk-50ml/1718601741/
2025-05-30 14:14:21,992 - INFO - Fetched: https://www.stylekorean.com:443/shop/skin1004-madagascar-centella-tea-trica-soothing-sun-milk-50ml/1718601741/
2025-05-30 14:14:22,999 - INFO - [FETCH] https://www.stylekorean.com:443/shop/belif-uv-protector-leports-sunscreen-waterproof-80ml/1717737098/
2025-05-30 14:14:24,572 - INFO - Fetched: https://www.stylekorean.com:443/shop/belif-uv-protector-leports-sunscreen-waterproof-80ml/1717737098/
2025-05-30 14:14:25,576 - INFO - [FETCH] https://www.stylekorean.com:443/shop/biodance-skin-barrier-sun-safe-30ml/1716258305/
2025-05-30 14:14:28,047 - INFO - Fetched: https://www.stylekorean.com:443/shop/biodance-skin-barrier-sun-safe-30ml/1716258305/
2025-05-30 14:14:29,050 - INFO - [FETCH] https://www.stylekorean.com:443/shop/tocobo-calming-uv-protection-duo/1731463775/
2025-05-30 14:14:34,072 - INFO - Fetched: https://www.stylekorean.com:443/shop/tocobo-calming-uv-protection-duo/1731463775/
2025-05-30 14:14:35,077 - INFO - [FETCH] https://www.stylekorean.com:443/shop/tocobo-cica-calming-sun-serum/1713841277/
2025-05-30 14:14:39,330 - INFO - Fetched: https://www.stylekorean.com:443/shop/tocobo-cica-calming-sun-serum/1713841277/
2025-05-30 14:14:40,338 - INFO - [FETCH] https://www.stylekorean.com:443/shop/cosrx-Ôÿà1-1Ôÿà-ultra-light-invisible-sunscreen-50ml/1712823890/
2025-05-30 14:14:43,284 - INFO - Fetched: https://www.stylekorean.com:443/shop/cosrx-Ôÿà1-1Ôÿà-ultra-light-invisible-sunscreen-50ml/1712823890/
2025-05-30 14:14:44,289 - INFO - [FETCH] https://www.stylekorean.com:443/shop/real-barrier-moisture-barrier-sun-cream-50ml/1712822181/
2025-05-30 14:14:46,176 - INFO - Fetched: https://www.stylekorean.com:443/shop/real-barrier-moisture-barrier-sun-cream-50ml/1712822181/
2025-05-30 14:14:47,179 - INFO - [FETCH] https://www.stylekorean.com:443/shop/axis-y-Ôÿà1-1Ôÿà-complete-no-stress-physical-sunscreen-spf50-pa-50ml/1681182213/
2025-05-30 14:14:52,905 - INFO - Fetched: https://www.stylekorean.com:443/shop/axis-y-Ôÿà1-1Ôÿà-complete-no-stress-physical-sunscreen-spf50-pa-50ml/1681182213/
2025-05-30 14:14:53,912 - INFO - [FETCH] https://www.stylekorean.com:443/shop/nineless-Ôÿà1-1Ôÿà-mela-pro-tranexamic-acid-sun-screen-100ml/1712130354/
2025-05-30 14:14:56,659 - INFO - Fetched: https://www.stylekorean.com:443/shop/nineless-Ôÿà1-1Ôÿà-mela-pro-tranexamic-acid-sun-screen-100ml/1712130354/
2025-05-30 14:14:57,663 - INFO - [FETCH] https://www.stylekorean.com:443/shop/cnp-laboratory-Ôÿà1-1Ôÿà-after-ray-cooling-sunquid-50ml/1710470435/
2025-05-30 14:14:59,264 - INFO - Fetched: https://www.stylekorean.com:443/shop/cnp-laboratory-Ôÿà1-1Ôÿà-after-ray-cooling-sunquid-50ml/1710470435/
2025-05-30 14:15:00,272 - INFO - [FETCH] https://www.stylekorean.com:443/shop/rovectin-calming-lotus-sun-cream-50ml/1710127450/
2025-05-30 14:15:02,044 - INFO - Fetched: https://www.stylekorean.com:443/shop/rovectin-calming-lotus-sun-cream-50ml/1710127450/
2025-05-30 14:15:03,051 - INFO - [FETCH] https://www.stylekorean.com:443/shop/isntree-onion-fresh-fluid-sun-cream/1709005401/
2025-05-30 14:15:05,181 - INFO - Fetched: https://www.stylekorean.com:443/shop/isntree-onion-fresh-fluid-sun-cream/1709005401/
2025-05-30 14:15:06,190 - INFO - [FETCH] https://www.stylekorean.com:443/shop/haruharu-wonder-black-bamboo-daily-soothing-sun-shield/1707113245/
2025-05-30 14:15:09,323 - INFO - Fetched: https://www.stylekorean.com:443/shop/haruharu-wonder-black-bamboo-daily-soothing-sun-shield/1707113245/
2025-05-30 14:15:10,327 - INFO - [FETCH] https://www.stylekorean.com:443/shop/dr.g-r.e.d-blemish-soothing-up-sun-50ml/1704856636/
2025-05-30 14:15:12,079 - INFO - Fetched: https://www.stylekorean.com:443/shop/dr.g-r.e.d-blemish-soothing-up-sun-50ml/1704856636/
2025-05-30 14:15:13,087 - INFO - [FETCH] https://www.stylekorean.com:443/shop/aberede-white-vita-aqua-shield-sunscreen-50ml/1701830551/
2025-05-30 14:15:14,601 - INFO - Fetched: https://www.stylekorean.com:443/shop/aberede-white-vita-aqua-shield-sunscreen-50ml/1701830551/
2025-05-30 14:15:15,609 - INFO - [FETCH] https://www.stylekorean.com:443/shop/aplb-Ôÿà1-1Ôÿà-renewal-glutathione-niacinamide-sunscreen-40ml/1710230734/
2025-05-30 14:15:18,590 - INFO - Fetched: https://www.stylekorean.com:443/shop/aplb-Ôÿà1-1Ôÿà-renewal-glutathione-niacinamide-sunscreen-40ml/1710230734/
2025-05-30 14:15:19,595 - INFO - [FETCH] https://www.stylekorean.com:443/shop/allione-revital-airy-sun-serum-52ml/1701228526/
2025-05-30 14:15:21,419 - INFO - Fetched: https://www.stylekorean.com:443/shop/allione-revital-airy-sun-serum-52ml/1701228526/
2025-05-30 14:15:22,425 - INFO - [FETCH] https://www.stylekorean.com:443/shop/some-by-mi-Ôÿà1-1Ôÿà-v10-hyal-air-fit-sunscreen/1698374884/
2025-05-30 14:15:25,074 - INFO - Fetched: https://www.stylekorean.com:443/shop/some-by-mi-Ôÿà1-1Ôÿà-v10-hyal-air-fit-sunscreen/1698374884/
2025-05-30 14:15:26,082 - INFO - [FETCH] https://www.stylekorean.com:443/shop/anua-airy-sun-cream-50ml/1697680051/
2025-05-30 14:15:28,237 - INFO - Fetched: https://www.stylekorean.com:443/shop/anua-airy-sun-cream-50ml/1697680051/
2025-05-30 14:15:29,244 - INFO - [FETCH] https://www.stylekorean.com:443/shop/round-lab-birch-juice-sun-set/1721637650/
2025-05-30 14:15:30,885 - INFO - Fetched: https://www.stylekorean.com:443/shop/round-lab-birch-juice-sun-set/1721637650/
2025-05-30 14:15:31,893 - INFO - [FETCH] https://www.stylekorean.com:443/shop/hyaah-Ôÿà1-1Ôÿà-perfect-layering-sun-lotion-40ml/1694741771/
2025-05-30 14:15:34,549 - INFO - Fetched: https://www.stylekorean.com:443/shop/hyaah-Ôÿà1-1Ôÿà-perfect-layering-sun-lotion-40ml/1694741771/
2025-05-30 14:15:35,553 - INFO - [FETCH] https://www.stylekorean.com:443/shop/tocobo-waterful-suncare-sun-cream-set/1694654932/
2025-05-30 14:15:38,218 - INFO - Fetched: https://www.stylekorean.com:443/shop/tocobo-waterful-suncare-sun-cream-set/1694654932/
2025-05-30 14:15:39,226 - INFO - [FETCH] https://www.stylekorean.com:443/shop/axis-y-biome-double-defense-sunscreen-50ml/1694581132/
2025-05-30 14:15:40,823 - INFO - Fetched: https://www.stylekorean.com:443/shop/axis-y-biome-double-defense-sunscreen-50ml/1694581132/
2025-05-30 14:15:41,832 - INFO - [FETCH] https://www.stylekorean.com:443/shop/benton-Ôÿà1-1Ôÿà-cica-gel-sunscreen-serum-spf50-pa-50ml/1692928237/
2025-05-30 14:15:48,323 - INFO - Fetched: https://www.stylekorean.com:443/shop/benton-Ôÿà1-1Ôÿà-cica-gel-sunscreen-serum-spf50-pa-50ml/1692928237/
2025-05-30 14:15:49,331 - INFO - [FETCH] https://www.stylekorean.com:443/shop/belif-uv-protector-tone-up-sunscreen-50ml/1692751515/
2025-05-30 14:15:50,933 - INFO - Fetched: https://www.stylekorean.com:443/shop/belif-uv-protector-tone-up-sunscreen-50ml/1692751515/
2025-05-30 14:15:51,942 - INFO - [FETCH] https://www.stylekorean.com:443/shop/tfit-renewal-tone-up-sun-fluid-50ml/1690437200/
2025-05-30 14:15:54,225 - INFO - Fetched: https://www.stylekorean.com:443/shop/tfit-renewal-tone-up-sun-fluid-50ml/1690437200/
2025-05-30 14:15:55,233 - INFO - [FETCH] https://www.stylekorean.com:443/shop/celimax-heart-pink-tone-up-sun-cream-40ml/1690416634/
2025-05-30 14:15:56,990 - INFO - Fetched: https://www.stylekorean.com:443/shop/celimax-heart-pink-tone-up-sun-cream-40ml/1690416634/
2025-05-30 14:15:57,999 - INFO - [FETCH] https://www.stylekorean.com:443/shop/holika-holika-Ôÿà1-1Ôÿà-aloe-waterproof-sun-cream-spf50-pa/1689924399/
2025-05-30 14:15:59,674 - INFO - Fetched: https://www.stylekorean.com:443/shop/holika-holika-Ôÿà1-1Ôÿà-aloe-waterproof-sun-cream-spf50-pa/1689924399/
2025-05-30 14:16:00,677 - INFO - [FETCH] https://www.stylekorean.com:443/shop/melixir-Ôÿà1-1Ôÿà-vegan-airfit-sunscreen-spf-50-pa/1689917816/
2025-05-30 14:16:02,546 - INFO - Fetched: https://www.stylekorean.com:443/shop/melixir-Ôÿà1-1Ôÿà-vegan-airfit-sunscreen-spf-50-pa/1689917816/
2025-05-30 14:16:03,550 - INFO - [FETCH] https://www.stylekorean.com:443/shop/isntree-yam-root-milk-tone-up-sun-cream-50ml/1689908407/
2025-05-30 14:16:05,725 - INFO - Fetched: https://www.stylekorean.com:443/shop/isntree-yam-root-milk-tone-up-sun-cream-50ml/1689908407/
2025-05-30 14:16:06,733 - INFO - [FETCH] https://www.stylekorean.com:443/shop/sungboon-editor-green-tomato-pore-blurring-sun-cream-50ml/1689819748/
2025-05-30 14:16:08,573 - INFO - Fetched: https://www.stylekorean.com:443/shop/sungboon-editor-green-tomato-pore-blurring-sun-cream-50ml/1689819748/
2025-05-30 14:16:09,582 - INFO - [FETCH] https://www.stylekorean.com:443/shop/house-of-hur-weightless-sun-fluid-50ml/1689550016/
2025-05-30 14:16:11,947 - INFO - Fetched: https://www.stylekorean.com:443/shop/house-of-hur-weightless-sun-fluid-50ml/1689550016/
2025-05-30 14:16:12,953 - INFO - [FETCH] https://www.stylekorean.com:443/shop/heimish-moringa-ceramide-hyaluronic-acid-hydrating-watery-sunscreen-50ml/1689216179/
2025-05-30 14:16:14,714 - INFO - Fetched: https://www.stylekorean.com:443/shop/heimish-moringa-ceramide-hyaluronic-acid-hydrating-watery-sunscreen-50ml/1689216179/
2025-05-30 14:16:15,722 - INFO - [FETCH] https://www.stylekorean.com:443/shop/torriden-balanceful-cica-tone-up-sun-cream-60ml/1689041848/
2025-05-30 14:16:17,295 - INFO - Fetched: https://www.stylekorean.com:443/shop/torriden-balanceful-cica-tone-up-sun-cream-60ml/1689041848/
2025-05-30 14:16:18,300 - INFO - [FETCH] https://www.stylekorean.com:443/shop/round-lab-renewal-birch-moisture-tone-up-sunscreen-50ml/1732584523/
2025-05-30 14:16:20,889 - INFO - Fetched: https://www.stylekorean.com:443/shop/round-lab-renewal-birch-moisture-tone-up-sunscreen-50ml/1732584523/
2025-05-30 14:16:21,893 - INFO - [FETCH] https://www.stylekorean.com:443/shop/round-lab-birch-moisture-tone-up-sunscreen-50ml/1688363690/
2025-05-30 14:16:24,000 - INFO - Fetched: https://www.stylekorean.com:443/shop/round-lab-birch-moisture-tone-up-sunscreen-50ml/1688363690/
2025-05-30 14:16:25,004 - INFO - [FETCH] https://www.stylekorean.com:443/shop/rovectin-renewal-aqua-soothing-sun-cream-spf50-pa/1687240572/
2025-05-30 14:16:27,808 - INFO - Fetched: https://www.stylekorean.com:443/shop/rovectin-renewal-aqua-soothing-sun-cream-spf50-pa/1687240572/
2025-05-30 14:16:28,816 - INFO - [FETCH] https://www.stylekorean.com:443/shop/make-prem-uv-defense-me-watery-capsule-sun-cream-50ml/1685675375/
2025-05-30 14:16:30,691 - INFO - Fetched: https://www.stylekorean.com:443/shop/make-prem-uv-defense-me-watery-capsule-sun-cream-50ml/1685675375/
2025-05-30 14:16:31,699 - INFO - [FETCH] https://www.stylekorean.com:443/shop/make-prem-uv-defense-me-no-sebum-sun-cream-50ml/1685675056/
2025-05-30 14:16:33,459 - INFO - Fetched: https://www.stylekorean.com:443/shop/make-prem-uv-defense-me-no-sebum-sun-cream-50ml/1685675056/
2025-05-30 14:16:34,468 - INFO - [FETCH] https://www.stylekorean.com:443/shop/skin-lab-hybarrier-fresh-sun-lotion-50ml/1684464196/
2025-05-30 14:16:35,926 - INFO - Fetched: https://www.stylekorean.com:443/shop/skin-lab-hybarrier-fresh-sun-lotion-50ml/1684464196/
2025-05-30 14:16:36,934 - INFO - [FETCH] https://www.stylekorean.com:443/shop/dewytree-urban-shade-anti-pollution-sun-spf50-pa-50ml/1684457423/
2025-05-30 14:16:38,253 - INFO - Fetched: https://www.stylekorean.com:443/shop/dewytree-urban-shade-anti-pollution-sun-spf50-pa-50ml/1684457423/
2025-05-30 14:16:39,262 - INFO - [FETCH] https://www.stylekorean.com:443/shop/lagom-brightening-tone-up-sun-40ml/1684309223/
2025-05-30 14:16:40,730 - INFO - Fetched: https://www.stylekorean.com:443/shop/lagom-brightening-tone-up-sun-40ml/1684309223/
2025-05-30 14:16:41,738 - INFO - [FETCH] https://www.stylekorean.com:443/shop/heimish-Ôÿà1-1Ôÿà-artless-glow-tinted-sunscreen-shine-beige-spf50-pa-40ml/1684289089/
2025-05-30 14:16:51,067 - INFO - Fetched: https://www.stylekorean.com:443/shop/heimish-Ôÿà1-1Ôÿà-artless-glow-tinted-sunscreen-shine-beige-spf50-pa-40ml/1684289089/
2025-05-30 14:16:52,075 - INFO - [FETCH] https://www.stylekorean.com:443/shop/real-barrier-aqua-soothing-sun-lotion-spf50-pa-50ml/1684285125/
2025-05-30 14:16:53,861 - INFO - Fetched: https://www.stylekorean.com:443/shop/real-barrier-aqua-soothing-sun-lotion-spf50-pa-50ml/1684285125/
2025-05-30 14:16:54,867 - INFO - [FETCH] https://www.stylekorean.com:443/shop/round-lab-1025-dokdo-sunscreen-50ml/1684135634/
2025-05-30 14:16:56,812 - INFO - Fetched: https://www.stylekorean.com:443/shop/round-lab-1025-dokdo-sunscreen-50ml/1684135634/
2025-05-30 14:16:57,817 - INFO - [FETCH] https://www.stylekorean.com:443/shop/numbuzin-no.1-clear-filter-sun-essence-spf50-pa/1684131631/
2025-05-30 14:17:01,398 - INFO - Fetched: https://www.stylekorean.com:443/shop/numbuzin-no.1-clear-filter-sun-essence-spf50-pa/1684131631/
2025-05-30 14:17:02,405 - INFO - [FETCH] https://www.stylekorean.com:443/shop/torriden-dive-in-watery-moisture-sun-cream-60ml/1684128298/
2025-05-30 14:17:03,900 - INFO - Fetched: https://www.stylekorean.com:443/shop/torriden-dive-in-watery-moisture-sun-cream-60ml/1684128298/
2025-05-30 14:17:04,907 - INFO - [FETCH] https://www.stylekorean.com:443/shop/rovectin-intense-moisture-sun-cream-spf50-pa/1684110897/
2025-05-30 14:17:06,565 - INFO - Fetched: https://www.stylekorean.com:443/shop/rovectin-intense-moisture-sun-cream-spf50-pa/1684110897/
2025-05-30 14:17:07,572 - INFO - [FETCH] https://www.stylekorean.com:443/shop/dr.ceuracle-renewal-5╬▒-control-no-sebum-sun-lotion-50ml/1682669555/
2025-05-30 14:17:09,667 - INFO - Fetched: https://www.stylekorean.com:443/shop/dr.ceuracle-renewal-5╬▒-control-no-sebum-sun-lotion-50ml/1682669555/
2025-05-30 14:17:10,671 - INFO - [FETCH] https://www.stylekorean.com:443/shop/haruharu-wonder-black-rice-moisture-airyfit-daily-sunscreen-duo/1746168987/
2025-05-30 14:17:11,212 - INFO - Fetched: https://www.stylekorean.com:443/shop/haruharu-wonder-black-rice-moisture-airyfit-daily-sunscreen-duo/1746168987/
2025-05-30 14:17:12,220 - INFO - [FETCH] https://www.stylekorean.com:443/shop/haruharu-wonder-black-rice-moisture-airyfit-daily-sunscreen-50ml/1682658931/
2025-05-30 14:17:15,013 - INFO - Fetched: https://www.stylekorean.com:443/shop/haruharu-wonder-black-rice-moisture-airyfit-daily-sunscreen-50ml/1682658931/
2025-05-30 14:17:16,019 - INFO - [FETCH] https://www.stylekorean.com:443/shop/beauty-of-joseon-ginseng-moist-sun-serum-50ml/1682652859/
2025-05-30 14:17:18,262 - INFO - Fetched: https://www.stylekorean.com:443/shop/beauty-of-joseon-ginseng-moist-sun-serum-50ml/1682652859/
2025-05-30 14:17:19,270 - INFO - [FETCH] https://www.stylekorean.com:443/shop/kaine-green-fit-pro-sun-55ml/1682576675/
2025-05-30 14:17:21,396 - INFO - Fetched: https://www.stylekorean.com:443/shop/kaine-green-fit-pro-sun-55ml/1682576675/
2025-05-30 14:17:22,401 - INFO - [FETCH] https://www.stylekorean.com:443/shop/amplen-solar-shot-water-sun-cream-40ml/1682501156/
2025-05-30 14:17:24,154 - INFO - Fetched: https://www.stylekorean.com:443/shop/amplen-solar-shot-water-sun-cream-40ml/1682501156/
2025-05-30 14:17:25,160 - INFO - [FETCH] https://www.stylekorean.com:443/shop/haruharu-wonder-black-rice-pure-mineral-relief-daily-sunscreen-50ml/1682406478/
2025-05-30 14:17:27,509 - INFO - Fetched: https://www.stylekorean.com:443/shop/haruharu-wonder-black-rice-pure-mineral-relief-daily-sunscreen-50ml/1682406478/
2025-05-30 14:17:28,515 - INFO - [FETCH] https://www.stylekorean.com:443/shop/amplen-solar-shot-zinc-mild-suncream-40ml/1682068290/
2025-05-30 14:17:30,211 - INFO - Fetched: https://www.stylekorean.com:443/shop/amplen-solar-shot-zinc-mild-suncream-40ml/1682068290/
2025-05-30 14:17:31,216 - INFO - [FETCH] https://www.stylekorean.com:443/shop/amplen-solar-shot-peach-tone-up-sun-cream-40ml/1681975629/
2025-05-30 14:17:32,905 - INFO - Fetched: https://www.stylekorean.com:443/shop/amplen-solar-shot-peach-tone-up-sun-cream-40ml/1681975629/
2025-05-30 14:17:33,914 - INFO - [FETCH] https://www.stylekorean.com:443/shop/some-by-mi-v10-hyal-hydra-capsule-sunscreen-40ml/1681974822/
2025-05-30 14:17:36,557 - INFO - Fetched: https://www.stylekorean.com:443/shop/some-by-mi-v10-hyal-hydra-capsule-sunscreen-40ml/1681974822/
2025-05-30 14:17:37,566 - INFO - [FETCH] https://www.stylekorean.com:443/shop/some-by-mi-v10-hyal-antioxidant-sunscreen-40ml/1681974518/
2025-05-30 14:17:40,533 - INFO - Fetched: https://www.stylekorean.com:443/shop/some-by-mi-v10-hyal-antioxidant-sunscreen-40ml/1681974518/
2025-05-30 14:17:41,543 - INFO - [FETCH] https://www.stylekorean.com:443/shop/pyunkang-yul-kids-baby-moisture-sun-cream-150ml/1681972764/
2025-05-30 14:17:44,342 - INFO - Fetched: https://www.stylekorean.com:443/shop/pyunkang-yul-kids-baby-moisture-sun-cream-150ml/1681972764/
2025-05-30 14:17:45,350 - INFO - [FETCH] https://www.stylekorean.com:443/shop/skin1004-madagascar-centella-hyalu-cica-water-fit-sun-serum-50ml-twin-pack-2ea/1679883343/
2025-05-30 14:17:47,208 - INFO - Fetched: https://www.stylekorean.com:443/shop/skin1004-madagascar-centella-hyalu-cica-water-fit-sun-serum-50ml-twin-pack-2ea/1679883343/
2025-05-30 14:17:48,216 - INFO - [FETCH] https://www.stylekorean.com:443/shop/skinfood-timedeal-berry-soothing-suncream-50ml/1679473014/
2025-05-30 14:17:50,086 - INFO - Fetched: https://www.stylekorean.com:443/shop/skinfood-timedeal-berry-soothing-suncream-50ml/1679473014/
2025-05-30 14:17:51,093 - INFO - [FETCH] https://www.stylekorean.com:443/shop/skinfood-berry-glowing-suncream-50ml/1679472350/
2025-05-30 14:17:52,849 - INFO - Fetched: https://www.stylekorean.com:443/shop/skinfood-berry-glowing-suncream-50ml/1679472350/
2025-05-30 14:17:53,859 - INFO - [FETCH] https://www.stylekorean.com:443/shop/celimax-renewal-oil-control-light-sunscreen-40ml/1722913642/
2025-05-30 14:17:56,416 - INFO - Fetched: https://www.stylekorean.com:443/shop/celimax-renewal-oil-control-light-sunscreen-40ml/1722913642/
2025-05-30 14:17:57,424 - INFO - [FETCH] https://www.stylekorean.com:443/shop/skin-lab-‚ėÖ1-1‚ėÖ-barrierderm-think-family-sunscreen-70ml/1679300227/
2025-05-30 14:17:58,761 - INFO - Fetched: https://www.stylekorean.com:443/shop/skin-lab-‚ėÖ1-1‚ėÖ-barrierderm-think-family-sunscreen-70ml/1679300227/
2025-05-30 14:17:59,770 - INFO - [FETCH] https://www.stylekorean.com:443/shop/cosrx-‚ėÖ1-1‚ėÖ-aloe-54.2-aqua-tone-up-sunscreen/1678763124/
2025-05-30 14:18:02,260 - INFO - Fetched: https://www.stylekorean.com:443/shop/cosrx-‚ėÖ1-1‚ėÖ-aloe-54.2-aqua-tone-up-sunscreen/1678763124/
2025-05-30 14:18:03,269 - INFO - [FETCH] https://www.stylekorean.com:443/shop/mary-may-vegan-primer-glow-sun-cream-50ml/1677830894/
2025-05-30 14:18:04,792 - INFO - Fetched: https://www.stylekorean.com:443/shop/mary-may-vegan-primer-glow-sun-cream-50ml/1677830894/
2025-05-30 14:18:05,801 - INFO - [FETCH] https://www.stylekorean.com:443/shop/tocobo-sun-care-mini-duo/1677813888/
2025-05-30 14:18:07,974 - INFO - Fetched: https://www.stylekorean.com:443/shop/tocobo-sun-care-mini-duo/1677813888/
2025-05-30 14:18:08,984 - INFO - [FETCH] https://www.stylekorean.com:443/shop/dr.ceuracle-cica-regen-waterproof-sun-100ml/1677738753/
2025-05-30 14:18:11,801 - INFO - Fetched: https://www.stylekorean.com:443/shop/dr.ceuracle-cica-regen-waterproof-sun-100ml/1677738753/
2025-05-30 14:18:12,806 - INFO - [FETCH] https://www.stylekorean.com:443/shop/make-prem-uv-defense-me-calming-tone-up-sun-cream-50ml/1676517610/
2025-05-30 14:18:14,480 - INFO - Fetched: https://www.stylekorean.com:443/shop/make-prem-uv-defense-me-calming-tone-up-sun-cream-50ml/1676517610/
2025-05-30 14:18:15,490 - INFO - [FETCH] https://www.stylekorean.com:443/shop/make-prem-uv-defense-me-calming-sun-stick-20g/1676517389/
2025-05-30 14:18:17,397 - INFO - Fetched: https://www.stylekorean.com:443/shop/make-prem-uv-defense-me-calming-sun-stick-20g/1676517389/
2025-05-30 14:18:18,407 - INFO - [FETCH] https://www.stylekorean.com:443/shop/make-prem-uv-defense-me-calming-sun-cream-50ml/1676517084/
2025-05-30 14:18:20,157 - INFO - Fetched: https://www.stylekorean.com:443/shop/make-prem-uv-defense-me-calming-sun-cream-50ml/1676517084/
2025-05-30 14:18:21,162 - INFO - [FETCH] https://www.stylekorean.com:443/shop/make-prem-uv-defense-me-daily-sun-essence-50ml/1676512956/
2025-05-30 14:18:22,960 - INFO - Fetched: https://www.stylekorean.com:443/shop/make-prem-uv-defense-me-daily-sun-essence-50ml/1676512956/
2025-05-30 14:18:23,970 - INFO - [FETCH] https://www.stylekorean.com:443/shop/make-prem-uv-defense-me-daily-sun-fluid-150ml/1676512416/
2025-05-30 14:18:26,715 - INFO - Fetched: https://www.stylekorean.com:443/shop/make-prem-uv-defense-me-daily-sun-fluid-150ml/1676512416/
2025-05-30 14:18:27,722 - INFO - [FETCH] https://www.stylekorean.com:443/shop/abib-renewal-heartleaf-sun-essence-calming-drop-50ml/1676450929/
2025-05-30 14:18:29,592 - INFO - Fetched: https://www.stylekorean.com:443/shop/abib-renewal-heartleaf-sun-essence-calming-drop-50ml/1676450929/
2025-05-30 14:18:30,600 - INFO - [FETCH] https://www.stylekorean.com:443/shop/abib-sedum-hyaluron-sunscreen-protection-tube-50ml/1676449774/
2025-05-30 14:18:32,599 - INFO - Fetched: https://www.stylekorean.com:443/shop/abib-sedum-hyaluron-sunscreen-protection-tube-50ml/1676449774/
2025-05-30 14:18:33,604 - INFO - [FETCH] https://www.stylekorean.com:443/shop/tocobo-vita-tone-up-sun-cream-spf50-pa/1674026292/
2025-05-30 14:18:38,845 - INFO - Fetched: https://www.stylekorean.com:443/shop/tocobo-vita-tone-up-sun-cream-spf50-pa/1674026292/
2025-05-30 14:18:39,851 - INFO - [FETCH] https://www.stylekorean.com:443/shop/be-the-skin-‚ėÖ1-1‚ėÖ-sebum-zero-aloerice-vegan-sun-cream-50ml/1667962385/
2025-05-30 14:18:42,665 - INFO - Fetched: https://www.stylekorean.com:443/shop/be-the-skin-‚ėÖ1-1‚ėÖ-sebum-zero-aloerice-vegan-sun-cream-50ml/1667962385/
2025-05-30 14:18:43,675 - INFO - [FETCH] https://www.stylekorean.com:443/shop/pyunkang-yul-‚ėÖ1-1‚ėÖ-calming-sun-cream-50ml/1667191532/
2025-05-30 14:18:45,394 - INFO - Fetched: https://www.stylekorean.com:443/shop/pyunkang-yul-‚ėÖ1-1‚ėÖ-calming-sun-cream-50ml/1667191532/
2025-05-30 14:18:46,400 - INFO - [FETCH] https://www.stylekorean.com:443/shop/nineless-‚ėÖ1-1‚ėÖ-essentials-uv-shield-soothing-sun-cream-spf-50-pa/1665555344/
2025-05-30 14:18:48,844 - INFO - Fetched: https://www.stylekorean.com:443/shop/nineless-‚ėÖ1-1‚ėÖ-essentials-uv-shield-soothing-sun-cream-spf-50-pa/1665555344/
2025-05-30 14:18:49,849 - INFO - [FETCH] https://www.stylekorean.com:443/shop/skin1004-madagascar-centella-hyalu-cica-water-fit-sun-serum-50ml/1661399353/
2025-05-30 14:18:54,065 - INFO - Fetched: https://www.stylekorean.com:443/shop/skin1004-madagascar-centella-hyalu-cica-water-fit-sun-serum-50ml/1661399353/
2025-05-30 14:18:55,071 - INFO - [FETCH] https://www.stylekorean.com:443/shop/skin1004-size-up-madagascar-centella-hyalu-cica-water-fit-sun-serum-100ml/1718601619/
2025-05-30 14:18:57,452 - INFO - Fetched: https://www.stylekorean.com:443/shop/skin1004-size-up-madagascar-centella-hyalu-cica-water-fit-sun-serum-100ml/1718601619/
2025-05-30 14:18:58,462 - INFO - [FETCH] https://www.stylekorean.com:443/shop/tiam-renewal-daily-sun-care-cream-50ml/1684373573/
2025-05-30 14:19:00,207 - INFO - Fetched: https://www.stylekorean.com:443/shop/tiam-renewal-daily-sun-care-cream-50ml/1684373573/
2025-05-30 14:19:01,218 - INFO - [FETCH] https://www.stylekorean.com:443/shop/mixsoon-centella-sun-cream-duo/1747808537/
2025-05-30 14:19:01,887 - INFO - Fetched: https://www.stylekorean.com:443/shop/mixsoon-centella-sun-cream-duo/1747808537/
2025-05-30 14:19:02,892 - INFO - [FETCH] https://www.stylekorean.com:443/shop/mixsoon-centella-sun-cream-50ml/1658811943/
2025-05-30 14:19:07,636 - INFO - Fetched: https://www.stylekorean.com:443/shop/mixsoon-centella-sun-cream-50ml/1658811943/
2025-05-30 14:19:08,645 - INFO - [FETCH] https://www.stylekorean.com:443/shop/blithe-uv-protector-honest-sunscreen-50ml/1658802728/
2025-05-30 14:19:10,899 - INFO - Fetched: https://www.stylekorean.com:443/shop/blithe-uv-protector-honest-sunscreen-50ml/1658802728/
2025-05-30 14:19:11,905 - INFO - [FETCH] https://www.stylekorean.com:443/shop/round-lab-moisture-mild-up-sunscreen-50ml/1657693983/
2025-05-30 14:19:13,883 - INFO - Fetched: https://www.stylekorean.com:443/shop/round-lab-moisture-mild-up-sunscreen-50ml/1657693983/
2025-05-30 14:19:14,894 - INFO - [FETCH] https://www.stylekorean.com:443/shop/dr.g-green-mild-up-sun-essence-50ml/1657692117/
2025-05-30 14:19:16,649 - INFO - Fetched: https://www.stylekorean.com:443/shop/dr.g-green-mild-up-sun-essence-50ml/1657692117/
2025-05-30 14:19:17,659 - INFO - [FETCH] https://www.stylekorean.com:443/shop/skin1004-‚ėÖ1-1‚ėÖ-madagascar-centella-air-fit-suncream-light-50ml-spf30/1655876794/
2025-05-30 14:19:25,057 - INFO - Fetched: https://www.stylekorean.com:443/shop/skin1004-‚ėÖ1-1‚ėÖ-madagascar-centella-air-fit-suncream-light-50ml-spf30/1655876794/
2025-05-30 14:19:26,067 - INFO - [FETCH] https://www.stylekorean.com:443/shop/skin1004-madagascar-centella-tone-brightening-tone-up-sunscreen-50ml/1654564736/
2025-05-30 14:19:29,704 - INFO - Fetched: https://www.stylekorean.com:443/shop/skin1004-madagascar-centella-tone-brightening-tone-up-sunscreen-50ml/1654564736/
2025-05-30 14:19:30,711 - INFO - [FETCH] https://www.stylekorean.com:443/shop/barr-cosmetics-centella-soothing-sun-essence-50ml/1653552614/
2025-05-30 14:19:32,667 - INFO - Fetched: https://www.stylekorean.com:443/shop/barr-cosmetics-centella-soothing-sun-essence-50ml/1653552614/
2025-05-30 14:19:33,675 - INFO - [FETCH] https://www.stylekorean.com:443/shop/round-lab-birch-juice-moisturizing-sun-cream-duo/1728268930/
2025-05-30 14:19:39,969 - INFO - Fetched: https://www.stylekorean.com:443/shop/round-lab-birch-juice-moisturizing-sun-cream-duo/1728268930/
2025-05-30 14:19:40,977 - INFO - [FETCH] https://www.stylekorean.com:443/shop/round-lab-birch-juice-moisturizing-sun-cream-50ml/1653282205/
2025-05-30 14:19:43,957 - INFO - Fetched: https://www.stylekorean.com:443/shop/round-lab-birch-juice-moisturizing-sun-cream-50ml/1653282205/
2025-05-30 14:19:44,966 - INFO - [FETCH] https://www.stylekorean.com:443/shop/round-lab-365-derma-relief-sun-cream-50ml/1653277344/
2025-05-30 14:19:47,947 - INFO - Fetched: https://www.stylekorean.com:443/shop/round-lab-365-derma-relief-sun-cream-50ml/1653277344/
2025-05-30 14:19:48,954 - INFO - [FETCH] https://www.stylekorean.com:443/shop/some-by-mi-truecica-aqua-calming-suncream-50ml-50pa/1650590677/
2025-05-30 14:19:51,972 - INFO - Fetched: https://www.stylekorean.com:443/shop/some-by-mi-truecica-aqua-calming-suncream-50ml-50pa/1650590677/
2025-05-30 14:19:52,983 - INFO - [FETCH] https://www.stylekorean.com:443/shop/goodal-green-tangerine-vita-c-dark-spot-care-sun-serum-50ml/1650262951/
2025-05-30 14:19:54,798 - INFO - Fetched: https://www.stylekorean.com:443/shop/goodal-green-tangerine-vita-c-dark-spot-care-sun-serum-50ml/1650262951/
2025-05-30 14:19:55,809 - INFO - [FETCH] https://www.stylekorean.com:443/shop/mary-may-‚ėÖ1-1‚ėÖ-cica-soothing-sun-cream-spf50-pa-50ml/1650007413/
2025-05-30 14:19:57,849 - INFO - Fetched: https://www.stylekorean.com:443/shop/mary-may-‚ėÖ1-1‚ėÖ-cica-soothing-sun-cream-spf50-pa-50ml/1650007413/
2025-05-30 14:19:58,860 - INFO - [FETCH] https://www.stylekorean.com:443/shop/jumiso-waterfull-hyaluronic-sunscreen-50ml/1649831380/
2025-05-30 14:20:00,728 - INFO - Fetched: https://www.stylekorean.com:443/shop/jumiso-waterfull-hyaluronic-sunscreen-50ml/1649831380/
2025-05-30 14:20:01,739 - INFO - [FETCH] https://www.stylekorean.com:443/shop/dr.ceuracle-renewal-tea-tree-purifine-green-up-sun-50ml/1697445532/
2025-05-30 14:20:03,499 - INFO - Fetched: https://www.stylekorean.com:443/shop/dr.ceuracle-renewal-tea-tree-purifine-green-up-sun-50ml/1697445532/
2025-05-30 14:20:04,507 - INFO - [FETCH] https://www.stylekorean.com:443/shop/frudia-avocado-greenery-relief-sun-cream-50ml/1649652122/
2025-05-30 14:20:06,470 - INFO - Fetched: https://www.stylekorean.com:443/shop/frudia-avocado-greenery-relief-sun-cream-50ml/1649652122/
2025-05-30 14:20:07,481 - INFO - [FETCH] https://www.stylekorean.com:443/shop/missha-all-around-safe-block-cotton-sun-50ml-spf50-pa-50ml/1649388577/
2025-05-30 14:20:09,436 - INFO - Fetched: https://www.stylekorean.com:443/shop/missha-all-around-safe-block-cotton-sun-50ml-spf50-pa-50ml/1649388577/
2025-05-30 14:20:10,447 - INFO - [FETCH] https://www.stylekorean.com:443/shop/beauty-of-joseon-relief-sun-rice-probiotics-set-50ml-2ea/1690507855/
2025-05-30 14:20:13,860 - INFO - Fetched: https://www.stylekorean.com:443/shop/beauty-of-joseon-relief-sun-rice-probiotics-set-50ml-2ea/1690507855/
2025-05-30 14:20:14,866 - INFO - [FETCH] https://www.stylekorean.com:443/shop/a-pieu-super-air-fit-mild-sunscreen-daily/1648779902/
2025-05-30 14:20:16,408 - INFO - Fetched: https://www.stylekorean.com:443/shop/a-pieu-super-air-fit-mild-sunscreen-daily/1648779902/
2025-05-30 14:20:17,419 - INFO - [FETCH] https://www.stylekorean.com:443/shop/dr.g-green-mild-up-sun-spf50-pa-35ml/1648524868/
2025-05-30 14:20:20,797 - INFO - Fetched: https://www.stylekorean.com:443/shop/dr.g-green-mild-up-sun-spf50-pa-35ml/1648524868/
2025-05-30 14:20:21,808 - INFO - [FETCH] https://www.stylekorean.com:443/shop/dr.g-green-mild-up-sun-spf50-pa-50ml-2ea-10ml/1720507309/
2025-05-30 14:20:23,394 - INFO - Fetched: https://www.stylekorean.com:443/shop/dr.g-green-mild-up-sun-spf50-pa-50ml-2ea-10ml/1720507309/
2025-05-30 14:20:24,403 - INFO - [FETCH] https://www.stylekorean.com:443/shop/frudia-Ôÿà1-1Ôÿà-green-grape-sebum-control-cooling-sun-gel-50ml/1647918212/
2025-05-30 14:20:26,327 - INFO - Fetched: https://www.stylekorean.com:443/shop/frudia-Ôÿà1-1Ôÿà-green-grape-sebum-control-cooling-sun-gel-50ml/1647918212/
2025-05-30 14:20:27,334 - INFO - [FETCH] https://www.stylekorean.com:443/shop/tocobo-bio-watery-sun-cream-spf50-pa/1647584387/
2025-05-30 14:20:31,925 - INFO - Fetched: https://www.stylekorean.com:443/shop/tocobo-bio-watery-sun-cream-spf50-pa/1647584387/
2025-05-30 14:20:32,932 - INFO - [FETCH] https://www.stylekorean.com:443/shop/lagom-renewal-cellus-sun-gel-spf50-pa/1647487046/
2025-05-30 14:20:34,859 - INFO - Fetched: https://www.stylekorean.com:443/shop/lagom-renewal-cellus-sun-gel-spf50-pa/1647487046/
2025-05-30 14:20:35,866 - INFO - [FETCH] https://www.stylekorean.com:443/shop/dr.ceuracle-hyal-reyouth-moist-sun/1644906939/
2025-05-30 14:20:37,911 - INFO - Fetched: https://www.stylekorean.com:443/shop/dr.ceuracle-hyal-reyouth-moist-sun/1644906939/
2025-05-30 14:20:38,918 - INFO - [FETCH] https://www.stylekorean.com:443/shop/dr.ceuracle-pro-balance-biotics-clear-up-sun-50ml/1644905297/
2025-05-30 14:20:40,764 - INFO - Fetched: https://www.stylekorean.com:443/shop/dr.ceuracle-pro-balance-biotics-clear-up-sun-50ml/1644905297/
2025-05-30 14:20:41,772 - INFO - [FETCH] https://www.stylekorean.com:443/shop/g9skin-white-in-milk-sun-plus-40ml-spf50-pa/1641447094/
2025-05-30 14:20:43,542 - INFO - Fetched: https://www.stylekorean.com:443/shop/g9skin-white-in-milk-sun-plus-40ml-spf50-pa/1641447094/
2025-05-30 14:20:44,551 - INFO - [FETCH] https://www.stylekorean.com:443/shop/laneige-radian-c-sun-cream-spf50-pa-50ml/1639535850/
2025-05-30 14:20:46,168 - INFO - Fetched: https://www.stylekorean.com:443/shop/laneige-radian-c-sun-cream-spf50-pa-50ml/1639535850/
2025-05-30 14:20:47,178 - INFO - [FETCH] https://www.stylekorean.com:443/shop/axis-y-mini-complete-no-stress-physical-sunscreen-10ml/1639467614/
2025-05-30 14:20:49,679 - INFO - Fetched: https://www.stylekorean.com:443/shop/axis-y-mini-complete-no-stress-physical-sunscreen-10ml/1639467614/
2025-05-30 14:20:50,690 - INFO - [FETCH] https://www.stylekorean.com:443/shop/skin1004-madagascar-centella-air-fit-suncream-plus-50ml/1637301677/
2025-05-30 14:20:53,898 - INFO - Fetched: https://www.stylekorean.com:443/shop/skin1004-madagascar-centella-air-fit-suncream-plus-50ml/1637301677/
2025-05-30 14:20:54,906 - INFO - [FETCH] https://www.stylekorean.com:443/shop/heimish-bulgarian-rose-tone-up-sunscreen-30ml-spf50-pa/1636436676/
2025-05-30 14:20:57,364 - INFO - Fetched: https://www.stylekorean.com:443/shop/heimish-bulgarian-rose-tone-up-sunscreen-30ml-spf50-pa/1636436676/
2025-05-30 14:20:58,376 - INFO - [FETCH] https://www.stylekorean.com:443/shop/beauty-of-joseon-relief-sun-rice-probiotics-50ml/1635737523/
2025-05-30 14:21:01,756 - INFO - Fetched: https://www.stylekorean.com:443/shop/beauty-of-joseon-relief-sun-rice-probiotics-50ml/1635737523/
2025-05-30 14:21:02,765 - INFO - [FETCH] https://www.stylekorean.com:443/shop/benton-skin-fit-mineral-sun-cream/1629707399/
2025-05-30 14:21:06,194 - INFO - Fetched: https://www.stylekorean.com:443/shop/benton-skin-fit-mineral-sun-cream/1629707399/
2025-05-30 14:21:07,201 - INFO - [FETCH] https://www.stylekorean.com:443/shop/dr.ceuracle-cica-regen-vegan-sun-50ml/1628750871/
2025-05-30 14:21:09,668 - INFO - Fetched: https://www.stylekorean.com:443/shop/dr.ceuracle-cica-regen-vegan-sun-50ml/1628750871/
2025-05-30 14:21:10,680 - INFO - [FETCH] https://www.stylekorean.com:443/shop/benton-Ôÿà1-1Ôÿà-air-fit-uv-defense-sun-cream-spf50-pa-50ml/1628221477/
2025-05-30 14:21:13,297 - INFO - Fetched: https://www.stylekorean.com:443/shop/benton-Ôÿà1-1Ôÿà-air-fit-uv-defense-sun-cream-spf50-pa-50ml/1628221477/
2025-05-30 14:21:14,308 - INFO - [FETCH] https://www.stylekorean.com:443/shop/dr.jart-every-sun-day-mild-sun-30ml/1627528436/
2025-05-30 14:21:15,912 - INFO - Fetched: https://www.stylekorean.com:443/shop/dr.jart-every-sun-day-mild-sun-30ml/1627528436/
2025-05-30 14:21:16,923 - INFO - [FETCH] https://www.stylekorean.com:443/shop/a-pieu-pure-block-tone-up-sun-base-50ml/1627441540/
2025-05-30 14:21:19,782 - INFO - Fetched: https://www.stylekorean.com:443/shop/a-pieu-pure-block-tone-up-sun-base-50ml/1627441540/
2025-05-30 14:21:20,789 - INFO - [FETCH] https://www.stylekorean.com:443/shop/a-pieu-super-air-fit-mild-sunscreen-matte-50ml/1627349556/
2025-05-30 14:21:22,568 - INFO - Fetched: https://www.stylekorean.com:443/shop/a-pieu-super-air-fit-mild-sunscreen-matte-50ml/1627349556/
2025-05-30 14:21:23,577 - INFO - [FETCH] https://www.stylekorean.com:443/shop/rom-nd-zero-sun-clean-spf50-pa-2-types/1626834513/
2025-05-30 14:21:26,854 - INFO - Fetched: https://www.stylekorean.com:443/shop/rom-nd-zero-sun-clean-spf50-pa-2-types/1626834513/
2025-05-30 14:21:27,864 - INFO - [FETCH] https://www.stylekorean.com:443/shop/some-by-mi-Ôÿà1-1Ôÿà-renewal-truecica-mineral-calming-tone-up-suncream-spf-50-pa/1624609334/
2025-05-30 14:21:31,368 - INFO - Fetched: https://www.stylekorean.com:443/shop/some-by-mi-Ôÿà1-1Ôÿà-renewal-truecica-mineral-calming-tone-up-suncream-spf-50-pa/1624609334/
2025-05-30 14:21:32,380 - INFO - [FETCH] https://www.stylekorean.com:443/shop/dr.jart-every-sun-day-waterproof-sun-milk-spf-50-pa-30ml/1623982632/
2025-05-30 14:21:34,026 - INFO - Fetched: https://www.stylekorean.com:443/shop/dr.jart-every-sun-day-waterproof-sun-milk-spf-50-pa-30ml/1623982632/
2025-05-30 14:21:35,033 - INFO - [FETCH] https://www.stylekorean.com:443/shop/dr.jart-every-sun-day-tone-up-sun-fluid-spf-50-pa-30ml/1623981726/
2025-05-30 14:21:36,567 - INFO - Fetched: https://www.stylekorean.com:443/shop/dr.jart-every-sun-day-tone-up-sun-fluid-spf-50-pa-30ml/1623981726/
2025-05-30 14:21:37,575 - INFO - [FETCH] https://www.stylekorean.com:443/shop/a-pieu-pure-block-natural-water-proof-sun-cream-spf50-pa-50ml/1623633700/
2025-05-30 14:21:40,689 - INFO - Fetched: https://www.stylekorean.com:443/shop/a-pieu-pure-block-natural-water-proof-sun-cream-spf50-pa-50ml/1623633700/
2025-05-30 14:21:41,701 - INFO - [FETCH] https://www.stylekorean.com:443/shop/a-pieu-pure-block-aqua-sun-gel-50ml/1626136375/
2025-05-30 14:21:44,008 - INFO - Fetched: https://www.stylekorean.com:443/shop/a-pieu-pure-block-aqua-sun-gel-50ml/1626136375/
2025-05-30 14:21:45,021 - INFO - [FETCH] https://www.stylekorean.com:443/shop/nature-republic-renewal-califonia-aloe-daily-moisture-sunblock/1690338445/
2025-05-30 14:21:46,494 - INFO - Fetched: https://www.stylekorean.com:443/shop/nature-republic-renewal-califonia-aloe-daily-moisture-sunblock/1690338445/
2025-05-30 14:21:47,503 - INFO - [FETCH] https://www.stylekorean.com:443/shop/hyggee-real-sun-cream-50ml/1620869489/
2025-05-30 14:21:49,376 - INFO - Fetched: https://www.stylekorean.com:443/shop/hyggee-real-sun-cream-50ml/1620869489/
2025-05-30 14:21:50,389 - INFO - [FETCH] https://www.stylekorean.com:443/shop/hyggee-renewal-fresh-tone-up-sun-cream-50ml/1685410405/
2025-05-30 14:21:51,900 - INFO - Fetched: https://www.stylekorean.com:443/shop/hyggee-renewal-fresh-tone-up-sun-cream-50ml/1685410405/
2025-05-30 14:21:52,912 - INFO - [FETCH] https://www.stylekorean.com:443/shop/9wishes-pine-treatment-sunscreen-50ml/1599468214/
2025-05-30 14:21:54,495 - INFO - Fetched: https://www.stylekorean.com:443/shop/9wishes-pine-treatment-sunscreen-50ml/1599468214/
2025-05-30 14:21:55,504 - INFO - [FETCH] https://www.stylekorean.com:443/shop/frudia-ultra-uv-shield-sun-essence-spf-50-pa-50g/1596164841/
2025-05-30 14:21:57,192 - INFO - Fetched: https://www.stylekorean.com:443/shop/frudia-ultra-uv-shield-sun-essence-spf-50-pa-50g/1596164841/
2025-05-30 14:21:58,200 - INFO - [FETCH] https://www.stylekorean.com:443/shop/isntree-Ôÿà1-1Ôÿà-hyaluronic-acid-watery-sun-gel-50ml/1731488153/
2025-05-30 14:22:00,829 - INFO - Fetched: https://www.stylekorean.com:443/shop/isntree-Ôÿà1-1Ôÿà-hyaluronic-acid-watery-sun-gel-50ml/1731488153/
2025-05-30 14:22:01,841 - INFO - [FETCH] https://www.stylekorean.com:443/shop/pyunkang-yul-Ôÿà1-1Ôÿà-ato-mild-sun-cream-75ml/1592372011/
2025-05-30 14:22:03,894 - INFO - Fetched: https://www.stylekorean.com:443/shop/pyunkang-yul-Ôÿà1-1Ôÿà-ato-mild-sun-cream-75ml/1592372011/
2025-05-30 14:22:04,901 - INFO - [FETCH] https://www.stylekorean.com:443/shop/missha-Ôÿà1-1Ôÿà-renewal-all-around-safe-block-aqua-sun-gel-50ml/1652168987/
2025-05-30 14:22:09,851 - INFO - Fetched: https://www.stylekorean.com:443/shop/missha-Ôÿà1-1Ôÿà-renewal-all-around-safe-block-aqua-sun-gel-50ml/1652168987/
2025-05-30 14:22:10,861 - INFO - [FETCH] https://www.stylekorean.com:443/shop/derma-b-Ôÿà1-1Ôÿà-everyday-sun-block-spf50-pa-200ml/1589513803/
2025-05-30 14:22:14,551 - INFO - Fetched: https://www.stylekorean.com:443/shop/derma-b-Ôÿà1-1Ôÿà-everyday-sun-block-spf50-pa-200ml/1589513803/
2025-05-30 14:22:15,560 - INFO - [FETCH] https://www.stylekorean.com:443/shop/missha-timedeal-all-around-safe-block-essence-sun-spf45-pa-50ml/1589440951/
2025-05-30 14:22:17,613 - INFO - Fetched: https://www.stylekorean.com:443/shop/missha-timedeal-all-around-safe-block-essence-sun-spf45-pa-50ml/1589440951/
2025-05-30 14:22:18,623 - INFO - [FETCH] https://www.stylekorean.com:443/shop/dr.g-brightening-up-sun-plus-spf50-pa-50ml/1592190472/
2025-05-30 14:22:21,453 - INFO - Fetched: https://www.stylekorean.com:443/shop/dr.g-brightening-up-sun-plus-spf50-pa-50ml/1592190472/
2025-05-30 14:22:22,466 - INFO - [FETCH] https://www.stylekorean.com:443/shop/dr.g-brightening-up-sun-plus-spf50-pa-50ml-2ea/1720508675/
2025-05-30 14:22:24,305 - INFO - Fetched: https://www.stylekorean.com:443/shop/dr.g-brightening-up-sun-plus-spf50-pa-50ml-2ea/1720508675/
2025-05-30 14:22:25,313 - INFO - [FETCH] https://www.stylekorean.com:443/shop/hyggee-Ôÿà1-1Ôÿà-relief-sun-moisturizer-spf50-pa-50ml/1632886758/
2025-05-30 14:22:26,791 - INFO - Fetched: https://www.stylekorean.com:443/shop/hyggee-Ôÿà1-1Ôÿà-relief-sun-moisturizer-spf50-pa-50ml/1632886758/
2025-05-30 14:22:27,799 - INFO - [FETCH] https://www.stylekorean.com:443/shop/rovectin-uv-defense-tinted-spf50-pa/1684205400/
2025-05-30 14:22:29,481 - INFO - Fetched: https://www.stylekorean.com:443/shop/rovectin-uv-defense-tinted-spf50-pa/1684205400/
2025-05-30 14:22:30,491 - INFO - [FETCH] https://www.stylekorean.com:443/shop/missha-renewal-all-around-safe-block-essence-sun-milk-ex-spf50-pa-70ml/1527749080/
2025-05-30 14:22:32,079 - INFO - Fetched: https://www.stylekorean.com:443/shop/missha-renewal-all-around-safe-block-essence-sun-milk-ex-spf50-pa-70ml/1527749080/
2025-05-30 14:22:33,090 - INFO - [FETCH] https://www.stylekorean.com:443/shop/a-pieu-pure-block-natural-daily-sun-cream-50ml/1526025683/
2025-05-30 14:22:34,576 - INFO - Fetched: https://www.stylekorean.com:443/shop/a-pieu-pure-block-natural-daily-sun-cream-50ml/1526025683/
2025-05-30 14:22:35,586 - INFO - [FETCH] https://www.stylekorean.com:443/shop/a-pieu-pure-block-natural-daily-sun-cream-100ml/1627872793/
2025-05-30 14:22:38,125 - INFO - Fetched: https://www.stylekorean.com:443/shop/a-pieu-pure-block-natural-daily-sun-cream-100ml/1627872793/
2025-05-30 14:22:39,136 - INFO - [FETCH] https://www.stylekorean.com:443/shop/cosrx-Ôÿà1-1Ôÿà-aloe-soothing-sun-cream-50ml/1459927938/
2025-05-30 14:22:42,356 - INFO - Fetched: https://www.stylekorean.com:443/shop/cosrx-Ôÿà1-1Ôÿà-aloe-soothing-sun-cream-50ml/1459927938/
2025-05-30 14:22:43,369 - INFO - [FETCH] https://www.stylekorean.com:443/shop/etude-Ôÿà1-1Ôÿà-renewal-sunprise-mild-watery-light-50ml/1640133679/
2025-05-30 14:22:45,101 - INFO - Fetched: https://www.stylekorean.com:443/shop/etude-Ôÿà1-1Ôÿà-renewal-sunprise-mild-watery-light-50ml/1640133679/
2025-05-30 14:22:46,114 - INFO - [FETCH] https://www.stylekorean.com:443/shop/missha-all-around-safe-block-waterproof-sun-milk-spf50-pa-70ml/14309639894595/
2025-05-30 14:22:48,366 - INFO - Fetched: https://www.stylekorean.com:443/shop/missha-all-around-safe-block-waterproof-sun-milk-spf50-pa-70ml/14309639894595/
2025-05-30 14:22:49,374 - INFO - [FETCH] https://www.stylekorean.com:443/shop/elizavecca-milky-piggy-sun-cream-50ml/1573458413/
2025-05-30 14:22:51,133 - INFO - Fetched: https://www.stylekorean.com:443/shop/elizavecca-milky-piggy-sun-cream-50ml/1573458413/
2025-05-30 14:22:52,146 - INFO - [FETCH] https://www.stylekorean.com:443/shop/missha-all-around-safe-block-soft-finish-sun-milk-spf50-pa-70ml/1600998602/
2025-05-30 14:22:54,090 - INFO - Fetched: https://www.stylekorean.com:443/shop/missha-all-around-safe-block-soft-finish-sun-milk-spf50-pa-70ml/1600998602/
2025-05-30 14:22:55,102 - INFO - [DONE] Saved final data: stylekorean/data/product_details/skincare_sub_categories/Sun_Creams___Fluids__196_.json
