2025-05-30 12:54:56,839 - INFO - Processing: stylekorean/data/product_urls/skincare_sub_categories/Toner__213_.json
2025-05-30 12:54:56,843 - INFO - [FETCH] https://www.stylekorean.com:443/shop/fation-nosca9-trouble-clear-toner-200ml/1747288108/
2025-05-30 12:54:58,966 - INFO - Fetched: https://www.stylekorean.com:443/shop/fation-nosca9-trouble-clear-toner-200ml/1747288108/
2025-05-30 12:54:59,973 - INFO - [FETCH] https://www.stylekorean.com:443/shop/jumiso-timedeal-snail-mucin-peptide-facial-toner-205ml/1747273657/
2025-05-30 12:55:02,663 - INFO - Fetched: https://www.stylekorean.com:443/shop/jumiso-timedeal-snail-mucin-peptide-facial-toner-205ml/1747273657/
2025-05-30 12:55:03,670 - INFO - [FETCH] https://www.stylekorean.com:443/shop/d-alba-vita-toning-serum-toner-180ml/1744870176/
2025-05-30 12:55:05,910 - INFO - Fetched: https://www.stylekorean.com:443/shop/d-alba-vita-toning-serum-toner-180ml/1744870176/
2025-05-30 12:55:06,918 - INFO - [FETCH] https://www.stylekorean.com:443/shop/zipiderm-egf-skin-barrier-cream-toner-150ml/1744678283/
2025-05-30 12:55:09,931 - INFO - Fetched: https://www.stylekorean.com:443/shop/zipiderm-egf-skin-barrier-cream-toner-150ml/1744678283/
2025-05-30 12:55:10,935 - INFO - [FETCH] https://www.stylekorean.com:443/shop/delphyr-liposome-waterful-toner-200ml/1744174483/
2025-05-30 12:55:12,524 - INFO - Fetched: https://www.stylekorean.com:443/shop/delphyr-liposome-waterful-toner-200ml/1744174483/
2025-05-30 12:55:13,533 - INFO - [FETCH] https://www.stylekorean.com:443/shop/delphyr-liposome-waterful-bubble-toner-150ml/1743728971/
2025-05-30 12:55:16,860 - INFO - Fetched: https://www.stylekorean.com:443/shop/delphyr-liposome-waterful-bubble-toner-150ml/1743728971/
2025-05-30 12:55:17,867 - INFO - [FETCH] https://www.stylekorean.com:443/shop/purcell-l-glutathione-vitamin-boosting-toner-150ml/1740633902/
2025-05-30 12:55:19,529 - INFO - Fetched: https://www.stylekorean.com:443/shop/purcell-l-glutathione-vitamin-boosting-toner-150ml/1740633902/
2025-05-30 12:55:20,536 - INFO - [FETCH] https://www.stylekorean.com:443/shop/purcell-pixcell-biom-vita-toning-solution-120ml/1740633463/
2025-05-30 12:55:22,055 - INFO - Fetched: https://www.stylekorean.com:443/shop/purcell-pixcell-biom-vita-toning-solution-120ml/1740633463/
2025-05-30 12:55:23,064 - INFO - [FETCH] https://www.stylekorean.com:443/shop/medicube-zero-pore-toner-250ml/1740020094/
2025-05-30 12:55:24,895 - INFO - Fetched: https://www.stylekorean.com:443/shop/medicube-zero-pore-toner-250ml/1740020094/
2025-05-30 12:55:25,901 - INFO - [FETCH] https://www.stylekorean.com:443/shop/aprilskin-artemisia-rice-essence-toner-200ml/1739864074/
2025-05-30 12:55:27,442 - INFO - Fetched: https://www.stylekorean.com:443/shop/aprilskin-artemisia-rice-essence-toner-200ml/1739864074/
2025-05-30 12:55:28,451 - INFO - [FETCH] https://www.stylekorean.com:443/shop/aprilskin-pink-aloe-vita-toner/1739854992/
2025-05-30 12:55:30,994 - INFO - Fetched: https://www.stylekorean.com:443/shop/aprilskin-pink-aloe-vita-toner/1739854992/
2025-05-30 12:55:32,001 - INFO - [FETCH] https://www.stylekorean.com:443/shop/sungboon-editor-meoru-podo-vitac-dark-spot-pad-60ea/1739421409/
2025-05-30 12:55:33,734 - INFO - Fetched: https://www.stylekorean.com:443/shop/sungboon-editor-meoru-podo-vitac-dark-spot-pad-60ea/1739421409/
2025-05-30 12:55:34,743 - INFO - [FETCH] https://www.stylekorean.com:443/shop/dr.ceuracle-tea-tree-purifine-toner-pad-60ea/1739166415/
2025-05-30 12:55:36,255 - INFO - Fetched: https://www.stylekorean.com:443/shop/dr.ceuracle-tea-tree-purifine-toner-pad-60ea/1739166415/
2025-05-30 12:55:37,263 - INFO - [FETCH] https://www.stylekorean.com:443/shop/huecalm-kintsugi-balance-toner-150ml/1737014003/
2025-05-30 12:55:38,719 - INFO - Fetched: https://www.stylekorean.com:443/shop/huecalm-kintsugi-balance-toner-150ml/1737014003/
2025-05-30 12:55:39,727 - INFO - [FETCH] https://www.stylekorean.com:443/shop/skinfood-rice-brightening-toner-160ml/1736297977/
2025-05-30 12:55:41,258 - INFO - Fetched: https://www.stylekorean.com:443/shop/skinfood-rice-brightening-toner-160ml/1736297977/
2025-05-30 12:55:42,262 - INFO - [FETCH] https://www.stylekorean.com:443/shop/heveblue-phyton-squa-hyal-blue-gel-cream-110ml/1736233341/
2025-05-30 12:55:43,788 - INFO - Fetched: https://www.stylekorean.com:443/shop/heveblue-phyton-squa-hyal-blue-gel-cream-110ml/1736233341/
2025-05-30 12:55:44,798 - INFO - [FETCH] https://www.stylekorean.com:443/shop/heveblue-salmon-caring-centella-toner-200ml/1736228493/
2025-05-30 12:55:47,870 - INFO - Fetched: https://www.stylekorean.com:443/shop/heveblue-salmon-caring-centella-toner-200ml/1736228493/
2025-05-30 12:55:48,880 - INFO - [FETCH] https://www.stylekorean.com:443/shop/purito-seoul-wonder-releaf-centella-toner-200ml/1734658498/
2025-05-30 12:55:50,586 - INFO - Fetched: https://www.stylekorean.com:443/shop/purito-seoul-wonder-releaf-centella-toner-200ml/1734658498/
2025-05-30 12:55:51,593 - INFO - [FETCH] https://www.stylekorean.com:443/shop/medicube-red-toner-2.0-new-100ml/1732164985/
2025-05-30 12:55:53,395 - INFO - Fetched: https://www.stylekorean.com:443/shop/medicube-red-toner-2.0-new-100ml/1732164985/
2025-05-30 12:55:54,404 - INFO - [FETCH] https://www.stylekorean.com:443/shop/medicube-age-r-glutathione-glow-toner-140ml/1731394073/
2025-05-30 12:55:57,710 - INFO - Fetched: https://www.stylekorean.com:443/shop/medicube-age-r-glutathione-glow-toner-140ml/1731394073/
2025-05-30 12:55:58,719 - INFO - [FETCH] https://www.stylekorean.com:443/shop/dr.melaxin-tx-peeling-toner-150ml/1730968735/
2025-05-30 12:56:00,434 - INFO - Fetched: https://www.stylekorean.com:443/shop/dr.melaxin-tx-peeling-toner-150ml/1730968735/
2025-05-30 12:56:01,440 - INFO - [FETCH] https://www.stylekorean.com:443/shop/fully-green-tomato-toner-250ml/1730955197/
2025-05-30 12:56:03,195 - INFO - Fetched: https://www.stylekorean.com:443/shop/fully-green-tomato-toner-250ml/1730955197/
2025-05-30 12:56:04,203 - INFO - [FETCH] https://www.stylekorean.com:443/shop/celimax-dual-barrier-trial-kit-2ea/1730862504/
2025-05-30 12:56:05,779 - INFO - Fetched: https://www.stylekorean.com:443/shop/celimax-dual-barrier-trial-kit-2ea/1730862504/
2025-05-30 12:56:06,785 - INFO - [FETCH] https://www.stylekorean.com:443/shop/iunik-tea-tree-relief-toner-200ml/1729823528/
2025-05-30 12:56:08,284 - INFO - Fetched: https://www.stylekorean.com:443/shop/iunik-tea-tree-relief-toner-200ml/1729823528/
2025-05-30 12:56:09,288 - INFO - [FETCH] https://www.stylekorean.com:443/shop/iunik-rose-galactomyces-essential-toner-200ml/1729823175/
2025-05-30 12:56:10,776 - INFO - Fetched: https://www.stylekorean.com:443/shop/iunik-rose-galactomyces-essential-toner-200ml/1729823175/
2025-05-30 12:56:11,779 - INFO - [FETCH] https://www.stylekorean.com:443/shop/a-pieu-madecassoside-ts-cica-toner-300ml/1728958236/
2025-05-30 12:56:13,246 - INFO - Fetched: https://www.stylekorean.com:443/shop/a-pieu-madecassoside-ts-cica-toner-300ml/1728958236/
2025-05-30 12:56:14,254 - INFO - [FETCH] https://www.stylekorean.com:443/shop/vertty-tea-tree-vitamin-boosting-toner-250ml/1727071504/
2025-05-30 12:56:15,989 - INFO - Fetched: https://www.stylekorean.com:443/shop/vertty-tea-tree-vitamin-boosting-toner-250ml/1727071504/
2025-05-30 12:56:16,998 - INFO - [FETCH] https://www.stylekorean.com:443/shop/medicube-exosome-cica-toner-210ml/1725582199/
2025-05-30 12:56:19,240 - INFO - Fetched: https://www.stylekorean.com:443/shop/medicube-exosome-cica-toner-210ml/1725582199/
2025-05-30 12:56:20,249 - INFO - [FETCH] https://www.stylekorean.com:443/shop/medicube-pdrn-pink-cica-soothing-toner-250ml/1725581951/
2025-05-30 12:56:24,189 - INFO - Fetched: https://www.stylekorean.com:443/shop/medicube-pdrn-pink-cica-soothing-toner-250ml/1725581951/
2025-05-30 12:56:25,198 - INFO - [FETCH] https://www.stylekorean.com:443/shop/vt-cosmetics-renew-reedle-shot-synergy-sparkling-toner-150ml/1739514183/
2025-05-30 12:56:26,817 - INFO - Fetched: https://www.stylekorean.com:443/shop/vt-cosmetics-renew-reedle-shot-synergy-sparkling-toner-150ml/1739514183/
2025-05-30 12:56:27,825 - INFO - [FETCH] https://www.stylekorean.com:443/shop/axis-y-dark-spot-correcting-glow-toner-125ml/1723611482/
2025-05-30 12:56:30,229 - INFO - Fetched: https://www.stylekorean.com:443/shop/axis-y-dark-spot-correcting-glow-toner-125ml/1723611482/
2025-05-30 12:56:31,238 - INFO - [FETCH] https://www.stylekorean.com:443/shop/be-the-skin-vegan-redness-bakuchiol-soothing-toner-250ml/1723517552/
2025-05-30 12:56:32,973 - INFO - Fetched: https://www.stylekorean.com:443/shop/be-the-skin-vegan-redness-bakuchiol-soothing-toner-250ml/1723517552/
2025-05-30 12:56:33,979 - INFO - [FETCH] https://www.stylekorean.com:443/shop/purito-seoul-wonder-releaf-centella-toner-unscented-200ml/1722924778/
2025-05-30 12:56:35,858 - INFO - Fetched: https://www.stylekorean.com:443/shop/purito-seoul-wonder-releaf-centella-toner-unscented-200ml/1722924778/
2025-05-30 12:56:36,862 - INFO - [FETCH] https://www.stylekorean.com:443/shop/vt-cosmetics-tx-toning-toner-200ml/1722559608/
2025-05-30 12:56:38,728 - INFO - Fetched: https://www.stylekorean.com:443/shop/vt-cosmetics-tx-toning-toner-200ml/1722559608/
2025-05-30 12:56:39,738 - INFO - [FETCH] https://www.stylekorean.com:443/shop/medicube-triple-collagen-toner-4.0-140ml/1732601300/
2025-05-30 12:56:42,107 - INFO - Fetched: https://www.stylekorean.com:443/shop/medicube-triple-collagen-toner-4.0-140ml/1732601300/
2025-05-30 12:56:43,113 - INFO - [FETCH] https://www.stylekorean.com:443/shop/anua-rice-70-glow-milky-toner-250ml/1721639156/
2025-05-30 12:56:45,302 - INFO - Fetched: https://www.stylekorean.com:443/shop/anua-rice-70-glow-milky-toner-250ml/1721639156/
2025-05-30 12:56:46,307 - INFO - [FETCH] https://www.stylekorean.com:443/shop/aplb-hyaluronic-acid-ceramide-ha-b5-facial-toner-160ml/1721371993/
2025-05-30 12:56:47,978 - INFO - Fetched: https://www.stylekorean.com:443/shop/aplb-hyaluronic-acid-ceramide-ha-b5-facial-toner-160ml/1721371993/
2025-05-30 12:56:48,983 - INFO - [FETCH] https://www.stylekorean.com:443/shop/skinfood-shine-muscat-bha-toner-150ml/1721012150/
2025-05-30 12:56:50,494 - INFO - Fetched: https://www.stylekorean.com:443/shop/skinfood-shine-muscat-bha-toner-150ml/1721012150/
2025-05-30 12:56:51,502 - INFO - [FETCH] https://www.stylekorean.com:443/shop/skinfood-shine-muscat-cica-daily-mask-30ea/1721011920/
2025-05-30 12:56:52,975 - INFO - Fetched: https://www.stylekorean.com:443/shop/skinfood-shine-muscat-cica-daily-mask-30ea/1721011920/
2025-05-30 12:56:53,984 - INFO - [FETCH] https://www.stylekorean.com:443/shop/innisfree-forest-fresh-skin-180ml/1720761825/
2025-05-30 12:56:55,573 - INFO - Fetched: https://www.stylekorean.com:443/shop/innisfree-forest-fresh-skin-180ml/1720761825/
2025-05-30 12:56:56,582 - INFO - [FETCH] https://www.stylekorean.com:443/shop/a-pieu-glycolic-acid-peeling-booster-120ml/1720679706/
2025-05-30 12:56:59,925 - INFO - Fetched: https://www.stylekorean.com:443/shop/a-pieu-glycolic-acid-peeling-booster-120ml/1720679706/
2025-05-30 12:57:00,934 - INFO - [FETCH] https://www.stylekorean.com:443/shop/mixsoon-bean-toner-100ml/1719974619/
2025-05-30 12:57:02,567 - INFO - Fetched: https://www.stylekorean.com:443/shop/mixsoon-bean-toner-100ml/1719974619/
2025-05-30 12:57:03,572 - INFO - [FETCH] https://www.stylekorean.com:443/shop/tocobo-cica-calming-aqua-toner-200ml/1719302074/
2025-05-30 12:57:05,407 - INFO - Fetched: https://www.stylekorean.com:443/shop/tocobo-cica-calming-aqua-toner-200ml/1719302074/
2025-05-30 12:57:06,415 - INFO - [FETCH] https://www.stylekorean.com:443/shop/ginger6-like-white-blossom-essence-toner-150ml/1719276467/
2025-05-30 12:57:07,771 - INFO - Fetched: https://www.stylekorean.com:443/shop/ginger6-like-white-blossom-essence-toner-150ml/1719276467/
2025-05-30 12:57:08,780 - INFO - [FETCH] https://www.stylekorean.com:443/shop/g9skin-cica-teatree-5x-cream-80ml/1718169151/
2025-05-30 12:57:10,150 - INFO - Fetched: https://www.stylekorean.com:443/shop/g9skin-cica-teatree-5x-cream-80ml/1718169151/
2025-05-30 12:57:11,160 - INFO - [FETCH] https://www.stylekorean.com:443/shop/g9skin-cica-teatree-5x-toner-108ml/1718169071/
2025-05-30 12:57:12,951 - INFO - Fetched: https://www.stylekorean.com:443/shop/g9skin-cica-teatree-5x-toner-108ml/1718169071/
2025-05-30 12:57:13,958 - INFO - [FETCH] https://www.stylekorean.com:443/shop/nineless-mela-pro-rice-txa-toner-200ml/1718008923/
2025-05-30 12:57:18,987 - INFO - Fetched: https://www.stylekorean.com:443/shop/nineless-mela-pro-rice-txa-toner-200ml/1718008923/
2025-05-30 12:57:19,996 - INFO - [FETCH] https://www.stylekorean.com:443/shop/nineless-b-boost-1-kojic-acid-toner-200ml/1718008757/
2025-05-30 12:57:21,660 - INFO - Fetched: https://www.stylekorean.com:443/shop/nineless-b-boost-1-kojic-acid-toner-200ml/1718008757/
2025-05-30 12:57:22,669 - INFO - [FETCH] https://www.stylekorean.com:443/shop/mixsoon-daisy-toner-300ml/1717742007/
2025-05-30 12:57:24,348 - INFO - Fetched: https://www.stylekorean.com:443/shop/mixsoon-daisy-toner-300ml/1717742007/
2025-05-30 12:57:25,355 - INFO - [FETCH] https://www.stylekorean.com:443/shop/mixsoon-h.c.t-bubble-toner-150ml/1717737360/
2025-05-30 12:57:27,138 - INFO - Fetched: https://www.stylekorean.com:443/shop/mixsoon-h.c.t-bubble-toner-150ml/1717737360/
2025-05-30 12:57:28,148 - INFO - [FETCH] https://www.stylekorean.com:443/shop/abib-jericho-rose-pha-toner-skin-booster-200ml/1717571826/
2025-05-30 12:57:29,710 - INFO - Fetched: https://www.stylekorean.com:443/shop/abib-jericho-rose-pha-toner-skin-booster-200ml/1717571826/
2025-05-30 12:57:30,718 - INFO - [FETCH] https://www.stylekorean.com:443/shop/real-barrier-pore-bium-peeling-toner-305ml/1717569919/
2025-05-30 12:57:32,515 - INFO - Fetched: https://www.stylekorean.com:443/shop/real-barrier-pore-bium-peeling-toner-305ml/1717569919/
2025-05-30 12:57:33,524 - INFO - [FETCH] https://www.stylekorean.com:443/shop/miguhara-cica-bakuchiol-cleanse-toner-120ml/1717053613/
2025-05-30 12:57:35,660 - INFO - Fetched: https://www.stylekorean.com:443/shop/miguhara-cica-bakuchiol-cleanse-toner-120ml/1717053613/
2025-05-30 12:57:36,671 - INFO - [FETCH] https://www.stylekorean.com:443/shop/biodance-skin-refining-mild-pha-toner-150ml/1716430953/
2025-05-30 12:57:38,554 - INFO - Fetched: https://www.stylekorean.com:443/shop/biodance-skin-refining-mild-pha-toner-150ml/1716430953/
2025-05-30 12:57:39,561 - INFO - [FETCH] https://www.stylekorean.com:443/shop/biodance-first-synergy-toner-150ml/1716430700/
2025-05-30 12:57:41,281 - INFO - Fetched: https://www.stylekorean.com:443/shop/biodance-first-synergy-toner-150ml/1716430700/
2025-05-30 12:57:42,289 - INFO - [FETCH] https://www.stylekorean.com:443/shop/moonseal-moonlight-aurora-toner-120ml/1716363941/
2025-05-30 12:57:43,637 - INFO - Fetched: https://www.stylekorean.com:443/shop/moonseal-moonlight-aurora-toner-120ml/1716363941/
2025-05-30 12:57:44,644 - INFO - [FETCH] https://www.stylekorean.com:443/shop/beauty-of-joseon-glow-replenishing-rice-milk-150ml/1716172625/
2025-05-30 12:57:48,271 - INFO - Fetched: https://www.stylekorean.com:443/shop/beauty-of-joseon-glow-replenishing-rice-milk-150ml/1716172625/
2025-05-30 12:57:49,278 - INFO - [FETCH] https://www.stylekorean.com:443/shop/skinfood-carrot-carotene-mask-1ea/1713926002/
2025-05-30 12:57:54,796 - INFO - Fetched: https://www.stylekorean.com:443/shop/skinfood-carrot-carotene-mask-1ea/1713926002/
2025-05-30 12:57:55,802 - INFO - [FETCH] https://www.stylekorean.com:443/shop/acwell-licorice-ph-balancing-cleansing-toner-150ml/1712541060/
2025-05-30 12:57:59,015 - INFO - Fetched: https://www.stylekorean.com:443/shop/acwell-licorice-ph-balancing-cleansing-toner-150ml/1712541060/
2025-05-30 12:58:00,022 - INFO - [FETCH] https://www.stylekorean.com:443/shop/aplb-retinol-vitamin-c-vitamin-e-facial-toner-160ml/1713854814/
2025-05-30 12:58:01,642 - INFO - Fetched: https://www.stylekorean.com:443/shop/aplb-retinol-vitamin-c-vitamin-e-facial-toner-160ml/1713854814/
2025-05-30 12:58:02,646 - INFO - [FETCH] https://www.stylekorean.com:443/shop/mixsoon-spa-centella-toner-1000nl/1713251079/
2025-05-30 12:58:04,349 - INFO - Fetched: https://www.stylekorean.com:443/shop/mixsoon-spa-centella-toner-1000nl/1713251079/
2025-05-30 12:58:05,357 - INFO - [FETCH] https://www.stylekorean.com:443/shop/innisfree-black-tea-youth-enhancing-skin-170ml/1712039182/
2025-05-30 12:58:06,753 - INFO - Fetched: https://www.stylekorean.com:443/shop/innisfree-black-tea-youth-enhancing-skin-170ml/1712039182/
2025-05-30 12:58:07,757 - INFO - [FETCH] https://www.stylekorean.com:443/shop/innisfree-olive-vitamin-e-real-skin-170ml/1712035033/
2025-05-30 12:58:09,224 - INFO - Fetched: https://www.stylekorean.com:443/shop/innisfree-olive-vitamin-e-real-skin-170ml/1712035033/
2025-05-30 12:58:10,232 - INFO - [FETCH] https://www.stylekorean.com:443/shop/biodance-micro-dual-serum-toner-150ml/1710982141/
2025-05-30 12:58:12,081 - INFO - Fetched: https://www.stylekorean.com:443/shop/biodance-micro-dual-serum-toner-150ml/1710982141/
2025-05-30 12:58:13,085 - INFO - [FETCH] https://www.stylekorean.com:443/shop/tirtir-milk-skin-toner-light-150ml/1710912389/
2025-05-30 12:58:15,262 - INFO - Fetched: https://www.stylekorean.com:443/shop/tirtir-milk-skin-toner-light-150ml/1710912389/
2025-05-30 12:58:16,265 - INFO - [FETCH] https://www.stylekorean.com:443/shop/numbuzin-no.5-glutathione-vitamin-concentrated-toner-200ml/1710817174/
2025-05-30 12:58:19,483 - INFO - Fetched: https://www.stylekorean.com:443/shop/numbuzin-no.5-glutathione-vitamin-concentrated-toner-200ml/1710817174/
2025-05-30 12:58:20,487 - INFO - [FETCH] https://www.stylekorean.com:443/shop/aplb-collagen-egf-peptide-facial-toner-160ml/1709686332/
2025-05-30 12:58:22,138 - INFO - Fetched: https://www.stylekorean.com:443/shop/aplb-collagen-egf-peptide-facial-toner-160ml/1709686332/
2025-05-30 12:58:23,146 - INFO - [FETCH] https://www.stylekorean.com:443/shop/aplb-salicylic-acid-bha-arbutin-facial-toner-160ml/1709628143/
2025-05-30 12:58:24,780 - INFO - Fetched: https://www.stylekorean.com:443/shop/aplb-salicylic-acid-bha-arbutin-facial-toner-160ml/1709628143/
2025-05-30 12:58:25,785 - INFO - [FETCH] https://www.stylekorean.com:443/shop/barr-cosmetics-cera-intensive-barrier-toner-200ml/1706148602/
2025-05-30 12:58:27,781 - INFO - Fetched: https://www.stylekorean.com:443/shop/barr-cosmetics-cera-intensive-barrier-toner-200ml/1706148602/
2025-05-30 12:58:28,789 - INFO - [FETCH] https://www.stylekorean.com:443/shop/anua-birch-moisture-boosting-toner-250ml/1705894857/
2025-05-30 12:58:30,528 - INFO - Fetched: https://www.stylekorean.com:443/shop/anua-birch-moisture-boosting-toner-250ml/1705894857/
2025-05-30 12:58:31,535 - INFO - [FETCH] https://www.stylekorean.com:443/shop/dr.jart-ceramidin-skin-barrier-serum-toner-150ml/1705376472/
2025-05-30 12:58:33,590 - INFO - Fetched: https://www.stylekorean.com:443/shop/dr.jart-ceramidin-skin-barrier-serum-toner-150ml/1705376472/
2025-05-30 12:58:34,594 - INFO - [FETCH] https://www.stylekorean.com:443/shop/dr.g-black-snail-toner-150ml/1704856353/
2025-05-30 12:58:35,971 - INFO - Fetched: https://www.stylekorean.com:443/shop/dr.g-black-snail-toner-150ml/1704856353/
2025-05-30 12:58:36,976 - INFO - [FETCH] https://www.stylekorean.com:443/shop/nineless-a-control-azelaic-acid-toner-150ml/1703134942/
2025-05-30 12:58:43,590 - INFO - Fetched: https://www.stylekorean.com:443/shop/nineless-a-control-azelaic-acid-toner-150ml/1703134942/
2025-05-30 12:58:44,593 - INFO - [FETCH] https://www.stylekorean.com:443/shop/mixsoon-bifida-toner-300ml/1702537809/
2025-05-30 12:58:46,298 - INFO - Fetched: https://www.stylekorean.com:443/shop/mixsoon-bifida-toner-300ml/1702537809/
2025-05-30 12:58:47,306 - INFO - [FETCH] https://www.stylekorean.com:443/shop/pyunkang-yul-ultimate-calming-solution-toner-110ml/1702262408/
2025-05-30 12:58:50,025 - INFO - Fetched: https://www.stylekorean.com:443/shop/pyunkang-yul-ultimate-calming-solution-toner-110ml/1702262408/
2025-05-30 12:58:51,029 - INFO - [FETCH] https://www.stylekorean.com:443/shop/belif-problem-solution-vegan-toner-150ml/1701997993/
2025-05-30 12:58:52,665 - INFO - Fetched: https://www.stylekorean.com:443/shop/belif-problem-solution-vegan-toner-150ml/1701997993/
2025-05-30 12:58:53,668 - INFO - [FETCH] https://www.stylekorean.com:443/shop/belif-super-drops-hyalucid-water-treatment-150ml/1701997050/
2025-05-30 12:58:55,244 - INFO - Fetched: https://www.stylekorean.com:443/shop/belif-super-drops-hyalucid-water-treatment-150ml/1701997050/
2025-05-30 12:58:56,249 - INFO - [FETCH] https://www.stylekorean.com:443/shop/mixsoon-bean-toner-300ml/1701933879/
2025-05-30 12:58:58,802 - INFO - Fetched: https://www.stylekorean.com:443/shop/mixsoon-bean-toner-300ml/1701933879/
2025-05-30 12:58:59,809 - INFO - [FETCH] https://www.stylekorean.com:443/shop/aplb-glutathione-niacinamide-facial-toner-160ml/1701755499/
2025-05-30 12:59:02,200 - INFO - Fetched: https://www.stylekorean.com:443/shop/aplb-glutathione-niacinamide-facial-toner-160ml/1701755499/
2025-05-30 12:59:03,205 - INFO - [FETCH] https://www.stylekorean.com:443/shop/rovectin-renewal-calming-lotus-toner-200ml/1701409404/
2025-05-30 12:59:04,953 - INFO - Fetched: https://www.stylekorean.com:443/shop/rovectin-renewal-calming-lotus-toner-200ml/1701409404/
2025-05-30 12:59:05,957 - INFO - [FETCH] https://www.stylekorean.com:443/shop/celimax-renew-dual-barrier-creamy-toner-150ml/1701330408/
2025-05-30 12:59:09,339 - INFO - Fetched: https://www.stylekorean.com:443/shop/celimax-renew-dual-barrier-creamy-toner-150ml/1701330408/
2025-05-30 12:59:10,348 - INFO - [FETCH] https://www.stylekorean.com:443/shop/benton-heart-leaf-toner-150ml/1701311626/
2025-05-30 12:59:12,289 - INFO - Fetched: https://www.stylekorean.com:443/shop/benton-heart-leaf-toner-150ml/1701311626/
2025-05-30 12:59:13,292 - INFO - [FETCH] https://www.stylekorean.com:443/shop/pyunkang-yul-brightening-vita-toner-150ml/1701309175/
2025-05-30 12:59:15,281 - INFO - Fetched: https://www.stylekorean.com:443/shop/pyunkang-yul-brightening-vita-toner-150ml/1701309175/
2025-05-30 12:59:16,287 - INFO - [FETCH] https://www.stylekorean.com:443/shop/laneige-renewal-cream-skin-cerapeptide-refiner-170ml/1700711880/
2025-05-30 12:59:17,834 - INFO - Fetched: https://www.stylekorean.com:443/shop/laneige-renewal-cream-skin-cerapeptide-refiner-170ml/1700711880/
2025-05-30 12:59:18,843 - INFO - [FETCH] https://www.stylekorean.com:443/shop/belif-stress-shooter-cica-soothing-toner-200ml/1700543970/
2025-05-30 12:59:20,528 - INFO - Fetched: https://www.stylekorean.com:443/shop/belif-stress-shooter-cica-soothing-toner-200ml/1700543970/
2025-05-30 12:59:21,537 - INFO - [FETCH] https://www.stylekorean.com:443/shop/etude-soonjung-ph-5.5-relief-toner-350ml/1698806287/
2025-05-30 12:59:23,266 - INFO - Fetched: https://www.stylekorean.com:443/shop/etude-soonjung-ph-5.5-relief-toner-350ml/1698806287/
2025-05-30 12:59:24,270 - INFO - [FETCH] https://www.stylekorean.com:443/shop/numbuzin-no.4-hydration-glow-mineral-toner-200ml/1698112866/
2025-05-30 12:59:25,984 - INFO - Fetched: https://www.stylekorean.com:443/shop/numbuzin-no.4-hydration-glow-mineral-toner-200ml/1698112866/
2025-05-30 12:59:26,992 - INFO - [FETCH] https://www.stylekorean.com:443/shop/anua-renewal-peach-77-niacin-essence-toner-250ml/1745997317/
2025-05-30 12:59:28,820 - INFO - Fetched: https://www.stylekorean.com:443/shop/anua-renewal-peach-77-niacin-essence-toner-250ml/1745997317/
2025-05-30 12:59:29,829 - INFO - [FETCH] https://www.stylekorean.com:443/shop/anua-heartleaf-toner-cleansing-oil-set/1694765255/
2025-05-30 12:59:31,879 - INFO - Fetched: https://www.stylekorean.com:443/shop/anua-heartleaf-toner-cleansing-oil-set/1694765255/
2025-05-30 12:59:32,886 - INFO - [FETCH] https://www.stylekorean.com:443/shop/belif-aqua-bomb-hydrating-toner-200ml/1692751005/
2025-05-30 12:59:35,184 - INFO - Fetched: https://www.stylekorean.com:443/shop/belif-aqua-bomb-hydrating-toner-200ml/1692751005/
2025-05-30 12:59:36,193 - INFO - [FETCH] https://www.stylekorean.com:443/shop/belif-witch-hazel-herbal-extract-toner-200ml/1692687766/
2025-05-30 12:59:38,033 - INFO - Fetched: https://www.stylekorean.com:443/shop/belif-witch-hazel-herbal-extract-toner-200ml/1692687766/
2025-05-30 12:59:39,037 - INFO - [FETCH] https://www.stylekorean.com:443/shop/belif-eucalyptus-herbal-extract-toner-200ml/1692687494/
2025-05-30 12:59:40,769 - INFO - Fetched: https://www.stylekorean.com:443/shop/belif-eucalyptus-herbal-extract-toner-200ml/1692687494/
2025-05-30 12:59:41,779 - INFO - [FETCH] https://www.stylekorean.com:443/shop/belif-bergamot-herbal-extract-toner-200ml/1692687006/
2025-05-30 12:59:43,498 - INFO - Fetched: https://www.stylekorean.com:443/shop/belif-bergamot-herbal-extract-toner-200ml/1692687006/
2025-05-30 12:59:44,502 - INFO - [FETCH] https://www.stylekorean.com:443/shop/melixir-vegan-green-tea-balancing-toner-290ml/1689911033/
2025-05-30 12:59:46,191 - INFO - Fetched: https://www.stylekorean.com:443/shop/melixir-vegan-green-tea-balancing-toner-290ml/1689911033/
2025-05-30 12:59:47,200 - INFO - [FETCH] https://www.stylekorean.com:443/shop/round-lab-pine-calming-cica-toner-250ml/1731375343/
2025-05-30 12:59:48,863 - INFO - Fetched: https://www.stylekorean.com:443/shop/round-lab-pine-calming-cica-toner-250ml/1731375343/
2025-05-30 12:59:49,872 - INFO - [FETCH] https://www.stylekorean.com:443/shop/mary-may-vegan-cica-teatree-toner-special-set/1685674157/
2025-05-30 12:59:51,531 - INFO - Fetched: https://www.stylekorean.com:443/shop/mary-may-vegan-cica-teatree-toner-special-set/1685674157/
2025-05-30 12:59:52,540 - INFO - [FETCH] https://www.stylekorean.com:443/shop/skin-lab-tricicabarrier-soothing-toner-150ml/1685412689/
2025-05-30 12:59:54,091 - INFO - Fetched: https://www.stylekorean.com:443/shop/skin-lab-tricicabarrier-soothing-toner-150ml/1685412689/
2025-05-30 12:59:55,103 - INFO - [FETCH] https://www.stylekorean.com:443/shop/ariul-green-vitamin-c-balancing-toner-150ml/1685065352/
2025-05-30 12:59:56,772 - INFO - Fetched: https://www.stylekorean.com:443/shop/ariul-green-vitamin-c-balancing-toner-150ml/1685065352/
2025-05-30 12:59:57,780 - INFO - [FETCH] https://www.stylekorean.com:443/shop/goodal-houttuynia-cordata-calming-moisture-toner-300ml/1684282187/
2025-05-30 12:59:59,623 - INFO - Fetched: https://www.stylekorean.com:443/shop/goodal-houttuynia-cordata-calming-moisture-toner-300ml/1684282187/
2025-05-30 13:00:00,632 - INFO - [FETCH] https://www.stylekorean.com:443/shop/farmstay-citrus-yuja-vitalizing-toner-280ml/1682062632/
2025-05-30 13:00:02,296 - INFO - Fetched: https://www.stylekorean.com:443/shop/farmstay-citrus-yuja-vitalizing-toner-280ml/1682062632/
2025-05-30 13:00:03,306 - INFO - [FETCH] https://www.stylekorean.com:443/shop/some-by-mi-beta-panthenol-repair-toner-150ml/1679477616/
2025-05-30 13:00:06,096 - INFO - Fetched: https://www.stylekorean.com:443/shop/some-by-mi-beta-panthenol-repair-toner-150ml/1679477616/
2025-05-30 13:00:07,100 - INFO - [FETCH] https://www.stylekorean.com:443/shop/dr.althea-anastatica-skin-conditioning-toner-250ml/1676597046/
2025-05-30 13:00:09,688 - INFO - Fetched: https://www.stylekorean.com:443/shop/dr.althea-anastatica-skin-conditioning-toner-250ml/1676597046/
2025-05-30 13:00:10,697 - INFO - [FETCH] https://www.stylekorean.com:443/shop/make-prem-safe-me-relief-essence-toner-400ml/1676519349/
2025-05-30 13:00:12,412 - INFO - Fetched: https://www.stylekorean.com:443/shop/make-prem-safe-me-relief-essence-toner-400ml/1676519349/
2025-05-30 13:00:13,417 - INFO - [FETCH] https://www.stylekorean.com:443/shop/make-prem-intecasoothing-toner-200ml/1676518073/
2025-05-30 13:00:15,116 - INFO - Fetched: https://www.stylekorean.com:443/shop/make-prem-intecasoothing-toner-200ml/1676518073/
2025-05-30 13:00:16,126 - INFO - [FETCH] https://www.stylekorean.com:443/shop/skin1004-madagascar-centella-probio-cica-essence-toner-210ml/1676513538/
2025-05-30 13:00:20,300 - INFO - Fetched: https://www.stylekorean.com:443/shop/skin1004-madagascar-centella-probio-cica-essence-toner-210ml/1676513538/
2025-05-30 13:00:21,309 - INFO - [FETCH] https://www.stylekorean.com:443/shop/laneige-renewal-cream-skin-refiner-170ml-refill/1704857961/
2025-05-30 13:00:23,159 - INFO - Fetched: https://www.stylekorean.com:443/shop/laneige-renewal-cream-skin-refiner-170ml-refill/1704857961/
2025-05-30 13:00:24,168 - INFO - [FETCH] https://www.stylekorean.com:443/shop/isntree-ultra-low-molecular-hyaluronic-acid-toner-300ml/1674114154/
2025-05-30 13:00:28,181 - INFO - Fetched: https://www.stylekorean.com:443/shop/isntree-ultra-low-molecular-hyaluronic-acid-toner-300ml/1674114154/
2025-05-30 13:00:29,188 - INFO - [FETCH] https://www.stylekorean.com:443/shop/numbuzin-no.1-pure-full-calming-herb-toner-300ml/1673485512/
2025-05-30 13:00:33,302 - INFO - Fetched: https://www.stylekorean.com:443/shop/numbuzin-no.1-pure-full-calming-herb-toner-300ml/1673485512/
2025-05-30 13:00:34,312 - INFO - [FETCH] https://www.stylekorean.com:443/shop/benton-renewal-deep-green-tea-toner-150ml/1671069382/
2025-05-30 13:00:36,213 - INFO - Fetched: https://www.stylekorean.com:443/shop/benton-renewal-deep-green-tea-toner-150ml/1671069382/
2025-05-30 13:00:37,219 - INFO - [FETCH] https://www.stylekorean.com:443/shop/haruharu-wonder-black-rice-hyaluronic-toner-300ml-for-sensitive/1669011154/
2025-05-30 13:00:39,419 - INFO - Fetched: https://www.stylekorean.com:443/shop/haruharu-wonder-black-rice-hyaluronic-toner-300ml-for-sensitive/1669011154/
2025-05-30 13:00:40,424 - INFO - [FETCH] https://www.stylekorean.com:443/shop/benton-renewal-snail-bee-high-content-skin-toner-150ml/1685490894/
2025-05-30 13:00:41,895 - INFO - Fetched: https://www.stylekorean.com:443/shop/benton-renewal-snail-bee-high-content-skin-toner-150ml/1685490894/
2025-05-30 13:00:42,903 - INFO - [FETCH] https://www.stylekorean.com:443/shop/isntree-yam-root-vegan-milk-toner-200ml/1665994246/
2025-05-30 13:00:45,002 - INFO - Fetched: https://www.stylekorean.com:443/shop/isntree-yam-root-vegan-milk-toner-200ml/1665994246/
2025-05-30 13:00:46,009 - INFO - [FETCH] https://www.stylekorean.com:443/shop/mixsoon-heartleaf-toner-150ml/1663639120/
2025-05-30 13:00:47,687 - INFO - Fetched: https://www.stylekorean.com:443/shop/mixsoon-heartleaf-toner-150ml/1663639120/
2025-05-30 13:00:48,692 - INFO - [FETCH] https://www.stylekorean.com:443/shop/mixsoon-bifida-toner-150ml/1663638581/
2025-05-30 13:00:50,410 - INFO - Fetched: https://www.stylekorean.com:443/shop/mixsoon-bifida-toner-150ml/1663638581/
2025-05-30 13:00:51,415 - INFO - [FETCH] https://www.stylekorean.com:443/shop/kaine-kombu-balancing-ampoule-toner-150ml/1663570316/
2025-05-30 13:00:52,958 - INFO - Fetched: https://www.stylekorean.com:443/shop/kaine-kombu-balancing-ampoule-toner-150ml/1663570316/
2025-05-30 13:00:53,965 - INFO - [FETCH] https://www.stylekorean.com:443/shop/mixsoon-centella-asiatica-toner-150ml/1663229319/
2025-05-30 13:00:55,636 - INFO - Fetched: https://www.stylekorean.com:443/shop/mixsoon-centella-asiatica-toner-150ml/1663229319/
2025-05-30 13:00:56,641 - INFO - [FETCH] https://www.stylekorean.com:443/shop/isntree-chestnut-bha-0.9-clear-toner-200ml/1663228353/
2025-05-30 13:00:59,352 - INFO - Fetched: https://www.stylekorean.com:443/shop/isntree-chestnut-bha-0.9-clear-toner-200ml/1663228353/
2025-05-30 13:01:00,362 - INFO - [FETCH] https://www.stylekorean.com:443/shop/beauty-of-joseon-renewal-green-plum-refreshing-toner-aha-bha-150ml/1711519335/
2025-05-30 13:01:02,495 - INFO - Fetched: https://www.stylekorean.com:443/shop/beauty-of-joseon-renewal-green-plum-refreshing-toner-aha-bha-150ml/1711519335/
2025-05-30 13:01:03,505 - INFO - [FETCH] https://www.stylekorean.com:443/shop/numbuzin-no.3-super-glowing-essence-toner-200ml/1660713822/
2025-05-30 13:01:07,198 - INFO - Fetched: https://www.stylekorean.com:443/shop/numbuzin-no.3-super-glowing-essence-toner-200ml/1660713822/
2025-05-30 13:01:08,208 - INFO - [FETCH] https://www.stylekorean.com:443/shop/tirtir-milk-skin-150ml/1659342482/
2025-05-30 13:01:09,869 - INFO - Fetched: https://www.stylekorean.com:443/shop/tirtir-milk-skin-150ml/1659342482/
2025-05-30 13:01:10,878 - INFO - [FETCH] https://www.stylekorean.com:443/shop/heimish-matcha-biome-redness-relief-hydrating-toner-150ml/1658115319/
2025-05-30 13:01:12,829 - INFO - Fetched: https://www.stylekorean.com:443/shop/heimish-matcha-biome-redness-relief-hydrating-toner-150ml/1658115319/
2025-05-30 13:01:13,839 - INFO - [FETCH] https://www.stylekorean.com:443/shop/benton-renewal-aloe-bha-skin-toner-200ml/1655261908/
2025-05-30 13:01:16,620 - INFO - Fetched: https://www.stylekorean.com:443/shop/benton-renewal-aloe-bha-skin-toner-200ml/1655261908/
2025-05-30 13:01:17,630 - INFO - [FETCH] https://www.stylekorean.com:443/shop/jumiso-all-day-vitamin-glow-boost-facial-toner-125ml/1654738287/
2025-05-30 13:01:20,035 - INFO - Fetched: https://www.stylekorean.com:443/shop/jumiso-all-day-vitamin-glow-boost-facial-toner-125ml/1654738287/
2025-05-30 13:01:21,042 - INFO - [FETCH] https://www.stylekorean.com:443/shop/skin1004-timedeal-madagascar-centella-tea-trica-purifying-toner-210ml/1654573331/
2025-05-30 13:01:25,540 - INFO - Fetched: https://www.stylekorean.com:443/shop/skin1004-timedeal-madagascar-centella-tea-trica-purifying-toner-210ml/1654573331/
2025-05-30 13:01:26,550 - INFO - [FETCH] https://www.stylekorean.com:443/shop/mary-may-vegan-cica-tea-tree-aha-pha-blemish-toner-200ml/1653545427/
2025-05-30 13:01:28,827 - INFO - Fetched: https://www.stylekorean.com:443/shop/mary-may-vegan-cica-tea-tree-aha-pha-blemish-toner-200ml/1653545427/
2025-05-30 13:01:29,837 - INFO - [FETCH] https://www.stylekorean.com:443/shop/round-lab-mugwort-calming-toner-300ml/1653282446/
2025-05-30 13:01:31,794 - INFO - Fetched: https://www.stylekorean.com:443/shop/round-lab-mugwort-calming-toner-300ml/1653282446/
2025-05-30 13:01:32,805 - INFO - [FETCH] https://www.stylekorean.com:443/shop/round-lab-birch-juice-moisturizing-toner-300ml/1653277781/
2025-05-30 13:01:34,543 - INFO - Fetched: https://www.stylekorean.com:443/shop/round-lab-birch-juice-moisturizing-toner-300ml/1653277781/
2025-05-30 13:01:35,553 - INFO - [FETCH] https://www.stylekorean.com:443/shop/round-lab-renewal-1025-dokdo-toner-500ml/1732583897/
2025-05-30 13:01:37,829 - INFO - Fetched: https://www.stylekorean.com:443/shop/round-lab-renewal-1025-dokdo-toner-500ml/1732583897/
2025-05-30 13:01:38,836 - INFO - [FETCH] https://www.stylekorean.com:443/shop/round-lab-renewal-1025-dokdo-toner-200ml/1744765789/
2025-05-30 13:01:41,587 - INFO - Fetched: https://www.stylekorean.com:443/shop/round-lab-renewal-1025-dokdo-toner-200ml/1744765789/
2025-05-30 13:01:42,600 - INFO - [FETCH] https://www.stylekorean.com:443/shop/round-lab-mini-1025-dokdo-toner-100ml/1683769810/
2025-05-30 13:01:44,571 - INFO - Fetched: https://www.stylekorean.com:443/shop/round-lab-mini-1025-dokdo-toner-100ml/1683769810/
2025-05-30 13:01:45,577 - INFO - [FETCH] https://www.stylekorean.com:443/shop/tocobo-vita-berry-pore-toner-150ml/1653272696/
2025-05-30 13:01:48,081 - INFO - Fetched: https://www.stylekorean.com:443/shop/tocobo-vita-berry-pore-toner-150ml/1653272696/
2025-05-30 13:01:49,093 - INFO - [FETCH] https://www.stylekorean.com:443/shop/benton-fermentation-galactomyces99-skin-toner-150ml/1651476649/
2025-05-30 13:01:51,147 - INFO - Fetched: https://www.stylekorean.com:443/shop/benton-fermentation-galactomyces99-skin-toner-150ml/1651476649/
2025-05-30 13:01:52,153 - INFO - [FETCH] https://www.stylekorean.com:443/shop/benton-snail-bee-ultimate-toner-150ml/1651475570/
2025-05-30 13:01:54,008 - INFO - Fetched: https://www.stylekorean.com:443/shop/benton-snail-bee-ultimate-toner-150ml/1651475570/
2025-05-30 13:01:55,016 - INFO - [FETCH] https://www.stylekorean.com:443/shop/pyunkang-yul-mist-toner-100ml-pouch-set/1651022504/
2025-05-30 13:01:57,464 - INFO - Fetched: https://www.stylekorean.com:443/shop/pyunkang-yul-mist-toner-100ml-pouch-set/1651022504/
2025-05-30 13:01:58,470 - INFO - [FETCH] https://www.stylekorean.com:443/shop/dr.ceuracle-pro-balance-biotics-toner-300ml/1647919603/
2025-05-30 13:01:59,817 - INFO - Fetched: https://www.stylekorean.com:443/shop/dr.ceuracle-pro-balance-biotics-toner-300ml/1647919603/
2025-05-30 13:02:00,824 - INFO - [FETCH] https://www.stylekorean.com:443/shop/cosrx-ac-collection-calming-liquid-mild-125ml/1647827589/
2025-05-30 13:02:02,712 - INFO - Fetched: https://www.stylekorean.com:443/shop/cosrx-ac-collection-calming-liquid-mild-125ml/1647827589/
2025-05-30 13:02:03,720 - INFO - [FETCH] https://www.stylekorean.com:443/shop/etude-moistfull-collagen-toner-200ml/1647330740/
2025-05-30 13:02:05,301 - INFO - Fetched: https://www.stylekorean.com:443/shop/etude-moistfull-collagen-toner-200ml/1647330740/
2025-05-30 13:02:06,308 - INFO - [FETCH] https://www.stylekorean.com:443/shop/skin1004-madagascar-centella-poremizing-clear-toner-210ml/1647316643/
2025-05-30 13:02:10,693 - INFO - Fetched: https://www.stylekorean.com:443/shop/skin1004-madagascar-centella-poremizing-clear-toner-210ml/1647316643/
2025-05-30 13:02:11,703 - INFO - [FETCH] https://www.stylekorean.com:443/shop/dr.ceuracle-cica-regen-92-toner-120ml/1647240919/
2025-05-30 13:02:13,267 - INFO - Fetched: https://www.stylekorean.com:443/shop/dr.ceuracle-cica-regen-92-toner-120ml/1647240919/
2025-05-30 13:02:14,273 - INFO - [FETCH] https://www.stylekorean.com:443/shop/skin1004-madagascar-centella-toning-toner-30ml/1643944987/
2025-05-30 13:02:18,571 - INFO - Fetched: https://www.stylekorean.com:443/shop/skin1004-madagascar-centella-toning-toner-30ml/1643944987/
2025-05-30 13:02:19,578 - INFO - [FETCH] https://www.stylekorean.com:443/shop/skin1004-madagascar-centella-tone-brightening-boosting-toner-210ml/1639631081/
2025-05-30 13:02:22,342 - INFO - Fetched: https://www.stylekorean.com:443/shop/skin1004-madagascar-centella-tone-brightening-boosting-toner-210ml/1639631081/
2025-05-30 13:02:23,353 - INFO - [FETCH] https://www.stylekorean.com:443/shop/skin1004-madagascar-centella-hyalu-cica-brightening-toner-210ml/1639626466/
2025-05-30 13:02:25,030 - INFO - Fetched: https://www.stylekorean.com:443/shop/skin1004-madagascar-centella-hyalu-cica-brightening-toner-210ml/1639626466/
2025-05-30 13:02:26,037 - INFO - [FETCH] https://www.stylekorean.com:443/shop/secret-key-hyaluron-aqua-soft-toner-500ml/1638414640/
2025-05-30 13:02:27,791 - INFO - Fetched: https://www.stylekorean.com:443/shop/secret-key-hyaluron-aqua-soft-toner-500ml/1638414640/
2025-05-30 13:02:28,799 - INFO - [FETCH] https://www.stylekorean.com:443/shop/abib-heartleaf-calming-toner-skin-booster-200ml/1638242087/
2025-05-30 13:02:30,545 - INFO - Fetched: https://www.stylekorean.com:443/shop/abib-heartleaf-calming-toner-skin-booster-200ml/1638242087/
2025-05-30 13:02:31,552 - INFO - [FETCH] https://www.stylekorean.com:443/shop/pyunkang-yul-black-tea-deep-infusion-toner-130ml/1638172718/
2025-05-30 13:02:33,429 - INFO - Fetched: https://www.stylekorean.com:443/shop/pyunkang-yul-black-tea-deep-infusion-toner-130ml/1638172718/
2025-05-30 13:02:34,437 - INFO - [FETCH] https://www.stylekorean.com:443/shop/skin1004-madagascar-centella-toning-toner-210ml/1637301303/
2025-05-30 13:02:36,986 - INFO - Fetched: https://www.stylekorean.com:443/shop/skin1004-madagascar-centella-toning-toner-210ml/1637301303/
2025-05-30 13:02:37,998 - INFO - [FETCH] https://www.stylekorean.com:443/shop/skin1004-madagascar-centella-toning-toner-400ml/1637300322/
2025-05-30 13:02:40,999 - INFO - Fetched: https://www.stylekorean.com:443/shop/skin1004-madagascar-centella-toning-toner-400ml/1637300322/
2025-05-30 13:02:42,007 - INFO - [FETCH] https://www.stylekorean.com:443/shop/tocobo-aha-bha-lemon-toner-150ml/1636963912/
2025-05-30 13:02:44,918 - INFO - Fetched: https://www.stylekorean.com:443/shop/tocobo-aha-bha-lemon-toner-150ml/1636963912/
2025-05-30 13:02:45,942 - INFO - [FETCH] https://www.stylekorean.com:443/shop/farmstay-tea-tree-biome-calming-toner-200ml/1635924720/
2025-05-30 13:02:47,460 - INFO - Fetched: https://www.stylekorean.com:443/shop/farmstay-tea-tree-biome-calming-toner-200ml/1635924720/
2025-05-30 13:02:48,471 - INFO - [FETCH] https://www.stylekorean.com:443/shop/isntree-onion-newpair-essence-toner-200ml/1635132110/
2025-05-30 13:02:50,464 - INFO - Fetched: https://www.stylekorean.com:443/shop/isntree-onion-newpair-essence-toner-200ml/1635132110/
2025-05-30 13:02:51,474 - INFO - [FETCH] https://www.stylekorean.com:443/shop/tiam-vita-b3-mist-toner-200ml/1657694290/
2025-05-30 13:02:54,105 - INFO - Fetched: https://www.stylekorean.com:443/shop/tiam-vita-b3-mist-toner-200ml/1657694290/
2025-05-30 13:02:55,116 - INFO - [FETCH] https://www.stylekorean.com:443/shop/isntree-chestnut-bha-2-clear-liquid-100ml/1632979611/
2025-05-30 13:02:57,591 - INFO - Fetched: https://www.stylekorean.com:443/shop/isntree-chestnut-bha-2-clear-liquid-100ml/1632979611/
2025-05-30 13:02:58,603 - INFO - [FETCH] https://www.stylekorean.com:443/shop/missha-renewal-super-aqua-ultra-hyalron-skin-essence-200ml/1630638737/
2025-05-30 13:03:00,231 - INFO - Fetched: https://www.stylekorean.com:443/shop/missha-renewal-super-aqua-ultra-hyalron-skin-essence-200ml/1630638737/
2025-05-30 13:03:01,237 - INFO - [FETCH] https://www.stylekorean.com:443/shop/be-the-skin-bha-pore-zero-toner-150ml/1627865862/
2025-05-30 13:03:02,838 - INFO - Fetched: https://www.stylekorean.com:443/shop/be-the-skin-bha-pore-zero-toner-150ml/1627865862/
2025-05-30 13:03:03,847 - INFO - [FETCH] https://www.stylekorean.com:443/shop/be-the-skin-botanical-pore-toner-150ml/1626079258/
2025-05-30 13:03:05,465 - INFO - Fetched: https://www.stylekorean.com:443/shop/be-the-skin-botanical-pore-toner-150ml/1626079258/
2025-05-30 13:03:06,478 - INFO - [FETCH] https://www.stylekorean.com:443/shop/mary-may-vitamin-b5-bifida-toner-120ml/1623808160/
2025-05-30 13:03:08,547 - INFO - Fetched: https://www.stylekorean.com:443/shop/mary-may-vitamin-b5-bifida-toner-120ml/1623808160/
2025-05-30 13:03:09,559 - INFO - [FETCH] https://www.stylekorean.com:443/shop/hyggee-relief-chamomile-gel-toner-200ml/1623135284/
2025-05-30 13:03:11,521 - INFO - Fetched: https://www.stylekorean.com:443/shop/hyggee-relief-chamomile-gel-toner-200ml/1623135284/
2025-05-30 13:03:12,528 - INFO - [FETCH] https://www.stylekorean.com:443/shop/haruharu-wonder-black-rice-hyaluronic-toner-150ml-for-sensitive-skin/1622596092/
2025-05-30 13:03:15,514 - INFO - Fetched: https://www.stylekorean.com:443/shop/haruharu-wonder-black-rice-hyaluronic-toner-150ml-for-sensitive-skin/1622596092/
2025-05-30 13:03:16,526 - INFO - [FETCH] https://www.stylekorean.com:443/shop/tiam-ac-fighting-pha-12-purifying-liquid/1622095070/
2025-05-30 13:03:18,270 - INFO - Fetched: https://www.stylekorean.com:443/shop/tiam-ac-fighting-pha-12-purifying-liquid/1622095070/
2025-05-30 13:03:19,276 - INFO - [FETCH] https://www.stylekorean.com:443/shop/acwell-real-aqua-balancing-toner-160ml/1620119580/
2025-05-30 13:03:20,690 - INFO - Fetched: https://www.stylekorean.com:443/shop/acwell-real-aqua-balancing-toner-160ml/1620119580/
2025-05-30 13:03:21,699 - INFO - [FETCH] https://www.stylekorean.com:443/shop/jumiso-timedeal-waterfull-hyaluronic-toner-250ml/1619405438/
2025-05-30 13:03:26,143 - INFO - Fetched: https://www.stylekorean.com:443/shop/jumiso-timedeal-waterfull-hyaluronic-toner-250ml/1619405438/
2025-05-30 13:03:27,154 - INFO - [FETCH] https://www.stylekorean.com:443/shop/round-lab-soybean-nourishing-toner-300ml/1615858533/
2025-05-30 13:03:28,822 - INFO - Fetched: https://www.stylekorean.com:443/shop/round-lab-soybean-nourishing-toner-300ml/1615858533/
2025-05-30 13:03:29,832 - INFO - [FETCH] https://www.stylekorean.com:443/shop/missha-vita-c-plus-brightening-toner-200ml/1613465138/
2025-05-30 13:03:32,935 - INFO - Fetched: https://www.stylekorean.com:443/shop/missha-vita-c-plus-brightening-toner-200ml/1613465138/
2025-05-30 13:03:33,943 - INFO - [FETCH] https://www.stylekorean.com:443/shop/pyunkang-yul-calming-deep-moisture-toner-150ml/1609394928/
2025-05-30 13:03:35,645 - INFO - Fetched: https://www.stylekorean.com:443/shop/pyunkang-yul-calming-deep-moisture-toner-150ml/1609394928/
2025-05-30 13:03:36,652 - INFO - [FETCH] https://www.stylekorean.com:443/shop/aromatica-renewal-tea-tree-balancing-toner-200ml/1606806690/
2025-05-30 13:03:38,133 - INFO - Fetched: https://www.stylekorean.com:443/shop/aromatica-renewal-tea-tree-balancing-toner-200ml/1606806690/
2025-05-30 13:03:39,141 - INFO - [FETCH] https://www.stylekorean.com:443/shop/axis-y-daily-purifying-treatment-toner-200ml/1606789862/
2025-05-30 13:03:41,168 - INFO - Fetched: https://www.stylekorean.com:443/shop/axis-y-daily-purifying-treatment-toner-200ml/1606789862/
2025-05-30 13:03:42,176 - INFO - [FETCH] https://www.stylekorean.com:443/shop/beauty-of-joseon-ginseng-essence-water-150ml/1603684458/
2025-05-30 13:03:44,835 - INFO - Fetched: https://www.stylekorean.com:443/shop/beauty-of-joseon-ginseng-essence-water-150ml/1603684458/
2025-05-30 13:03:45,845 - INFO - [FETCH] https://www.stylekorean.com:443/shop/some-by-mi-renewal-super-matcha-pore-tightening-toner-150ml/1603678632/
2025-05-30 13:03:48,486 - INFO - Fetched: https://www.stylekorean.com:443/shop/some-by-mi-renewal-super-matcha-pore-tightening-toner-150ml/1603678632/
2025-05-30 13:03:49,497 - INFO - [FETCH] https://www.stylekorean.com:443/shop/celimax-renewal-noni-moisture-balancing-toner-150ml/1717477522/
2025-05-30 13:03:53,178 - INFO - Fetched: https://www.stylekorean.com:443/shop/celimax-renewal-noni-moisture-balancing-toner-150ml/1717477522/
2025-05-30 13:03:54,185 - INFO - [FETCH] https://www.stylekorean.com:443/shop/toun28-ph-balancing-toner-250ml/1613954288/
2025-05-30 13:03:55,953 - INFO - Fetched: https://www.stylekorean.com:443/shop/toun28-ph-balancing-toner-250ml/1613954288/
2025-05-30 13:03:56,964 - INFO - [FETCH] https://www.stylekorean.com:443/shop/miguhara-moisture-perfection-skin-400ml/1596079075/
2025-05-30 13:03:58,537 - INFO - Fetched: https://www.stylekorean.com:443/shop/miguhara-moisture-perfection-skin-400ml/1596079075/
2025-05-30 13:03:59,547 - INFO - [FETCH] https://www.stylekorean.com:443/shop/anua-size-up-heartleaf-77-soothing-toner-500ml/1600221690/
2025-05-30 13:04:02,282 - INFO - Fetched: https://www.stylekorean.com:443/shop/anua-size-up-heartleaf-77-soothing-toner-500ml/1600221690/
2025-05-30 13:04:03,290 - INFO - [FETCH] https://www.stylekorean.com:443/shop/anua-heartleaf-77-soothing-toner-250ml/1685500315/
2025-05-30 13:04:05,321 - INFO - Fetched: https://www.stylekorean.com:443/shop/anua-heartleaf-77-soothing-toner-250ml/1685500315/
2025-05-30 13:04:06,333 - INFO - [FETCH] https://www.stylekorean.com:443/shop/tiam-renewal-ac-fighting-aha-bha-pha-toner-180ml/1592287559/
2025-05-30 13:04:08,357 - INFO - Fetched: https://www.stylekorean.com:443/shop/tiam-renewal-ac-fighting-aha-bha-pha-toner-180ml/1592287559/
2025-05-30 13:04:09,365 - INFO - [FETCH] https://www.stylekorean.com:443/shop/dr.g-r.e.d-blemish-clear-soothing-toner-300ml/1686546907/
2025-05-30 13:04:11,011 - INFO - Fetched: https://www.stylekorean.com:443/shop/dr.g-r.e.d-blemish-clear-soothing-toner-300ml/1686546907/
2025-05-30 13:04:12,021 - INFO - [FETCH] https://www.stylekorean.com:443/shop/lagom-renewal-cellus-revive-essence-toner-200ml/1711425025/
2025-05-30 13:04:13,552 - INFO - Fetched: https://www.stylekorean.com:443/shop/lagom-renewal-cellus-revive-essence-toner-200ml/1711425025/
2025-05-30 13:04:14,559 - INFO - [FETCH] https://www.stylekorean.com:443/shop/amplen-hyaluronshot-toner-220ml/1690938256/
2025-05-30 13:04:16,735 - INFO - Fetched: https://www.stylekorean.com:443/shop/amplen-hyaluronshot-toner-220ml/1690938256/
2025-05-30 13:04:17,746 - INFO - [FETCH] https://www.stylekorean.com:443/shop/cosrx-propolis-synergy-toner-150ml/1591684257/
2025-05-30 13:04:20,949 - INFO - Fetched: https://www.stylekorean.com:443/shop/cosrx-propolis-synergy-toner-150ml/1591684257/
2025-05-30 13:04:21,960 - INFO - [FETCH] https://www.stylekorean.com:443/shop/cosrx-refresh-aha-bha-vitaminc-daily-toner-150ml/1591778227/
2025-05-30 13:04:23,834 - INFO - Fetched: https://www.stylekorean.com:443/shop/cosrx-refresh-aha-bha-vitaminc-daily-toner-150ml/1591778227/
2025-05-30 13:04:24,846 - INFO - [FETCH] https://www.stylekorean.com:443/shop/haruharu-wonder-black-rice-hyaluronic-toner-300ml/1576645194/
2025-05-30 13:04:26,673 - INFO - Fetched: https://www.stylekorean.com:443/shop/haruharu-wonder-black-rice-hyaluronic-toner-300ml/1576645194/
2025-05-30 13:04:27,681 - INFO - [FETCH] https://www.stylekorean.com:443/shop/haruharu-wonder-wonder-black-rice-hyaluronic-toner-150ml/1606984056/
2025-05-30 13:04:31,092 - INFO - Fetched: https://www.stylekorean.com:443/shop/haruharu-wonder-wonder-black-rice-hyaluronic-toner-150ml/1606984056/
2025-05-30 13:04:32,103 - INFO - [FETCH] https://www.stylekorean.com:443/shop/isntree-hyaluronic-acid-toner-200ml/1578462090/
2025-05-30 13:04:34,374 - INFO - Fetched: https://www.stylekorean.com:443/shop/isntree-hyaluronic-acid-toner-200ml/1578462090/
2025-05-30 13:04:35,381 - INFO - [FETCH] https://www.stylekorean.com:443/shop/isntree-aloe-soothing-toner-200ml/1581305278/
2025-05-30 13:04:37,335 - INFO - Fetched: https://www.stylekorean.com:443/shop/isntree-aloe-soothing-toner-200ml/1581305278/
2025-05-30 13:04:38,346 - INFO - [FETCH] https://www.stylekorean.com:443/shop/isntree-size-up-hyaluronic-acid-toner-400ml/1590999998/
2025-05-30 13:04:40,537 - INFO - Fetched: https://www.stylekorean.com:443/shop/isntree-size-up-hyaluronic-acid-toner-400ml/1590999998/
2025-05-30 13:04:41,547 - INFO - [FETCH] https://www.stylekorean.com:443/shop/some-by-mi-renewal-yuja-niacin-brightening-toner-150ml/1713948744/
2025-05-30 13:04:44,270 - INFO - Fetched: https://www.stylekorean.com:443/shop/some-by-mi-renewal-yuja-niacin-brightening-toner-150ml/1713948744/
2025-05-30 13:04:45,278 - INFO - [FETCH] https://www.stylekorean.com:443/shop/benton-renewal-pha-peeling-toner-150ml/1566979381/
2025-05-30 13:04:47,167 - INFO - Fetched: https://www.stylekorean.com:443/shop/benton-renewal-pha-peeling-toner-150ml/1566979381/
2025-05-30 13:04:48,175 - INFO - [FETCH] https://www.stylekorean.com:443/shop/a-pieu-18-first-toner-180ml/1572488635/
2025-05-30 13:04:49,715 - INFO - Fetched: https://www.stylekorean.com:443/shop/a-pieu-18-first-toner-180ml/1572488635/
2025-05-30 13:04:50,727 - INFO - [FETCH] https://www.stylekorean.com:443/shop/some-by-mi-renewal-snail-truecica-miracle-repair-toner-150ml/1729748686/
2025-05-30 13:04:52,999 - INFO - Fetched: https://www.stylekorean.com:443/shop/some-by-mi-renewal-snail-truecica-miracle-repair-toner-150ml/1729748686/
2025-05-30 13:04:54,010 - INFO - [FETCH] https://www.stylekorean.com:443/shop/nacific-fresh-cica-plus-clear-toner-150ml/1558915976/
2025-05-30 13:04:55,706 - INFO - Fetched: https://www.stylekorean.com:443/shop/nacific-fresh-cica-plus-clear-toner-150ml/1558915976/
2025-05-30 13:04:56,715 - INFO - [FETCH] https://www.stylekorean.com:443/shop/real-barrier-renewal-extreme-essence-toner-200ml/1717563620/
2025-05-30 13:04:58,849 - INFO - Fetched: https://www.stylekorean.com:443/shop/real-barrier-renewal-extreme-essence-toner-200ml/1717563620/
2025-05-30 13:04:59,860 - INFO - [FETCH] https://www.stylekorean.com:443/shop/cosrx-hydrium-watery-toner-150ml/1595999705/
2025-05-30 13:05:01,634 - INFO - Fetched: https://www.stylekorean.com:443/shop/cosrx-hydrium-watery-toner-150ml/1595999705/
2025-05-30 13:05:02,643 - INFO - [FETCH] https://www.stylekorean.com:443/shop/amplen-size-up-purifying-shot-toner-600ml/1705390818/
2025-05-30 13:05:04,049 - INFO - Fetched: https://www.stylekorean.com:443/shop/amplen-size-up-purifying-shot-toner-600ml/1705390818/
2025-05-30 13:05:05,064 - INFO - [FETCH] https://www.stylekorean.com:443/shop/aromatica-reviving-rose-infusion-treatment-toner-200ml/1575871049/
2025-05-30 13:05:06,624 - INFO - Fetched: https://www.stylekorean.com:443/shop/aromatica-reviving-rose-infusion-treatment-toner-200ml/1575871049/
2025-05-30 13:05:07,637 - INFO - [FETCH] https://www.stylekorean.com:443/shop/blithe-vital-treatment-9-essential-seeds-150ml/1544511949/
2025-05-30 13:05:09,312 - INFO - Fetched: https://www.stylekorean.com:443/shop/blithe-vital-treatment-9-essential-seeds-150ml/1544511949/
2025-05-30 13:05:10,325 - INFO - [FETCH] https://www.stylekorean.com:443/shop/tiam-my-signature-vita-b5-toner-180ml/1538121754/
2025-05-30 13:05:12,497 - INFO - Fetched: https://www.stylekorean.com:443/shop/tiam-my-signature-vita-b5-toner-180ml/1538121754/
2025-05-30 13:05:13,510 - INFO - [FETCH] https://www.stylekorean.com:443/shop/elizavecca-face-fruit-hell-pore-toner-200ml/1533106016/
2025-05-30 13:05:15,362 - INFO - Fetched: https://www.stylekorean.com:443/shop/elizavecca-face-fruit-hell-pore-toner-200ml/1533106016/
2025-05-30 13:05:16,375 - INFO - [FETCH] https://www.stylekorean.com:443/shop/some-by-mi-aha-bha-pha-30-days-miracle-toner-150ml/1529308827/
2025-05-30 13:05:19,312 - INFO - Fetched: https://www.stylekorean.com:443/shop/some-by-mi-aha-bha-pha-30-days-miracle-toner-150ml/1529308827/
2025-05-30 13:05:20,323 - INFO - [FETCH] https://www.stylekorean.com:443/shop/rovectin-cica-care-purifying-toner-260ml/1629768063/
2025-05-30 13:05:23,066 - INFO - Fetched: https://www.stylekorean.com:443/shop/rovectin-cica-care-purifying-toner-260ml/1629768063/
2025-05-30 13:05:24,079 - INFO - [FETCH] https://www.stylekorean.com:443/shop/cosrx-two-in-one-poreless-power-liquid-100ml/1525241075/
2025-05-30 13:05:25,788 - INFO - Fetched: https://www.stylekorean.com:443/shop/cosrx-two-in-one-poreless-power-liquid-100ml/1525241075/
2025-05-30 13:05:26,798 - INFO - [FETCH] https://www.stylekorean.com:443/shop/nacific-renewal-phyto-niacin-brightening-toner-150ml/1717490680/
2025-05-30 13:05:28,356 - INFO - Fetched: https://www.stylekorean.com:443/shop/nacific-renewal-phyto-niacin-brightening-toner-150ml/1717490680/
2025-05-30 13:05:29,367 - INFO - [FETCH] https://www.stylekorean.com:443/shop/nacific-renewal-fresh-herb-origin-toner-150ml/1710299287/
2025-05-30 13:05:31,153 - INFO - Fetched: https://www.stylekorean.com:443/shop/nacific-renewal-fresh-herb-origin-toner-150ml/1710299287/
2025-05-30 13:05:32,167 - INFO - [FETCH] https://www.stylekorean.com:443/shop/pyunkang-yul-acne-toner-150ml/1530854489/
2025-05-30 13:05:34,146 - INFO - Fetched: https://www.stylekorean.com:443/shop/pyunkang-yul-acne-toner-150ml/1530854489/
2025-05-30 13:05:35,160 - INFO - [FETCH] https://www.stylekorean.com:443/shop/pyunkang-yul-acne-toner-150ml-acne-spot-patch-super-thin-acne-dressing-mask-pack/1576732651/
2025-05-30 13:05:37,444 - INFO - Fetched: https://www.stylekorean.com:443/shop/pyunkang-yul-acne-toner-150ml-acne-spot-patch-super-thin-acne-dressing-mask-pack/1576732651/
2025-05-30 13:05:38,452 - INFO - [FETCH] https://www.stylekorean.com:443/shop/pyunkang-yul-essence-toner-100ml/1500443238/
2025-05-30 13:05:41,163 - INFO - Fetched: https://www.stylekorean.com:443/shop/pyunkang-yul-essence-toner-100ml/1500443238/
2025-05-30 13:05:42,171 - INFO - [FETCH] https://www.stylekorean.com:443/shop/tonymoly-the-chok-chok-green-tea-watery-skin-180ml/1497337119/
2025-05-30 13:05:43,662 - INFO - Fetched: https://www.stylekorean.com:443/shop/tonymoly-the-chok-chok-green-tea-watery-skin-180ml/1497337119/
2025-05-30 13:05:44,672 - INFO - [FETCH] https://www.stylekorean.com:443/shop/mamonde-floral-hydro-ampoule-toner-150ml/1496200598/
2025-05-30 13:05:47,367 - INFO - Fetched: https://www.stylekorean.com:443/shop/mamonde-floral-hydro-ampoule-toner-150ml/1496200598/
2025-05-30 13:05:48,380 - INFO - [FETCH] https://www.stylekorean.com:443/shop/etude-soonjung-ph-5.5-relief-toner-200ml/1619505870/
2025-05-30 13:05:49,925 - INFO - Fetched: https://www.stylekorean.com:443/shop/etude-soonjung-ph-5.5-relief-toner-200ml/1619505870/
2025-05-30 13:05:50,939 - INFO - [FETCH] https://www.stylekorean.com:443/shop/pyunkang-yul-timedeal-renewal-essence-toner-200ml/1733200090/
2025-05-30 13:05:54,733 - INFO - Fetched: https://www.stylekorean.com:443/shop/pyunkang-yul-timedeal-renewal-essence-toner-200ml/1733200090/
2025-05-30 13:05:55,743 - INFO - [FETCH] https://www.stylekorean.com:443/shop/pyunkang-yul-mist-toner-100ml/1479977170/
2025-05-30 13:05:57,609 - INFO - Fetched: https://www.stylekorean.com:443/shop/pyunkang-yul-mist-toner-100ml/1479977170/
2025-05-30 13:05:58,622 - INFO - [FETCH] https://www.stylekorean.com:443/shop/pyunkang-yul-renewal-mist-toner-200ml/1742447933/
2025-05-30 13:06:00,672 - INFO - Fetched: https://www.stylekorean.com:443/shop/pyunkang-yul-renewal-mist-toner-200ml/1742447933/
2025-05-30 13:06:01,685 - INFO - [FETCH] https://www.stylekorean.com:443/shop/cosrx-centella-water-alcohol-free-toner-150ml/1459924215/
2025-05-30 13:06:03,508 - INFO - Fetched: https://www.stylekorean.com:443/shop/cosrx-centella-water-alcohol-free-toner-150ml/1459924215/
2025-05-30 13:06:04,521 - INFO - [FETCH] https://www.stylekorean.com:443/shop/cosrx-aha-bha-7-clarifying-treatment-toner-150ml/1450856777/
2025-05-30 13:06:07,263 - INFO - Fetched: https://www.stylekorean.com:443/shop/cosrx-aha-bha-7-clarifying-treatment-toner-150ml/1450856777/
2025-05-30 13:06:08,272 - INFO - [FETCH] https://www.stylekorean.com:443/shop/etude-renewal-wonder-pore-freshner-250ml/1716427839/
2025-05-30 13:06:11,027 - INFO - Fetched: https://www.stylekorean.com:443/shop/etude-renewal-wonder-pore-freshner-250ml/1716427839/
2025-05-30 13:06:12,037 - INFO - [DONE] Saved final data: stylekorean/data/product_details/skincare_sub_categories/Toner__213_.json
