2025-05-30 13:28:20,398 - INFO - Processing: stylekorean/data/product_urls/skincare_sub_categories/Wash_off_Masks__82_.json
2025-05-30 13:28:20,401 - INFO - [FETCH] https://www.stylekorean.com:443/shop/ilso-clean-up-wash-off-mud-cream-100g/1747978917/
2025-05-30 13:28:22,266 - INFO - Fetched: https://www.stylekorean.com:443/shop/ilso-clean-up-wash-off-mud-cream-100g/1747978917/
2025-05-30 13:28:23,269 - INFO - [FETCH] https://www.stylekorean.com:443/shop/medicube-kojic-acid-turmeric-night-wrapping-mask-75ml/1744012392/
2025-05-30 13:28:27,933 - INFO - Fetched: https://www.stylekorean.com:443/shop/medicube-kojic-acid-turmeric-night-wrapping-mask-75ml/1744012392/
2025-05-30 13:28:28,939 - INFO - [FETCH] https://www.stylekorean.com:443/shop/returnity-yulmu-skinclean-mask-120g/1740448650/
2025-05-30 13:28:30,544 - INFO - Fetched: https://www.stylekorean.com:443/shop/returnity-yulmu-skinclean-mask-120g/1740448650/
2025-05-30 13:28:31,551 - INFO - [FETCH] https://www.stylekorean.com:443/shop/aprilskin-carrotene-pore-clay-mask-100g/1739848002/
2025-05-30 13:28:33,246 - INFO - Fetched: https://www.stylekorean.com:443/shop/aprilskin-carrotene-pore-clay-mask-100g/1739848002/
2025-05-30 13:28:34,252 - INFO - [FETCH] https://www.stylekorean.com:443/shop/aprilskin-real-calendula-peel-off-pack-100g/1739769732/
2025-05-30 13:28:36,703 - INFO - Fetched: https://www.stylekorean.com:443/shop/aprilskin-real-calendula-peel-off-pack-100g/1739769732/
2025-05-30 13:28:37,707 - INFO - [FETCH] https://www.stylekorean.com:443/shop/lindsay-vitamin-b12-smoothie-mask-wash-off-pack-1g-20ea/1736319534/
2025-05-30 13:28:40,062 - INFO - Fetched: https://www.stylekorean.com:443/shop/lindsay-vitamin-b12-smoothie-mask-wash-off-pack-1g-20ea/1736319534/
2025-05-30 13:28:41,063 - INFO - [FETCH] https://www.stylekorean.com:443/shop/lindsay-blue-spirulina-ice-smoothie-mask-wash-off-pack-1g-20ea/1736315225/
2025-05-30 13:28:43,064 - INFO - Fetched: https://www.stylekorean.com:443/shop/lindsay-blue-spirulina-ice-smoothie-mask-wash-off-pack-1g-20ea/1736315225/
2025-05-30 13:28:44,070 - INFO - [FETCH] https://www.stylekorean.com:443/shop/heveblue-pot-pore-peptamin-wash-off-pack-100g/1736226221/
2025-05-30 13:28:45,696 - INFO - Fetched: https://www.stylekorean.com:443/shop/heveblue-pot-pore-peptamin-wash-off-pack-100g/1736226221/
2025-05-30 13:28:46,699 - INFO - [FETCH] https://www.stylekorean.com:443/shop/medipeel-extra-super-9-plus-glow-lifting-wrapping-mask-70-ml/1735526850/
2025-05-30 13:28:48,962 - INFO - Fetched: https://www.stylekorean.com:443/shop/medipeel-extra-super-9-plus-glow-lifting-wrapping-mask-70-ml/1735526850/
2025-05-30 13:28:49,969 - INFO - [FETCH] https://www.stylekorean.com:443/shop/medipeel-phyto-cica-nol-b5-calming-wrapping-mask-70ml/1735520652/
2025-05-30 13:28:51,458 - INFO - Fetched: https://www.stylekorean.com:443/shop/medipeel-phyto-cica-nol-b5-calming-wrapping-mask-70ml/1735520652/
2025-05-30 13:28:52,460 - INFO - [FETCH] https://www.stylekorean.com:443/shop/medipeel-vegan-vitamin-collagen-wrapping-mask-70ml/1735283065/
2025-05-30 13:28:53,977 - INFO - Fetched: https://www.stylekorean.com:443/shop/medipeel-vegan-vitamin-collagen-wrapping-mask-70ml/1735283065/
2025-05-30 13:28:54,984 - INFO - [FETCH] https://www.stylekorean.com:443/shop/miguhara-rose-collagen-wrapping-peel-off-mask-pack-60ml/1733880832/
2025-05-30 13:28:57,011 - INFO - Fetched: https://www.stylekorean.com:443/shop/miguhara-rose-collagen-wrapping-peel-off-mask-pack-60ml/1733880832/
2025-05-30 13:28:58,018 - INFO - [FETCH] https://www.stylekorean.com:443/shop/fully-rice-dough-modeling-mask-4ea/1730955386/
2025-05-30 13:29:00,194 - INFO - Fetched: https://www.stylekorean.com:443/shop/fully-rice-dough-modeling-mask-4ea/1730955386/
2025-05-30 13:29:01,196 - INFO - [FETCH] https://www.stylekorean.com:443/shop/skinfood-shine-muscat-cica-bha-food-mask-120g/1724912137/
2025-05-30 13:29:02,793 - INFO - Fetched: https://www.stylekorean.com:443/shop/skinfood-shine-muscat-cica-bha-food-mask-120g/1724912137/
2025-05-30 13:29:03,800 - INFO - [FETCH] https://www.stylekorean.com:443/shop/lindsay-premium-modeling-mask-1kg-7-types/1723453786/
2025-05-30 13:29:05,457 - INFO - Fetched: https://www.stylekorean.com:443/shop/lindsay-premium-modeling-mask-1kg-7-types/1723453786/
2025-05-30 13:29:06,464 - INFO - [FETCH] https://www.stylekorean.com:443/shop/vt-cosmetics-4-of-variety-modeling-pack-set/1723421948/
2025-05-30 13:29:09,662 - INFO - Fetched: https://www.stylekorean.com:443/shop/vt-cosmetics-4-of-variety-modeling-pack-set/1723421948/
2025-05-30 13:29:10,664 - INFO - [FETCH] https://www.stylekorean.com:443/shop/dr.althea-premium-rosa-modeling-mask-set-25g-5pack/1723188897/
2025-05-30 13:29:12,262 - INFO - Fetched: https://www.stylekorean.com:443/shop/dr.althea-premium-rosa-modeling-mask-set-25g-5pack/1723188897/
2025-05-30 13:29:13,268 - INFO - [FETCH] https://www.stylekorean.com:443/shop/dr.althea-premium-cica-modeling-mask-set-25g-5pack/1723188480/
2025-05-30 13:29:15,073 - INFO - Fetched: https://www.stylekorean.com:443/shop/dr.althea-premium-cica-modeling-mask-set-25g-5pack/1723188480/
2025-05-30 13:29:16,080 - INFO - [FETCH] https://www.stylekorean.com:443/shop/mary-may-mini-blackberry-complex-glow-wash-off-pack-30g/1721368672/
2025-05-30 13:29:18,752 - INFO - Fetched: https://www.stylekorean.com:443/shop/mary-may-mini-blackberry-complex-glow-wash-off-pack-30g/1721368672/
2025-05-30 13:29:19,759 - INFO - [FETCH] https://www.stylekorean.com:443/shop/skin1004-zombie-beauty-witch-pack-16ea/1720767106/
2025-05-30 13:29:21,419 - INFO - Fetched: https://www.stylekorean.com:443/shop/skin1004-zombie-beauty-witch-pack-16ea/1720767106/
2025-05-30 13:29:22,425 - INFO - [FETCH] https://www.stylekorean.com:443/shop/skinfood-black-sugar-perfect-essential-scrub-2x-210g/1720766596/
2025-05-30 13:29:24,197 - INFO - Fetched: https://www.stylekorean.com:443/shop/skinfood-black-sugar-perfect-essential-scrub-2x-210g/1720766596/
2025-05-30 13:29:25,201 - INFO - [FETCH] https://www.stylekorean.com:443/shop/lindsay-renatural-modeling-mask-400g-5-types/1727676100/
2025-05-30 13:29:26,761 - INFO - Fetched: https://www.stylekorean.com:443/shop/lindsay-renatural-modeling-mask-400g-5-types/1727676100/
2025-05-30 13:29:27,768 - INFO - [FETCH] https://www.stylekorean.com:443/shop/lindsay-renatural-modeling-mask-5ea-5-types/1722321658/
2025-05-30 13:29:30,392 - INFO - Fetched: https://www.stylekorean.com:443/shop/lindsay-renatural-modeling-mask-5ea-5-types/1722321658/
2025-05-30 13:29:31,394 - INFO - [FETCH] https://www.stylekorean.com:443/shop/lindsay-renatural-modeling-mask-5-types/1720594022/
2025-05-30 13:29:34,241 - INFO - Fetched: https://www.stylekorean.com:443/shop/lindsay-renatural-modeling-mask-5-types/1720594022/
2025-05-30 13:29:35,249 - INFO - [FETCH] https://www.stylekorean.com:443/shop/medicube-zero-pore-blackhead-mud-mask-100g/1719970548/
2025-05-30 13:29:39,262 - INFO - Fetched: https://www.stylekorean.com:443/shop/medicube-zero-pore-blackhead-mud-mask-100g/1719970548/
2025-05-30 13:29:40,268 - INFO - [FETCH] https://www.stylekorean.com:443/shop/lindsay-luxury-mask-cup-pack-3-types/1718689030/
2025-05-30 13:29:42,847 - INFO - Fetched: https://www.stylekorean.com:443/shop/lindsay-luxury-mask-cup-pack-3-types/1718689030/
2025-05-30 13:29:43,850 - INFO - [FETCH] https://www.stylekorean.com:443/shop/medipeel-hyaluronic-acid-layer-mooltox-wrapping-mask-70ml/1718244737/
2025-05-30 13:29:45,612 - INFO - Fetched: https://www.stylekorean.com:443/shop/medipeel-hyaluronic-acid-layer-mooltox-wrapping-mask-70ml/1718244737/
2025-05-30 13:29:46,616 - INFO - [FETCH] https://www.stylekorean.com:443/shop/vt-cosmetics-reedle-shot-ex-modeling-pack-25g-4-types/1718069022/
2025-05-30 13:29:50,547 - INFO - Fetched: https://www.stylekorean.com:443/shop/vt-cosmetics-reedle-shot-ex-modeling-pack-25g-4-types/1718069022/
2025-05-30 13:29:51,554 - INFO - [FETCH] https://www.stylekorean.com:443/shop/aromatica-glow-vita-facial-scrub-orange-neroli-150ml/1717576437/
2025-05-30 13:29:53,534 - INFO - Fetched: https://www.stylekorean.com:443/shop/aromatica-glow-vita-facial-scrub-orange-neroli-150ml/1717576437/
2025-05-30 13:29:54,541 - INFO - [FETCH] https://www.stylekorean.com:443/shop/skin1004-zombie-beauty-mummy-pack-activator-kit/1717571164/
2025-05-30 13:29:57,408 - INFO - Fetched: https://www.stylekorean.com:443/shop/skin1004-zombie-beauty-mummy-pack-activator-kit/1717571164/
2025-05-30 13:29:58,416 - INFO - [FETCH] https://www.stylekorean.com:443/shop/lindsay-modeling-mask-cup-pack-28g-8-types/1717403529/
2025-05-30 13:30:00,144 - INFO - Fetched: https://www.stylekorean.com:443/shop/lindsay-modeling-mask-cup-pack-28g-8-types/1717403529/
2025-05-30 13:30:01,152 - INFO - [FETCH] https://www.stylekorean.com:443/shop/beauty-of-joseon-ground-rice-and-honey-glow-mask-150ml/1716173008/
2025-05-30 13:30:03,538 - INFO - Fetched: https://www.stylekorean.com:443/shop/beauty-of-joseon-ground-rice-and-honey-glow-mask-150ml/1716173008/
2025-05-30 13:30:04,541 - INFO - [FETCH] https://www.stylekorean.com:443/shop/innisfree-renewal-super-volcanic-pore-clay-mask-100ml/1713406164/
2025-05-30 13:30:11,921 - INFO - Fetched: https://www.stylekorean.com:443/shop/innisfree-renewal-super-volcanic-pore-clay-mask-100ml/1713406164/
2025-05-30 13:30:12,926 - INFO - [FETCH] https://www.stylekorean.com:443/shop/goodal-green-tangerine-vita-c-wash-off-mask-110g/1705048498/
2025-05-30 13:30:14,882 - INFO - Fetched: https://www.stylekorean.com:443/shop/goodal-green-tangerine-vita-c-wash-off-mask-110g/1705048498/
2025-05-30 13:30:15,889 - INFO - [FETCH] https://www.stylekorean.com:443/shop/skinfood-size-up-egg-white-pore-mask-wash-off-120g/1699857432/
2025-05-30 13:30:18,688 - INFO - Fetched: https://www.stylekorean.com:443/shop/skinfood-size-up-egg-white-pore-mask-wash-off-120g/1699857432/
2025-05-30 13:30:19,695 - INFO - [FETCH] https://www.stylekorean.com:443/shop/anua-heartleaf-pore-clay-pack-100ml/1697680198/
2025-05-30 13:30:22,089 - INFO - Fetched: https://www.stylekorean.com:443/shop/anua-heartleaf-pore-clay-pack-100ml/1697680198/
2025-05-30 13:30:23,092 - INFO - [FETCH] https://www.stylekorean.com:443/shop/skin1004-madagascar-centella-poremizing-quick-clay-stick-mask/1691549658/
2025-05-30 13:30:26,169 - INFO - Fetched: https://www.stylekorean.com:443/shop/skin1004-madagascar-centella-poremizing-quick-clay-stick-mask/1691549658/
2025-05-30 13:30:27,176 - INFO - [FETCH] https://www.stylekorean.com:443/shop/round-lab-birch-juice-moisturizing-wash-off-pack-80ml/1684127605/
2025-05-30 13:30:29,780 - INFO - Fetched: https://www.stylekorean.com:443/shop/round-lab-birch-juice-moisturizing-wash-off-pack-80ml/1684127605/
2025-05-30 13:30:30,785 - INFO - [FETCH] https://www.stylekorean.com:443/shop/pyunkang-yul-calming-relief-gel-wash-off-pack/1682067461/
2025-05-30 13:30:33,015 - INFO - Fetched: https://www.stylekorean.com:443/shop/pyunkang-yul-calming-relief-gel-wash-off-pack/1682067461/
2025-05-30 13:30:34,022 - INFO - [FETCH] https://www.stylekorean.com:443/shop/mary-may-blackberry-complex-glow-washoff-pack-125g/1676624354/
2025-05-30 13:30:35,870 - INFO - Fetched: https://www.stylekorean.com:443/shop/mary-may-blackberry-complex-glow-washoff-pack-125g/1676624354/
2025-05-30 13:30:36,876 - INFO - [FETCH] https://www.stylekorean.com:443/shop/round-lab-1025-dokdo-mud-pack-100ml/1668761875/
2025-05-30 13:30:39,140 - INFO - Fetched: https://www.stylekorean.com:443/shop/round-lab-1025-dokdo-mud-pack-100ml/1668761875/
2025-05-30 13:30:40,148 - INFO - [FETCH] https://www.stylekorean.com:443/shop/mary-may-mini-lemon-niacinamide-glow-wash-off-pack-30g/1668039697/
2025-05-30 13:30:41,888 - INFO - Fetched: https://www.stylekorean.com:443/shop/mary-may-mini-lemon-niacinamide-glow-wash-off-pack-30g/1668039697/
2025-05-30 13:30:42,896 - INFO - [FETCH] https://www.stylekorean.com:443/shop/mary-may-mini-rose-hyaluronic-hydra-wash-off-pack-30g/1668041690/
2025-05-30 13:30:44,692 - INFO - Fetched: https://www.stylekorean.com:443/shop/mary-may-mini-rose-hyaluronic-hydra-wash-off-pack-30g/1668041690/
2025-05-30 13:30:45,697 - INFO - [FETCH] https://www.stylekorean.com:443/shop/mary-may-mini-cica-teatree-soothing-wash-off-pack-30g/1668041418/
2025-05-30 13:30:47,555 - INFO - Fetched: https://www.stylekorean.com:443/shop/mary-may-mini-cica-teatree-soothing-wash-off-pack-30g/1668041418/
2025-05-30 13:30:48,562 - INFO - [FETCH] https://www.stylekorean.com:443/shop/beauty-of-joseon-red-bean-refreshing-pore-mask-140ml/1667369578/
2025-05-30 13:30:55,656 - INFO - Fetched: https://www.stylekorean.com:443/shop/beauty-of-joseon-red-bean-refreshing-pore-mask-140ml/1667369578/
2025-05-30 13:30:56,663 - INFO - [FETCH] https://www.stylekorean.com:443/shop/be-the-skin-renewal-heartleaf-o2-bubble-wash-off-maskpack-120g/1730331540/
2025-05-30 13:30:58,967 - INFO - Fetched: https://www.stylekorean.com:443/shop/be-the-skin-renewal-heartleaf-o2-bubble-wash-off-maskpack-120g/1730331540/
2025-05-30 13:30:59,974 - INFO - [FETCH] https://www.stylekorean.com:443/shop/pyunkang-yul-calming-pore-clear-wash-off-pack/1648792078/
2025-05-30 13:31:01,588 - INFO - Fetched: https://www.stylekorean.com:443/shop/pyunkang-yul-calming-pore-clear-wash-off-pack/1648792078/
2025-05-30 13:31:02,591 - INFO - [FETCH] https://www.stylekorean.com:443/shop/i-dew-care-scoop-party/1648790946/
2025-05-30 13:31:04,580 - INFO - Fetched: https://www.stylekorean.com:443/shop/i-dew-care-scoop-party/1648790946/
2025-05-30 13:31:05,585 - INFO - [FETCH] https://www.stylekorean.com:443/shop/mary-may-rose-hyaluronic-hydra-wash-off-pack-125g/1648176153/
2025-05-30 13:31:09,435 - INFO - Fetched: https://www.stylekorean.com:443/shop/mary-may-rose-hyaluronic-hydra-wash-off-pack-125g/1648176153/
2025-05-30 13:31:10,444 - INFO - [FETCH] https://www.stylekorean.com:443/shop/mary-may-lemon-niacinamide-glow-wash-off-pack-125g/1648175938/
2025-05-30 13:31:12,637 - INFO - Fetched: https://www.stylekorean.com:443/shop/mary-may-lemon-niacinamide-glow-wash-off-pack-125g/1648175938/
2025-05-30 13:31:13,645 - INFO - [FETCH] https://www.stylekorean.com:443/shop/mary-may-cica-teatree-soothing-wash-off-pack-125g/1648175005/
2025-05-30 13:31:15,933 - INFO - Fetched: https://www.stylekorean.com:443/shop/mary-may-cica-teatree-soothing-wash-off-pack-125g/1648175005/
2025-05-30 13:31:16,936 - INFO - [FETCH] https://www.stylekorean.com:443/shop/i-dew-care-magic-chrome-mask-sugar-kitten-85ml/1642378931/
2025-05-30 13:31:19,104 - INFO - Fetched: https://www.stylekorean.com:443/shop/i-dew-care-magic-chrome-mask-sugar-kitten-85ml/1642378931/
2025-05-30 13:31:20,110 - INFO - [FETCH] https://www.stylekorean.com:443/shop/i-dew-care-yoga-kitten/1641256556/
2025-05-30 13:31:21,857 - INFO - Fetched: https://www.stylekorean.com:443/shop/i-dew-care-yoga-kitten/1641256556/
2025-05-30 13:31:22,863 - INFO - [FETCH] https://www.stylekorean.com:443/shop/i-dew-care-matcha-mood/1641256005/
2025-05-30 13:31:24,972 - INFO - Fetched: https://www.stylekorean.com:443/shop/i-dew-care-matcha-mood/1641256005/
2025-05-30 13:31:25,980 - INFO - [FETCH] https://www.stylekorean.com:443/shop/i-dew-care-magic-chrome-mask-space-kitten-80ml/1637645267/
2025-05-30 13:31:27,848 - INFO - Fetched: https://www.stylekorean.com:443/shop/i-dew-care-magic-chrome-mask-space-kitten-80ml/1637645267/
2025-05-30 13:31:28,856 - INFO - [FETCH] https://www.stylekorean.com:443/shop/i-dew-care-magic-chrome-mask-disco-kitten-80ml/1637644782/
2025-05-30 13:31:30,801 - INFO - Fetched: https://www.stylekorean.com:443/shop/i-dew-care-magic-chrome-mask-disco-kitten-80ml/1637644782/
2025-05-30 13:31:31,806 - INFO - [FETCH] https://www.stylekorean.com:443/shop/i-dew-care-cake-my-day/1637644005/
2025-05-30 13:31:33,638 - INFO - Fetched: https://www.stylekorean.com:443/shop/i-dew-care-cake-my-day/1637644005/
2025-05-30 13:31:34,647 - INFO - [FETCH] https://www.stylekorean.com:443/shop/i-dew-care-juicy-kitten-30ml/1637637735/
2025-05-30 13:31:36,436 - INFO - Fetched: https://www.stylekorean.com:443/shop/i-dew-care-juicy-kitten-30ml/1637637735/
2025-05-30 13:31:37,442 - INFO - [FETCH] https://www.stylekorean.com:443/shop/skin1004-zombie-beauty-pumpkin-pack-16ea/1637290394/
2025-05-30 13:31:39,340 - INFO - Fetched: https://www.stylekorean.com:443/shop/skin1004-zombie-beauty-pumpkin-pack-16ea/1637290394/
2025-05-30 13:31:40,345 - INFO - [FETCH] https://www.stylekorean.com:443/shop/skin1004-zombie-pack-activator-kit/1637217727/
2025-05-30 13:31:42,953 - INFO - Fetched: https://www.stylekorean.com:443/shop/skin1004-zombie-pack-activator-kit/1637217727/
2025-05-30 13:31:43,959 - INFO - [FETCH] https://www.stylekorean.com:443/shop/dr.ceuracle-ganghwa-rice-granule-pack/1635825496/
2025-05-30 13:31:45,736 - INFO - Fetched: https://www.stylekorean.com:443/shop/dr.ceuracle-ganghwa-rice-granule-pack/1635825496/
2025-05-30 13:31:46,745 - INFO - [FETCH] https://www.stylekorean.com:443/shop/cosrx-poreless-clarifying-charcoal-mask/1631091758/
2025-05-30 13:31:49,723 - INFO - Fetched: https://www.stylekorean.com:443/shop/cosrx-poreless-clarifying-charcoal-mask/1631091758/
2025-05-30 13:31:50,730 - INFO - [FETCH] https://www.stylekorean.com:443/shop/axis-y-mask-now-glow-later/8809634610201/
2025-05-30 13:31:52,897 - INFO - Fetched: https://www.stylekorean.com:443/shop/axis-y-mask-now-glow-later/8809634610201/
2025-05-30 13:31:53,905 - INFO - [FETCH] https://www.stylekorean.com:443/shop/skinfood-renewal-rice-daily-brightening-mask-wash-off-210ml/1741323046/
2025-05-30 13:31:55,756 - INFO - Fetched: https://www.stylekorean.com:443/shop/skinfood-renewal-rice-daily-brightening-mask-wash-off-210ml/1741323046/
2025-05-30 13:31:56,764 - INFO - [FETCH] https://www.stylekorean.com:443/shop/skinfood-apricot-food-mask-120ml/1615967112/
2025-05-30 13:31:58,521 - INFO - Fetched: https://www.stylekorean.com:443/shop/skinfood-apricot-food-mask-120ml/1615967112/
2025-05-30 13:31:59,524 - INFO - [FETCH] https://www.stylekorean.com:443/shop/skinfood-honey-sugar-food-mask-120g/1615966522/
2025-05-30 13:32:01,381 - INFO - Fetched: https://www.stylekorean.com:443/shop/skinfood-honey-sugar-food-mask-120g/1615966522/
2025-05-30 13:32:02,385 - INFO - [FETCH] https://www.stylekorean.com:443/shop/axis-y-mugwort-pore-clarifying-wash-off-pack-100ml/1606789153/
2025-05-30 13:32:04,800 - INFO - Fetched: https://www.stylekorean.com:443/shop/axis-y-mugwort-pore-clarifying-wash-off-pack-100ml/1606789153/
2025-05-30 13:32:05,809 - INFO - [FETCH] https://www.stylekorean.com:443/shop/celimax-renewal-noni-refresh-clay-mask-100ml/1698305518/
2025-05-30 13:32:07,746 - INFO - Fetched: https://www.stylekorean.com:443/shop/celimax-renewal-noni-refresh-clay-mask-100ml/1698305518/
2025-05-30 13:32:08,752 - INFO - [FETCH] https://www.stylekorean.com:443/shop/some-by-mi-super-matcha-pore-clean-clay-mask-100g/1599026457/
2025-05-30 13:32:11,105 - INFO - Fetched: https://www.stylekorean.com:443/shop/some-by-mi-super-matcha-pore-clean-clay-mask-100g/1599026457/
2025-05-30 13:32:12,113 - INFO - [FETCH] https://www.stylekorean.com:443/shop/jumiso-all-day-vitamin-nourishing-recharging-wash-off-mask-100-ml/1642474067/
2025-05-30 13:32:14,116 - INFO - Fetched: https://www.stylekorean.com:443/shop/jumiso-all-day-vitamin-nourishing-recharging-wash-off-mask-100-ml/1642474067/
2025-05-30 13:32:15,120 - INFO - [FETCH] https://www.stylekorean.com:443/shop/isntree-renewal-real-mugwort-clay-mask-100ml/1577946685/
2025-05-30 13:32:17,363 - INFO - Fetched: https://www.stylekorean.com:443/shop/isntree-renewal-real-mugwort-clay-mask-100ml/1577946685/
2025-05-30 13:32:18,367 - INFO - [FETCH] https://www.stylekorean.com:443/shop/isntree-real-rose-calming-mask-100ml/1577944475/
2025-05-30 13:32:20,112 - INFO - Fetched: https://www.stylekorean.com:443/shop/isntree-real-rose-calming-mask-100ml/1577944475/
2025-05-30 13:32:21,116 - INFO - [FETCH] https://www.stylekorean.com:443/shop/heimish-black-tea-mask-pack-110ml/1542154016/
2025-05-30 13:32:23,210 - INFO - Fetched: https://www.stylekorean.com:443/shop/heimish-black-tea-mask-pack-110ml/1542154016/
2025-05-30 13:32:24,219 - INFO - [FETCH] https://www.stylekorean.com:443/shop/blithe-patting-splash-mask-energy-citrus-honey-150ml/1551675622/
2025-05-30 13:32:25,843 - INFO - Fetched: https://www.stylekorean.com:443/shop/blithe-patting-splash-mask-energy-citrus-honey-150ml/1551675622/
2025-05-30 13:32:26,847 - INFO - [FETCH] https://www.stylekorean.com:443/shop/blithe-patting-splash-mask-rejuvenating-purple-berry-150ml/1551675555/
2025-05-30 13:32:28,521 - INFO - Fetched: https://www.stylekorean.com:443/shop/blithe-patting-splash-mask-rejuvenating-purple-berry-150ml/1551675555/
2025-05-30 13:32:29,530 - INFO - [FETCH] https://www.stylekorean.com:443/shop/blithe-patting-splash-mask-soothing-healing-green-tea-150ml/1551675483/
2025-05-30 13:32:31,140 - INFO - Fetched: https://www.stylekorean.com:443/shop/blithe-patting-splash-mask-soothing-healing-green-tea-150ml/1551675483/
2025-05-30 13:32:32,149 - INFO - [FETCH] https://www.stylekorean.com:443/shop/elizavecca-hell-pore-clean-up-mask/1469522185/
2025-05-30 13:32:33,884 - INFO - Fetched: https://www.stylekorean.com:443/shop/elizavecca-hell-pore-clean-up-mask/1469522185/
2025-05-30 13:32:34,893 - INFO - [FETCH] https://www.stylekorean.com:443/shop/secret-key-snow-white-milky-pack-200g/1447398966/
2025-05-30 13:32:38,291 - INFO - Fetched: https://www.stylekorean.com:443/shop/secret-key-snow-white-milky-pack-200g/1447398966/
2025-05-30 13:32:39,300 - INFO - [FETCH] https://www.stylekorean.com:443/shop/elizavecca-gold-cf-nest-collagen-jella-pack-mask-80ml/1573451384/
2025-05-30 13:32:41,685 - INFO - Fetched: https://www.stylekorean.com:443/shop/elizavecca-gold-cf-nest-collagen-jella-pack-mask-80ml/1573451384/
2025-05-30 13:32:42,694 - INFO - [FETCH] https://www.stylekorean.com:443/shop/skinfood-size-up-black-sugar-mask-wash-off-120g/1681714341/
2025-05-30 13:32:44,396 - INFO - Fetched: https://www.stylekorean.com:443/shop/skinfood-size-up-black-sugar-mask-wash-off-120g/1681714341/
2025-05-30 13:32:45,405 - INFO - [FETCH] https://www.stylekorean.com:443/shop/elizavecca-carbonated-bubble-clay-mask-50ml/815/
2025-05-30 13:32:48,923 - INFO - Fetched: https://www.stylekorean.com:443/shop/elizavecca-carbonated-bubble-clay-mask-50ml/815/
2025-05-30 13:32:49,928 - INFO - [FETCH] https://www.stylekorean.com:443/shop/skinfood-size-up-rice-mask-wash-off-120g/1694574792/
2025-05-30 13:32:52,851 - INFO - Fetched: https://www.stylekorean.com:443/shop/skinfood-size-up-rice-mask-wash-off-120g/1694574792/
2025-05-30 13:32:53,858 - INFO - [DONE] Saved final data: stylekorean/data/product_details/skincare_sub_categories/Wash_off_Masks__82_.json
