2025-05-30 14:53:49,001 - INFO - Processing: stylekorean/data/product_urls/body_care_sub_categories/Body_Lotion___Oils__44_.json
2025-05-30 14:53:49,003 - INFO - [FETCH] https://www.stylekorean.com:443/shop/haruharu-wonder-black-bamboo-daily-soothing-body-oil-200ml/1746693047/
2025-05-30 14:53:50,983 - INFO - Fetched: https://www.stylekorean.com:443/shop/haruharu-wonder-black-bamboo-daily-soothing-body-oil-200ml/1746693047/
2025-05-30 14:53:51,989 - INFO - [FETCH] https://www.stylekorean.com:443/shop/purito-seoul-luminous-moisture-shea-butter-body-lotion-cotton-dreamlight-300ml/1746105172/
2025-05-30 14:53:54,040 - INFO - Fetched: https://www.stylekorean.com:443/shop/purito-seoul-luminous-moisture-shea-butter-body-lotion-cotton-dreamlight-300ml/1746105172/
2025-05-30 14:53:55,046 - INFO - [FETCH] https://www.stylekorean.com:443/shop/mary-may-shea-butter-rice-bran-body-cream-250ml/1737333986/
2025-05-30 14:53:56,931 - INFO - Fetched: https://www.stylekorean.com:443/shop/mary-may-shea-butter-rice-bran-body-cream-250ml/1737333986/
2025-05-30 14:53:57,935 - INFO - [FETCH] https://www.stylekorean.com:443/shop/heveblue-salmon-fruity-centella-body-cream-300g/1736218145/
2025-05-30 14:53:59,626 - INFO - Fetched: https://www.stylekorean.com:443/shop/heveblue-salmon-fruity-centella-body-cream-300g/1736218145/
2025-05-30 14:54:00,630 - INFO - [FETCH] https://www.stylekorean.com:443/shop/pyunkang-yul-body-lotion-dancheong-350ml/1731548892/
2025-05-30 14:54:02,463 - INFO - Fetched: https://www.stylekorean.com:443/shop/pyunkang-yul-body-lotion-dancheong-350ml/1731548892/
2025-05-30 14:54:03,467 - INFO - [FETCH] https://www.stylekorean.com:443/shop/round-lab-baby-mild-lotion-300ml/1721961501/
2025-05-30 14:54:05,392 - INFO - Fetched: https://www.stylekorean.com:443/shop/round-lab-baby-mild-lotion-300ml/1721961501/
2025-05-30 14:54:06,398 - INFO - [FETCH] https://www.stylekorean.com:443/shop/atopalm-cream-massage-oil-200ml/1720681498/
2025-05-30 14:54:08,089 - INFO - Fetched: https://www.stylekorean.com:443/shop/atopalm-cream-massage-oil-200ml/1720681498/
2025-05-30 14:54:09,095 - INFO - [FETCH] https://www.stylekorean.com:443/shop/beauty-of-joseon-timedeal-jelloskin-massage-cream-for-face-body-200ml/1713236960/
2025-05-30 14:54:10,763 - INFO - Fetched: https://www.stylekorean.com:443/shop/beauty-of-joseon-timedeal-jelloskin-massage-cream-for-face-body-200ml/1713236960/
2025-05-30 14:54:11,770 - INFO - [FETCH] https://www.stylekorean.com:443/shop/rovectin-renewal-intense-panthenol-body-cream/1706680610/
2025-05-30 14:54:13,269 - INFO - Fetched: https://www.stylekorean.com:443/shop/rovectin-renewal-intense-panthenol-body-cream/1706680610/
2025-05-30 14:54:14,280 - INFO - [FETCH] https://www.stylekorean.com:443/shop/bouquet-garni-fragranced-body-lotion-pink-grapefruit-520ml/1703039923/
2025-05-30 14:54:15,715 - INFO - Fetched: https://www.stylekorean.com:443/shop/bouquet-garni-fragranced-body-lotion-pink-grapefruit-520ml/1703039923/
2025-05-30 14:54:16,720 - INFO - [FETCH] https://www.stylekorean.com:443/shop/aplb-glutathione-niacinamide-body-lotion-300ml/1701758866/
2025-05-30 14:54:19,341 - INFO - Fetched: https://www.stylekorean.com:443/shop/aplb-glutathione-niacinamide-body-lotion-300ml/1701758866/
2025-05-30 14:54:20,345 - INFO - [FETCH] https://www.stylekorean.com:443/shop/derma-b-ac-control-body-lotion-400ml/1701315137/
2025-05-30 14:54:22,230 - INFO - Fetched: https://www.stylekorean.com:443/shop/derma-b-ac-control-body-lotion-400ml/1701315137/
2025-05-30 14:54:23,239 - INFO - [FETCH] https://www.stylekorean.com:443/shop/holika-holika-aloe-99-soothing-gel-fresh-55ml/1672992754/
2025-05-30 14:54:25,010 - INFO - Fetched: https://www.stylekorean.com:443/shop/holika-holika-aloe-99-soothing-gel-fresh-55ml/1672992754/
2025-05-30 14:54:26,018 - INFO - [FETCH] https://www.stylekorean.com:443/shop/farmstay-cica-farm-daily-relief-cream-300ml/1672967067/
2025-05-30 14:54:27,639 - INFO - Fetched: https://www.stylekorean.com:443/shop/farmstay-cica-farm-daily-relief-cream-300ml/1672967067/
2025-05-30 14:54:28,642 - INFO - [FETCH] https://www.stylekorean.com:443/shop/frudia-my-orchard-peach-body-essence-30g/1651820471/
2025-05-30 14:54:30,179 - INFO - Fetched: https://www.stylekorean.com:443/shop/frudia-my-orchard-peach-body-essence-30g/1651820471/
2025-05-30 14:54:31,187 - INFO - [FETCH] https://www.stylekorean.com:443/shop/derma-b-ceramd-repair-oil-200ml/1648774948/
2025-05-30 14:54:33,673 - INFO - Fetched: https://www.stylekorean.com:443/shop/derma-b-ceramd-repair-oil-200ml/1648774948/
2025-05-30 14:54:34,678 - INFO - [FETCH] https://www.stylekorean.com:443/shop/illiyoon-renewal-ultra-repair-intensive-care-cream-200ml/1647826149/
2025-05-30 14:54:36,385 - INFO - Fetched: https://www.stylekorean.com:443/shop/illiyoon-renewal-ultra-repair-intensive-care-cream-200ml/1647826149/
2025-05-30 14:54:37,388 - INFO - [FETCH] https://www.stylekorean.com:443/shop/atopalm-renewal-mle-lotion-200ml/1647570632/
2025-05-30 14:54:39,018 - INFO - Fetched: https://www.stylekorean.com:443/shop/atopalm-renewal-mle-lotion-200ml/1647570632/
2025-05-30 14:54:40,025 - INFO - [FETCH] https://www.stylekorean.com:443/shop/atopalm-renewal-mle-cream-100ml/1642744128/
2025-05-30 14:54:41,874 - INFO - Fetched: https://www.stylekorean.com:443/shop/atopalm-renewal-mle-cream-100ml/1642744128/
2025-05-30 14:54:42,882 - INFO - [FETCH] https://www.stylekorean.com:443/shop/pyunkang-yul-kids-baby-lotion-590ml/1642126825/
2025-05-30 14:54:45,956 - INFO - Fetched: https://www.stylekorean.com:443/shop/pyunkang-yul-kids-baby-lotion-590ml/1642126825/
2025-05-30 14:54:46,960 - INFO - [FETCH] https://www.stylekorean.com:443/shop/derma-b-fresh-moisture-body-lotion-400ml/1640050576/
2025-05-30 14:54:50,472 - INFO - Fetched: https://www.stylekorean.com:443/shop/derma-b-fresh-moisture-body-lotion-400ml/1640050576/
2025-05-30 14:54:51,477 - INFO - [FETCH] https://www.stylekorean.com:443/shop/frudia-my-orchard-quince-body-essence-200ml/1634269534/
2025-05-30 14:54:53,050 - INFO - Fetched: https://www.stylekorean.com:443/shop/frudia-my-orchard-quince-body-essence-200ml/1634269534/
2025-05-30 14:54:54,057 - INFO - [FETCH] https://www.stylekorean.com:443/shop/frudia-my-orchard-peach-body-essence-200ml/1634004992/
2025-05-30 14:54:56,215 - INFO - Fetched: https://www.stylekorean.com:443/shop/frudia-my-orchard-peach-body-essence-200ml/1634004992/
2025-05-30 14:54:57,223 - INFO - [FETCH] https://www.stylekorean.com:443/shop/aromatica-serene-body-lotion-lavender-majoram-300ml/1632818458/
2025-05-30 14:54:58,986 - INFO - Fetched: https://www.stylekorean.com:443/shop/aromatica-serene-body-lotion-lavender-majoram-300ml/1632818458/
2025-05-30 14:54:59,994 - INFO - [FETCH] https://www.stylekorean.com:443/shop/aromatica-circulating-body-oil-juniper-berry-ginger-100ml/1721718877/
2025-05-30 14:55:01,740 - INFO - Fetched: https://www.stylekorean.com:443/shop/aromatica-circulating-body-oil-juniper-berry-ginger-100ml/1721718877/
2025-05-30 14:55:02,749 - INFO - [FETCH] https://www.stylekorean.com:443/shop/aromatica-awakening-body-oil-peppermint-eucalyptus-100ml/1606803717/
2025-05-30 14:55:05,018 - INFO - Fetched: https://www.stylekorean.com:443/shop/aromatica-awakening-body-oil-peppermint-eucalyptus-100ml/1606803717/
2025-05-30 14:55:06,023 - INFO - [FETCH] https://www.stylekorean.com:443/shop/derma-b-ceramd-repair-lotion-400ml/1605676578/
2025-05-30 14:55:09,011 - INFO - Fetched: https://www.stylekorean.com:443/shop/derma-b-ceramd-repair-lotion-400ml/1605676578/
2025-05-30 14:55:10,021 - INFO - [FETCH] https://www.stylekorean.com:443/shop/derma-b-ceramd-repair-cream-430ml/1605676147/
2025-05-30 14:55:14,543 - INFO - Fetched: https://www.stylekorean.com:443/shop/derma-b-ceramd-repair-cream-430ml/1605676147/
2025-05-30 14:55:15,548 - INFO - [FETCH] https://www.stylekorean.com:443/shop/bouquet-garni-fragranced-body-lotion-baby-powder-520ml/1599548379/
2025-05-30 14:55:17,718 - INFO - Fetched: https://www.stylekorean.com:443/shop/bouquet-garni-fragranced-body-lotion-baby-powder-520ml/1599548379/
2025-05-30 14:55:18,721 - INFO - [FETCH] https://www.stylekorean.com:443/shop/derma-b-urea-9.8-foot-cream-80ml/1596097862/
2025-05-30 14:55:21,491 - INFO - Fetched: https://www.stylekorean.com:443/shop/derma-b-urea-9.8-foot-cream-80ml/1596097862/
2025-05-30 14:55:22,498 - INFO - [FETCH] https://www.stylekorean.com:443/shop/tiam-renewal-anti-blemish-body-lotion-200ml/1591767700/
2025-05-30 14:55:26,452 - INFO - Fetched: https://www.stylekorean.com:443/shop/tiam-renewal-anti-blemish-body-lotion-200ml/1591767700/
2025-05-30 14:55:27,460 - INFO - [FETCH] https://www.stylekorean.com:443/shop/aromatica-serene-body-oil-lavender-marjoram-100ml/1591688747/
2025-05-30 14:55:29,676 - INFO - Fetched: https://www.stylekorean.com:443/shop/aromatica-serene-body-oil-lavender-marjoram-100ml/1591688747/
2025-05-30 14:55:30,680 - INFO - [FETCH] https://www.stylekorean.com:443/shop/pyunkang-yul-renewal-intensive-ceramide-lotion-500ml/1741323393/
2025-05-30 14:55:32,172 - INFO - Fetched: https://www.stylekorean.com:443/shop/pyunkang-yul-renewal-intensive-ceramide-lotion-500ml/1741323393/
2025-05-30 14:55:33,178 - INFO - [FETCH] https://www.stylekorean.com:443/shop/derma-b-ultra-moisture-body-cream-430ml/1583112242/
2025-05-30 14:55:35,054 - INFO - Fetched: https://www.stylekorean.com:443/shop/derma-b-ultra-moisture-body-cream-430ml/1583112242/
2025-05-30 14:55:36,064 - INFO - [FETCH] https://www.stylekorean.com:443/shop/atopalm-maternity-care-massage-oil-120ml/1596167994/
2025-05-30 14:55:37,694 - INFO - Fetched: https://www.stylekorean.com:443/shop/atopalm-maternity-care-massage-oil-120ml/1596167994/
2025-05-30 14:55:38,704 - INFO - [FETCH] https://www.stylekorean.com:443/shop/atopalm-maternity-care-stretch-mark-cream-150ml/1582705929/
2025-05-30 14:55:40,370 - INFO - Fetched: https://www.stylekorean.com:443/shop/atopalm-maternity-care-stretch-mark-cream-150ml/1582705929/
2025-05-30 14:55:41,375 - INFO - [FETCH] https://www.stylekorean.com:443/shop/illiyoon-ceramide-ato-lotion-350ml/1576717189/
2025-05-30 14:55:44,280 - INFO - Fetched: https://www.stylekorean.com:443/shop/illiyoon-ceramide-ato-lotion-350ml/1576717189/
2025-05-30 14:55:45,297 - INFO - [FETCH] https://www.stylekorean.com:443/shop/illiyoon-renewal-ceramide-ato-concentrate-cream-230ml-tube-type/1741571847/
2025-05-30 14:55:47,943 - INFO - Fetched: https://www.stylekorean.com:443/shop/illiyoon-renewal-ceramide-ato-concentrate-cream-230ml-tube-type/1741571847/
2025-05-30 14:55:48,952 - INFO - [FETCH] https://www.stylekorean.com:443/shop/illiyoon-renewal-ceramide-ato-concentrate-cream-double-set/1741573051/
2025-05-30 14:55:50,482 - INFO - Fetched: https://www.stylekorean.com:443/shop/illiyoon-renewal-ceramide-ato-concentrate-cream-double-set/1741573051/
2025-05-30 14:55:51,493 - INFO - [FETCH] https://www.stylekorean.com:443/shop/derma-b-size-up-daily-moisture-body-lotion-400ml/1608180646/
2025-05-30 14:55:56,132 - INFO - Fetched: https://www.stylekorean.com:443/shop/derma-b-size-up-daily-moisture-body-lotion-400ml/1608180646/
2025-05-30 14:55:57,138 - INFO - [FETCH] https://www.stylekorean.com:443/shop/derma-b-daily-moisture-body-lotion-257ml/1575620904/
2025-05-30 14:56:01,855 - INFO - Fetched: https://www.stylekorean.com:443/shop/derma-b-daily-moisture-body-lotion-257ml/1575620904/
2025-05-30 14:56:02,859 - INFO - [FETCH] https://www.stylekorean.com:443/shop/derma-b-mild-moisture-body-lotion-400ml/1575867649/
2025-05-30 14:56:04,782 - INFO - Fetched: https://www.stylekorean.com:443/shop/derma-b-mild-moisture-body-lotion-400ml/1575867649/
2025-05-30 14:56:05,790 - INFO - [FETCH] https://www.stylekorean.com:443/shop/derma-b-daily-moisture-body-oil-200ml/1575621698/
2025-05-30 14:56:08,384 - INFO - Fetched: https://www.stylekorean.com:443/shop/derma-b-daily-moisture-body-oil-200ml/1575621698/
2025-05-30 14:56:09,388 - INFO - [FETCH] https://www.stylekorean.com:443/shop/atopalm-mle-cream-65ml/1645062115/
2025-05-30 14:56:11,113 - INFO - Fetched: https://www.stylekorean.com:443/shop/atopalm-mle-cream-65ml/1645062115/
2025-05-30 14:56:12,121 - INFO - [DONE] Saved final data: stylekorean/data/product_details/body_care_sub_categories/Body_Lotion___Oils__44_.json
