2025-05-30 14:52:10,541 - INFO - Processing: stylekorean/data/product_urls/body_care_sub_categories/Body_wash__28_.json
2025-05-30 14:52:10,544 - INFO - [FETCH] https://www.stylekorean.com:443/shop/baren-sencicative-bha-body-wash-500ml/1740544265/
2025-05-30 14:52:12,353 - INFO - Fetched: https://www.stylekorean.com:443/shop/baren-sencicative-bha-body-wash-500ml/1740544265/
2025-05-30 14:52:13,360 - INFO - [FETCH] https://www.stylekorean.com:443/shop/aprilskin-carrotene-ipmp-exfoliating-body-wash-300ml/1739844510/
2025-05-30 14:52:14,911 - INFO - Fetched: https://www.stylekorean.com:443/shop/aprilskin-carrotene-ipmp-exfoliating-body-wash-300ml/1739844510/
2025-05-30 14:52:15,918 - INFO - [FETCH] https://www.stylekorean.com:443/shop/heveblue-salmon-fruity-centella-body-wash-300g/1736225528/
2025-05-30 14:52:17,698 - INFO - Fetched: https://www.stylekorean.com:443/shop/heveblue-salmon-fruity-centella-body-wash-300g/1736225528/
2025-05-30 14:52:18,704 - INFO - [FETCH] https://www.stylekorean.com:443/shop/medicube-red-acne-body-wash-2.0-400g/1725581683/
2025-05-30 14:52:24,499 - INFO - Fetched: https://www.stylekorean.com:443/shop/medicube-red-acne-body-wash-2.0-400g/1725581683/
2025-05-30 14:52:25,511 - INFO - [FETCH] https://www.stylekorean.com:443/shop/derma-b-daily-moisture-body-wash-fresh-peach-1000ml/1720687006/
2025-05-30 14:52:27,620 - INFO - Fetched: https://www.stylekorean.com:443/shop/derma-b-daily-moisture-body-wash-fresh-peach-1000ml/1720687006/
2025-05-30 14:52:28,627 - INFO - [FETCH] https://www.stylekorean.com:443/shop/nard-feminine-wash-1000ml/1720577231/
2025-05-30 14:52:32,839 - INFO - Fetched: https://www.stylekorean.com:443/shop/nard-feminine-wash-1000ml/1720577231/
2025-05-30 14:52:33,845 - INFO - [FETCH] https://www.stylekorean.com:443/shop/round-lab-pine-calming-cica-body-wash-400ml/1712107227/
2025-05-30 14:52:35,742 - INFO - Fetched: https://www.stylekorean.com:443/shop/round-lab-pine-calming-cica-body-wash-400ml/1712107227/
2025-05-30 14:52:36,744 - INFO - [FETCH] https://www.stylekorean.com:443/shop/aplb-glutathione-niacinamide-body-wash-300ml/1701758611/
2025-05-30 14:52:40,529 - INFO - Fetched: https://www.stylekorean.com:443/shop/aplb-glutathione-niacinamide-body-wash-300ml/1701758611/
2025-05-30 14:52:41,536 - INFO - [FETCH] https://www.stylekorean.com:443/shop/derma-b-ac-control-body-wash-420ml/1701316149/
2025-05-30 14:52:43,704 - INFO - Fetched: https://www.stylekorean.com:443/shop/derma-b-ac-control-body-wash-420ml/1701316149/
2025-05-30 14:52:44,708 - INFO - [FETCH] https://www.stylekorean.com:443/shop/aromatica-pure-soft-feminine-wash-chamomile-tea-tree-170ml/1673920915/
2025-05-30 14:52:46,591 - INFO - Fetched: https://www.stylekorean.com:443/shop/aromatica-pure-soft-feminine-wash-chamomile-tea-tree-170ml/1673920915/
2025-05-30 14:52:47,594 - INFO - [FETCH] https://www.stylekorean.com:443/shop/aromatica-vitalizing-rosemary-all-in-one-wash-500ml/1673849259/
2025-05-30 14:52:49,126 - INFO - Fetched: https://www.stylekorean.com:443/shop/aromatica-vitalizing-rosemary-all-in-one-wash-500ml/1673849259/
2025-05-30 14:52:50,129 - INFO - [FETCH] https://www.stylekorean.com:443/shop/aromatica-serene-body-wash-lavender-marjoram-500ml/1673847880/
2025-05-30 14:52:51,782 - INFO - Fetched: https://www.stylekorean.com:443/shop/aromatica-serene-body-wash-lavender-marjoram-500ml/1673847880/
2025-05-30 14:52:52,787 - INFO - [FETCH] https://www.stylekorean.com:443/shop/frudia-mini-my-orchard-peach-body-wash-30g/1671776897/
2025-05-30 14:52:54,592 - INFO - Fetched: https://www.stylekorean.com:443/shop/frudia-mini-my-orchard-peach-body-wash-30g/1671776897/
2025-05-30 14:52:55,598 - INFO - [FETCH] https://www.stylekorean.com:443/shop/derma-b-ceramd-cream-wash-400ml/1660122252/
2025-05-30 14:52:57,676 - INFO - Fetched: https://www.stylekorean.com:443/shop/derma-b-ceramd-cream-wash-400ml/1660122252/
2025-05-30 14:52:58,683 - INFO - [FETCH] https://www.stylekorean.com:443/shop/derma-b-timedeal-mild-feminine-foaming-wash-200ml/1648774458/
2025-05-30 14:53:03,044 - INFO - Fetched: https://www.stylekorean.com:443/shop/derma-b-timedeal-mild-feminine-foaming-wash-200ml/1648774458/
2025-05-30 14:53:04,051 - INFO - [FETCH] https://www.stylekorean.com:443/shop/frudia-my-orchard-cherry-body-wash-350ml/1643009560/
2025-05-30 14:53:05,505 - INFO - Fetched: https://www.stylekorean.com:443/shop/frudia-my-orchard-cherry-body-wash-350ml/1643009560/
2025-05-30 14:53:06,510 - INFO - [FETCH] https://www.stylekorean.com:443/shop/pyunkang-yul-low-ph-feminine-wash-500ml/1639958975/
2025-05-30 14:53:14,443 - INFO - Fetched: https://www.stylekorean.com:443/shop/pyunkang-yul-low-ph-feminine-wash-500ml/1639958975/
2025-05-30 14:53:15,449 - INFO - [FETCH] https://www.stylekorean.com:443/shop/frudia-my-orchard-peach-body-wash-350ml/1634000382/
2025-05-30 14:53:18,056 - INFO - Fetched: https://www.stylekorean.com:443/shop/frudia-my-orchard-peach-body-wash-350ml/1634000382/
2025-05-30 14:53:19,063 - INFO - [FETCH] https://www.stylekorean.com:443/shop/pyunkang-yul-kids-baby-wash-590ml/1627966961/
2025-05-30 14:53:21,341 - INFO - Fetched: https://www.stylekorean.com:443/shop/pyunkang-yul-kids-baby-wash-590ml/1627966961/
2025-05-30 14:53:22,347 - INFO - [FETCH] https://www.stylekorean.com:443/shop/pyunkang-yul-ato-bubble-wash-shampoo-500ml/1620807789/
2025-05-30 14:53:24,268 - INFO - Fetched: https://www.stylekorean.com:443/shop/pyunkang-yul-ato-bubble-wash-shampoo-500ml/1620807789/
2025-05-30 14:53:25,272 - INFO - [FETCH] https://www.stylekorean.com:443/shop/nard-low-ph-mild-feminine-wash-300ml/1620702970/
2025-05-30 14:53:26,796 - INFO - Fetched: https://www.stylekorean.com:443/shop/nard-low-ph-mild-feminine-wash-300ml/1620702970/
2025-05-30 14:53:27,804 - INFO - [FETCH] https://www.stylekorean.com:443/shop/atopalm-renewal-top-to-toe-wash-300ml/1730159689/
2025-05-30 14:53:29,363 - INFO - Fetched: https://www.stylekorean.com:443/shop/atopalm-renewal-top-to-toe-wash-300ml/1730159689/
2025-05-30 14:53:30,368 - INFO - [FETCH] https://www.stylekorean.com:443/shop/pyunkang-yul-renewal-low-ph-mild-body-wash-500ml/1741157460/
2025-05-30 14:53:32,242 - INFO - Fetched: https://www.stylekorean.com:443/shop/pyunkang-yul-renewal-low-ph-mild-body-wash-500ml/1741157460/
2025-05-30 14:53:33,249 - INFO - [FETCH] https://www.stylekorean.com:443/shop/aromatica-serene-body-wash-lavender-marjoram-300ml/1606894587/
2025-05-30 14:53:34,943 - INFO - Fetched: https://www.stylekorean.com:443/shop/aromatica-serene-body-wash-lavender-marjoram-300ml/1606894587/
2025-05-30 14:53:35,952 - INFO - [FETCH] https://www.stylekorean.com:443/shop/aromatica-pure-soft-feminine-wash-170ml/1600307346/
2025-05-30 14:53:37,448 - INFO - Fetched: https://www.stylekorean.com:443/shop/aromatica-pure-soft-feminine-wash-170ml/1600307346/
2025-05-30 14:53:38,453 - INFO - [FETCH] https://www.stylekorean.com:443/shop/aromatica-vitalizing-rosemary-all-in-one-wash-300ml/1596078327/
2025-05-30 14:53:40,350 - INFO - Fetched: https://www.stylekorean.com:443/shop/aromatica-vitalizing-rosemary-all-in-one-wash-300ml/1596078327/
2025-05-30 14:53:41,353 - INFO - [FETCH] https://www.stylekorean.com:443/shop/some-by-mi-aha.bha.pha-30-days-miracle-clear-body-cleanser-400g/1590471737/
2025-05-30 14:53:44,951 - INFO - Fetched: https://www.stylekorean.com:443/shop/some-by-mi-aha.bha.pha-30-days-miracle-clear-body-cleanser-400g/1590471737/
2025-05-30 14:53:45,958 - INFO - [FETCH] https://www.stylekorean.com:443/shop/pyunkang-yul-ato-moisturizing-baby-soap-80gx2ea/1582865572/
2025-05-30 14:53:47,990 - INFO - Fetched: https://www.stylekorean.com:443/shop/pyunkang-yul-ato-moisturizing-baby-soap-80gx2ea/1582865572/
2025-05-30 14:53:48,998 - INFO - [DONE] Saved final data: stylekorean/data/product_details/body_care_sub_categories/Body_wash__28_.json
