2025-05-30 14:50:21,283 - INFO - Processing: stylekorean/data/product_urls/body_care_sub_categories/Hand___Foot___Oral_Care__33_.json
2025-05-30 14:50:21,288 - INFO - [FETCH] https://www.stylekorean.com:443/shop/hetras-perfumed-bubble-hand-wash-hotel-wood-1-030ml-2ea/1745497657/
2025-05-30 14:50:23,584 - INFO - Fetched: https://www.stylekorean.com:443/shop/hetras-perfumed-bubble-hand-wash-hotel-wood-1-030ml-2ea/1745497657/
2025-05-30 14:50:24,590 - INFO - [FETCH] https://www.stylekorean.com:443/shop/hetras-perfumed-mango-seed-butter-hand-cream-50ml-5-types/1745392965/
2025-05-30 14:50:27,723 - INFO - Fetched: https://www.stylekorean.com:443/shop/hetras-perfumed-mango-seed-butter-hand-cream-50ml-5-types/1745392965/
2025-05-30 14:50:28,727 - INFO - [FETCH] https://www.stylekorean.com:443/shop/baren-renewal-dual-effect-nail-and-cuticle-care-essence-oil-pen-2ml/1744608610/
2025-05-30 14:50:31,169 - INFO - Fetched: https://www.stylekorean.com:443/shop/baren-renewal-dual-effect-nail-and-cuticle-care-essence-oil-pen-2ml/1744608610/
2025-05-30 14:50:32,176 - INFO - [FETCH] https://www.stylekorean.com:443/shop/keyth-perfumed-keyth-hand-cream-silent-70ml/1741152552/
2025-05-30 14:50:33,978 - INFO - Fetched: https://www.stylekorean.com:443/shop/keyth-perfumed-keyth-hand-cream-silent-70ml/1741152552/
2025-05-30 14:50:34,986 - INFO - [FETCH] https://www.stylekorean.com:443/shop/keyth-perfumed-keyth-hand-cream-hipnotic-fog-70ml/1741152350/
2025-05-30 14:50:36,629 - INFO - Fetched: https://www.stylekorean.com:443/shop/keyth-perfumed-keyth-hand-cream-hipnotic-fog-70ml/1741152350/
2025-05-30 14:50:37,636 - INFO - [FETCH] https://www.stylekorean.com:443/shop/keyth-perfumed-keyth-hand-cream-epic-fleur-70ml/1741152162/
2025-05-30 14:50:39,194 - INFO - Fetched: https://www.stylekorean.com:443/shop/keyth-perfumed-keyth-hand-cream-epic-fleur-70ml/1741152162/
2025-05-30 14:50:40,203 - INFO - [FETCH] https://www.stylekorean.com:443/shop/keyth-perfumed-keyth-hand-cream-dropped-pearl-of-dragon-70ml/1741144171/
2025-05-30 14:50:41,984 - INFO - Fetched: https://www.stylekorean.com:443/shop/keyth-perfumed-keyth-hand-cream-dropped-pearl-of-dragon-70ml/1741144171/
2025-05-30 14:50:42,990 - INFO - [FETCH] https://www.stylekorean.com:443/shop/keyth-perfumed-keyth-hand-cream-so-black-oud-70ml/1741142985/
2025-05-30 14:50:44,488 - INFO - Fetched: https://www.stylekorean.com:443/shop/keyth-perfumed-keyth-hand-cream-so-black-oud-70ml/1741142985/
2025-05-30 14:50:45,495 - INFO - [FETCH] https://www.stylekorean.com:443/shop/keyth-perfumed-keyth-hand-cream-at-her-apartment-70ml/1741142752/
2025-05-30 14:50:47,063 - INFO - Fetched: https://www.stylekorean.com:443/shop/keyth-perfumed-keyth-hand-cream-at-her-apartment-70ml/1741142752/
2025-05-30 14:50:48,067 - INFO - [FETCH] https://www.stylekorean.com:443/shop/keyth-perfumed-keyth-hand-cream-untied-arrow-70ml/1741141808/
2025-05-30 14:50:49,840 - INFO - Fetched: https://www.stylekorean.com:443/shop/keyth-perfumed-keyth-hand-cream-untied-arrow-70ml/1741141808/
2025-05-30 14:50:50,847 - INFO - [FETCH] https://www.stylekorean.com:443/shop/mary-may-shea-butter-rice-bran-hand-cream-50ml/1740371702/
2025-05-30 14:50:52,334 - INFO - Fetched: https://www.stylekorean.com:443/shop/mary-may-shea-butter-rice-bran-hand-cream-50ml/1740371702/
2025-05-30 14:50:53,340 - INFO - [FETCH] https://www.stylekorean.com:443/shop/mary-may-muguet-lotus-hand-cream-50ml/1740367509/
2025-05-30 14:50:56,181 - INFO - Fetched: https://www.stylekorean.com:443/shop/mary-may-muguet-lotus-hand-cream-50ml/1740367509/
2025-05-30 14:50:57,188 - INFO - [FETCH] https://www.stylekorean.com:443/shop/mary-may-bergamot-pear-hand-cream-50ml/1740365954/
2025-05-30 14:50:58,842 - INFO - Fetched: https://www.stylekorean.com:443/shop/mary-may-bergamot-pear-hand-cream-50ml/1740365954/
2025-05-30 14:50:59,849 - INFO - [FETCH] https://www.stylekorean.com:443/shop/melixir-vegan-hand-cream-untamed-nature-50ml/1737707435/
2025-05-30 14:51:01,547 - INFO - Fetched: https://www.stylekorean.com:443/shop/melixir-vegan-hand-cream-untamed-nature-50ml/1737707435/
2025-05-30 14:51:02,550 - INFO - [FETCH] https://www.stylekorean.com:443/shop/mary-may-seoul-edition-hand-cream-trio-set-3ea/1737333109/
2025-05-30 14:51:06,901 - INFO - Fetched: https://www.stylekorean.com:443/shop/mary-may-seoul-edition-hand-cream-trio-set-3ea/1737333109/
2025-05-30 14:51:07,904 - INFO - [FETCH] https://www.stylekorean.com:443/shop/pyunkang-yul-hand-cream-dancheong-75ml/1729640315/
2025-05-30 14:51:10,088 - INFO - Fetched: https://www.stylekorean.com:443/shop/pyunkang-yul-hand-cream-dancheong-75ml/1729640315/
2025-05-30 14:51:11,092 - INFO - [FETCH] https://www.stylekorean.com:443/shop/hince-scented-hand-balm-3-types/1724725188/
2025-05-30 14:51:12,494 - INFO - Fetched: https://www.stylekorean.com:443/shop/hince-scented-hand-balm-3-types/1724725188/
2025-05-30 14:51:13,501 - INFO - [FETCH] https://www.stylekorean.com:443/shop/round-lab-renewal-birch-juice-hand-cream-30ml/1743670340/
2025-05-30 14:51:15,190 - INFO - Fetched: https://www.stylekorean.com:443/shop/round-lab-renewal-birch-juice-hand-cream-30ml/1743670340/
2025-05-30 14:51:16,192 - INFO - [FETCH] https://www.stylekorean.com:443/shop/needly-sensory-hand-cream-3-types/1713837214/
2025-05-30 14:51:18,521 - INFO - Fetched: https://www.stylekorean.com:443/shop/needly-sensory-hand-cream-3-types/1713837214/
2025-05-30 14:51:19,529 - INFO - [FETCH] https://www.stylekorean.com:443/shop/baren-callus-remover-peeling-foot-spray-100ml/1713775623/
2025-05-30 14:51:22,048 - INFO - Fetched: https://www.stylekorean.com:443/shop/baren-callus-remover-peeling-foot-spray-100ml/1713775623/
2025-05-30 14:51:23,056 - INFO - [FETCH] https://www.stylekorean.com:443/shop/baren-peppermint-cooling-intensive-foot-cream-100g/1713775258/
2025-05-30 14:51:24,646 - INFO - Fetched: https://www.stylekorean.com:443/shop/baren-peppermint-cooling-intensive-foot-cream-100g/1713775258/
2025-05-30 14:51:25,648 - INFO - [FETCH] https://www.stylekorean.com:443/shop/baren-non-greasy-hydrating-heel-balm-40ml/1707813376/
2025-05-30 14:51:30,599 - INFO - Fetched: https://www.stylekorean.com:443/shop/baren-non-greasy-hydrating-heel-balm-40ml/1707813376/
2025-05-30 14:51:31,606 - INFO - [FETCH] https://www.stylekorean.com:443/shop/baren-renewal-shea-butter-sleeping-heel-patch-10ea/1744275614/
2025-05-30 14:51:34,841 - INFO - Fetched: https://www.stylekorean.com:443/shop/baren-renewal-shea-butter-sleeping-heel-patch-10ea/1744275614/
2025-05-30 14:51:35,845 - INFO - [FETCH] https://www.stylekorean.com:443/shop/baren-cica-sos-quick-repair-foot-mask-18ml-3ea/1705895146/
2025-05-30 14:51:39,487 - INFO - Fetched: https://www.stylekorean.com:443/shop/baren-cica-sos-quick-repair-foot-mask-18ml-3ea/1705895146/
2025-05-30 14:51:40,494 - INFO - [FETCH] https://www.stylekorean.com:443/shop/baren-callus-remover-kit-for-feet-foot-file-peeling-foot-spray/1705894868/
2025-05-30 14:51:44,632 - INFO - Fetched: https://www.stylekorean.com:443/shop/baren-callus-remover-kit-for-feet-foot-file-peeling-foot-spray/1705894868/
2025-05-30 14:51:45,639 - INFO - [FETCH] https://www.stylekorean.com:443/shop/aromatica-embrace-hand-cream-neroli-patchouli-30ml/1702619311/
2025-05-30 14:51:47,296 - INFO - Fetched: https://www.stylekorean.com:443/shop/aromatica-embrace-hand-cream-neroli-patchouli-30ml/1702619311/
2025-05-30 14:51:48,303 - INFO - [FETCH] https://www.stylekorean.com:443/shop/aromatica-mellowness-hand-cream-magnolia-sandalwood-30ml/1702618829/
2025-05-30 14:51:49,741 - INFO - Fetched: https://www.stylekorean.com:443/shop/aromatica-mellowness-hand-cream-magnolia-sandalwood-30ml/1702618829/
2025-05-30 14:51:50,745 - INFO - [FETCH] https://www.stylekorean.com:443/shop/dear.a-shine-on-me-nail-colour-se11-intuitive-garden/1677477327/
2025-05-30 14:51:52,669 - INFO - Fetched: https://www.stylekorean.com:443/shop/dear.a-shine-on-me-nail-colour-se11-intuitive-garden/1677477327/
2025-05-30 14:51:53,675 - INFO - [FETCH] https://www.stylekorean.com:443/shop/pyunkang-yul-bebe-toothpaste-blueberry-2ea/1656987686/
2025-05-30 14:51:55,877 - INFO - Fetched: https://www.stylekorean.com:443/shop/pyunkang-yul-bebe-toothpaste-blueberry-2ea/1656987686/
2025-05-30 14:51:56,881 - INFO - [FETCH] https://www.stylekorean.com:443/shop/frudia-my-orchard-fruit-hand-cream-13-types/1643077687/
2025-05-30 14:51:58,500 - INFO - Fetched: https://www.stylekorean.com:443/shop/frudia-my-orchard-fruit-hand-cream-13-types/1643077687/
2025-05-30 14:51:59,507 - INFO - [FETCH] https://www.stylekorean.com:443/shop/a-pieu-soft-foot-peeling-socks/1631857037/
2025-05-30 14:52:03,774 - INFO - Fetched: https://www.stylekorean.com:443/shop/a-pieu-soft-foot-peeling-socks/1631857037/
2025-05-30 14:52:04,778 - INFO - [FETCH] https://www.stylekorean.com:443/shop/pyunkang-yul-ato-hand-wash-250ml-3ea/1620809703/
2025-05-30 14:52:06,884 - INFO - Fetched: https://www.stylekorean.com:443/shop/pyunkang-yul-ato-hand-wash-250ml-3ea/1620809703/
2025-05-30 14:52:07,891 - INFO - [FETCH] https://www.stylekorean.com:443/shop/petitfee-dry-essence-foot-pack-2pcs/1745233814/
2025-05-30 14:52:09,530 - INFO - Fetched: https://www.stylekorean.com:443/shop/petitfee-dry-essence-foot-pack-2pcs/1745233814/
2025-05-30 14:52:10,538 - INFO - [DONE] Saved final data: stylekorean/data/product_details/body_care_sub_categories/Hand___Foot___Oral_Care__33_.json
