2025-05-30 12:12:14,192 - INFO - Processing: stylekorean/data/product_urls/hair_care_sub_categories/Shampoo___Conditioner__40_.json
2025-05-30 12:12:14,197 - INFO - [FETCH] https://www.stylekorean.com:443/shop/treecell-night-collagen-shampoo-midnight-forest-360ml/1739266101/
2025-05-30 12:12:17,258 - INFO - Fetched: https://www.stylekorean.com:443/shop/treecell-night-collagen-shampoo-midnight-forest-360ml/1739266101/
2025-05-30 12:12:18,264 - INFO - [FETCH] https://www.stylekorean.com:443/shop/treecell-day-collagen-shampoo-morning-of-resort-360ml/1739265999/
2025-05-30 12:12:23,701 - INFO - Fetched: https://www.stylekorean.com:443/shop/treecell-day-collagen-shampoo-morning-of-resort-360ml/1739265999/
2025-05-30 12:12:24,704 - INFO - [FETCH] https://www.stylekorean.com:443/shop/purcell-pixcell-biom-scalp-barrier-shampoo-280ml/1738823914/
2025-05-30 12:12:26,962 - INFO - Fetched: https://www.stylekorean.com:443/shop/purcell-pixcell-biom-scalp-barrier-shampoo-280ml/1738823914/
2025-05-30 12:12:27,969 - INFO - [FETCH] https://www.stylekorean.com:443/shop/sooblanc-rapid-fresh-shampoo-300ml/1732609331/
2025-05-30 12:12:29,326 - INFO - Fetched: https://www.stylekorean.com:443/shop/sooblanc-rapid-fresh-shampoo-300ml/1732609331/
2025-05-30 12:12:30,334 - INFO - [FETCH] https://www.stylekorean.com:443/shop/growus-algae-therapy-shampoo-500ml/1732255667/
2025-05-30 12:12:32,228 - INFO - Fetched: https://www.stylekorean.com:443/shop/growus-algae-therapy-shampoo-500ml/1732255667/
2025-05-30 12:12:33,235 - INFO - [FETCH] https://www.stylekorean.com:443/shop/growus-sea-salt-therapy-shampoo-500ml/1732254023/
2025-05-30 12:12:35,167 - INFO - Fetched: https://www.stylekorean.com:443/shop/growus-sea-salt-therapy-shampoo-500ml/1732254023/
2025-05-30 12:12:36,176 - INFO - [FETCH] https://www.stylekorean.com:443/shop/growus-sea-salt-therapy-scalp-scaler-250g/1732253794/
2025-05-30 12:12:38,164 - INFO - Fetched: https://www.stylekorean.com:443/shop/growus-sea-salt-therapy-scalp-scaler-250g/1732253794/
2025-05-30 12:12:39,168 - INFO - [FETCH] https://www.stylekorean.com:443/shop/growus-renew-damage-therapy-shampoo-500ml/1745826553/
2025-05-30 12:12:41,416 - INFO - Fetched: https://www.stylekorean.com:443/shop/growus-renew-damage-therapy-shampoo-500ml/1745826553/
2025-05-30 12:12:42,422 - INFO - [FETCH] https://www.stylekorean.com:443/shop/dr.melaxin-bondex-protein-bonding-remodeling-shampoo-400ml/1730783220/
2025-05-30 12:12:43,983 - INFO - Fetched: https://www.stylekorean.com:443/shop/dr.melaxin-bondex-protein-bonding-remodeling-shampoo-400ml/1730783220/
2025-05-30 12:12:44,989 - INFO - [FETCH] https://www.stylekorean.com:443/shop/heimish-rx-amino-biotin-revitalizing-shampoo-400ml/1729658828/
2025-05-30 12:12:46,649 - INFO - Fetched: https://www.stylekorean.com:443/shop/heimish-rx-amino-biotin-revitalizing-shampoo-400ml/1729658828/
2025-05-30 12:12:47,658 - INFO - [FETCH] https://www.stylekorean.com:443/shop/dr.forhair-phyto-fresh-shampoo-500ml/1721885412/
2025-05-30 12:12:49,232 - INFO - Fetched: https://www.stylekorean.com:443/shop/dr.forhair-phyto-fresh-shampoo-500ml/1721885412/
2025-05-30 12:12:50,239 - INFO - [FETCH] https://www.stylekorean.com:443/shop/dr.forhair-phyto-fresh-scalp-scaler-200ml/1721884725/
2025-05-30 12:12:52,078 - INFO - Fetched: https://www.stylekorean.com:443/shop/dr.forhair-phyto-fresh-scalp-scaler-200ml/1721884725/
2025-05-30 12:12:53,089 - INFO - [FETCH] https://www.stylekorean.com:443/shop/aromatica-replenishing-leaven-in-treatment-lavender-patchouli-150ml/1717576705/
2025-05-30 12:12:55,567 - INFO - Fetched: https://www.stylekorean.com:443/shop/aromatica-replenishing-leaven-in-treatment-lavender-patchouli-150ml/1717576705/
2025-05-30 12:12:56,571 - INFO - [FETCH] https://www.stylekorean.com:443/shop/aromatica-rosemary-hair-thickening-conditioner-180ml/1724124037/
2025-05-30 12:12:58,189 - INFO - Fetched: https://www.stylekorean.com:443/shop/aromatica-rosemary-hair-thickening-conditioner-180ml/1724124037/
2025-05-30 12:12:59,194 - INFO - [FETCH] https://www.stylekorean.com:443/shop/aromatica-rosemary-salt-scrub-shampoo-300ml/1717570579/
2025-05-30 12:13:01,072 - INFO - Fetched: https://www.stylekorean.com:443/shop/aromatica-rosemary-salt-scrub-shampoo-300ml/1717570579/
2025-05-30 12:13:02,080 - INFO - [FETCH] https://www.stylekorean.com:443/shop/aromatica-renewal-quinoa-protein-shampoo-400ml/1670826279/
2025-05-30 12:13:04,245 - INFO - Fetched: https://www.stylekorean.com:443/shop/aromatica-renewal-quinoa-protein-shampoo-400ml/1670826279/
2025-05-30 12:13:05,254 - INFO - [FETCH] https://www.stylekorean.com:443/shop/elizavecca-renewal-cer-100-collagen-coating-hair-a-muscle-tornado-shampoo-500ml/1739855122/
2025-05-30 12:13:07,715 - INFO - Fetched: https://www.stylekorean.com:443/shop/elizavecca-renewal-cer-100-collagen-coating-hair-a-muscle-tornado-shampoo-500ml/1739855122/
2025-05-30 12:13:08,720 - INFO - [FETCH] https://www.stylekorean.com:443/shop/aromatica-rosemary-scalp-scaling-shampoo-180ml/1673915980/
2025-05-30 12:13:10,960 - INFO - Fetched: https://www.stylekorean.com:443/shop/aromatica-rosemary-scalp-scaling-shampoo-180ml/1673915980/
2025-05-30 12:13:11,966 - INFO - [FETCH] https://www.stylekorean.com:443/shop/aromatica-tea-tree-purifying-shampoo-400ml/1673596146/
2025-05-30 12:13:13,569 - INFO - Fetched: https://www.stylekorean.com:443/shop/aromatica-tea-tree-purifying-shampoo-400ml/1673596146/
2025-05-30 12:13:14,572 - INFO - [FETCH] https://www.stylekorean.com:443/shop/aromatica-rosemary-scalp-scrub-165g/1673595765/
2025-05-30 12:13:17,484 - INFO - Fetched: https://www.stylekorean.com:443/shop/aromatica-rosemary-scalp-scrub-165g/1673595765/
2025-05-30 12:13:18,494 - INFO - [FETCH] https://www.stylekorean.com:443/shop/dr.forhair-folligen-silk-shampoo-500ml/1670460328/
2025-05-30 12:13:19,907 - INFO - Fetched: https://www.stylekorean.com:443/shop/dr.forhair-folligen-silk-shampoo-500ml/1670460328/
2025-05-30 12:13:20,916 - INFO - [FETCH] https://www.stylekorean.com:443/shop/nature-republic-argan-essential-deep-care-hair-shampoo-300ml/1711420982/
2025-05-30 12:13:22,601 - INFO - Fetched: https://www.stylekorean.com:443/shop/nature-republic-argan-essential-deep-care-hair-shampoo-300ml/1711420982/
2025-05-30 12:13:23,610 - INFO - [FETCH] https://www.stylekorean.com:443/shop/dr.forhair-phyto-therapy-shampoo-500ml/1667814041/
2025-05-30 12:13:25,255 - INFO - Fetched: https://www.stylekorean.com:443/shop/dr.forhair-phyto-therapy-shampoo-500ml/1667814041/
2025-05-30 12:13:26,271 - INFO - [FETCH] https://www.stylekorean.com:443/shop/mise-en-scene-renewal-perfect-styling-serum-shampoo-680ml/1663219472/
2025-05-30 12:13:28,255 - INFO - Fetched: https://www.stylekorean.com:443/shop/mise-en-scene-renewal-perfect-styling-serum-shampoo-680ml/1663219472/
2025-05-30 12:13:29,265 - INFO - [FETCH] https://www.stylekorean.com:443/shop/aromatica-rosemary-scalp-scaling-shampoo-400ml/1649906796/
2025-05-30 12:13:30,875 - INFO - Fetched: https://www.stylekorean.com:443/shop/aromatica-rosemary-scalp-scaling-shampoo-400ml/1649906796/
2025-05-30 12:13:31,884 - INFO - [FETCH] https://www.stylekorean.com:443/shop/benton-beer-yeast-shampoo-500ml/1642380915/
2025-05-30 12:13:36,061 - INFO - Fetched: https://www.stylekorean.com:443/shop/benton-beer-yeast-shampoo-500ml/1642380915/
2025-05-30 12:13:37,075 - INFO - [FETCH] https://www.stylekorean.com:443/shop/elizavecca-collagen-coating-hair-muscle-shampoo-500ml/1712027552/
2025-05-30 12:13:39,696 - INFO - Fetched: https://www.stylekorean.com:443/shop/elizavecca-collagen-coating-hair-muscle-shampoo-500ml/1712027552/
2025-05-30 12:13:40,706 - INFO - [FETCH] https://www.stylekorean.com:443/shop/bouquet-garni-deep-perfume-shampoo-ylang-ylang-500ml/1640671113/
2025-05-30 12:13:42,310 - INFO - Fetched: https://www.stylekorean.com:443/shop/bouquet-garni-deep-perfume-shampoo-ylang-ylang-500ml/1640671113/
2025-05-30 12:13:43,317 - INFO - [FETCH] https://www.stylekorean.com:443/shop/bouquet-garni-deep-perfume-shampoo-rose-garden-500ml/1640662548/
2025-05-30 12:13:45,645 - INFO - Fetched: https://www.stylekorean.com:443/shop/bouquet-garni-deep-perfume-shampoo-rose-garden-500ml/1640662548/
2025-05-30 12:13:46,654 - INFO - [FETCH] https://www.stylekorean.com:443/shop/bouquet-garni-deep-perfume-shampoo-baby-powder-500ml/1640592325/
2025-05-30 12:13:48,287 - INFO - Fetched: https://www.stylekorean.com:443/shop/bouquet-garni-deep-perfume-shampoo-baby-powder-500ml/1640592325/
2025-05-30 12:13:49,293 - INFO - [FETCH] https://www.stylekorean.com:443/shop/a-pieu-mint-scalp-hair-vinegar-200ml/1639443547/
2025-05-30 12:13:52,327 - INFO - Fetched: https://www.stylekorean.com:443/shop/a-pieu-mint-scalp-hair-vinegar-200ml/1639443547/
2025-05-30 12:13:53,340 - INFO - [FETCH] https://www.stylekorean.com:443/shop/a-pieu-timedeal-raspberry-hair-vinegar-200ml/1639442229/
2025-05-30 12:13:57,311 - INFO - Fetched: https://www.stylekorean.com:443/shop/a-pieu-timedeal-raspberry-hair-vinegar-200ml/1639442229/
2025-05-30 12:13:58,320 - INFO - [FETCH] https://www.stylekorean.com:443/shop/masil-renewal-3-salon-hair-cmc-shampoo-stick-pouch-20ea/1644972195/
2025-05-30 12:13:59,894 - INFO - Fetched: https://www.stylekorean.com:443/shop/masil-renewal-3-salon-hair-cmc-shampoo-stick-pouch-20ea/1644972195/
2025-05-30 12:14:00,901 - INFO - [FETCH] https://www.stylekorean.com:443/shop/dr.ceuracle-scalp-dx-scaling-shampoo-500ml/1629356477/
2025-05-30 12:14:03,289 - INFO - Fetched: https://www.stylekorean.com:443/shop/dr.ceuracle-scalp-dx-scaling-shampoo-500ml/1629356477/
2025-05-30 12:14:04,299 - INFO - [FETCH] https://www.stylekorean.com:443/shop/mise-en-scene-scalp-care-rinse-680ml/1628238616/
2025-05-30 12:14:06,409 - INFO - Fetched: https://www.stylekorean.com:443/shop/mise-en-scene-scalp-care-rinse-680ml/1628238616/
2025-05-30 12:14:07,414 - INFO - [FETCH] https://www.stylekorean.com:443/shop/pyunkang-yul-kids-baby-shampoo-590ml/1627967305/
2025-05-30 12:14:10,424 - INFO - Fetched: https://www.stylekorean.com:443/shop/pyunkang-yul-kids-baby-shampoo-590ml/1627967305/
2025-05-30 12:14:11,436 - INFO - [FETCH] https://www.stylekorean.com:443/shop/some-by-mi-renewal-cica-peptide-anti-hair-loss-derma-scalp-shampoo-285ml/1605163162/
2025-05-30 12:14:15,038 - INFO - Fetched: https://www.stylekorean.com:443/shop/some-by-mi-renewal-cica-peptide-anti-hair-loss-derma-scalp-shampoo-285ml/1605163162/
2025-05-30 12:14:16,047 - INFO - [FETCH] https://www.stylekorean.com:443/shop/pyunkang-yul-low-ph-scalp-shampoo-500ml/1731887037/
2025-05-30 12:14:18,720 - INFO - Fetched: https://www.stylekorean.com:443/shop/pyunkang-yul-low-ph-scalp-shampoo-500ml/1731887037/
2025-05-30 12:14:19,732 - INFO - [FETCH] https://www.stylekorean.com:443/shop/pyunkang-yul-low-ph-scalp-shampoo-290ml/1636342197/
2025-05-30 12:14:21,872 - INFO - Fetched: https://www.stylekorean.com:443/shop/pyunkang-yul-low-ph-scalp-shampoo-290ml/1636342197/
2025-05-30 12:14:22,883 - INFO - [FETCH] https://www.stylekorean.com:443/shop/nature-republic-renewal-argan-essential-deep-care-conditioner-300ml/1671772923/
2025-05-30 12:14:24,420 - INFO - Fetched: https://www.stylekorean.com:443/shop/nature-republic-renewal-argan-essential-deep-care-conditioner-300ml/1671772923/
2025-05-30 12:14:25,426 - INFO - [DONE] Saved final data: stylekorean/data/product_details/hair_care_sub_categories/Shampoo___Conditioner__40_.json
